<?xml version="1.0" encoding="UTF-8"?>
<testsuite name="itrs_appserver.RowGeneratorTest" tests="3" skipped="0" failures="0" errors="0" timestamp="2016-03-17T16:45:14" hostname="ITRSLP043" time="0.526">
  <properties/>
  <testcase name="getDataSetItemsFailTest" classname="itrs_appserver.RowGeneratorTest" time="0.038"/>
  <testcase name="getDataSetItemsFailureTest" classname="itrs_appserver.RowGeneratorTest" time="0.038"/>
  <testcase name="getDataSetItemsTest" classname="itrs_appserver.RowGeneratorTest" time="0.45"/>
  <system-out><![CDATA[16:45:14.897 [OpenAccessApiClient-UnknownDevBuild-akka.actor.default-dispatcher-8] INFO  akka.event.slf4j.Slf4jLogger - Slf4jLogger started
16:45:14.900 [OpenAccessApiClient-UnknownDevBuild-akka.actor.default-dispatcher-8] INFO  Remoting - Starting remoting
16:45:14.910 [OpenAccessApiClient-UnknownDevBuild-akka.actor.default-dispatcher-3] INFO  Remoting - Remoting started; listening on addresses :[akka.tcp://OpenAccessApiClient-UnknownDevBuild@192.168.10.128:10572]
16:45:14.912 [OpenAccessApiClient-UnknownDevBuild-akka.actor.default-dispatcher-6] INFO  c.itrsgroup.actor.MessageDispatcher - Attempting to connect to remote service at [192.168.220.54:2551] 1 time(s)
16:45:14.925 [OpenAccessApiClient-UnknownDevBuild-akka.actor.default-dispatcher-7] INFO  akka.event.slf4j.Slf4jLogger - Slf4jLogger started
16:45:14.929 [OpenAccessApiClient-UnknownDevBuild-akka.actor.default-dispatcher-4] INFO  Remoting - Starting remoting
16:45:14.949 [OpenAccessApiClient-UnknownDevBuild-akka.actor.default-dispatcher-7] INFO  Remoting - Remoting started; listening on addresses :[akka.tcp://OpenAccessApiClient-UnknownDevBuild@192.168.10.128:10587]
16:45:14.950 [OpenAccessApiClient-UnknownDevBuild-akka.actor.default-dispatcher-2] INFO  c.itrsgroup.actor.MessageDispatcher - Attempting to connect to remote service at [192.168.220.54:2551] 1 time(s)
16:45:14.970 [OpenAccessApiClient-UnknownDevBuild-akka.actor.default-dispatcher-6] INFO  akka.event.slf4j.Slf4jLogger - Slf4jLogger started
16:45:14.978 [OpenAccessApiClient-UnknownDevBuild-akka.actor.default-dispatcher-6] INFO  Remoting - Starting remoting
16:45:14.978 [OpenAccessApiClient-UnknownDevBuild-akka.actor.default-dispatcher-3] INFO  akka.contrib.pattern.ClusterClient - Connected to [akka.tcp://ClusterSystem@192.168.220.54:2551/user/receptionist]
16:45:14.989 [OpenAccessApiClient-UnknownDevBuild-akka.actor.default-dispatcher-17] INFO  c.itrsgroup.actor.MessageDispatcher - Authenticating with remote service [/user/frontEnd] at [192.168.220.54:2551]
16:45:14.992 [OpenAccessApiClient-UnknownDevBuild-akka.actor.default-dispatcher-7] INFO  Remoting - Remoting started; listening on addresses :[akka.tcp://OpenAccessApiClient-UnknownDevBuild@192.168.10.128:10602]
16:45:14.994 [OpenAccessApiClient-UnknownDevBuild-akka.actor.default-dispatcher-2] INFO  akka.contrib.pattern.ClusterClient - Connected to [akka.tcp://ClusterSystem@192.168.220.54:2551/user/receptionist]
/geneos/gateway[(@name="GW_TEST_50144")]/directory/probe[(@name="SYSMON")]/managedEntity[(@name="CPU_Entity")]/sampler[(@name="CPU_sampler")][(@type="")]/dataview[(@name="CPU_sampler")]/rows/row[(@name="cpu_0")]/cell[wild(@column,"*")]
16:45:14.996 [OpenAccessApiClient-UnknownDevBuild-akka.actor.default-dispatcher-4] INFO  c.itrsgroup.actor.MessageDispatcher - Attempting to connect to remote service at [192.168.220.54:2551] 1 time(s)
16:45:15.020 [OpenAccessApiClient-UnknownDevBuild-akka.actor.default-dispatcher-19] INFO  c.itrsgroup.actor.MessageDispatcher - Authenticating with remote service [/user/frontEnd] at [192.168.220.54:2551]
16:45:15.058 [OpenAccessApiClient-UnknownDevBuild-akka.actor.default-dispatcher-4] INFO  akka.contrib.pattern.ClusterClient - Connected to [akka.tcp://ClusterSystem@192.168.220.54:2551/user/receptionist]
16:45:15.064 [OpenAccessApiClient-UnknownDevBuild-akka.actor.default-dispatcher-4] INFO  c.itrsgroup.actor.MessageDispatcher - Authenticating with remote service [/user/frontEnd] at [192.168.220.54:2551]
16:45:15.156 [OpenAccessApiClient-UnknownDevBuild-akka.actor.default-dispatcher-3] INFO  c.itrsgroup.actor.MessageDispatcher - Successfully connected to remote service [akka.tcp://ClusterSystem@192.168.220.54:2551/user/frontEnd]
16:45:15.255 [OpenAccessApiClient-UnknownDevBuild-akka.actor.default-dispatcher-20] INFO  c.itrsgroup.actor.MessageDispatcher - Successfully connected to remote service [akka.tcp://ClusterSystem@192.168.220.54:2551/user/frontEnd]
16:45:15.349 [OpenAccessApiClient-UnknownDevBuild-akka.actor.default-dispatcher-16] INFO  c.itrsgroup.actor.MessageDispatcher - Successfully connected to remote service [akka.tcp://ClusterSystem@192.168.220.54:2551/user/frontEnd]
16:45:15.349 [OpenAccessApiClient-UnknownDevBuild-akka.actor.default-dispatcher-16] INFO  c.itrsgroup.actor.MessageDispatcher - Forwarding Subscription op to cluster frontend: Subscribe(ModelSub(/geneos/gateway[(@name="GW_TEST_50144")]/directory/probe[(@name="SYSMON")]/managedEntity[(@name="CPU_Entity")]/sampler[(@name="CPU_sampler")][(@type="")]/dataview[(@name="CPU_sampler")]/rows/row[(@name="cpu_0")]/cell[wild(@column,"*")],Set(),LIST,),None)
{
	severity : OK
	name : cpu_0.type
	path : /geneos/gateway[(@name="GW_TEST_50144")]/directory/probe[(@name="SYSMON")]/managedEntity[(@name="CPU_Entity")]/sampler[(@name="CPU_sampler")][(@type="")]/dataview[(@name="CPU_sampler")]/rows/row[(@name="cpu_0")]/cell[(@column="type")]
	type : CELL
	value : GenuineIntel Intel(R)
}
{
	severity : OK
	name : cpu_0.state
	path : /geneos/gateway[(@name="GW_TEST_50144")]/directory/probe[(@name="SYSMON")]/managedEntity[(@name="CPU_Entity")]/sampler[(@name="CPU_sampler")][(@type="")]/dataview[(@name="CPU_sampler")]/rows/row[(@name="cpu_0")]/cell[(@column="state")]
	type : CELL
	value : on-line
}
{
	severity : CRITICAL
	name : cpu_0.clockSpeed
	path : /geneos/gateway[(@name="GW_TEST_50144")]/directory/probe[(@name="SYSMON")]/managedEntity[(@name="CPU_Entity")]/sampler[(@name="CPU_sampler")][(@type="")]/dataview[(@name="CPU_sampler")]/rows/row[(@name="cpu_0")]/cell[(@column="clockSpeed")]
	type : CELL
	value : 2294.80 Mhz
}
{
	severity : OK
	name : cpu_0.percentUtilisation
	path : /geneos/gateway[(@name="GW_TEST_50144")]/directory/probe[(@name="SYSMON")]/managedEntity[(@name="CPU_Entity")]/sampler[(@name="CPU_sampler")][(@type="")]/dataview[(@name="CPU_sampler")]/rows/row[(@name="cpu_0")]/cell[(@column="percentUtilisation")]
	type : CELL
	value : 0.10 %
}
{
	severity : OK
	name : cpu_0.percentUserTime
	path : /geneos/gateway[(@name="GW_TEST_50144")]/directory/probe[(@name="SYSMON")]/managedEntity[(@name="CPU_Entity")]/sampler[(@name="CPU_sampler")][(@type="")]/dataview[(@name="CPU_sampler")]/rows/row[(@name="cpu_0")]/cell[(@column="percentUserTime")]
	type : CELL
	value : 0.04 %
}
{
	severity : OK
	name : cpu_0.percentKernelTime
	path : /geneos/gateway[(@name="GW_TEST_50144")]/directory/probe[(@name="SYSMON")]/managedEntity[(@name="CPU_Entity")]/sampler[(@name="CPU_sampler")][(@type="")]/dataview[(@name="CPU_sampler")]/rows/row[(@name="cpu_0")]/cell[(@column="percentKernelTime")]
	type : CELL
	value : 0.05 %
}
{
	severity : OK
	name : cpu_0.percentWaitTime
	path : /geneos/gateway[(@name="GW_TEST_50144")]/directory/probe[(@name="SYSMON")]/managedEntity[(@name="CPU_Entity")]/sampler[(@name="CPU_sampler")][(@type="")]/dataview[(@name="CPU_sampler")]/rows/row[(@name="cpu_0")]/cell[(@column="percentWaitTime")]
	type : CELL
	value : 0.01 %
}
{
	severity : CRITICAL
	name : cpu_0.percentIdle
	path : /geneos/gateway[(@name="GW_TEST_50144")]/directory/probe[(@name="SYSMON")]/managedEntity[(@name="CPU_Entity")]/sampler[(@name="CPU_sampler")][(@type="")]/dataview[(@name="CPU_sampler")]/rows/row[(@name="cpu_0")]/cell[(@column="percentIdle")]
	type : CELL
	value : 98.82 %
}
{
	severity : OK
	name : cpu_0.percentIrq
	path : /geneos/gateway[(@name="GW_TEST_50144")]/directory/probe[(@name="SYSMON")]/managedEntity[(@name="CPU_Entity")]/sampler[(@name="CPU_sampler")][(@type="")]/dataview[(@name="CPU_sampler")]/rows/row[(@name="cpu_0")]/cell[(@column="percentIrq")]
	type : CELL
	value : 0.00 %
}
{
	severity : OK
	name : cpu_0.percentSoftIrq
	path : /geneos/gateway[(@name="GW_TEST_50144")]/directory/probe[(@name="SYSMON")]/managedEntity[(@name="CPU_Entity")]/sampler[(@name="CPU_sampler")][(@type="")]/dataview[(@name="CPU_sampler")]/rows/row[(@name="cpu_0")]/cell[(@column="percentSoftIrq")]
	type : CELL
	value : 0.01 %
}
16:45:15.387 [OpenAccessApiClient-UnknownDevBuild-akka.actor.default-dispatcher-16] INFO  a.r.RemoteActorRefProvider$RemotingTerminator - Shutting down remote daemon.
16:45:15.388 [OpenAccessApiClient-UnknownDevBuild-akka.actor.default-dispatcher-16] INFO  a.r.RemoteActorRefProvider$RemotingTerminator - Remote daemon shut down; proceeding with flushing remote transports.
16:45:15.394 [OpenAccessApiClient-UnknownDevBuild-akka.actor.default-dispatcher-19] INFO  a.r.RemoteActorRefProvider$RemotingTerminator - Remoting shut down.
]]></system-out>
  <system-err><![CDATA[]]></system-err>
</testsuite>
