<?xml version="1.0" encoding="UTF-8"?>
<testsuite name="itrs_appserver.TransmissionHandlerTest" tests="1" skipped="0" failures="0" errors="0" timestamp="2015-12-16T16:53:28" hostname="ITRSLP043" time="0.493">
  <properties/>
  <testcase name="testPostCreation" classname="itrs_appserver.TransmissionHandlerTest" time="0.493"/>
  <system-out><![CDATA[]]></system-out>
  <system-err><![CDATA[]]></system-err>
</testsuite>
