<?xml version="1.0" encoding="UTF-8"?>
<testsuite name="itrs_appserver.startControllerTest" tests="4" skipped="0" failures="0" errors="0" timestamp="2016-03-15T15:04:39" hostname="ITRSLP043" time="0.056">
  <properties/>
  <testcase name="configureSettingsTest" classname="itrs_appserver.startControllerTest" time="0.011"/>
  <testcase name="checkValidityFailTest" classname="itrs_appserver.startControllerTest" time="0.002"/>
  <testcase name="perpetualReloadTest" classname="itrs_appserver.startControllerTest" time="0.04"/>
  <testcase name="readSettingsFileTest" classname="itrs_appserver.startControllerTest" time="0.001"/>
  <system-out><![CDATA[15:04:39.191 [OpenAccessApiClient-UnknownDevBuild-akka.actor.default-dispatcher-4] INFO  akka.event.slf4j.Slf4jLogger - Slf4jLogger started
15:04:39.194 [OpenAccessApiClient-UnknownDevBuild-akka.actor.default-dispatcher-4] INFO  Remoting - Starting remoting
]]></system-out>
  <system-err><![CDATA[Mar 15, 2016 3:04:39 PM geneos_notification.loggers.LogObject doLog
SEVERE: [SQL]Connection information issue either driver or address : java.sql.SQLException: No suitable driver found for nothing
Mar 15, 2016 3:04:39 PM geneos_notification.loggers.LogObject doLog
SEVERE: There was an error with the SQL configuration or address, please confirm details.
Mar 15, 2016 3:04:39 PM geneos_notification.loggers.LogObject doLog
INFO: [T-INFO]Initialization of thread for xpath : testa2
]]></system-err>
</testsuite>
