<?xml version="1.0" encoding="UTF-8"?>
<testsuite name="itrs_appserver.InterfaceControllerTest" tests="9" skipped="0" failures="0" errors="0" timestamp="2016-02-11T15:34:09" hostname="ITRSLP043" time="34.804">
  <properties/>
  <testcase name="getRowTest" classname="itrs_appserver.InterfaceControllerTest" time="1.835"/>
  <testcase name="setCustomDVTest" classname="itrs_appserver.InterfaceControllerTest" time="0.157"/>
  <testcase name="loginTest" classname="itrs_appserver.InterfaceControllerTest" time="0.018"/>
  <testcase name="updateDVTest" classname="itrs_appserver.InterfaceControllerTest" time="16.2"/>
  <testcase name="removeDVTest" classname="itrs_appserver.InterfaceControllerTest" time="0.044"/>
  <testcase name="logoutTest" classname="itrs_appserver.InterfaceControllerTest" time="0.038"/>
  <testcase name="verifyDeviceTest" classname="itrs_appserver.InterfaceControllerTest" time="0.014"/>
  <testcase name="viewSystemKeysTest" classname="itrs_appserver.InterfaceControllerTest" time="0.0"/>
  <testcase name="getAllDataviewsTest" classname="itrs_appserver.InterfaceControllerTest" time="16.494"/>
  <system-out><![CDATA[15:34:10.375 [OpenAccessApiClient-UnknownDevBuild-akka.actor.default-dispatcher-2] INFO  akka.event.slf4j.Slf4jLogger - Slf4jLogger started
15:34:10.637 [OpenAccessApiClient-UnknownDevBuild-akka.actor.default-dispatcher-2] INFO  Remoting - Starting remoting
15:34:10.637 [OpenAccessApiClient-UnknownDevBuild-akka.actor.default-dispatcher-3] INFO  Remoting - Starting remoting
15:34:10.637 [OpenAccessApiClient-UnknownDevBuild-akka.actor.default-dispatcher-2] INFO  Remoting - Starting remoting
15:34:10.637 [OpenAccessApiClient-UnknownDevBuild-akka.actor.default-dispatcher-2] INFO  Remoting - Starting remoting
15:34:10.852 [OpenAccessApiClient-UnknownDevBuild-akka.actor.default-dispatcher-5] INFO  Remoting - Remoting started; listening on addresses :[akka.tcp://OpenAccessApiClient-UnknownDevBuild@192.168.10.207:30510]
15:34:10.853 [OpenAccessApiClient-UnknownDevBuild-akka.actor.default-dispatcher-2] INFO  Remoting - Remoting started; listening on addresses :[akka.tcp://OpenAccessApiClient-UnknownDevBuild@192.168.10.207:30509]
15:34:10.855 [OpenAccessApiClient-UnknownDevBuild-akka.actor.default-dispatcher-6] INFO  Remoting - Remoting started; listening on addresses :[akka.tcp://OpenAccessApiClient-UnknownDevBuild@192.168.10.207:30508]
15:34:10.857 [OpenAccessApiClient-UnknownDevBuild-akka.actor.default-dispatcher-3] INFO  Remoting - Remoting started; listening on addresses :[akka.tcp://OpenAccessApiClient-UnknownDevBuild@192.168.10.207:30507]
[testa6]
[testb6]
[testc6]
/geneos/gateway[(@name="GW_TEST_50144")]/directory/probe[(@name="SYSMON")]/managedEntity[(@name="CPU_Entity")]/sampler[(@name="CPU_sampler")][(@type="")]/dataview[(@name="CPU_sampler")]/rows/row[(@name="cpu_0")]/cell[wild(@column,"*")]
15:34:10.914 [OpenAccessApiClient-UnknownDevBuild-akka.actor.default-dispatcher-3] INFO  c.itrsgroup.actor.MessageDispatcher - Attempting to connect to remote service at [192.168.220.54:2551] 1 time(s)
15:34:10.915 [OpenAccessApiClient-UnknownDevBuild-akka.actor.default-dispatcher-3] INFO  c.itrsgroup.actor.MessageDispatcher - Attempting to connect to remote service at [192.168.220.54:2551] 1 time(s)
15:34:10.916 [OpenAccessApiClient-UnknownDevBuild-akka.actor.default-dispatcher-2] INFO  c.itrsgroup.actor.MessageDispatcher - Attempting to connect to remote service at [192.168.220.54:2551] 1 time(s)
15:34:10.917 [OpenAccessApiClient-UnknownDevBuild-akka.actor.default-dispatcher-2] INFO  c.itrsgroup.actor.MessageDispatcher - Attempting to connect to remote service at [192.168.220.54:2551] 1 time(s)
15:34:11.124 [OpenAccessApiClient-UnknownDevBuild-akka.actor.default-dispatcher-2] INFO  akka.contrib.pattern.ClusterClient - Connected to [akka.tcp://ClusterSystem@192.168.220.54:2551/user/receptionist]
15:34:11.124 [OpenAccessApiClient-UnknownDevBuild-akka.actor.default-dispatcher-3] INFO  akka.contrib.pattern.ClusterClient - Connected to [akka.tcp://ClusterSystem@192.168.220.54:2551/user/receptionist]
15:34:11.125 [OpenAccessApiClient-UnknownDevBuild-akka.actor.default-dispatcher-2] INFO  akka.contrib.pattern.ClusterClient - Connected to [akka.tcp://ClusterSystem@192.168.220.54:2551/user/receptionist]
15:34:11.128 [OpenAccessApiClient-UnknownDevBuild-akka.actor.default-dispatcher-3] INFO  akka.contrib.pattern.ClusterClient - Connected to [akka.tcp://ClusterSystem@192.168.220.54:2551/user/receptionist]
15:34:11.210 [OpenAccessApiClient-UnknownDevBuild-akka.actor.default-dispatcher-13] INFO  c.itrsgroup.actor.MessageDispatcher - Authenticating with remote service [/user/frontEnd] at [192.168.220.54:2551]
15:34:11.210 [OpenAccessApiClient-UnknownDevBuild-akka.actor.default-dispatcher-13] INFO  c.itrsgroup.actor.MessageDispatcher - Authenticating with remote service [/user/frontEnd] at [192.168.220.54:2551]
15:34:11.210 [OpenAccessApiClient-UnknownDevBuild-akka.actor.default-dispatcher-3] INFO  c.itrsgroup.actor.MessageDispatcher - Authenticating with remote service [/user/frontEnd] at [192.168.220.54:2551]
15:34:11.216 [OpenAccessApiClient-UnknownDevBuild-akka.actor.default-dispatcher-16] INFO  c.itrsgroup.actor.MessageDispatcher - Authenticating with remote service [/user/frontEnd] at [192.168.220.54:2551]
15:34:11.468 [OpenAccessApiClient-UnknownDevBuild-akka.actor.default-dispatcher-16] INFO  c.itrsgroup.actor.MessageDispatcher - Successfully connected to remote service [akka.tcp://ClusterSystem@192.168.220.54:2551/user/frontEnd]
15:34:11.471 [OpenAccessApiClient-UnknownDevBuild-akka.actor.default-dispatcher-16] INFO  c.itrsgroup.actor.MessageDispatcher - Forwarding Subscription op to cluster frontend: Subscribe(ModelSub(testc6/rows/row[wild(@name,"*")]/cell,Set(),LIST,),None)
15:34:11.544 [OpenAccessApiClient-UnknownDevBuild-akka.actor.default-dispatcher-16] INFO  c.itrsgroup.actor.MessageDispatcher - Successfully connected to remote service [akka.tcp://ClusterSystem@192.168.220.54:2551/user/frontEnd]
15:34:11.544 [OpenAccessApiClient-UnknownDevBuild-akka.actor.default-dispatcher-16] INFO  c.itrsgroup.actor.MessageDispatcher - Forwarding Subscription op to cluster frontend: Subscribe(ModelSub(/geneos/gateway[(@name="GW_TEST_50144")]/directory/probe[(@name="SYSMON")]/managedEntity[(@name="CPU_Entity")]/sampler[(@name="CPU_sampler")][(@type="")]/dataview[(@name="CPU_sampler")]/rows/row[(@name="cpu_0")]/cell[wild(@column,"*")],Set(),LIST,),None)
15:34:11.595 [OpenAccessApiClient-UnknownDevBuild-akka.actor.default-dispatcher-17] ERROR c.itrsgroup.actor.DataSetClientActor - Exception calling error callback
java.lang.RuntimeException: null
	at geneos_notification.thread_operations.ThreadInstance$2.error(ThreadInstance.java:100) ~[main/:na]
	at com.itrsgroup.actor.ClientActor$$anonfun$1.apply$mcV$sp(ClientActor.scala:143) ~[geneos-openaccess-client.jar:2.0.1]
	at com.itrsgroup.actor.ClientActor$$anonfun$1.apply(ClientActor.scala:143) ~[geneos-openaccess-client.jar:2.0.1]
	at com.itrsgroup.actor.ClientActor$$anonfun$1.apply(ClientActor.scala:143) ~[geneos-openaccess-client.jar:2.0.1]
	at scala.util.Try$.apply(Try.scala:191) ~[geneos-openaccess-client.jar:2.0.1]
	at com.itrsgroup.actor.ClientActor.fireError(ClientActor.scala:143) [geneos-openaccess-client.jar:2.0.1]
	at com.itrsgroup.actor.ClientActor$$anonfun$receive$1.applyOrElse(ClientActor.scala:84) [geneos-openaccess-client.jar:2.0.1]
	at akka.actor.Actor$class.aroundReceive(Actor.scala:465) [geneos-openaccess-client.jar:2.0.1]
	at com.itrsgroup.actor.ClientActor.aroundReceive(ClientActor.scala:38) [geneos-openaccess-client.jar:2.0.1]
	at akka.actor.ActorCell.receiveMessage(ActorCell.scala:516) [geneos-openaccess-client.jar:2.0.1]
	at akka.actor.ActorCell.invoke(ActorCell.scala:487) [geneos-openaccess-client.jar:2.0.1]
	at akka.dispatch.Mailbox.processMailbox(Mailbox.scala:254) [geneos-openaccess-client.jar:2.0.1]
	at akka.dispatch.Mailbox.run(Mailbox.scala:221) [geneos-openaccess-client.jar:2.0.1]
	at akka.dispatch.Mailbox.exec(Mailbox.scala:231) [geneos-openaccess-client.jar:2.0.1]
	at scala.concurrent.forkjoin.ForkJoinTask.doExec(ForkJoinTask.java:260) [geneos-openaccess-client.jar:2.0.1]
	at scala.concurrent.forkjoin.ForkJoinPool$WorkQueue.runTask(ForkJoinPool.java:1339) [geneos-openaccess-client.jar:2.0.1]
	at scala.concurrent.forkjoin.ForkJoinPool.runWorker(ForkJoinPool.java:1979) [geneos-openaccess-client.jar:2.0.1]
	at scala.concurrent.forkjoin.ForkJoinWorkerThread.run(ForkJoinWorkerThread.java:107) [geneos-openaccess-client.jar:2.0.1]
15:34:11.648 [OpenAccessApiClient-UnknownDevBuild-akka.actor.default-dispatcher-6] INFO  c.itrsgroup.actor.MessageDispatcher - Successfully connected to remote service [akka.tcp://ClusterSystem@192.168.220.54:2551/user/frontEnd]
15:34:11.648 [OpenAccessApiClient-UnknownDevBuild-akka.actor.default-dispatcher-6] INFO  c.itrsgroup.actor.MessageDispatcher - Forwarding Subscription op to cluster frontend: Subscribe(ModelSub(testa6/rows/row[wild(@name,"*")]/cell,Set(),LIST,),None)
{
	severity : UNDEFINED
	name : cpu_0.type
	path : /geneos/gateway[(@name="GW_TEST_50144")]/directory/probe[(@name="SYSMON")]/managedEntity[(@name="CPU_Entity")]/sampler[(@name="CPU_sampler")][(@type="")]/dataview[(@name="CPU_sampler")]/rows/row[(@name="cpu_0")]/cell[(@column="type")]
	type : CELL
	value : GenuineIntel Intel(R)
}
{
	severity : UNDEFINED
	name : cpu_0.state
	path : /geneos/gateway[(@name="GW_TEST_50144")]/directory/probe[(@name="SYSMON")]/managedEntity[(@name="CPU_Entity")]/sampler[(@name="CPU_sampler")][(@type="")]/dataview[(@name="CPU_sampler")]/rows/row[(@name="cpu_0")]/cell[(@column="state")]
	type : CELL
	value : on-line
}
{
	severity : UNDEFINED
	name : cpu_0.clockSpeed
	path : /geneos/gateway[(@name="GW_TEST_50144")]/directory/probe[(@name="SYSMON")]/managedEntity[(@name="CPU_Entity")]/sampler[(@name="CPU_sampler")][(@type="")]/dataview[(@name="CPU_sampler")]/rows/row[(@name="cpu_0")]/cell[(@column="clockSpeed")]
	type : CELL
	value : 2294.80 Mhz
}
{
	severity : UNDEFINED
	name : cpu_0.percentUtilisation
	path : /geneos/gateway[(@name="GW_TEST_50144")]/directory/probe[(@name="SYSMON")]/managedEntity[(@name="CPU_Entity")]/sampler[(@name="CPU_sampler")][(@type="")]/dataview[(@name="CPU_sampler")]/rows/row[(@name="cpu_0")]/cell[(@column="percentUtilisation")]
	type : CELL
	value : 3.47 %
}
{
	severity : UNDEFINED
	name : cpu_0.percentUserTime
	path : /geneos/gateway[(@name="GW_TEST_50144")]/directory/probe[(@name="SYSMON")]/managedEntity[(@name="CPU_Entity")]/sampler[(@name="CPU_sampler")][(@type="")]/dataview[(@name="CPU_sampler")]/rows/row[(@name="cpu_0")]/cell[(@column="percentUserTime")]
	type : CELL
	value : 2.31 %
}
{
	severity : UNDEFINED
	name : cpu_0.percentKernelTime
	path : /geneos/gateway[(@name="GW_TEST_50144")]/directory/probe[(@name="SYSMON")]/managedEntity[(@name="CPU_Entity")]/sampler[(@name="CPU_sampler")][(@type="")]/dataview[(@name="CPU_sampler")]/rows/row[(@name="cpu_0")]/cell[(@column="percentKernelTime")]
	type : CELL
	value : 0.84 %
}
{
	severity : UNDEFINED
	name : cpu_0.percentWaitTime
	path : /geneos/gateway[(@name="GW_TEST_50144")]/directory/probe[(@name="SYSMON")]/managedEntity[(@name="CPU_Entity")]/sampler[(@name="CPU_sampler")][(@type="")]/dataview[(@name="CPU_sampler")]/rows/row[(@name="cpu_0")]/cell[(@column="percentWaitTime")]
	type : CELL
	value : 0.00 %
}
{
	severity : UNDEFINED
	name : cpu_0.percentIdle
	path : /geneos/gateway[(@name="GW_TEST_50144")]/directory/probe[(@name="SYSMON")]/managedEntity[(@name="CPU_Entity")]/sampler[(@name="CPU_sampler")][(@type="")]/dataview[(@name="CPU_sampler")]/rows/row[(@name="cpu_0")]/cell[(@column="percentIdle")]
	type : CELL
	value : 96.53 %
}
{
	severity : UNDEFINED
	name : cpu_0.percentIrq
	path : /geneos/gateway[(@name="GW_TEST_50144")]/directory/probe[(@name="SYSMON")]/managedEntity[(@name="CPU_Entity")]/sampler[(@name="CPU_sampler")][(@type="")]/dataview[(@name="CPU_sampler")]/rows/row[(@name="cpu_0")]/cell[(@column="percentIrq")]
	type : CELL
	value : 0.00 %
}
{
	severity : UNDEFINED
	name : cpu_0.percentSoftIrq
	path : /geneos/gateway[(@name="GW_TEST_50144")]/directory/probe[(@name="SYSMON")]/managedEntity[(@name="CPU_Entity")]/sampler[(@name="CPU_sampler")][(@type="")]/dataview[(@name="CPU_sampler")]/rows/row[(@name="cpu_0")]/cell[(@column="percentSoftIrq")]
	type : CELL
	value : 0.32 %
}
15:34:11.763 [OpenAccessApiClient-UnknownDevBuild-akka.actor.default-dispatcher-16] INFO  a.r.RemoteActorRefProvider$RemotingTerminator - Shutting down remote daemon.
15:34:11.766 [OpenAccessApiClient-UnknownDevBuild-akka.actor.default-dispatcher-6] ERROR c.itrsgroup.actor.DataSetClientActor - Exception calling error callback
java.lang.RuntimeException: null
	at geneos_notification.thread_operations.ThreadInstance$2.error(ThreadInstance.java:100) ~[main/:na]
	at com.itrsgroup.actor.ClientActor$$anonfun$1.apply$mcV$sp(ClientActor.scala:143) ~[geneos-openaccess-client.jar:2.0.1]
	at com.itrsgroup.actor.ClientActor$$anonfun$1.apply(ClientActor.scala:143) ~[geneos-openaccess-client.jar:2.0.1]
	at com.itrsgroup.actor.ClientActor$$anonfun$1.apply(ClientActor.scala:143) ~[geneos-openaccess-client.jar:2.0.1]
	at scala.util.Try$.apply(Try.scala:191) ~[geneos-openaccess-client.jar:2.0.1]
	at com.itrsgroup.actor.ClientActor.fireError(ClientActor.scala:143) [geneos-openaccess-client.jar:2.0.1]
	at com.itrsgroup.actor.ClientActor$$anonfun$receive$1.applyOrElse(ClientActor.scala:84) [geneos-openaccess-client.jar:2.0.1]
	at akka.actor.Actor$class.aroundReceive(Actor.scala:465) [geneos-openaccess-client.jar:2.0.1]
	at com.itrsgroup.actor.ClientActor.aroundReceive(ClientActor.scala:38) [geneos-openaccess-client.jar:2.0.1]
	at akka.actor.ActorCell.receiveMessage(ActorCell.scala:516) [geneos-openaccess-client.jar:2.0.1]
	at akka.actor.ActorCell.invoke(ActorCell.scala:487) [geneos-openaccess-client.jar:2.0.1]
	at akka.dispatch.Mailbox.processMailbox(Mailbox.scala:254) [geneos-openaccess-client.jar:2.0.1]
	at akka.dispatch.Mailbox.run(Mailbox.scala:221) [geneos-openaccess-client.jar:2.0.1]
	at akka.dispatch.Mailbox.exec(Mailbox.scala:231) [geneos-openaccess-client.jar:2.0.1]
	at scala.concurrent.forkjoin.ForkJoinTask.doExec(ForkJoinTask.java:260) [geneos-openaccess-client.jar:2.0.1]
	at scala.concurrent.forkjoin.ForkJoinPool$WorkQueue.pollAndExecAll(ForkJoinPool.java:1253) [geneos-openaccess-client.jar:2.0.1]
	at scala.concurrent.forkjoin.ForkJoinPool$WorkQueue.runTask(ForkJoinPool.java:1346) [geneos-openaccess-client.jar:2.0.1]
	at scala.concurrent.forkjoin.ForkJoinPool.runWorker(ForkJoinPool.java:1979) [geneos-openaccess-client.jar:2.0.1]
	at scala.concurrent.forkjoin.ForkJoinWorkerThread.run(ForkJoinWorkerThread.java:107) [geneos-openaccess-client.jar:2.0.1]
15:34:11.767 [OpenAccessApiClient-UnknownDevBuild-akka.actor.default-dispatcher-13] INFO  a.r.RemoteActorRefProvider$RemotingTerminator - Remote daemon shut down; proceeding with flushing remote transports.
15:34:11.791 [OpenAccessApiClient-UnknownDevBuild-akka.actor.default-dispatcher-5] INFO  c.itrsgroup.actor.MessageDispatcher - Successfully connected to remote service [akka.tcp://ClusterSystem@192.168.220.54:2551/user/frontEnd]
15:34:11.791 [OpenAccessApiClient-UnknownDevBuild-akka.actor.default-dispatcher-5] INFO  c.itrsgroup.actor.MessageDispatcher - Forwarding Subscription op to cluster frontend: Subscribe(ModelSub(testb6/rows/row[wild(@name,"*")]/cell,Set(),LIST,),None)
15:34:11.806 [OpenAccessApiClient-UnknownDevBuild-akka.actor.default-dispatcher-13] INFO  a.r.RemoteActorRefProvider$RemotingTerminator - Remoting shut down.
15:34:11.882 [OpenAccessApiClient-UnknownDevBuild-akka.actor.default-dispatcher-15] ERROR c.itrsgroup.actor.DataSetClientActor - Exception calling error callback
java.lang.RuntimeException: null
	at geneos_notification.thread_operations.ThreadInstance$2.error(ThreadInstance.java:100) ~[main/:na]
	at com.itrsgroup.actor.ClientActor$$anonfun$1.apply$mcV$sp(ClientActor.scala:143) ~[geneos-openaccess-client.jar:2.0.1]
	at com.itrsgroup.actor.ClientActor$$anonfun$1.apply(ClientActor.scala:143) ~[geneos-openaccess-client.jar:2.0.1]
	at com.itrsgroup.actor.ClientActor$$anonfun$1.apply(ClientActor.scala:143) ~[geneos-openaccess-client.jar:2.0.1]
	at scala.util.Try$.apply(Try.scala:191) ~[geneos-openaccess-client.jar:2.0.1]
	at com.itrsgroup.actor.ClientActor.fireError(ClientActor.scala:143) [geneos-openaccess-client.jar:2.0.1]
	at com.itrsgroup.actor.ClientActor$$anonfun$receive$1.applyOrElse(ClientActor.scala:84) [geneos-openaccess-client.jar:2.0.1]
	at akka.actor.Actor$class.aroundReceive(Actor.scala:465) [geneos-openaccess-client.jar:2.0.1]
	at com.itrsgroup.actor.ClientActor.aroundReceive(ClientActor.scala:38) [geneos-openaccess-client.jar:2.0.1]
	at akka.actor.ActorCell.receiveMessage(ActorCell.scala:516) [geneos-openaccess-client.jar:2.0.1]
	at akka.actor.ActorCell.invoke(ActorCell.scala:487) [geneos-openaccess-client.jar:2.0.1]
	at akka.dispatch.Mailbox.processMailbox(Mailbox.scala:254) [geneos-openaccess-client.jar:2.0.1]
	at akka.dispatch.Mailbox.run(Mailbox.scala:221) [geneos-openaccess-client.jar:2.0.1]
	at akka.dispatch.Mailbox.exec(Mailbox.scala:231) [geneos-openaccess-client.jar:2.0.1]
	at scala.concurrent.forkjoin.ForkJoinTask.doExec(ForkJoinTask.java:260) [geneos-openaccess-client.jar:2.0.1]
	at scala.concurrent.forkjoin.ForkJoinPool$WorkQueue.pollAndExecAll(ForkJoinPool.java:1253) [geneos-openaccess-client.jar:2.0.1]
	at scala.concurrent.forkjoin.ForkJoinPool$WorkQueue.runTask(ForkJoinPool.java:1346) [geneos-openaccess-client.jar:2.0.1]
	at scala.concurrent.forkjoin.ForkJoinPool.runWorker(ForkJoinPool.java:1979) [geneos-openaccess-client.jar:2.0.1]
	at scala.concurrent.forkjoin.ForkJoinWorkerThread.run(ForkJoinWorkerThread.java:107) [geneos-openaccess-client.jar:2.0.1]
This is the thread xpath : testc5
15:34:11.992 [OpenAccessApiClient-UnknownDevBuild-akka.actor.default-dispatcher-5] INFO  akka.event.slf4j.Slf4jLogger - Slf4jLogger started
15:34:11.998 [OpenAccessApiClient-UnknownDevBuild-akka.actor.default-dispatcher-2] INFO  Remoting - Starting remoting
15:34:12.011 [OpenAccessApiClient-UnknownDevBuild-akka.actor.default-dispatcher-6] INFO  Remoting - Remoting started; listening on addresses :[akka.tcp://OpenAccessApiClient-UnknownDevBuild@192.168.10.207:30539]
15:34:12.013 [OpenAccessApiClient-UnknownDevBuild-akka.actor.default-dispatcher-3] INFO  akka.event.slf4j.Slf4jLogger - Slf4jLogger started
[testc5]
15:34:12.016 [OpenAccessApiClient-UnknownDevBuild-akka.actor.default-dispatcher-4] INFO  c.itrsgroup.actor.MessageDispatcher - Attempting to connect to remote service at [192.168.220.54:2551] 1 time(s)
15:34:12.018 [OpenAccessApiClient-UnknownDevBuild-akka.actor.default-dispatcher-3] INFO  Remoting - Starting remoting
15:34:12.031 [OpenAccessApiClient-UnknownDevBuild-akka.actor.default-dispatcher-4] INFO  Remoting - Remoting started; listening on addresses :[akka.tcp://OpenAccessApiClient-UnknownDevBuild@192.168.10.207:30553]
15:34:12.034 [OpenAccessApiClient-UnknownDevBuild-akka.actor.default-dispatcher-4] INFO  c.itrsgroup.actor.MessageDispatcher - Attempting to connect to remote service at [192.168.220.54:2551] 1 time(s)
15:34:12.038 [OpenAccessApiClient-UnknownDevBuild-akka.actor.default-dispatcher-4] INFO  akka.contrib.pattern.ClusterClient - Connected to [akka.tcp://ClusterSystem@192.168.220.54:2551/user/receptionist]
15:34:12.044 [OpenAccessApiClient-UnknownDevBuild-akka.actor.default-dispatcher-16] INFO  c.itrsgroup.actor.MessageDispatcher - Authenticating with remote service [/user/frontEnd] at [192.168.220.54:2551]
15:34:12.079 [OpenAccessApiClient-UnknownDevBuild-akka.actor.default-dispatcher-5] INFO  akka.contrib.pattern.ClusterClient - Connected to [akka.tcp://ClusterSystem@192.168.220.54:2551/user/receptionist]
15:34:12.091 [OpenAccessApiClient-UnknownDevBuild-akka.actor.default-dispatcher-18] INFO  c.itrsgroup.actor.MessageDispatcher - Authenticating with remote service [/user/frontEnd] at [192.168.220.54:2551]
15:34:12.185 [OpenAccessApiClient-UnknownDevBuild-akka.actor.default-dispatcher-3] INFO  c.itrsgroup.actor.MessageDispatcher - Successfully connected to remote service [akka.tcp://ClusterSystem@192.168.220.54:2551/user/frontEnd]
15:34:12.185 [OpenAccessApiClient-UnknownDevBuild-akka.actor.default-dispatcher-3] INFO  c.itrsgroup.actor.MessageDispatcher - Forwarding Subscription op to cluster frontend: Subscribe(ModelSub(testc5/rows/row[wild(@name,"*")]/cell,Set(),LIST,),None)
15:34:12.281 [OpenAccessApiClient-UnknownDevBuild-akka.actor.default-dispatcher-6] INFO  c.itrsgroup.actor.MessageDispatcher - Successfully connected to remote service [akka.tcp://ClusterSystem@192.168.220.54:2551/user/frontEnd]
15:34:12.281 [OpenAccessApiClient-UnknownDevBuild-akka.actor.default-dispatcher-6] INFO  c.itrsgroup.actor.MessageDispatcher - Forwarding Subscription op to cluster frontend: Subscribe(ModelSub(/geneos/gateway[wild(@name,"*")]/directory/probe,Set(),LIST,),None)
15:34:12.342 [OpenAccessApiClient-UnknownDevBuild-akka.actor.default-dispatcher-5] ERROR c.itrsgroup.actor.DataSetClientActor - Exception calling error callback
java.lang.RuntimeException: null
	at geneos_notification.thread_operations.ThreadInstance$2.error(ThreadInstance.java:100) ~[main/:na]
	at com.itrsgroup.actor.ClientActor$$anonfun$1.apply$mcV$sp(ClientActor.scala:143) ~[geneos-openaccess-client.jar:2.0.1]
	at com.itrsgroup.actor.ClientActor$$anonfun$1.apply(ClientActor.scala:143) ~[geneos-openaccess-client.jar:2.0.1]
	at com.itrsgroup.actor.ClientActor$$anonfun$1.apply(ClientActor.scala:143) ~[geneos-openaccess-client.jar:2.0.1]
	at scala.util.Try$.apply(Try.scala:191) ~[geneos-openaccess-client.jar:2.0.1]
	at com.itrsgroup.actor.ClientActor.fireError(ClientActor.scala:143) [geneos-openaccess-client.jar:2.0.1]
	at com.itrsgroup.actor.ClientActor$$anonfun$receive$1.applyOrElse(ClientActor.scala:84) [geneos-openaccess-client.jar:2.0.1]
	at akka.actor.Actor$class.aroundReceive(Actor.scala:465) [geneos-openaccess-client.jar:2.0.1]
	at com.itrsgroup.actor.ClientActor.aroundReceive(ClientActor.scala:38) [geneos-openaccess-client.jar:2.0.1]
	at akka.actor.ActorCell.receiveMessage(ActorCell.scala:516) [geneos-openaccess-client.jar:2.0.1]
	at akka.actor.ActorCell.invoke(ActorCell.scala:487) [geneos-openaccess-client.jar:2.0.1]
	at akka.dispatch.Mailbox.processMailbox(Mailbox.scala:254) [geneos-openaccess-client.jar:2.0.1]
	at akka.dispatch.Mailbox.run(Mailbox.scala:221) [geneos-openaccess-client.jar:2.0.1]
	at akka.dispatch.Mailbox.exec(Mailbox.scala:231) [geneos-openaccess-client.jar:2.0.1]
	at scala.concurrent.forkjoin.ForkJoinTask.doExec(ForkJoinTask.java:260) [geneos-openaccess-client.jar:2.0.1]
	at scala.concurrent.forkjoin.ForkJoinPool$WorkQueue.pollAndExecAll(ForkJoinPool.java:1253) [geneos-openaccess-client.jar:2.0.1]
	at scala.concurrent.forkjoin.ForkJoinPool$WorkQueue.runTask(ForkJoinPool.java:1346) [geneos-openaccess-client.jar:2.0.1]
	at scala.concurrent.forkjoin.ForkJoinPool.runWorker(ForkJoinPool.java:1979) [geneos-openaccess-client.jar:2.0.1]
	at scala.concurrent.forkjoin.ForkJoinWorkerThread.run(ForkJoinWorkerThread.java:107) [geneos-openaccess-client.jar:2.0.1]
15:34:12.394 [OpenAccessApiClient-UnknownDevBuild-akka.actor.default-dispatcher-5] INFO  c.itrsgroup.actor.MessageDispatcher - Forwarding Subscription op to cluster frontend: Subscribe(ModelSub(/geneos/gateway[(@name="GW_TEST_50144")]/directory/probe[(@name="SYSMON")]/managedEntity,Set(),LIST,),None)
15:34:12.500 [OpenAccessApiClient-UnknownDevBuild-akka.actor.default-dispatcher-18] INFO  c.itrsgroup.actor.MessageDispatcher - Forwarding Subscription op to cluster frontend: Subscribe(ModelSub(/geneos/gateway[(@name="GW_TEST_50144")]/directory/probe[(@name="WINSYSMON")]/managedEntity,Set(),LIST,),None)
15:34:12.655 [OpenAccessApiClient-UnknownDevBuild-akka.actor.default-dispatcher-4] INFO  c.itrsgroup.actor.MessageDispatcher - Forwarding Subscription op to cluster frontend: Subscribe(ModelSub(/geneos/gateway[(@name="GW_TEST_50144")]/directory/probe[(@name="First")]/managedEntity,Set(),LIST,),None)
15:34:12.859 [OpenAccessApiClient-UnknownDevBuild-akka.actor.default-dispatcher-20] INFO  c.itrsgroup.actor.MessageDispatcher - Forwarding Subscription op to cluster frontend: Subscribe(ModelSub(/geneos/gateway[(@name="GW_TEST_50144")]/directory/probe[(@name="New Virtual probe")]/managedEntity,Set(),LIST,),None)
15:34:13.862 [OpenAccessApiClient-UnknownDevBuild-akka.actor.default-dispatcher-18] INFO  c.itrsgroup.actor.MessageDispatcher - Forwarding Subscription op to cluster frontend: Subscribe(ModelSub(/geneos/gateway[(@name="GW_TEST_50144")]/directory/probe[(@name="SYSMON")]/managedEntity[(@name="Android")]/sampler,Set(),LIST,),None)
15:34:14.007 [OpenAccessApiClient-UnknownDevBuild-akka.actor.default-dispatcher-14] INFO  c.itrsgroup.actor.MessageDispatcher - Forwarding Subscription op to cluster frontend: Subscribe(ModelSub(/geneos/gateway[(@name="GW_TEST_50144")]/directory/probe[(@name="SYSMON")]/managedEntity[(@name="CPU_Entity")]/sampler,Set(),LIST,),None)
15:34:14.164 [OpenAccessApiClient-UnknownDevBuild-akka.actor.default-dispatcher-17] INFO  c.itrsgroup.actor.MessageDispatcher - Forwarding Subscription op to cluster frontend: Subscribe(ModelSub(/geneos/gateway[(@name="GW_TEST_50144")]/directory/probe[(@name="SYSMON")]/managedEntity[(@name="Copy of New Managed entity")]/sampler,Set(),LIST,),None)
15:34:14.314 [OpenAccessApiClient-UnknownDevBuild-akka.actor.default-dispatcher-17] INFO  c.itrsgroup.actor.MessageDispatcher - Forwarding Subscription op to cluster frontend: Subscribe(ModelSub(/geneos/gateway[(@name="GW_TEST_50144")]/directory/probe[(@name="SYSMON")]/managedEntity[(@name="Copy of New Managed entity 1")]/sampler,Set(),LIST,),None)
15:34:14.508 [OpenAccessApiClient-UnknownDevBuild-akka.actor.default-dispatcher-16] INFO  c.itrsgroup.actor.MessageDispatcher - Forwarding Subscription op to cluster frontend: Subscribe(ModelSub(/geneos/gateway[(@name="GW_TEST_50144")]/directory/probe[(@name="SYSMON")]/managedEntity[(@name="Copy of New Managed entity 10")]/sampler,Set(),LIST,),None)
15:34:14.630 [OpenAccessApiClient-UnknownDevBuild-akka.actor.default-dispatcher-17] INFO  c.itrsgroup.actor.MessageDispatcher - Forwarding Subscription op to cluster frontend: Subscribe(ModelSub(/geneos/gateway[(@name="GW_TEST_50144")]/directory/probe[(@name="SYSMON")]/managedEntity[(@name="Copy of New Managed entity 11")]/sampler,Set(),LIST,),None)
15:34:14.808 [OpenAccessApiClient-UnknownDevBuild-akka.actor.default-dispatcher-6] INFO  c.itrsgroup.actor.MessageDispatcher - Forwarding Subscription op to cluster frontend: Subscribe(ModelSub(/geneos/gateway[(@name="GW_TEST_50144")]/directory/probe[(@name="SYSMON")]/managedEntity[(@name="Copy of New Managed entity 2")]/sampler,Set(),LIST,),None)
15:34:14.960 [OpenAccessApiClient-UnknownDevBuild-akka.actor.default-dispatcher-2] INFO  c.itrsgroup.actor.MessageDispatcher - Forwarding Subscription op to cluster frontend: Subscribe(ModelSub(/geneos/gateway[(@name="GW_TEST_50144")]/directory/probe[(@name="SYSMON")]/managedEntity[(@name="Copy of New Managed entity 3")]/sampler,Set(),LIST,),None)
15:34:15.107 [OpenAccessApiClient-UnknownDevBuild-akka.actor.default-dispatcher-16] INFO  c.itrsgroup.actor.MessageDispatcher - Forwarding Subscription op to cluster frontend: Subscribe(ModelSub(/geneos/gateway[(@name="GW_TEST_50144")]/directory/probe[(@name="SYSMON")]/managedEntity[(@name="Copy of New Managed entity 4")]/sampler,Set(),LIST,),None)
15:34:15.219 [OpenAccessApiClient-UnknownDevBuild-akka.actor.default-dispatcher-23] INFO  c.itrsgroup.actor.MessageDispatcher - Forwarding Subscription op to cluster frontend: Subscribe(ModelSub(/geneos/gateway[(@name="GW_TEST_50144")]/directory/probe[(@name="SYSMON")]/managedEntity[(@name="Copy of New Managed entity 5")]/sampler,Set(),LIST,),None)
15:34:15.411 [OpenAccessApiClient-UnknownDevBuild-akka.actor.default-dispatcher-18] INFO  c.itrsgroup.actor.MessageDispatcher - Forwarding Subscription op to cluster frontend: Subscribe(ModelSub(/geneos/gateway[(@name="GW_TEST_50144")]/directory/probe[(@name="SYSMON")]/managedEntity[(@name="Copy of New Managed entity 6")]/sampler,Set(),LIST,),None)
15:34:15.522 [OpenAccessApiClient-UnknownDevBuild-akka.actor.default-dispatcher-3] INFO  c.itrsgroup.actor.MessageDispatcher - Forwarding Subscription op to cluster frontend: Subscribe(ModelSub(/geneos/gateway[(@name="GW_TEST_50144")]/directory/probe[(@name="SYSMON")]/managedEntity[(@name="Copy of New Managed entity 7")]/sampler,Set(),LIST,),None)
15:34:15.712 [OpenAccessApiClient-UnknownDevBuild-akka.actor.default-dispatcher-2] INFO  c.itrsgroup.actor.MessageDispatcher - Forwarding Subscription op to cluster frontend: Subscribe(ModelSub(/geneos/gateway[(@name="GW_TEST_50144")]/directory/probe[(@name="SYSMON")]/managedEntity[(@name="Copy of New Managed entity 8")]/sampler,Set(),LIST,),None)
15:34:15.847 [OpenAccessApiClient-UnknownDevBuild-akka.actor.default-dispatcher-20] INFO  c.itrsgroup.actor.MessageDispatcher - Forwarding Subscription op to cluster frontend: Subscribe(ModelSub(/geneos/gateway[(@name="GW_TEST_50144")]/directory/probe[(@name="SYSMON")]/managedEntity[(@name="Copy of New Managed entity 9")]/sampler,Set(),LIST,),None)
15:34:16.023 [OpenAccessApiClient-UnknownDevBuild-akka.actor.default-dispatcher-23] INFO  c.itrsgroup.actor.MessageDispatcher - Forwarding Subscription op to cluster frontend: Subscribe(ModelSub(/geneos/gateway[(@name="GW_TEST_50144")]/directory/probe[(@name="SYSMON")]/managedEntity[(@name="FKM")]/sampler,Set(),LIST,),None)
15:34:16.162 [OpenAccessApiClient-UnknownDevBuild-akka.actor.default-dispatcher-23] INFO  c.itrsgroup.actor.MessageDispatcher - Forwarding Subscription op to cluster frontend: Subscribe(ModelSub(/geneos/gateway[(@name="GW_TEST_50144")]/directory/probe[(@name="SYSMON")]/managedEntity[(@name="HELLO")]/sampler,Set(),LIST,),None)
15:34:16.273 [OpenAccessApiClient-UnknownDevBuild-akka.actor.default-dispatcher-17] INFO  c.itrsgroup.actor.MessageDispatcher - Forwarding Subscription op to cluster frontend: Subscribe(ModelSub(/geneos/gateway[(@name="GW_TEST_50144")]/directory/probe[(@name="SYSMON")]/managedEntity[(@name="New Managed entity")]/sampler,Set(),LIST,),None)
15:34:16.473 [OpenAccessApiClient-UnknownDevBuild-akka.actor.default-dispatcher-6] INFO  c.itrsgroup.actor.MessageDispatcher - Forwarding Subscription op to cluster frontend: Subscribe(ModelSub(/geneos/gateway[(@name="GW_TEST_50144")]/directory/probe[(@name="SYSMON")]/managedEntity[(@name="THISISATEST")]/sampler,Set(),LIST,),None)
15:34:16.582 [OpenAccessApiClient-UnknownDevBuild-akka.actor.default-dispatcher-17] INFO  c.itrsgroup.actor.MessageDispatcher - Forwarding Subscription op to cluster frontend: Subscribe(ModelSub(/geneos/gateway[(@name="GW_TEST_50144")]/directory/probe[(@name="SYSMON")]/managedEntity[(@name="TOOLKIT_TEST")]/sampler,Set(),LIST,),None)
15:34:16.726 [OpenAccessApiClient-UnknownDevBuild-akka.actor.default-dispatcher-16] INFO  c.itrsgroup.actor.MessageDispatcher - Forwarding Subscription op to cluster frontend: Subscribe(ModelSub(/geneos/gateway[(@name="GW_TEST_50144")]/directory/probe[(@name="SYSMON")]/managedEntity[(@name="tttttttttttttttttteeeeeeeeeeeeeeeeeeeeeeeesssssssssssssssssssssssstttttttttttttttttttttttt")]/sampler,Set(),LIST,),None)
15:34:16.876 [OpenAccessApiClient-UnknownDevBuild-akka.actor.default-dispatcher-19] INFO  c.itrsgroup.actor.MessageDispatcher - Forwarding Subscription op to cluster frontend: Subscribe(ModelSub(/geneos/gateway[(@name="GW_TEST_50144")]/directory/probe[(@name="SYSMON")]/managedEntity[(@name="zzzzzzzzz")]/sampler,Set(),LIST,),None)
15:34:17.042 [OpenAccessApiClient-UnknownDevBuild-akka.actor.default-dispatcher-16] INFO  c.itrsgroup.actor.MessageDispatcher - Forwarding Subscription op to cluster frontend: Subscribe(ModelSub(/geneos/gateway[(@name="GW_TEST_50144")]/directory/probe[(@name="WINSYSMON")]/managedEntity[(@name="CPU_ENTITY")]/sampler,Set(),LIST,),None)
15:34:17.180 [OpenAccessApiClient-UnknownDevBuild-akka.actor.default-dispatcher-23] INFO  c.itrsgroup.actor.MessageDispatcher - Forwarding Subscription op to cluster frontend: Subscribe(ModelSub(/geneos/gateway[(@name="GW_TEST_50144")]/directory/probe[(@name="First")]/managedEntity[(@name="CPU Action test")]/sampler,Set(),LIST,),None)
15:34:17.327 [OpenAccessApiClient-UnknownDevBuild-akka.actor.default-dispatcher-23] INFO  c.itrsgroup.actor.MessageDispatcher - Forwarding Subscription op to cluster frontend: Subscribe(ModelSub(/geneos/gateway[(@name="GW_TEST_50144")]/directory/probe[(@name="SYSMON")]/managedEntity[(@name="Android")]/sampler[(@name="AppTest")][(@type="")]/dataview,Set(),LIST,),None)
15:34:17.528 [OpenAccessApiClient-UnknownDevBuild-akka.actor.default-dispatcher-17] INFO  c.itrsgroup.actor.MessageDispatcher - Forwarding Subscription op to cluster frontend: Subscribe(ModelSub(/geneos/gateway[(@name="GW_TEST_50144")]/directory/probe[(@name="SYSMON")]/managedEntity[(@name="CPU_Entity")]/sampler[(@name="CPU_sampler")][(@type="")]/dataview,Set(),LIST,),None)
15:34:17.637 [OpenAccessApiClient-UnknownDevBuild-akka.actor.default-dispatcher-20] INFO  c.itrsgroup.actor.MessageDispatcher - Forwarding Subscription op to cluster frontend: Subscribe(ModelSub(/geneos/gateway[(@name="GW_TEST_50144")]/directory/probe[(@name="SYSMON")]/managedEntity[(@name="CPU_Entity")]/sampler[(@name="New Sampler 3")][(@type="")]/dataview,Set(),LIST,),None)
15:34:18.638 [OpenAccessApiClient-UnknownDevBuild-akka.actor.default-dispatcher-19] INFO  c.itrsgroup.actor.MessageDispatcher - Forwarding Subscription op to cluster frontend: Subscribe(ModelSub(/geneos/gateway[(@name="GW_TEST_50144")]/directory/probe[(@name="SYSMON")]/managedEntity[(@name="CPU_Entity")]/sampler[(@name="new SQl tester")][(@type="")]/dataview,Set(),LIST,),None)
15:34:18.685 [OpenAccessApiClient-UnknownDevBuild-akka.actor.default-dispatcher-22] INFO  c.itrsgroup.actor.MessageDispatcher - Forwarding Subscription op to cluster frontend: Subscribe(ModelSub(/geneos/gateway[(@name="GW_TEST_50144")]/directory/probe[(@name="SYSMON")]/managedEntity[(@name="CPU_Entity")]/sampler[(@name="SQL gateway")][(@type="")]/dataview,Set(),LIST,),None)
15:34:18.885 [OpenAccessApiClient-UnknownDevBuild-akka.actor.default-dispatcher-22] INFO  c.itrsgroup.actor.MessageDispatcher - Forwarding Subscription op to cluster frontend: Subscribe(ModelSub(/geneos/gateway[(@name="GW_TEST_50144")]/directory/probe[(@name="SYSMON")]/managedEntity[(@name="CPU_Entity")]/sampler[(@name="TEST_LOG LOCAL1")][(@type="")]/dataview,Set(),LIST,),None)
15:34:19.000 [OpenAccessApiClient-UnknownDevBuild-akka.actor.default-dispatcher-20] INFO  c.itrsgroup.actor.MessageDispatcher - Forwarding Subscription op to cluster frontend: Subscribe(ModelSub(/geneos/gateway[(@name="GW_TEST_50144")]/directory/probe[(@name="SYSMON")]/managedEntity[(@name="CPU_Entity")]/sampler[(@name="New Sampler 2")][(@type="")]/dataview,Set(),LIST,),None)
15:34:19.157 [OpenAccessApiClient-UnknownDevBuild-akka.actor.default-dispatcher-6] INFO  c.itrsgroup.actor.MessageDispatcher - Forwarding Subscription op to cluster frontend: Subscribe(ModelSub(/geneos/gateway[(@name="GW_TEST_50144")]/directory/probe[(@name="SYSMON")]/managedEntity[(@name="CPU_Entity")]/sampler[(@name="New Sampler 9")][(@type="")]/dataview,Set(),LIST,),None)
15:34:19.343 [OpenAccessApiClient-UnknownDevBuild-akka.actor.default-dispatcher-16] INFO  c.itrsgroup.actor.MessageDispatcher - Forwarding Subscription op to cluster frontend: Subscribe(ModelSub(/geneos/gateway[(@name="GW_TEST_50144")]/directory/probe[(@name="SYSMON")]/managedEntity[(@name="Copy of New Managed entity")]/sampler[(@name="CPU_sampler")][(@type="")]/dataview,Set(),LIST,),None)
15:34:19.465 [OpenAccessApiClient-UnknownDevBuild-akka.actor.default-dispatcher-17] INFO  c.itrsgroup.actor.MessageDispatcher - Forwarding Subscription op to cluster frontend: Subscribe(ModelSub(/geneos/gateway[(@name="GW_TEST_50144")]/directory/probe[(@name="SYSMON")]/managedEntity[(@name="Copy of New Managed entity 1")]/sampler[(@name="CPU_sampler")][(@type="")]/dataview,Set(),LIST,),None)
15:34:19.640 [OpenAccessApiClient-UnknownDevBuild-akka.actor.default-dispatcher-20] INFO  c.itrsgroup.actor.MessageDispatcher - Forwarding Subscription op to cluster frontend: Subscribe(ModelSub(/geneos/gateway[(@name="GW_TEST_50144")]/directory/probe[(@name="SYSMON")]/managedEntity[(@name="Copy of New Managed entity 10")]/sampler[(@name="CPU_sampler")][(@type="")]/dataview,Set(),LIST,),None)
15:34:19.754 [OpenAccessApiClient-UnknownDevBuild-akka.actor.default-dispatcher-4] INFO  c.itrsgroup.actor.MessageDispatcher - Forwarding Subscription op to cluster frontend: Subscribe(ModelSub(/geneos/gateway[(@name="GW_TEST_50144")]/directory/probe[(@name="SYSMON")]/managedEntity[(@name="Copy of New Managed entity 11")]/sampler[(@name="CPU_sampler")][(@type="")]/dataview,Set(),LIST,),None)
15:34:19.945 [OpenAccessApiClient-UnknownDevBuild-akka.actor.default-dispatcher-6] INFO  c.itrsgroup.actor.MessageDispatcher - Forwarding Subscription op to cluster frontend: Subscribe(ModelSub(/geneos/gateway[(@name="GW_TEST_50144")]/directory/probe[(@name="SYSMON")]/managedEntity[(@name="Copy of New Managed entity 2")]/sampler[(@name="CPU_sampler")][(@type="")]/dataview,Set(),LIST,),None)
15:34:20.051 [OpenAccessApiClient-UnknownDevBuild-akka.actor.default-dispatcher-2] INFO  c.itrsgroup.actor.MessageDispatcher - Forwarding Subscription op to cluster frontend: Subscribe(ModelSub(/geneos/gateway[(@name="GW_TEST_50144")]/directory/probe[(@name="SYSMON")]/managedEntity[(@name="Copy of New Managed entity 3")]/sampler[(@name="CPU_sampler")][(@type="")]/dataview,Set(),LIST,),None)
15:34:20.238 [OpenAccessApiClient-UnknownDevBuild-akka.actor.default-dispatcher-2] INFO  c.itrsgroup.actor.MessageDispatcher - Forwarding Subscription op to cluster frontend: Subscribe(ModelSub(/geneos/gateway[(@name="GW_TEST_50144")]/directory/probe[(@name="SYSMON")]/managedEntity[(@name="Copy of New Managed entity 4")]/sampler[(@name="CPU_sampler")][(@type="")]/dataview,Set(),LIST,),None)
15:34:20.348 [OpenAccessApiClient-UnknownDevBuild-akka.actor.default-dispatcher-3] INFO  c.itrsgroup.actor.MessageDispatcher - Forwarding Subscription op to cluster frontend: Subscribe(ModelSub(/geneos/gateway[(@name="GW_TEST_50144")]/directory/probe[(@name="SYSMON")]/managedEntity[(@name="Copy of New Managed entity 5")]/sampler[(@name="CPU_sampler")][(@type="")]/dataview,Set(),LIST,),None)
15:34:20.550 [OpenAccessApiClient-UnknownDevBuild-akka.actor.default-dispatcher-17] INFO  c.itrsgroup.actor.MessageDispatcher - Forwarding Subscription op to cluster frontend: Subscribe(ModelSub(/geneos/gateway[(@name="GW_TEST_50144")]/directory/probe[(@name="SYSMON")]/managedEntity[(@name="Copy of New Managed entity 6")]/sampler[(@name="CPU_sampler")][(@type="")]/dataview,Set(),LIST,),None)
15:34:20.675 [OpenAccessApiClient-UnknownDevBuild-akka.actor.default-dispatcher-17] INFO  c.itrsgroup.actor.MessageDispatcher - Forwarding Subscription op to cluster frontend: Subscribe(ModelSub(/geneos/gateway[(@name="GW_TEST_50144")]/directory/probe[(@name="SYSMON")]/managedEntity[(@name="Copy of New Managed entity 7")]/sampler[(@name="CPU_sampler")][(@type="")]/dataview,Set(),LIST,),None)
15:34:20.843 [OpenAccessApiClient-UnknownDevBuild-akka.actor.default-dispatcher-15] INFO  c.itrsgroup.actor.MessageDispatcher - Forwarding Subscription op to cluster frontend: Subscribe(ModelSub(/geneos/gateway[(@name="GW_TEST_50144")]/directory/probe[(@name="SYSMON")]/managedEntity[(@name="Copy of New Managed entity 8")]/sampler[(@name="CPU_sampler")][(@type="")]/dataview,Set(),LIST,),None)
15:34:20.992 [OpenAccessApiClient-UnknownDevBuild-akka.actor.default-dispatcher-3] INFO  c.itrsgroup.actor.MessageDispatcher - Forwarding Subscription op to cluster frontend: Subscribe(ModelSub(/geneos/gateway[(@name="GW_TEST_50144")]/directory/probe[(@name="SYSMON")]/managedEntity[(@name="Copy of New Managed entity 9")]/sampler[(@name="CPU_sampler")][(@type="")]/dataview,Set(),LIST,),None)
15:34:21.095 [OpenAccessApiClient-UnknownDevBuild-akka.actor.default-dispatcher-22] INFO  c.itrsgroup.actor.MessageDispatcher - Forwarding Subscription op to cluster frontend: Subscribe(ModelSub(/geneos/gateway[(@name="GW_TEST_50144")]/directory/probe[(@name="SYSMON")]/managedEntity[(@name="FKM")]/sampler[(@name="FKM")][(@type="")]/dataview,Set(),LIST,),None)
15:34:21.294 [OpenAccessApiClient-UnknownDevBuild-akka.actor.default-dispatcher-19] INFO  c.itrsgroup.actor.MessageDispatcher - Forwarding Subscription op to cluster frontend: Subscribe(ModelSub(/geneos/gateway[(@name="GW_TEST_50144")]/directory/probe[(@name="SYSMON")]/managedEntity[(@name="FKM")]/sampler[(@name="FTM Test")][(@type="")]/dataview,Set(),LIST,),None)
15:34:21.414 [OpenAccessApiClient-UnknownDevBuild-akka.actor.default-dispatcher-19] INFO  c.itrsgroup.actor.MessageDispatcher - Forwarding Subscription op to cluster frontend: Subscribe(ModelSub(/geneos/gateway[(@name="GW_TEST_50144")]/directory/probe[(@name="SYSMON")]/managedEntity[(@name="HELLO")]/sampler[(@name="FKM")][(@type="")]/dataview,Set(),LIST,),None)
15:34:21.594 [OpenAccessApiClient-UnknownDevBuild-akka.actor.default-dispatcher-19] INFO  c.itrsgroup.actor.MessageDispatcher - Forwarding Subscription op to cluster frontend: Subscribe(ModelSub(/geneos/gateway[(@name="GW_TEST_50144")]/directory/probe[(@name="SYSMON")]/managedEntity[(@name="HELLO")]/sampler[(@name="Cluster Monitoring Sampler")][(@type="")]/dataview,Set(),LIST,),None)
15:34:21.601 [OpenAccessApiClient-UnknownDevBuild-akka.actor.default-dispatcher-16] INFO  c.itrsgroup.actor.MessageDispatcher - Forwarding Subscription op to cluster frontend: Subscribe(ModelSub(testc6/rows/row[wild(@name,"*")]/cell,Set(),LIST,),None)
15:34:21.696 [OpenAccessApiClient-UnknownDevBuild-akka.actor.default-dispatcher-18] INFO  c.itrsgroup.actor.MessageDispatcher - Forwarding Subscription op to cluster frontend: Subscribe(ModelSub(/geneos/gateway[(@name="GW_TEST_50144")]/directory/probe[(@name="SYSMON")]/managedEntity[(@name="HELLO")]/sampler[(@name="New Sampler 1")][(@type="")]/dataview,Set(),LIST,),None)
15:34:21.707 [OpenAccessApiClient-UnknownDevBuild-akka.actor.default-dispatcher-16] ERROR c.itrsgroup.actor.DataSetClientActor - Exception calling error callback
java.lang.RuntimeException: null
	at geneos_notification.thread_operations.ThreadInstance$2.error(ThreadInstance.java:100) ~[main/:na]
	at com.itrsgroup.actor.ClientActor$$anonfun$1.apply$mcV$sp(ClientActor.scala:143) ~[geneos-openaccess-client.jar:2.0.1]
	at com.itrsgroup.actor.ClientActor$$anonfun$1.apply(ClientActor.scala:143) ~[geneos-openaccess-client.jar:2.0.1]
	at com.itrsgroup.actor.ClientActor$$anonfun$1.apply(ClientActor.scala:143) ~[geneos-openaccess-client.jar:2.0.1]
	at scala.util.Try$.apply(Try.scala:191) ~[geneos-openaccess-client.jar:2.0.1]
	at com.itrsgroup.actor.ClientActor.fireError(ClientActor.scala:143) [geneos-openaccess-client.jar:2.0.1]
	at com.itrsgroup.actor.ClientActor$$anonfun$receive$1.applyOrElse(ClientActor.scala:84) [geneos-openaccess-client.jar:2.0.1]
	at akka.actor.Actor$class.aroundReceive(Actor.scala:465) [geneos-openaccess-client.jar:2.0.1]
	at com.itrsgroup.actor.ClientActor.aroundReceive(ClientActor.scala:38) [geneos-openaccess-client.jar:2.0.1]
	at akka.actor.ActorCell.receiveMessage(ActorCell.scala:516) [geneos-openaccess-client.jar:2.0.1]
	at akka.actor.ActorCell.invoke(ActorCell.scala:487) [geneos-openaccess-client.jar:2.0.1]
	at akka.dispatch.Mailbox.processMailbox(Mailbox.scala:254) [geneos-openaccess-client.jar:2.0.1]
	at akka.dispatch.Mailbox.run(Mailbox.scala:221) [geneos-openaccess-client.jar:2.0.1]
	at akka.dispatch.Mailbox.exec(Mailbox.scala:231) [geneos-openaccess-client.jar:2.0.1]
	at scala.concurrent.forkjoin.ForkJoinTask.doExec(ForkJoinTask.java:260) [geneos-openaccess-client.jar:2.0.1]
	at scala.concurrent.forkjoin.ForkJoinPool$WorkQueue.runTask(ForkJoinPool.java:1339) [geneos-openaccess-client.jar:2.0.1]
	at scala.concurrent.forkjoin.ForkJoinPool.runWorker(ForkJoinPool.java:1979) [geneos-openaccess-client.jar:2.0.1]
	at scala.concurrent.forkjoin.ForkJoinWorkerThread.run(ForkJoinWorkerThread.java:107) [geneos-openaccess-client.jar:2.0.1]
15:34:21.773 [OpenAccessApiClient-UnknownDevBuild-akka.actor.default-dispatcher-6] INFO  c.itrsgroup.actor.MessageDispatcher - Forwarding Subscription op to cluster frontend: Subscribe(ModelSub(testa6/rows/row[wild(@name,"*")]/cell,Set(),LIST,),None)
15:34:21.858 [OpenAccessApiClient-UnknownDevBuild-akka.actor.default-dispatcher-2] INFO  c.itrsgroup.actor.MessageDispatcher - Forwarding Subscription op to cluster frontend: Subscribe(ModelSub(/geneos/gateway[(@name="GW_TEST_50144")]/directory/probe[(@name="SYSMON")]/managedEntity[(@name="HELLO")]/sampler[(@name="new SQl tester")][(@type="")]/dataview,Set(),LIST,),None)
15:34:21.881 [OpenAccessApiClient-UnknownDevBuild-akka.actor.default-dispatcher-14] ERROR c.itrsgroup.actor.DataSetClientActor - Exception calling error callback
java.lang.RuntimeException: null
	at geneos_notification.thread_operations.ThreadInstance$2.error(ThreadInstance.java:100) ~[main/:na]
	at com.itrsgroup.actor.ClientActor$$anonfun$1.apply$mcV$sp(ClientActor.scala:143) ~[geneos-openaccess-client.jar:2.0.1]
	at com.itrsgroup.actor.ClientActor$$anonfun$1.apply(ClientActor.scala:143) ~[geneos-openaccess-client.jar:2.0.1]
	at com.itrsgroup.actor.ClientActor$$anonfun$1.apply(ClientActor.scala:143) ~[geneos-openaccess-client.jar:2.0.1]
	at scala.util.Try$.apply(Try.scala:191) ~[geneos-openaccess-client.jar:2.0.1]
	at com.itrsgroup.actor.ClientActor.fireError(ClientActor.scala:143) [geneos-openaccess-client.jar:2.0.1]
	at com.itrsgroup.actor.ClientActor$$anonfun$receive$1.applyOrElse(ClientActor.scala:84) [geneos-openaccess-client.jar:2.0.1]
	at akka.actor.Actor$class.aroundReceive(Actor.scala:465) [geneos-openaccess-client.jar:2.0.1]
	at com.itrsgroup.actor.ClientActor.aroundReceive(ClientActor.scala:38) [geneos-openaccess-client.jar:2.0.1]
	at akka.actor.ActorCell.receiveMessage(ActorCell.scala:516) [geneos-openaccess-client.jar:2.0.1]
	at akka.actor.ActorCell.invoke(ActorCell.scala:487) [geneos-openaccess-client.jar:2.0.1]
	at akka.dispatch.Mailbox.processMailbox(Mailbox.scala:254) [geneos-openaccess-client.jar:2.0.1]
	at akka.dispatch.Mailbox.run(Mailbox.scala:221) [geneos-openaccess-client.jar:2.0.1]
	at akka.dispatch.Mailbox.exec(Mailbox.scala:231) [geneos-openaccess-client.jar:2.0.1]
	at scala.concurrent.forkjoin.ForkJoinTask.doExec(ForkJoinTask.java:260) [geneos-openaccess-client.jar:2.0.1]
	at scala.concurrent.forkjoin.ForkJoinPool$WorkQueue.runTask(ForkJoinPool.java:1339) [geneos-openaccess-client.jar:2.0.1]
	at scala.concurrent.forkjoin.ForkJoinPool.runWorker(ForkJoinPool.java:1979) [geneos-openaccess-client.jar:2.0.1]
	at scala.concurrent.forkjoin.ForkJoinWorkerThread.run(ForkJoinWorkerThread.java:107) [geneos-openaccess-client.jar:2.0.1]
15:34:21.889 [OpenAccessApiClient-UnknownDevBuild-akka.actor.default-dispatcher-15] INFO  c.itrsgroup.actor.MessageDispatcher - Forwarding Subscription op to cluster frontend: Subscribe(ModelSub(testb6/rows/row[wild(@name,"*")]/cell,Set(),LIST,),None)
15:34:22.016 [OpenAccessApiClient-UnknownDevBuild-akka.actor.default-dispatcher-15] ERROR c.itrsgroup.actor.DataSetClientActor - Exception calling error callback
java.lang.RuntimeException: null
	at geneos_notification.thread_operations.ThreadInstance$2.error(ThreadInstance.java:100) ~[main/:na]
	at com.itrsgroup.actor.ClientActor$$anonfun$1.apply$mcV$sp(ClientActor.scala:143) ~[geneos-openaccess-client.jar:2.0.1]
	at com.itrsgroup.actor.ClientActor$$anonfun$1.apply(ClientActor.scala:143) ~[geneos-openaccess-client.jar:2.0.1]
	at com.itrsgroup.actor.ClientActor$$anonfun$1.apply(ClientActor.scala:143) ~[geneos-openaccess-client.jar:2.0.1]
	at scala.util.Try$.apply(Try.scala:191) ~[geneos-openaccess-client.jar:2.0.1]
	at com.itrsgroup.actor.ClientActor.fireError(ClientActor.scala:143) [geneos-openaccess-client.jar:2.0.1]
	at com.itrsgroup.actor.ClientActor$$anonfun$receive$1.applyOrElse(ClientActor.scala:84) [geneos-openaccess-client.jar:2.0.1]
	at akka.actor.Actor$class.aroundReceive(Actor.scala:465) [geneos-openaccess-client.jar:2.0.1]
	at com.itrsgroup.actor.ClientActor.aroundReceive(ClientActor.scala:38) [geneos-openaccess-client.jar:2.0.1]
	at akka.actor.ActorCell.receiveMessage(ActorCell.scala:516) [geneos-openaccess-client.jar:2.0.1]
	at akka.actor.ActorCell.invoke(ActorCell.scala:487) [geneos-openaccess-client.jar:2.0.1]
	at akka.dispatch.Mailbox.processMailbox(Mailbox.scala:254) [geneos-openaccess-client.jar:2.0.1]
	at akka.dispatch.Mailbox.run(Mailbox.scala:221) [geneos-openaccess-client.jar:2.0.1]
	at akka.dispatch.Mailbox.exec(Mailbox.scala:231) [geneos-openaccess-client.jar:2.0.1]
	at scala.concurrent.forkjoin.ForkJoinTask.doExec(ForkJoinTask.java:260) [geneos-openaccess-client.jar:2.0.1]
	at scala.concurrent.forkjoin.ForkJoinPool$WorkQueue.runTask(ForkJoinPool.java:1339) [geneos-openaccess-client.jar:2.0.1]
	at scala.concurrent.forkjoin.ForkJoinPool.runWorker(ForkJoinPool.java:1979) [geneos-openaccess-client.jar:2.0.1]
	at scala.concurrent.forkjoin.ForkJoinWorkerThread.run(ForkJoinWorkerThread.java:107) [geneos-openaccess-client.jar:2.0.1]
15:34:22.052 [OpenAccessApiClient-UnknownDevBuild-akka.actor.default-dispatcher-23] INFO  c.itrsgroup.actor.MessageDispatcher - Forwarding Subscription op to cluster frontend: Subscribe(ModelSub(/geneos/gateway[(@name="GW_TEST_50144")]/directory/probe[(@name="SYSMON")]/managedEntity[(@name="New Managed entity")]/sampler[(@name="CPU_sampler")][(@type="")]/dataview,Set(),LIST,),None)
15:34:22.204 [OpenAccessApiClient-UnknownDevBuild-akka.actor.default-dispatcher-16] INFO  c.itrsgroup.actor.MessageDispatcher - Forwarding Subscription op to cluster frontend: Subscribe(ModelSub(/geneos/gateway[(@name="GW_TEST_50144")]/directory/probe[(@name="SYSMON")]/managedEntity[(@name="THISISATEST")]/sampler[(@name="FTM Test")][(@type="")]/dataview,Set(),LIST,),None)
15:34:22.315 [OpenAccessApiClient-UnknownDevBuild-akka.actor.default-dispatcher-2] INFO  c.itrsgroup.actor.MessageDispatcher - Forwarding Subscription op to cluster frontend: Subscribe(ModelSub(/geneos/gateway[(@name="GW_TEST_50144")]/directory/probe[(@name="SYSMON")]/managedEntity[(@name="TOOLKIT_TEST")]/sampler[(@name="Toolkit")][(@type="")]/dataview,Set(),LIST,),None)
15:34:22.346 [OpenAccessApiClient-UnknownDevBuild-akka.actor.default-dispatcher-4] INFO  c.itrsgroup.actor.MessageDispatcher - Forwarding Subscription op to cluster frontend: Subscribe(ModelSub(testc5/rows/row[wild(@name,"*")]/cell,Set(),LIST,),None)
15:34:22.458 [OpenAccessApiClient-UnknownDevBuild-akka.actor.default-dispatcher-5] ERROR c.itrsgroup.actor.DataSetClientActor - Exception calling error callback
java.lang.RuntimeException: null
	at geneos_notification.thread_operations.ThreadInstance$2.error(ThreadInstance.java:100) ~[main/:na]
	at com.itrsgroup.actor.ClientActor$$anonfun$1.apply$mcV$sp(ClientActor.scala:143) ~[geneos-openaccess-client.jar:2.0.1]
	at com.itrsgroup.actor.ClientActor$$anonfun$1.apply(ClientActor.scala:143) ~[geneos-openaccess-client.jar:2.0.1]
	at com.itrsgroup.actor.ClientActor$$anonfun$1.apply(ClientActor.scala:143) ~[geneos-openaccess-client.jar:2.0.1]
	at scala.util.Try$.apply(Try.scala:191) ~[geneos-openaccess-client.jar:2.0.1]
	at com.itrsgroup.actor.ClientActor.fireError(ClientActor.scala:143) [geneos-openaccess-client.jar:2.0.1]
	at com.itrsgroup.actor.ClientActor$$anonfun$receive$1.applyOrElse(ClientActor.scala:84) [geneos-openaccess-client.jar:2.0.1]
	at akka.actor.Actor$class.aroundReceive(Actor.scala:465) [geneos-openaccess-client.jar:2.0.1]
	at com.itrsgroup.actor.ClientActor.aroundReceive(ClientActor.scala:38) [geneos-openaccess-client.jar:2.0.1]
	at akka.actor.ActorCell.receiveMessage(ActorCell.scala:516) [geneos-openaccess-client.jar:2.0.1]
	at akka.actor.ActorCell.invoke(ActorCell.scala:487) [geneos-openaccess-client.jar:2.0.1]
	at akka.dispatch.Mailbox.processMailbox(Mailbox.scala:254) [geneos-openaccess-client.jar:2.0.1]
	at akka.dispatch.Mailbox.run(Mailbox.scala:221) [geneos-openaccess-client.jar:2.0.1]
	at akka.dispatch.Mailbox.exec(Mailbox.scala:231) [geneos-openaccess-client.jar:2.0.1]
	at scala.concurrent.forkjoin.ForkJoinTask.doExec(ForkJoinTask.java:260) [geneos-openaccess-client.jar:2.0.1]
	at scala.concurrent.forkjoin.ForkJoinPool$WorkQueue.runTask(ForkJoinPool.java:1339) [geneos-openaccess-client.jar:2.0.1]
	at scala.concurrent.forkjoin.ForkJoinPool.runWorker(ForkJoinPool.java:1979) [geneos-openaccess-client.jar:2.0.1]
	at scala.concurrent.forkjoin.ForkJoinWorkerThread.run(ForkJoinWorkerThread.java:107) [geneos-openaccess-client.jar:2.0.1]
15:34:22.508 [OpenAccessApiClient-UnknownDevBuild-akka.actor.default-dispatcher-4] INFO  c.itrsgroup.actor.MessageDispatcher - Forwarding Subscription op to cluster frontend: Subscribe(ModelSub(/geneos/gateway[(@name="GW_TEST_50144")]/directory/probe[(@name="SYSMON")]/managedEntity[(@name="TOOLKIT_TEST")]/sampler[(@name="ICE MYSQL")][(@type="")]/dataview,Set(),LIST,),None)
15:34:22.616 [OpenAccessApiClient-UnknownDevBuild-akka.actor.default-dispatcher-2] INFO  c.itrsgroup.actor.MessageDispatcher - Forwarding Subscription op to cluster frontend: Subscribe(ModelSub(/geneos/gateway[(@name="GW_TEST_50144")]/directory/probe[(@name="SYSMON")]/managedEntity[(@name="TOOLKIT_TEST")]/sampler[(@name="TEST ICE")][(@type="")]/dataview,Set(),LIST,),None)
15:34:22.805 [OpenAccessApiClient-UnknownDevBuild-akka.actor.default-dispatcher-5] INFO  c.itrsgroup.actor.MessageDispatcher - Forwarding Subscription op to cluster frontend: Subscribe(ModelSub(/geneos/gateway[(@name="GW_TEST_50144")]/directory/probe[(@name="SYSMON")]/managedEntity[(@name="TOOLKIT_TEST")]/sampler[(@name="TestSQL")][(@type="")]/dataview,Set(),LIST,),None)
15:34:22.955 [OpenAccessApiClient-UnknownDevBuild-akka.actor.default-dispatcher-18] INFO  c.itrsgroup.actor.MessageDispatcher - Forwarding Subscription op to cluster frontend: Subscribe(ModelSub(/geneos/gateway[(@name="GW_TEST_50144")]/directory/probe[(@name="SYSMON")]/managedEntity[(@name="TOOLKIT_TEST")]/sampler[(@name="New Sampler 6")][(@type="")]/dataview,Set(),LIST,),None)
15:34:23.111 [OpenAccessApiClient-UnknownDevBuild-akka.actor.default-dispatcher-20] INFO  c.itrsgroup.actor.MessageDispatcher - Forwarding Subscription op to cluster frontend: Subscribe(ModelSub(/geneos/gateway[(@name="GW_TEST_50144")]/directory/probe[(@name="SYSMON")]/managedEntity[(@name="TOOLKIT_TEST")]/sampler[(@name="ME VS APPa")][(@type="")]/dataview,Set(),LIST,),None)
15:34:23.220 [OpenAccessApiClient-UnknownDevBuild-akka.actor.default-dispatcher-17] INFO  c.itrsgroup.actor.MessageDispatcher - Forwarding Subscription op to cluster frontend: Subscribe(ModelSub(/geneos/gateway[(@name="GW_TEST_50144")]/directory/probe[(@name="SYSMON")]/managedEntity[(@name="tttttttttttttttttteeeeeeeeeeeeeeeeeeeeeeeesssssssssssssssssssssssstttttttttttttttttttttttt")]/sampler[(@name="CPU")][(@type="")]/dataview,Set(),LIST,),None)
15:34:24.221 [OpenAccessApiClient-UnknownDevBuild-akka.actor.default-dispatcher-5] INFO  c.itrsgroup.actor.MessageDispatcher - Forwarding Subscription op to cluster frontend: Subscribe(ModelSub(/geneos/gateway[(@name="GW_TEST_50144")]/directory/probe[(@name="SYSMON")]/managedEntity[(@name="tttttttttttttttttteeeeeeeeeeeeeeeeeeeeeeeesssssssssssssssssssssssstttttttttttttttttttttttt")]/sampler[(@name="CPU_sampler")][(@type="")]/dataview,Set(),LIST,),None)
15:34:24.264 [OpenAccessApiClient-UnknownDevBuild-akka.actor.default-dispatcher-17] INFO  c.itrsgroup.actor.MessageDispatcher - Forwarding Subscription op to cluster frontend: Subscribe(ModelSub(/geneos/gateway[(@name="GW_TEST_50144")]/directory/probe[(@name="SYSMON")]/managedEntity[(@name="tttttttttttttttttteeeeeeeeeeeeeeeeeeeeeeeesssssssssssssssssssssssstttttttttttttttttttttttt")]/sampler[(@name="FKM")][(@type="")]/dataview,Set(),LIST,),None)
15:34:24.463 [OpenAccessApiClient-UnknownDevBuild-akka.actor.default-dispatcher-14] INFO  c.itrsgroup.actor.MessageDispatcher - Forwarding Subscription op to cluster frontend: Subscribe(ModelSub(/geneos/gateway[(@name="GW_TEST_50144")]/directory/probe[(@name="SYSMON")]/managedEntity[(@name="zzzzzzzzz")]/sampler[(@name="CPU")][(@type="")]/dataview,Set(),LIST,),None)
15:34:25.465 [OpenAccessApiClient-UnknownDevBuild-akka.actor.default-dispatcher-17] INFO  c.itrsgroup.actor.MessageDispatcher - Forwarding Subscription op to cluster frontend: Subscribe(ModelSub(/geneos/gateway[(@name="GW_TEST_50144")]/directory/probe[(@name="SYSMON")]/managedEntity[(@name="zzzzzzzzz")]/sampler[(@name="Toolkit")][(@type="")]/dataview,Set(),LIST,),None)
15:34:25.615 [OpenAccessApiClient-UnknownDevBuild-akka.actor.default-dispatcher-6] INFO  c.itrsgroup.actor.MessageDispatcher - Forwarding Subscription op to cluster frontend: Subscribe(ModelSub(/geneos/gateway[(@name="GW_TEST_50144")]/directory/probe[(@name="WINSYSMON")]/managedEntity[(@name="CPU_ENTITY")]/sampler[(@name="CPU_sampler")][(@type="")]/dataview,Set(),LIST,),None)
15:34:25.817 [OpenAccessApiClient-UnknownDevBuild-akka.actor.default-dispatcher-17] INFO  c.itrsgroup.actor.MessageDispatcher - Forwarding Subscription op to cluster frontend: Subscribe(ModelSub(/geneos/gateway[(@name="GW_TEST_50144")]/directory/probe[(@name="WINSYSMON")]/managedEntity[(@name="CPU_ENTITY")]/sampler[(@name="Toolkit2")][(@type="")]/dataview,Set(),LIST,),None)
15:34:25.969 [OpenAccessApiClient-UnknownDevBuild-akka.actor.default-dispatcher-18] INFO  c.itrsgroup.actor.MessageDispatcher - Forwarding Subscription op to cluster frontend: Subscribe(ModelSub(/geneos/gateway[(@name="GW_TEST_50144")]/directory/probe[(@name="WINSYSMON")]/managedEntity[(@name="CPU_ENTITY")]/sampler[(@name="TestSQL")][(@type="")]/dataview,Set(),LIST,),None)
15:34:26.069 [OpenAccessApiClient-UnknownDevBuild-akka.actor.default-dispatcher-15] INFO  c.itrsgroup.actor.MessageDispatcher - Forwarding Subscription op to cluster frontend: Subscribe(ModelSub(/geneos/gateway[(@name="GW_TEST_50144")]/directory/probe[(@name="WINSYSMON")]/managedEntity[(@name="CPU_ENTITY")]/sampler[(@name="Trigger sample")][(@type="")]/dataview,Set(),LIST,),None)
15:34:26.270 [OpenAccessApiClient-UnknownDevBuild-akka.actor.default-dispatcher-20] INFO  c.itrsgroup.actor.MessageDispatcher - Forwarding Subscription op to cluster frontend: Subscribe(ModelSub(/geneos/gateway[(@name="GW_TEST_50144")]/directory/probe[(@name="WINSYSMON")]/managedEntity[(@name="CPU_ENTITY")]/sampler[(@name="Timestamp sql")][(@type="")]/dataview,Set(),LIST,),None)
15:34:26.378 [OpenAccessApiClient-UnknownDevBuild-akka.actor.default-dispatcher-3] INFO  c.itrsgroup.actor.MessageDispatcher - Forwarding Subscription op to cluster frontend: Subscribe(ModelSub(/geneos/gateway[(@name="GW_TEST_50144")]/directory/probe[(@name="WINSYSMON")]/managedEntity[(@name="CPU_ENTITY")]/sampler[(@name="eventlog")][(@type="")]/dataview,Set(),LIST,),None)
15:34:26.570 [OpenAccessApiClient-UnknownDevBuild-akka.actor.default-dispatcher-6] INFO  c.itrsgroup.actor.MessageDispatcher - Forwarding Subscription op to cluster frontend: Subscribe(ModelSub(/geneos/gateway[(@name="GW_TEST_50144")]/directory/probe[(@name="WINSYSMON")]/managedEntity[(@name="CPU_ENTITY")]/sampler[(@name="Win Services")][(@type="")]/dataview,Set(),LIST,),None)
15:34:26.677 [OpenAccessApiClient-UnknownDevBuild-akka.actor.default-dispatcher-17] INFO  c.itrsgroup.actor.MessageDispatcher - Forwarding Subscription op to cluster frontend: Subscribe(ModelSub(/geneos/gateway[(@name="GW_TEST_50144")]/directory/probe[(@name="WINSYSMON")]/managedEntity[(@name="CPU_ENTITY")]/sampler[(@name="proc")][(@type="")]/dataview,Set(),LIST,),None)
15:34:26.872 [OpenAccessApiClient-UnknownDevBuild-akka.actor.default-dispatcher-5] INFO  c.itrsgroup.actor.MessageDispatcher - Forwarding Subscription op to cluster frontend: Subscribe(ModelSub(/geneos/gateway[(@name="GW_TEST_50144")]/directory/probe[(@name="WINSYSMON")]/managedEntity[(@name="CPU_ENTITY")]/sampler[(@name="New Sampler 5")][(@type="")]/dataview,Set(),LIST,),None)
15:34:26.994 [OpenAccessApiClient-UnknownDevBuild-akka.actor.default-dispatcher-2] INFO  c.itrsgroup.actor.MessageDispatcher - Forwarding Subscription op to cluster frontend: Subscribe(ModelSub(/geneos/gateway[(@name="GW_TEST_50144")]/directory/probe[(@name="WINSYSMON")]/managedEntity[(@name="CPU_ENTITY")]/sampler[(@name="New Sampler 2")][(@type="")]/dataview,Set(),LIST,),None)
15:34:27.158 [OpenAccessApiClient-UnknownDevBuild-akka.actor.default-dispatcher-15] INFO  c.itrsgroup.actor.MessageDispatcher - Forwarding Subscription op to cluster frontend: Subscribe(ModelSub(/geneos/gateway[(@name="GW_TEST_50144")]/directory/probe[(@name="First")]/managedEntity[(@name="CPU Action test")]/sampler[(@name="CPU")][(@type="")]/dataview,Set(),LIST,),None)
15:34:28.165 [OpenAccessApiClient-UnknownDevBuild-akka.actor.default-dispatcher-16] INFO  a.r.RemoteActorRefProvider$RemotingTerminator - Shutting down remote daemon.
15:34:28.167 [OpenAccessApiClient-UnknownDevBuild-akka.actor.default-dispatcher-16] INFO  a.r.RemoteActorRefProvider$RemotingTerminator - Remote daemon shut down; proceeding with flushing remote transports.
15:34:28.179 [OpenAccessApiClient-UnknownDevBuild-akka.actor.default-dispatcher-18] INFO  a.r.RemoteActorRefProvider$RemotingTerminator - Remoting shut down.
{"/geneos/gateway[(@name=\"GW_TEST_50144\")]/directory/probe[(@name=\"SYSMON\")]/managedEntity[(@name=\"TOOLKIT_TEST\")]/sampler[(@name=\"TestSQL\")][(@type=\"\")]/dataview[(@name=\"Everything\")]":[{"XPath":"/geneos/gateway[(@name=\"GW_TEST_50144\")]/directory/probe[(@name=\"SYSMON\")]/managedEntity[(@name=\"TOOLKIT_TEST\")]/sampler[(@name=\"TestSQL\")][(@type=\"\")]/dataview[(@name=\"Everything\")]","Snoozed":false}],"/geneos/gateway[(@name=\"GW_TEST_50144\")]/directory/probe[(@name=\"SYSMON\")]/managedEntity[(@name=\"HELLO\")]/sampler[(@name=\"Cluster Monitoring Sampler\")][(@type=\"\")]/dataview[(@name=\"192-168-220-54-2551-clusterNodes\")]":[{"XPath":"/geneos/gateway[(@name=\"GW_TEST_50144\")]/directory/probe[(@name=\"SYSMON\")]/managedEntity[(@name=\"HELLO\")]/sampler[(@name=\"Cluster Monitoring Sampler\")][(@type=\"\")]/dataview[(@name=\"192-168-220-54-2551-clusterNodes\")]","Snoozed":false}],"/geneos/gateway[(@name=\"GW_TEST_50144\")]/directory/probe[(@name=\"SYSMON\")]/managedEntity[(@name=\"Copy of New Managed entity 11\")]/sampler[(@name=\"CPU_sampler\")][(@type=\"\")]/dataview[(@name=\"CPU_sampler\")]":[{"XPath":"/geneos/gateway[(@name=\"GW_TEST_50144\")]/directory/probe[(@name=\"SYSMON\")]/managedEntity[(@name=\"Copy of New Managed entity 11\")]/sampler[(@name=\"CPU_sampler\")][(@type=\"\")]/dataview[(@name=\"CPU_sampler\")]","Snoozed":false}],"/geneos/gateway[(@name=\"GW_TEST_50144\")]/directory/probe[(@name=\"SYSMON\")]/managedEntity[(@name=\"HELLO\")]/sampler[(@name=\"Cluster Monitoring Sampler\")][(@type=\"\")]/dataview[(@name=\"192-168-220-54-2551-clients\")]":[{"XPath":"/geneos/gateway[(@name=\"GW_TEST_50144\")]/directory/probe[(@name=\"SYSMON\")]/managedEntity[(@name=\"HELLO\")]/sampler[(@name=\"Cluster Monitoring Sampler\")][(@type=\"\")]/dataview[(@name=\"192-168-220-54-2551-clients\")]","Snoozed":false}],"/geneos/gateway[(@name=\"GW_TEST_50144\")]/directory/probe[(@name=\"SYSMON\")]/managedEntity[(@name=\"CPU_Entity\")]/sampler[(@name=\"new SQl tester\")][(@type=\"\")]/dataview[(@name=\"cpuAgain\")]":[{"XPath":"/geneos/gateway[(@name=\"GW_TEST_50144\")]/directory/probe[(@name=\"SYSMON\")]/managedEntity[(@name=\"CPU_Entity\")]/sampler[(@name=\"new SQl tester\")][(@type=\"\")]/dataview[(@name=\"cpuAgain\")]","Snoozed":false}],"/geneos/gateway[(@name=\"GW_TEST_50144\")]/directory/probe[(@name=\"WINSYSMON\")]/managedEntity[(@name=\"CPU_ENTITY\")]/sampler[(@name=\"Timestamp sql\")][(@type=\"\")]/dataview[(@name=\"timediff\")]":[{"XPath":"/geneos/gateway[(@name=\"GW_TEST_50144\")]/directory/probe[(@name=\"WINSYSMON\")]/managedEntity[(@name=\"CPU_ENTITY\")]/sampler[(@name=\"Timestamp sql\")][(@type=\"\")]/dataview[(@name=\"timediff\")]","Snoozed":false}],"/geneos/gateway[(@name=\"GW_TEST_50144\")]/directory/probe[(@name=\"SYSMON\")]/managedEntity[(@name=\"Copy of New Managed entity 5\")]/sampler[(@name=\"CPU_sampler\")][(@type=\"\")]/dataview[(@name=\"CPU_sampler\")]":[{"XPath":"/geneos/gateway[(@name=\"GW_TEST_50144\")]/directory/probe[(@name=\"SYSMON\")]/managedEntity[(@name=\"Copy of New Managed entity 5\")]/sampler[(@name=\"CPU_sampler\")][(@type=\"\")]/dataview[(@name=\"CPU_sampler\")]","Snoozed":false}],"/geneos/gateway[(@name=\"GW_TEST_50144\")]/directory/probe[(@name=\"SYSMON\")]/managedEntity[(@name=\"zzzzzzzzz\")]/sampler[(@name=\"Toolkit\")][(@type=\"\")]/dataview[(@name=\"Toolkit\")]":[{"XPath":"/geneos/gateway[(@name=\"GW_TEST_50144\")]/directory/probe[(@name=\"SYSMON\")]/managedEntity[(@name=\"zzzzzzzzz\")]/sampler[(@name=\"Toolkit\")][(@type=\"\")]/dataview[(@name=\"Toolkit\")]","Snoozed":false}],"/geneos/gateway[(@name=\"GW_TEST_50144\")]/directory/probe[(@name=\"WINSYSMON\")]/managedEntity[(@name=\"CPU_ENTITY\")]/sampler[(@name=\"Win Services\")][(@type=\"\")]/dataview[(@name=\"Win Services\")]":[{"XPath":"/geneos/gateway[(@name=\"GW_TEST_50144\")]/directory/probe[(@name=\"WINSYSMON\")]/managedEntity[(@name=\"CPU_ENTITY\")]/sampler[(@name=\"Win Services\")][(@type=\"\")]/dataview[(@name=\"Win Services\")]","Snoozed":false}],"/geneos/gateway[(@name=\"GW_TEST_50144\")]/directory/probe[(@name=\"SYSMON\")]/managedEntity[(@name=\"Copy of New Managed entity 6\")]/sampler[(@name=\"CPU_sampler\")][(@type=\"\")]/dataview[(@name=\"CPU_sampler\")]":[{"XPath":"/geneos/gateway[(@name=\"GW_TEST_50144\")]/directory/probe[(@name=\"SYSMON\")]/managedEntity[(@name=\"Copy of New Managed entity 6\")]/sampler[(@name=\"CPU_sampler\")][(@type=\"\")]/dataview[(@name=\"CPU_sampler\")]","Snoozed":false}],"/geneos/gateway[(@name=\"GW_TEST_50144\")]/directory/probe[(@name=\"SYSMON\")]/managedEntity[(@name=\"CPU_Entity\")]/sampler[(@name=\"New Sampler 2\")][(@type=\"\")]/dataview[(@name=\"New Sampler 2\")]":[{"XPath":"/geneos/gateway[(@name=\"GW_TEST_50144\")]/directory/probe[(@name=\"SYSMON\")]/managedEntity[(@name=\"CPU_Entity\")]/sampler[(@name=\"New Sampler 2\")][(@type=\"\")]/dataview[(@name=\"New Sampler 2\")]","Snoozed":false}],"/geneos/gateway[(@name=\"GW_TEST_50144\")]/directory/probe[(@name=\"WINSYSMON\")]/managedEntity[(@name=\"CPU_ENTITY\")]/sampler[(@name=\"New Sampler 5\")][(@type=\"\")]/dataview[(@name=\"New Sampler 5\")]":[{"XPath":"/geneos/gateway[(@name=\"GW_TEST_50144\")]/directory/probe[(@name=\"WINSYSMON\")]/managedEntity[(@name=\"CPU_ENTITY\")]/sampler[(@name=\"New Sampler 5\")][(@type=\"\")]/dataview[(@name=\"New Sampler 5\")]","Snoozed":false}],"/geneos/gateway[(@name=\"GW_TEST_50144\")]/directory/probe[(@name=\"WINSYSMON\")]/managedEntity[(@name=\"CPU_ENTITY\")]/sampler[(@name=\"Toolkit2\")][(@type=\"\")]/dataview[(@name=\"Instances\")]":[{"XPath":"/geneos/gateway[(@name=\"GW_TEST_50144\")]/directory/probe[(@name=\"WINSYSMON\")]/managedEntity[(@name=\"CPU_ENTITY\")]/sampler[(@name=\"Toolkit2\")][(@type=\"\")]/dataview[(@name=\"Instances\")]","Snoozed":false}],"/geneos/gateway[(@name=\"GW_TEST_50144\")]/directory/probe[(@name=\"SYSMON\")]/managedEntity[(@name=\"Copy of New Managed entity 4\")]/sampler[(@name=\"CPU_sampler\")][(@type=\"\")]/dataview[(@name=\"CPU_sampler\")]":[{"XPath":"/geneos/gateway[(@name=\"GW_TEST_50144\")]/directory/probe[(@name=\"SYSMON\")]/managedEntity[(@name=\"Copy of New Managed entity 4\")]/sampler[(@name=\"CPU_sampler\")][(@type=\"\")]/dataview[(@name=\"CPU_sampler\")]","Snoozed":false}],"/geneos/gateway[(@name=\"GW_TEST_50144\")]/directory/probe[(@name=\"WINSYSMON\")]/managedEntity[(@name=\"CPU_ENTITY\")]/sampler[(@name=\"Trigger sample\")][(@type=\"\")]/dataview[(@name=\"Triggered\")]":[{"XPath":"/geneos/gateway[(@name=\"GW_TEST_50144\")]/directory/probe[(@name=\"WINSYSMON\")]/managedEntity[(@name=\"CPU_ENTITY\")]/sampler[(@name=\"Trigger sample\")][(@type=\"\")]/dataview[(@name=\"Triggered\")]","Snoozed":false}],"/geneos/gateway[(@name=\"GW_TEST_50144\")]/directory/probe[(@name=\"SYSMON\")]/managedEntity[(@name=\"CPU_Entity\")]/sampler[(@name=\"SQL gateway\")][(@type=\"\")]/dataview[(@name=\"V1\")]":[{"XPath":"/geneos/gateway[(@name=\"GW_TEST_50144\")]/directory/probe[(@name=\"SYSMON\")]/managedEntity[(@name=\"CPU_Entity\")]/sampler[(@name=\"SQL gateway\")][(@type=\"\")]/dataview[(@name=\"V1\")]","Snoozed":false}],"/geneos/gateway[(@name=\"GW_TEST_50144\")]/directory/probe[(@name=\"WINSYSMON\")]/managedEntity[(@name=\"CPU_ENTITY\")]/sampler[(@name=\"eventlog\")][(@type=\"\")]/dataview[(@name=\"eventlog\")]":[{"XPath":"/geneos/gateway[(@name=\"GW_TEST_50144\")]/directory/probe[(@name=\"WINSYSMON\")]/managedEntity[(@name=\"CPU_ENTITY\")]/sampler[(@name=\"eventlog\")][(@type=\"\")]/dataview[(@name=\"eventlog\")]","Snoozed":false}],"/geneos/gateway[(@name=\"GW_TEST_50144\")]/directory/probe[(@name=\"SYSMON\")]/managedEntity[(@name=\"Android\")]/sampler[(@name=\"AppTest\")][(@type=\"\")]/dataview[(@name=\"AppTest\")]":[{"XPath":"/geneos/gateway[(@name=\"GW_TEST_50144\")]/directory/probe[(@name=\"SYSMON\")]/managedEntity[(@name=\"Android\")]/sampler[(@name=\"AppTest\")][(@type=\"\")]/dataview[(@name=\"AppTest\")]","Snoozed":false}],"/geneos/gateway[(@name=\"GW_TEST_50144\")]/directory/probe[(@name=\"SYSMON\")]/managedEntity[(@name=\"CPU_Entity\")]/sampler[(@name=\"new SQl tester\")][(@type=\"\")]/dataview[(@name=\"cpu\")]":[{"XPath":"/geneos/gateway[(@name=\"GW_TEST_50144\")]/directory/probe[(@name=\"SYSMON\")]/managedEntity[(@name=\"CPU_Entity\")]/sampler[(@name=\"new SQl tester\")][(@type=\"\")]/dataview[(@name=\"cpu\")]","Snoozed":false}],"/geneos/gateway[(@name=\"GW_TEST_50144\")]/directory/probe[(@name=\"SYSMON\")]/managedEntity[(@name=\"HELLO\")]/sampler[(@name=\"Cluster Monitoring Sampler\")][(@type=\"\")]/dataview[(@name=\"Diagnostics\")]":[{"XPath":"/geneos/gateway[(@name=\"GW_TEST_50144\")]/directory/probe[(@name=\"SYSMON\")]/managedEntity[(@name=\"HELLO\")]/sampler[(@name=\"Cluster Monitoring Sampler\")][(@type=\"\")]/dataview[(@name=\"Diagnostics\")]","Snoozed":false}],"/geneos/gateway[(@name=\"GW_TEST_50144\")]/directory/probe[(@name=\"SYSMON\")]/managedEntity[(@name=\"CPU_Entity\")]/sampler[(@name=\"New Sampler 9\")][(@type=\"\")]/dataview[(@name=\"New Sampler 9\")]":[{"XPath":"/geneos/gateway[(@name=\"GW_TEST_50144\")]/directory/probe[(@name=\"SYSMON\")]/managedEntity[(@name=\"CPU_Entity\")]/sampler[(@name=\"New Sampler 9\")][(@type=\"\")]/dataview[(@name=\"New Sampler 9\")]","Snoozed":false}],"/geneos/gateway[(@name=\"GW_TEST_50144\")]/directory/probe[(@name=\"WINSYSMON\")]/managedEntity[(@name=\"CPU_ENTITY\")]/sampler[(@name=\"proc\")][(@type=\"\")]/dataview[(@name=\"proc\")]":[{"XPath":"/geneos/gateway[(@name=\"GW_TEST_50144\")]/directory/probe[(@name=\"WINSYSMON\")]/managedEntity[(@name=\"CPU_ENTITY\")]/sampler[(@name=\"proc\")][(@type=\"\")]/dataview[(@name=\"proc\")]","Snoozed":false}],"/geneos/gateway[(@name=\"GW_TEST_50144\")]/directory/probe[(@name=\"WINSYSMON\")]/managedEntity[(@name=\"CPU_ENTITY\")]/sampler[(@name=\"TestSQL\")][(@type=\"\")]/dataview[(@name=\"Everything\")]":[{"XPath":"/geneos/gateway[(@name=\"GW_TEST_50144\")]/directory/probe[(@name=\"WINSYSMON\")]/managedEntity[(@name=\"CPU_ENTITY\")]/sampler[(@name=\"TestSQL\")][(@type=\"\")]/dataview[(@name=\"Everything\")]","Snoozed":false}],"/geneos/gateway[(@name=\"GW_TEST_50144\")]/directory/probe[(@name=\"WINSYSMON\")]/managedEntity[(@name=\"CPU_ENTITY\")]/sampler[(@name=\"Toolkit2\")][(@type=\"\")]/dataview[(@name=\"Percentage use\")]":[{"XPath":"/geneos/gateway[(@name=\"GW_TEST_50144\")]/directory/probe[(@name=\"WINSYSMON\")]/managedEntity[(@name=\"CPU_ENTITY\")]/sampler[(@name=\"Toolkit2\")][(@type=\"\")]/dataview[(@name=\"Percentage use\")]","Snoozed":false}],"/geneos/gateway[(@name=\"GW_TEST_50144\")]/directory/probe[(@name=\"SYSMON\")]/managedEntity[(@name=\"Copy of New Managed entity 8\")]/sampler[(@name=\"CPU_sampler\")][(@type=\"\")]/dataview[(@name=\"CPU_sampler\")]":[{"XPath":"/geneos/gateway[(@name=\"GW_TEST_50144\")]/directory/probe[(@name=\"SYSMON\")]/managedEntity[(@name=\"Copy of New Managed entity 8\")]/sampler[(@name=\"CPU_sampler\")][(@type=\"\")]/dataview[(@name=\"CPU_sampler\")]","Snoozed":false}],"/geneos/gateway[(@name=\"GW_TEST_50144\")]/directory/probe[(@name=\"SYSMON\")]/managedEntity[(@name=\"tttttttttttttttttteeeeeeeeeeeeeeeeeeeeeeeesssssssssssssssssssssssstttttttttttttttttttttttt\")]/sampler[(@name=\"CPU_sampler\")][(@type=\"\")]/dataview[(@name=\"CPU_sampler\")]":[{"XPath":"/geneos/gateway[(@name=\"GW_TEST_50144\")]/directory/probe[(@name=\"SYSMON\")]/managedEntity[(@name=\"tttttttttttttttttteeeeeeeeeeeeeeeeeeeeeeeesssssssssssssssssssssssstttttttttttttttttttttttt\")]/sampler[(@name=\"CPU_sampler\")][(@type=\"\")]/dataview[(@name=\"CPU_sampler\")]","Snoozed":false}],"/geneos/gateway[(@name=\"GW_TEST_50144\")]/directory/probe[(@name=\"SYSMON\")]/managedEntity[(@name=\"HELLO\")]/sampler[(@name=\"new SQl tester\")][(@type=\"\")]/dataview[(@name=\"cpuAgain\")]":[{"XPath":"/geneos/gateway[(@name=\"GW_TEST_50144\")]/directory/probe[(@name=\"SYSMON\")]/managedEntity[(@name=\"HELLO\")]/sampler[(@name=\"new SQl tester\")][(@type=\"\")]/dataview[(@name=\"cpuAgain\")]","Snoozed":false}],"/geneos/gateway[(@name=\"GW_TEST_50144\")]/directory/probe[(@name=\"SYSMON\")]/managedEntity[(@name=\"FKM\")]/sampler[(@name=\"FKM\")][(@type=\"\")]/dataview[(@name=\"FKM\")]":[{"XPath":"/geneos/gateway[(@name=\"GW_TEST_50144\")]/directory/probe[(@name=\"SYSMON\")]/managedEntity[(@name=\"FKM\")]/sampler[(@name=\"FKM\")][(@type=\"\")]/dataview[(@name=\"FKM\")]","Snoozed":false}],"/geneos/gateway[(@name=\"GW_TEST_50144\")]/directory/probe[(@name=\"SYSMON\")]/managedEntity[(@name=\"TOOLKIT_TEST\")]/sampler[(@name=\"ICE MYSQL\")][(@type=\"\")]/dataview[(@name=\"ICE RECENT\")]":[{"XPath":"/geneos/gateway[(@name=\"GW_TEST_50144\")]/directory/probe[(@name=\"SYSMON\")]/managedEntity[(@name=\"TOOLKIT_TEST\")]/sampler[(@name=\"ICE MYSQL\")][(@type=\"\")]/dataview[(@name=\"ICE RECENT\")]","Snoozed":false}],"/geneos/gateway[(@name=\"GW_TEST_50144\")]/directory/probe[(@name=\"SYSMON\")]/managedEntity[(@name=\"THISISATEST\")]/sampler[(@name=\"FTM Test\")][(@type=\"\")]/dataview[(@name=\"FTM Test\")]":[{"XPath":"/geneos/gateway[(@name=\"GW_TEST_50144\")]/directory/probe[(@name=\"SYSMON\")]/managedEntity[(@name=\"THISISATEST\")]/sampler[(@name=\"FTM Test\")][(@type=\"\")]/dataview[(@name=\"FTM Test\")]","Snoozed":false}],"/geneos/gateway[(@name=\"GW_TEST_50144\")]/directory/probe[(@name=\"SYSMON\")]/managedEntity[(@name=\"Copy of New Managed entity 9\")]/sampler[(@name=\"CPU_sampler\")][(@type=\"\")]/dataview[(@name=\"CPU_sampler\")]":[{"XPath":"/geneos/gateway[(@name=\"GW_TEST_50144\")]/directory/probe[(@name=\"SYSMON\")]/managedEntity[(@name=\"Copy of New Managed entity 9\")]/sampler[(@name=\"CPU_sampler\")][(@type=\"\")]/dataview[(@name=\"CPU_sampler\")]","Snoozed":false}],"/geneos/gateway[(@name=\"GW_TEST_50144\")]/directory/probe[(@name=\"WINSYSMON\")]/managedEntity[(@name=\"CPU_ENTITY\")]/sampler[(@name=\"CPU_sampler\")][(@type=\"\")]/dataview[(@name=\"CPU_sampler\")]":[{"XPath":"/geneos/gateway[(@name=\"GW_TEST_50144\")]/directory/probe[(@name=\"WINSYSMON\")]/managedEntity[(@name=\"CPU_ENTITY\")]/sampler[(@name=\"CPU_sampler\")][(@type=\"\")]/dataview[(@name=\"CPU_sampler\")]","Snoozed":false}],"/geneos/gateway[(@name=\"GW_TEST_50144\")]/directory/probe[(@name=\"SYSMON\")]/managedEntity[(@name=\"HELLO\")]/sampler[(@name=\"FKM\")][(@type=\"\")]/dataview[(@name=\"FKM\")]":[{"XPath":"/geneos/gateway[(@name=\"GW_TEST_50144\")]/directory/probe[(@name=\"SYSMON\")]/managedEntity[(@name=\"HELLO\")]/sampler[(@name=\"FKM\")][(@type=\"\")]/dataview[(@name=\"FKM\")]","Snoozed":false}],"/geneos/gateway[(@name=\"GW_TEST_50144\")]/directory/probe[(@name=\"SYSMON\")]/managedEntity[(@name=\"HELLO\")]/sampler[(@name=\"New Sampler 1\")][(@type=\"\")]/dataview[(@name=\"test\")]":[{"XPath":"/geneos/gateway[(@name=\"GW_TEST_50144\")]/directory/probe[(@name=\"SYSMON\")]/managedEntity[(@name=\"HELLO\")]/sampler[(@name=\"New Sampler 1\")][(@type=\"\")]/dataview[(@name=\"test\")]","Snoozed":false}],"/geneos/gateway[(@name=\"GW_TEST_50144\")]/directory/probe[(@name=\"SYSMON\")]/managedEntity[(@name=\"Copy of New Managed entity 3\")]/sampler[(@name=\"CPU_sampler\")][(@type=\"\")]/dataview[(@name=\"CPU_sampler\")]":[{"XPath":"/geneos/gateway[(@name=\"GW_TEST_50144\")]/directory/probe[(@name=\"SYSMON\")]/managedEntity[(@name=\"Copy of New Managed entity 3\")]/sampler[(@name=\"CPU_sampler\")][(@type=\"\")]/dataview[(@name=\"CPU_sampler\")]","Snoozed":false}],"/geneos/gateway[(@name=\"GW_TEST_50144\")]/directory/probe[(@name=\"SYSMON\")]/managedEntity[(@name=\"CPU_Entity\")]/sampler[(@name=\"CPU_sampler\")][(@type=\"\")]/dataview[(@name=\"CPU_sampler\")]":[{"XPath":"/geneos/gateway[(@name=\"GW_TEST_50144\")]/directory/probe[(@name=\"SYSMON\")]/managedEntity[(@name=\"CPU_Entity\")]/sampler[(@name=\"CPU_sampler\")][(@type=\"\")]/dataview[(@name=\"CPU_sampler\")]","Snoozed":false}],"/geneos/gateway[(@name=\"GW_TEST_50144\")]/directory/probe[(@name=\"WINSYSMON\")]/managedEntity[(@name=\"CPU_ENTITY\")]/sampler[(@name=\"New Sampler 2\")][(@type=\"\")]/dataview[(@name=\"New Sampler 2\")]":[{"XPath":"/geneos/gateway[(@name=\"GW_TEST_50144\")]/directory/probe[(@name=\"WINSYSMON\")]/managedEntity[(@name=\"CPU_ENTITY\")]/sampler[(@name=\"New Sampler 2\")][(@type=\"\")]/dataview[(@name=\"New Sampler 2\")]","Snoozed":false}],"/geneos/gateway[(@name=\"GW_TEST_50144\")]/directory/probe[(@name=\"SYSMON\")]/managedEntity[(@name=\"CPU_Entity\")]/sampler[(@name=\"TEST_LOG LOCAL1\")][(@type=\"\")]/dataview[(@name=\"TEST_LOG LOCAL1\")]":[{"XPath":"/geneos/gateway[(@name=\"GW_TEST_50144\")]/directory/probe[(@name=\"SYSMON\")]/managedEntity[(@name=\"CPU_Entity\")]/sampler[(@name=\"TEST_LOG LOCAL1\")][(@type=\"\")]/dataview[(@name=\"TEST_LOG LOCAL1\")]","Snoozed":false}],"/geneos/gateway[(@name=\"GW_TEST_50144\")]/directory/probe[(@name=\"SYSMON\")]/managedEntity[(@name=\"tttttttttttttttttteeeeeeeeeeeeeeeeeeeeeeeesssssssssssssssssssssssstttttttttttttttttttttttt\")]/sampler[(@name=\"FKM\")][(@type=\"\")]/dataview[(@name=\"FKM\")]":[{"XPath":"/geneos/gateway[(@name=\"GW_TEST_50144\")]/directory/probe[(@name=\"SYSMON\")]/managedEntity[(@name=\"tttttttttttttttttteeeeeeeeeeeeeeeeeeeeeeeesssssssssssssssssssssssstttttttttttttttttttttttt\")]/sampler[(@name=\"FKM\")][(@type=\"\")]/dataview[(@name=\"FKM\")]","Snoozed":false}],"/geneos/gateway[(@name=\"GW_TEST_50144\")]/directory/probe[(@name=\"SYSMON\")]/managedEntity[(@name=\"Copy of New Managed entity 1\")]/sampler[(@name=\"CPU_sampler\")][(@type=\"\")]/dataview[(@name=\"CPU_sampler\")]":[{"XPath":"/geneos/gateway[(@name=\"GW_TEST_50144\")]/directory/probe[(@name=\"SYSMON\")]/managedEntity[(@name=\"Copy of New Managed entity 1\")]/sampler[(@name=\"CPU_sampler\")][(@type=\"\")]/dataview[(@name=\"CPU_sampler\")]","Snoozed":false}],"/geneos/gateway[(@name=\"GW_TEST_50144\")]/directory/probe[(@name=\"SYSMON\")]/managedEntity[(@name=\"HELLO\")]/sampler[(@name=\"Cluster Monitoring Sampler\")][(@type=\"\")]/dataview[(@name=\"192-168-220-54-2551-gateways\")]":[{"XPath":"/geneos/gateway[(@name=\"GW_TEST_50144\")]/directory/probe[(@name=\"SYSMON\")]/managedEntity[(@name=\"HELLO\")]/sampler[(@name=\"Cluster Monitoring Sampler\")][(@type=\"\")]/dataview[(@name=\"192-168-220-54-2551-gateways\")]","Snoozed":false}],"/geneos/gateway[(@name=\"GW_TEST_50144\")]/directory/probe[(@name=\"SYSMON\")]/managedEntity[(@name=\"Copy of New Managed entity 10\")]/sampler[(@name=\"CPU_sampler\")][(@type=\"\")]/dataview[(@name=\"CPU_sampler\")]":[{"XPath":"/geneos/gateway[(@name=\"GW_TEST_50144\")]/directory/probe[(@name=\"SYSMON\")]/managedEntity[(@name=\"Copy of New Managed entity 10\")]/sampler[(@name=\"CPU_sampler\")][(@type=\"\")]/dataview[(@name=\"CPU_sampler\")]","Snoozed":false}],"/geneos/gateway[(@name=\"GW_TEST_50144\")]/directory/probe[(@name=\"SYSMON\")]/managedEntity[(@name=\"Copy of New Managed entity\")]/sampler[(@name=\"CPU_sampler\")][(@type=\"\")]/dataview[(@name=\"CPU_sampler\")]":[{"XPath":"/geneos/gateway[(@name=\"GW_TEST_50144\")]/directory/probe[(@name=\"SYSMON\")]/managedEntity[(@name=\"Copy of New Managed entity\")]/sampler[(@name=\"CPU_sampler\")][(@type=\"\")]/dataview[(@name=\"CPU_sampler\")]","Snoozed":false}],"/geneos/gateway[(@name=\"GW_TEST_50144\")]/directory/probe[(@name=\"SYSMON\")]/managedEntity[(@name=\"TOOLKIT_TEST\")]/sampler[(@name=\"ME VS APPa\")][(@type=\"\")]/dataview[(@name=\"ME VS APP\")]":[{"XPath":"/geneos/gateway[(@name=\"GW_TEST_50144\")]/directory/probe[(@name=\"SYSMON\")]/managedEntity[(@name=\"TOOLKIT_TEST\")]/sampler[(@name=\"ME VS APPa\")][(@type=\"\")]/dataview[(@name=\"ME VS APP\")]","Snoozed":false}],"/geneos/gateway[(@name=\"GW_TEST_50144\")]/directory/probe[(@name=\"SYSMON\")]/managedEntity[(@name=\"HELLO\")]/sampler[(@name=\"new SQl tester\")][(@type=\"\")]/dataview[(@name=\"cpu\")]":[{"XPath":"/geneos/gateway[(@name=\"GW_TEST_50144\")]/directory/probe[(@name=\"SYSMON\")]/managedEntity[(@name=\"HELLO\")]/sampler[(@name=\"new SQl tester\")][(@type=\"\")]/dataview[(@name=\"cpu\")]","Snoozed":false}],"/geneos/gateway[(@name=\"GW_TEST_50144\")]/directory/probe[(@name=\"SYSMON\")]/managedEntity[(@name=\"Copy of New Managed entity 2\")]/sampler[(@name=\"CPU_sampler\")][(@type=\"\")]/dataview[(@name=\"CPU_sampler\")]":[{"XPath":"/geneos/gateway[(@name=\"GW_TEST_50144\")]/directory/probe[(@name=\"SYSMON\")]/managedEntity[(@name=\"Copy of New Managed entity 2\")]/sampler[(@name=\"CPU_sampler\")][(@type=\"\")]/dataview[(@name=\"CPU_sampler\")]","Snoozed":false}],"/geneos/gateway[(@name=\"GW_TEST_50144\")]/directory/probe[(@name=\"SYSMON\")]/managedEntity[(@name=\"Copy of New Managed entity 7\")]/sampler[(@name=\"CPU_sampler\")][(@type=\"\")]/dataview[(@name=\"CPU_sampler\")]":[{"XPath":"/geneos/gateway[(@name=\"GW_TEST_50144\")]/directory/probe[(@name=\"SYSMON\")]/managedEntity[(@name=\"Copy of New Managed entity 7\")]/sampler[(@name=\"CPU_sampler\")][(@type=\"\")]/dataview[(@name=\"CPU_sampler\")]","Snoozed":false}],"/geneos/gateway[(@name=\"GW_TEST_50144\")]/directory/probe[(@name=\"SYSMON\")]/managedEntity[(@name=\"TOOLKIT_TEST\")]/sampler[(@name=\"TEST ICE\")][(@type=\"\")]/dataview[(@name=\"ICE RECENT\")]":[{"XPath":"/geneos/gateway[(@name=\"GW_TEST_50144\")]/directory/probe[(@name=\"SYSMON\")]/managedEntity[(@name=\"TOOLKIT_TEST\")]/sampler[(@name=\"TEST ICE\")][(@type=\"\")]/dataview[(@name=\"ICE RECENT\")]","Snoozed":false}],"/geneos/gateway[(@name=\"GW_TEST_50144\")]/directory/probe[(@name=\"SYSMON\")]/managedEntity[(@name=\"FKM\")]/sampler[(@name=\"FTM Test\")][(@type=\"\")]/dataview[(@name=\"FTM Test\")]":[{"XPath":"/geneos/gateway[(@name=\"GW_TEST_50144\")]/directory/probe[(@name=\"SYSMON\")]/managedEntity[(@name=\"FKM\")]/sampler[(@name=\"FTM Test\")][(@type=\"\")]/dataview[(@name=\"FTM Test\")]","Snoozed":false}],"/geneos/gateway[(@name=\"GW_TEST_50144\")]/directory/probe[(@name=\"SYSMON\")]/managedEntity[(@name=\"New Managed entity\")]/sampler[(@name=\"CPU_sampler\")][(@type=\"\")]/dataview[(@name=\"CPU_sampler\")]":[{"XPath":"/geneos/gateway[(@name=\"GW_TEST_50144\")]/directory/probe[(@name=\"SYSMON\")]/managedEntity[(@name=\"New Managed entity\")]/sampler[(@name=\"CPU_sampler\")][(@type=\"\")]/dataview[(@name=\"CPU_sampler\")]","Snoozed":false}],"/geneos/gateway[(@name=\"GW_TEST_50144\")]/directory/probe[(@name=\"SYSMON\")]/managedEntity[(@name=\"TOOLKIT_TEST\")]/sampler[(@name=\"New Sampler 6\")][(@type=\"\")]/dataview[(@name=\"New Sampler 6\")]":[{"XPath":"/geneos/gateway[(@name=\"GW_TEST_50144\")]/directory/probe[(@name=\"SYSMON\")]/managedEntity[(@name=\"TOOLKIT_TEST\")]/sampler[(@name=\"New Sampler 6\")][(@type=\"\")]/dataview[(@name=\"New Sampler 6\")]","Snoozed":false}],"/geneos/gateway[(@name=\"GW_TEST_50144\")]/directory/probe[(@name=\"SYSMON\")]/managedEntity[(@name=\"TOOLKIT_TEST\")]/sampler[(@name=\"Toolkit\")][(@type=\"\")]/dataview[(@name=\"Toolkit\")]":[{"XPath":"/geneos/gateway[(@name=\"GW_TEST_50144\")]/directory/probe[(@name=\"SYSMON\")]/managedEntity[(@name=\"TOOLKIT_TEST\")]/sampler[(@name=\"Toolkit\")][(@type=\"\")]/dataview[(@name=\"Toolkit\")]","Snoozed":false}]}
This is the thread xpath : testd5
Removal xpath is here :testd5
geneos_notification.objects.CustomDataView@31f4539b
15:34:28.304 [OpenAccessApiClient-UnknownDevBuild-akka.actor.default-dispatcher-3] INFO  akka.event.slf4j.Slf4jLogger - Slf4jLogger started
15:34:28.307 [OpenAccessApiClient-UnknownDevBuild-akka.actor.default-dispatcher-4] INFO  Remoting - Starting remoting
15:34:28.319 [OpenAccessApiClient-UnknownDevBuild-akka.actor.default-dispatcher-2] INFO  Remoting - Remoting started; listening on addresses :[akka.tcp://OpenAccessApiClient-UnknownDevBuild@192.168.10.207:30612]
15:34:28.321 [OpenAccessApiClient-UnknownDevBuild-akka.actor.default-dispatcher-2] INFO  c.itrsgroup.actor.MessageDispatcher - Attempting to connect to remote service at [192.168.220.54:2551] 1 time(s)
15:34:28.339 [OpenAccessApiClient-UnknownDevBuild-akka.actor.default-dispatcher-15] INFO  akka.contrib.pattern.ClusterClient - Connected to [akka.tcp://ClusterSystem@192.168.220.54:2551/user/receptionist]
15:34:28.342 [OpenAccessApiClient-UnknownDevBuild-akka.actor.default-dispatcher-15] INFO  c.itrsgroup.actor.MessageDispatcher - Authenticating with remote service [/user/frontEnd] at [192.168.220.54:2551]
15:34:28.458 [OpenAccessApiClient-UnknownDevBuild-akka.actor.default-dispatcher-14] INFO  c.itrsgroup.actor.MessageDispatcher - Successfully connected to remote service [akka.tcp://ClusterSystem@192.168.220.54:2551/user/frontEnd]
15:34:28.458 [OpenAccessApiClient-UnknownDevBuild-akka.actor.default-dispatcher-14] INFO  c.itrsgroup.actor.MessageDispatcher - Forwarding Subscription op to cluster frontend: Subscribe(ModelSub(/geneos/gateway[wild(@name,"*")]/directory/probe,Set(),LIST,),None)
15:34:28.518 [OpenAccessApiClient-UnknownDevBuild-akka.actor.default-dispatcher-3] INFO  c.itrsgroup.actor.MessageDispatcher - Forwarding Subscription op to cluster frontend: Subscribe(ModelSub(/geneos/gateway[(@name="GW_TEST_50144")]/directory/probe[(@name="SYSMON")]/managedEntity,Set(),LIST,),None)
15:34:28.637 [OpenAccessApiClient-UnknownDevBuild-akka.actor.default-dispatcher-17] INFO  c.itrsgroup.actor.MessageDispatcher - Forwarding Subscription op to cluster frontend: Subscribe(ModelSub(/geneos/gateway[(@name="GW_TEST_50144")]/directory/probe[(@name="WINSYSMON")]/managedEntity,Set(),LIST,),None)
15:34:28.784 [OpenAccessApiClient-UnknownDevBuild-akka.actor.default-dispatcher-16] INFO  c.itrsgroup.actor.MessageDispatcher - Forwarding Subscription op to cluster frontend: Subscribe(ModelSub(/geneos/gateway[(@name="GW_TEST_50144")]/directory/probe[(@name="First")]/managedEntity,Set(),LIST,),None)
15:34:28.948 [OpenAccessApiClient-UnknownDevBuild-akka.actor.default-dispatcher-18] INFO  c.itrsgroup.actor.MessageDispatcher - Forwarding Subscription op to cluster frontend: Subscribe(ModelSub(/geneos/gateway[(@name="GW_TEST_50144")]/directory/probe[(@name="New Virtual probe")]/managedEntity,Set(),LIST,),None)
15:34:29.949 [OpenAccessApiClient-UnknownDevBuild-akka.actor.default-dispatcher-2] INFO  c.itrsgroup.actor.MessageDispatcher - Forwarding Subscription op to cluster frontend: Subscribe(ModelSub(/geneos/gateway[(@name="GW_TEST_50144")]/directory/probe[(@name="SYSMON")]/managedEntity[(@name="Android")]/sampler,Set(),LIST,),None)
15:34:29.988 [OpenAccessApiClient-UnknownDevBuild-akka.actor.default-dispatcher-2] INFO  c.itrsgroup.actor.MessageDispatcher - Forwarding Subscription op to cluster frontend: Subscribe(ModelSub(/geneos/gateway[(@name="GW_TEST_50144")]/directory/probe[(@name="SYSMON")]/managedEntity[(@name="CPU_Entity")]/sampler,Set(),LIST,),None)
15:34:30.141 [OpenAccessApiClient-UnknownDevBuild-akka.actor.default-dispatcher-13] INFO  c.itrsgroup.actor.MessageDispatcher - Forwarding Subscription op to cluster frontend: Subscribe(ModelSub(/geneos/gateway[(@name="GW_TEST_50144")]/directory/probe[(@name="SYSMON")]/managedEntity[(@name="Copy of New Managed entity")]/sampler,Set(),LIST,),None)
15:34:30.290 [OpenAccessApiClient-UnknownDevBuild-akka.actor.default-dispatcher-21] INFO  c.itrsgroup.actor.MessageDispatcher - Forwarding Subscription op to cluster frontend: Subscribe(ModelSub(/geneos/gateway[(@name="GW_TEST_50144")]/directory/probe[(@name="SYSMON")]/managedEntity[(@name="Copy of New Managed entity 1")]/sampler,Set(),LIST,),None)
15:34:30.490 [OpenAccessApiClient-UnknownDevBuild-akka.actor.default-dispatcher-20] INFO  c.itrsgroup.actor.MessageDispatcher - Forwarding Subscription op to cluster frontend: Subscribe(ModelSub(/geneos/gateway[(@name="GW_TEST_50144")]/directory/probe[(@name="SYSMON")]/managedEntity[(@name="Copy of New Managed entity 10")]/sampler,Set(),LIST,),None)
15:34:30.597 [OpenAccessApiClient-UnknownDevBuild-akka.actor.default-dispatcher-19] INFO  c.itrsgroup.actor.MessageDispatcher - Forwarding Subscription op to cluster frontend: Subscribe(ModelSub(/geneos/gateway[(@name="GW_TEST_50144")]/directory/probe[(@name="SYSMON")]/managedEntity[(@name="Copy of New Managed entity 11")]/sampler,Set(),LIST,),None)
15:34:30.791 [OpenAccessApiClient-UnknownDevBuild-akka.actor.default-dispatcher-20] INFO  c.itrsgroup.actor.MessageDispatcher - Forwarding Subscription op to cluster frontend: Subscribe(ModelSub(/geneos/gateway[(@name="GW_TEST_50144")]/directory/probe[(@name="SYSMON")]/managedEntity[(@name="Copy of New Managed entity 2")]/sampler,Set(),LIST,),None)
15:34:30.949 [OpenAccessApiClient-UnknownDevBuild-akka.actor.default-dispatcher-13] INFO  c.itrsgroup.actor.MessageDispatcher - Forwarding Subscription op to cluster frontend: Subscribe(ModelSub(/geneos/gateway[(@name="GW_TEST_50144")]/directory/probe[(@name="SYSMON")]/managedEntity[(@name="Copy of New Managed entity 3")]/sampler,Set(),LIST,),None)
15:34:31.064 [OpenAccessApiClient-UnknownDevBuild-akka.actor.default-dispatcher-16] INFO  c.itrsgroup.actor.MessageDispatcher - Forwarding Subscription op to cluster frontend: Subscribe(ModelSub(/geneos/gateway[(@name="GW_TEST_50144")]/directory/probe[(@name="SYSMON")]/managedEntity[(@name="Copy of New Managed entity 4")]/sampler,Set(),LIST,),None)
15:34:31.245 [OpenAccessApiClient-UnknownDevBuild-akka.actor.default-dispatcher-19] INFO  c.itrsgroup.actor.MessageDispatcher - Forwarding Subscription op to cluster frontend: Subscribe(ModelSub(/geneos/gateway[(@name="GW_TEST_50144")]/directory/probe[(@name="SYSMON")]/managedEntity[(@name="Copy of New Managed entity 5")]/sampler,Set(),LIST,),None)
15:34:31.397 [OpenAccessApiClient-UnknownDevBuild-akka.actor.default-dispatcher-19] INFO  c.itrsgroup.actor.MessageDispatcher - Forwarding Subscription op to cluster frontend: Subscribe(ModelSub(/geneos/gateway[(@name="GW_TEST_50144")]/directory/probe[(@name="SYSMON")]/managedEntity[(@name="Copy of New Managed entity 6")]/sampler,Set(),LIST,),None)
15:34:31.507 [OpenAccessApiClient-UnknownDevBuild-akka.actor.default-dispatcher-3] INFO  c.itrsgroup.actor.MessageDispatcher - Forwarding Subscription op to cluster frontend: Subscribe(ModelSub(/geneos/gateway[(@name="GW_TEST_50144")]/directory/probe[(@name="SYSMON")]/managedEntity[(@name="Copy of New Managed entity 7")]/sampler,Set(),LIST,),None)
15:34:31.695 [OpenAccessApiClient-UnknownDevBuild-akka.actor.default-dispatcher-14] INFO  c.itrsgroup.actor.MessageDispatcher - Forwarding Subscription op to cluster frontend: Subscribe(ModelSub(/geneos/gateway[(@name="GW_TEST_50144")]/directory/probe[(@name="SYSMON")]/managedEntity[(@name="Copy of New Managed entity 8")]/sampler,Set(),LIST,),None)
15:34:31.710 [OpenAccessApiClient-UnknownDevBuild-akka.actor.default-dispatcher-16] INFO  c.itrsgroup.actor.MessageDispatcher - Forwarding Subscription op to cluster frontend: Subscribe(ModelSub(testc6/rows/row[wild(@name,"*")]/cell,Set(),LIST,),None)
15:34:31.802 [OpenAccessApiClient-UnknownDevBuild-akka.actor.default-dispatcher-18] INFO  c.itrsgroup.actor.MessageDispatcher - Forwarding Subscription op to cluster frontend: Subscribe(ModelSub(/geneos/gateway[(@name="GW_TEST_50144")]/directory/probe[(@name="SYSMON")]/managedEntity[(@name="Copy of New Managed entity 9")]/sampler,Set(),LIST,),None)
15:34:31.815 [OpenAccessApiClient-UnknownDevBuild-akka.actor.default-dispatcher-17] ERROR c.itrsgroup.actor.DataSetClientActor - Exception calling error callback
java.lang.RuntimeException: null
	at geneos_notification.thread_operations.ThreadInstance$2.error(ThreadInstance.java:100) ~[main/:na]
	at com.itrsgroup.actor.ClientActor$$anonfun$1.apply$mcV$sp(ClientActor.scala:143) ~[geneos-openaccess-client.jar:2.0.1]
	at com.itrsgroup.actor.ClientActor$$anonfun$1.apply(ClientActor.scala:143) ~[geneos-openaccess-client.jar:2.0.1]
	at com.itrsgroup.actor.ClientActor$$anonfun$1.apply(ClientActor.scala:143) ~[geneos-openaccess-client.jar:2.0.1]
	at scala.util.Try$.apply(Try.scala:191) ~[geneos-openaccess-client.jar:2.0.1]
	at com.itrsgroup.actor.ClientActor.fireError(ClientActor.scala:143) [geneos-openaccess-client.jar:2.0.1]
	at com.itrsgroup.actor.ClientActor$$anonfun$receive$1.applyOrElse(ClientActor.scala:84) [geneos-openaccess-client.jar:2.0.1]
	at akka.actor.Actor$class.aroundReceive(Actor.scala:465) [geneos-openaccess-client.jar:2.0.1]
	at com.itrsgroup.actor.ClientActor.aroundReceive(ClientActor.scala:38) [geneos-openaccess-client.jar:2.0.1]
	at akka.actor.ActorCell.receiveMessage(ActorCell.scala:516) [geneos-openaccess-client.jar:2.0.1]
	at akka.actor.ActorCell.invoke(ActorCell.scala:487) [geneos-openaccess-client.jar:2.0.1]
	at akka.dispatch.Mailbox.processMailbox(Mailbox.scala:254) [geneos-openaccess-client.jar:2.0.1]
	at akka.dispatch.Mailbox.run(Mailbox.scala:221) [geneos-openaccess-client.jar:2.0.1]
	at akka.dispatch.Mailbox.exec(Mailbox.scala:231) [geneos-openaccess-client.jar:2.0.1]
	at scala.concurrent.forkjoin.ForkJoinTask.doExec(ForkJoinTask.java:260) [geneos-openaccess-client.jar:2.0.1]
	at scala.concurrent.forkjoin.ForkJoinPool$WorkQueue.runTask(ForkJoinPool.java:1339) [geneos-openaccess-client.jar:2.0.1]
	at scala.concurrent.forkjoin.ForkJoinPool.runWorker(ForkJoinPool.java:1979) [geneos-openaccess-client.jar:2.0.1]
	at scala.concurrent.forkjoin.ForkJoinWorkerThread.run(ForkJoinWorkerThread.java:107) [geneos-openaccess-client.jar:2.0.1]
15:34:31.883 [OpenAccessApiClient-UnknownDevBuild-akka.actor.default-dispatcher-14] INFO  c.itrsgroup.actor.MessageDispatcher - Forwarding Subscription op to cluster frontend: Subscribe(ModelSub(testa6/rows/row[wild(@name,"*")]/cell,Set(),LIST,),None)
15:34:31.992 [OpenAccessApiClient-UnknownDevBuild-akka.actor.default-dispatcher-4] ERROR c.itrsgroup.actor.DataSetClientActor - Exception calling error callback
java.lang.RuntimeException: null
	at geneos_notification.thread_operations.ThreadInstance$2.error(ThreadInstance.java:100) ~[main/:na]
	at com.itrsgroup.actor.ClientActor$$anonfun$1.apply$mcV$sp(ClientActor.scala:143) ~[geneos-openaccess-client.jar:2.0.1]
	at com.itrsgroup.actor.ClientActor$$anonfun$1.apply(ClientActor.scala:143) ~[geneos-openaccess-client.jar:2.0.1]
	at com.itrsgroup.actor.ClientActor$$anonfun$1.apply(ClientActor.scala:143) ~[geneos-openaccess-client.jar:2.0.1]
	at scala.util.Try$.apply(Try.scala:191) ~[geneos-openaccess-client.jar:2.0.1]
	at com.itrsgroup.actor.ClientActor.fireError(ClientActor.scala:143) [geneos-openaccess-client.jar:2.0.1]
	at com.itrsgroup.actor.ClientActor$$anonfun$receive$1.applyOrElse(ClientActor.scala:84) [geneos-openaccess-client.jar:2.0.1]
	at akka.actor.Actor$class.aroundReceive(Actor.scala:465) [geneos-openaccess-client.jar:2.0.1]
	at com.itrsgroup.actor.ClientActor.aroundReceive(ClientActor.scala:38) [geneos-openaccess-client.jar:2.0.1]
	at akka.actor.ActorCell.receiveMessage(ActorCell.scala:516) [geneos-openaccess-client.jar:2.0.1]
	at akka.actor.ActorCell.invoke(ActorCell.scala:487) [geneos-openaccess-client.jar:2.0.1]
	at akka.dispatch.Mailbox.processMailbox(Mailbox.scala:254) [geneos-openaccess-client.jar:2.0.1]
	at akka.dispatch.Mailbox.run(Mailbox.scala:221) [geneos-openaccess-client.jar:2.0.1]
	at akka.dispatch.Mailbox.exec(Mailbox.scala:231) [geneos-openaccess-client.jar:2.0.1]
	at scala.concurrent.forkjoin.ForkJoinTask.doExec(ForkJoinTask.java:260) [geneos-openaccess-client.jar:2.0.1]
	at scala.concurrent.forkjoin.ForkJoinPool$WorkQueue.runTask(ForkJoinPool.java:1339) [geneos-openaccess-client.jar:2.0.1]
	at scala.concurrent.forkjoin.ForkJoinPool.runWorker(ForkJoinPool.java:1979) [geneos-openaccess-client.jar:2.0.1]
	at scala.concurrent.forkjoin.ForkJoinWorkerThread.run(ForkJoinWorkerThread.java:107) [geneos-openaccess-client.jar:2.0.1]
15:34:31.999 [OpenAccessApiClient-UnknownDevBuild-akka.actor.default-dispatcher-20] INFO  c.itrsgroup.actor.MessageDispatcher - Forwarding Subscription op to cluster frontend: Subscribe(ModelSub(/geneos/gateway[(@name="GW_TEST_50144")]/directory/probe[(@name="SYSMON")]/managedEntity[(@name="FKM")]/sampler,Set(),LIST,),None)
15:34:32.019 [OpenAccessApiClient-UnknownDevBuild-akka.actor.default-dispatcher-19] INFO  c.itrsgroup.actor.MessageDispatcher - Forwarding Subscription op to cluster frontend: Subscribe(ModelSub(testb6/rows/row[wild(@name,"*")]/cell,Set(),LIST,),None)
15:34:32.106 [OpenAccessApiClient-UnknownDevBuild-akka.actor.default-dispatcher-13] INFO  c.itrsgroup.actor.MessageDispatcher - Forwarding Subscription op to cluster frontend: Subscribe(ModelSub(/geneos/gateway[(@name="GW_TEST_50144")]/directory/probe[(@name="SYSMON")]/managedEntity[(@name="HELLO")]/sampler,Set(),LIST,),None)
15:34:32.128 [OpenAccessApiClient-UnknownDevBuild-akka.actor.default-dispatcher-5] ERROR c.itrsgroup.actor.DataSetClientActor - Exception calling error callback
java.lang.RuntimeException: null
	at geneos_notification.thread_operations.ThreadInstance$2.error(ThreadInstance.java:100) ~[main/:na]
	at com.itrsgroup.actor.ClientActor$$anonfun$1.apply$mcV$sp(ClientActor.scala:143) ~[geneos-openaccess-client.jar:2.0.1]
	at com.itrsgroup.actor.ClientActor$$anonfun$1.apply(ClientActor.scala:143) ~[geneos-openaccess-client.jar:2.0.1]
	at com.itrsgroup.actor.ClientActor$$anonfun$1.apply(ClientActor.scala:143) ~[geneos-openaccess-client.jar:2.0.1]
	at scala.util.Try$.apply(Try.scala:191) ~[geneos-openaccess-client.jar:2.0.1]
	at com.itrsgroup.actor.ClientActor.fireError(ClientActor.scala:143) [geneos-openaccess-client.jar:2.0.1]
	at com.itrsgroup.actor.ClientActor$$anonfun$receive$1.applyOrElse(ClientActor.scala:84) [geneos-openaccess-client.jar:2.0.1]
	at akka.actor.Actor$class.aroundReceive(Actor.scala:465) [geneos-openaccess-client.jar:2.0.1]
	at com.itrsgroup.actor.ClientActor.aroundReceive(ClientActor.scala:38) [geneos-openaccess-client.jar:2.0.1]
	at akka.actor.ActorCell.receiveMessage(ActorCell.scala:516) [geneos-openaccess-client.jar:2.0.1]
	at akka.actor.ActorCell.invoke(ActorCell.scala:487) [geneos-openaccess-client.jar:2.0.1]
	at akka.dispatch.Mailbox.processMailbox(Mailbox.scala:254) [geneos-openaccess-client.jar:2.0.1]
	at akka.dispatch.Mailbox.run(Mailbox.scala:221) [geneos-openaccess-client.jar:2.0.1]
	at akka.dispatch.Mailbox.exec(Mailbox.scala:231) [geneos-openaccess-client.jar:2.0.1]
	at scala.concurrent.forkjoin.ForkJoinTask.doExec(ForkJoinTask.java:260) [geneos-openaccess-client.jar:2.0.1]
	at scala.concurrent.forkjoin.ForkJoinPool$WorkQueue.runTask(ForkJoinPool.java:1339) [geneos-openaccess-client.jar:2.0.1]
	at scala.concurrent.forkjoin.ForkJoinPool.runWorker(ForkJoinPool.java:1979) [geneos-openaccess-client.jar:2.0.1]
	at scala.concurrent.forkjoin.ForkJoinWorkerThread.run(ForkJoinWorkerThread.java:107) [geneos-openaccess-client.jar:2.0.1]
15:34:32.248 [OpenAccessApiClient-UnknownDevBuild-akka.actor.default-dispatcher-13] INFO  c.itrsgroup.actor.MessageDispatcher - Forwarding Subscription op to cluster frontend: Subscribe(ModelSub(/geneos/gateway[(@name="GW_TEST_50144")]/directory/probe[(@name="SYSMON")]/managedEntity[(@name="New Managed entity")]/sampler,Set(),LIST,),None)
15:34:32.402 [OpenAccessApiClient-UnknownDevBuild-akka.actor.default-dispatcher-16] INFO  c.itrsgroup.actor.MessageDispatcher - Forwarding Subscription op to cluster frontend: Subscribe(ModelSub(/geneos/gateway[(@name="GW_TEST_50144")]/directory/probe[(@name="SYSMON")]/managedEntity[(@name="THISISATEST")]/sampler,Set(),LIST,),None)
15:34:32.460 [OpenAccessApiClient-UnknownDevBuild-akka.actor.default-dispatcher-16] INFO  c.itrsgroup.actor.MessageDispatcher - Forwarding Subscription op to cluster frontend: Subscribe(ModelSub(testc5/rows/row[wild(@name,"*")]/cell,Set(),LIST,),None)
15:34:32.588 [OpenAccessApiClient-UnknownDevBuild-akka.actor.default-dispatcher-5] ERROR c.itrsgroup.actor.DataSetClientActor - Exception calling error callback
java.lang.RuntimeException: null
	at geneos_notification.thread_operations.ThreadInstance$2.error(ThreadInstance.java:100) ~[main/:na]
	at com.itrsgroup.actor.ClientActor$$anonfun$1.apply$mcV$sp(ClientActor.scala:143) ~[geneos-openaccess-client.jar:2.0.1]
	at com.itrsgroup.actor.ClientActor$$anonfun$1.apply(ClientActor.scala:143) ~[geneos-openaccess-client.jar:2.0.1]
	at com.itrsgroup.actor.ClientActor$$anonfun$1.apply(ClientActor.scala:143) ~[geneos-openaccess-client.jar:2.0.1]
	at scala.util.Try$.apply(Try.scala:191) ~[geneos-openaccess-client.jar:2.0.1]
	at com.itrsgroup.actor.ClientActor.fireError(ClientActor.scala:143) [geneos-openaccess-client.jar:2.0.1]
	at com.itrsgroup.actor.ClientActor$$anonfun$receive$1.applyOrElse(ClientActor.scala:84) [geneos-openaccess-client.jar:2.0.1]
	at akka.actor.Actor$class.aroundReceive(Actor.scala:465) [geneos-openaccess-client.jar:2.0.1]
	at com.itrsgroup.actor.ClientActor.aroundReceive(ClientActor.scala:38) [geneos-openaccess-client.jar:2.0.1]
	at akka.actor.ActorCell.receiveMessage(ActorCell.scala:516) [geneos-openaccess-client.jar:2.0.1]
	at akka.actor.ActorCell.invoke(ActorCell.scala:487) [geneos-openaccess-client.jar:2.0.1]
	at akka.dispatch.Mailbox.processMailbox(Mailbox.scala:254) [geneos-openaccess-client.jar:2.0.1]
	at akka.dispatch.Mailbox.run(Mailbox.scala:221) [geneos-openaccess-client.jar:2.0.1]
	at akka.dispatch.Mailbox.exec(Mailbox.scala:231) [geneos-openaccess-client.jar:2.0.1]
	at scala.concurrent.forkjoin.ForkJoinTask.doExec(ForkJoinTask.java:260) [geneos-openaccess-client.jar:2.0.1]
	at scala.concurrent.forkjoin.ForkJoinPool$WorkQueue.runTask(ForkJoinPool.java:1339) [geneos-openaccess-client.jar:2.0.1]
	at scala.concurrent.forkjoin.ForkJoinPool.runWorker(ForkJoinPool.java:1979) [geneos-openaccess-client.jar:2.0.1]
	at scala.concurrent.forkjoin.ForkJoinWorkerThread.run(ForkJoinWorkerThread.java:107) [geneos-openaccess-client.jar:2.0.1]
15:34:32.601 [OpenAccessApiClient-UnknownDevBuild-akka.actor.default-dispatcher-20] INFO  c.itrsgroup.actor.MessageDispatcher - Forwarding Subscription op to cluster frontend: Subscribe(ModelSub(/geneos/gateway[(@name="GW_TEST_50144")]/directory/probe[(@name="SYSMON")]/managedEntity[(@name="TOOLKIT_TEST")]/sampler,Set(),LIST,),None)
15:34:32.701 [OpenAccessApiClient-UnknownDevBuild-akka.actor.default-dispatcher-19] INFO  c.itrsgroup.actor.MessageDispatcher - Forwarding Subscription op to cluster frontend: Subscribe(ModelSub(/geneos/gateway[(@name="GW_TEST_50144")]/directory/probe[(@name="SYSMON")]/managedEntity[(@name="tttttttttttttttttteeeeeeeeeeeeeeeeeeeeeeeesssssssssssssssssssssssstttttttttttttttttttttttt")]/sampler,Set(),LIST,),None)
15:34:32.850 [OpenAccessApiClient-UnknownDevBuild-akka.actor.default-dispatcher-21] INFO  c.itrsgroup.actor.MessageDispatcher - Forwarding Subscription op to cluster frontend: Subscribe(ModelSub(/geneos/gateway[(@name="GW_TEST_50144")]/directory/probe[(@name="SYSMON")]/managedEntity[(@name="zzzzzzzzz")]/sampler,Set(),LIST,),None)
15:34:33.053 [OpenAccessApiClient-UnknownDevBuild-akka.actor.default-dispatcher-4] INFO  c.itrsgroup.actor.MessageDispatcher - Forwarding Subscription op to cluster frontend: Subscribe(ModelSub(/geneos/gateway[(@name="GW_TEST_50144")]/directory/probe[(@name="WINSYSMON")]/managedEntity[(@name="CPU_ENTITY")]/sampler,Set(),LIST,),None)
15:34:33.155 [OpenAccessApiClient-UnknownDevBuild-akka.actor.default-dispatcher-5] INFO  c.itrsgroup.actor.MessageDispatcher - Forwarding Subscription op to cluster frontend: Subscribe(ModelSub(/geneos/gateway[(@name="GW_TEST_50144")]/directory/probe[(@name="First")]/managedEntity[(@name="CPU Action test")]/sampler,Set(),LIST,),None)
15:34:33.308 [OpenAccessApiClient-UnknownDevBuild-akka.actor.default-dispatcher-15] INFO  c.itrsgroup.actor.MessageDispatcher - Forwarding Subscription op to cluster frontend: Subscribe(ModelSub(/geneos/gateway[(@name="GW_TEST_50144")]/directory/probe[(@name="SYSMON")]/managedEntity[(@name="Android")]/sampler[(@name="AppTest")][(@type="")]/dataview,Set(),LIST,),None)
15:34:33.503 [OpenAccessApiClient-UnknownDevBuild-akka.actor.default-dispatcher-20] INFO  c.itrsgroup.actor.MessageDispatcher - Forwarding Subscription op to cluster frontend: Subscribe(ModelSub(/geneos/gateway[(@name="GW_TEST_50144")]/directory/probe[(@name="SYSMON")]/managedEntity[(@name="CPU_Entity")]/sampler[(@name="CPU_sampler")][(@type="")]/dataview,Set(),LIST,),None)
15:34:33.623 [OpenAccessApiClient-UnknownDevBuild-akka.actor.default-dispatcher-16] INFO  c.itrsgroup.actor.MessageDispatcher - Forwarding Subscription op to cluster frontend: Subscribe(ModelSub(/geneos/gateway[(@name="GW_TEST_50144")]/directory/probe[(@name="SYSMON")]/managedEntity[(@name="CPU_Entity")]/sampler[(@name="New Sampler 3")][(@type="")]/dataview,Set(),LIST,),None)
15:34:34.625 [OpenAccessApiClient-UnknownDevBuild-akka.actor.default-dispatcher-14] INFO  c.itrsgroup.actor.MessageDispatcher - Forwarding Subscription op to cluster frontend: Subscribe(ModelSub(/geneos/gateway[(@name="GW_TEST_50144")]/directory/probe[(@name="SYSMON")]/managedEntity[(@name="CPU_Entity")]/sampler[(@name="new SQl tester")][(@type="")]/dataview,Set(),LIST,),None)
15:34:34.662 [OpenAccessApiClient-UnknownDevBuild-akka.actor.default-dispatcher-17] INFO  c.itrsgroup.actor.MessageDispatcher - Forwarding Subscription op to cluster frontend: Subscribe(ModelSub(/geneos/gateway[(@name="GW_TEST_50144")]/directory/probe[(@name="SYSMON")]/managedEntity[(@name="CPU_Entity")]/sampler[(@name="SQL gateway")][(@type="")]/dataview,Set(),LIST,),None)
15:34:34.862 [OpenAccessApiClient-UnknownDevBuild-akka.actor.default-dispatcher-19] INFO  c.itrsgroup.actor.MessageDispatcher - Forwarding Subscription op to cluster frontend: Subscribe(ModelSub(/geneos/gateway[(@name="GW_TEST_50144")]/directory/probe[(@name="SYSMON")]/managedEntity[(@name="CPU_Entity")]/sampler[(@name="TEST_LOG LOCAL1")][(@type="")]/dataview,Set(),LIST,),None)
15:34:34.970 [OpenAccessApiClient-UnknownDevBuild-akka.actor.default-dispatcher-16] INFO  c.itrsgroup.actor.MessageDispatcher - Forwarding Subscription op to cluster frontend: Subscribe(ModelSub(/geneos/gateway[(@name="GW_TEST_50144")]/directory/probe[(@name="SYSMON")]/managedEntity[(@name="CPU_Entity")]/sampler[(@name="New Sampler 2")][(@type="")]/dataview,Set(),LIST,),None)
15:34:35.168 [OpenAccessApiClient-UnknownDevBuild-akka.actor.default-dispatcher-15] INFO  c.itrsgroup.actor.MessageDispatcher - Forwarding Subscription op to cluster frontend: Subscribe(ModelSub(/geneos/gateway[(@name="GW_TEST_50144")]/directory/probe[(@name="SYSMON")]/managedEntity[(@name="CPU_Entity")]/sampler[(@name="New Sampler 9")][(@type="")]/dataview,Set(),LIST,),None)
15:34:35.292 [OpenAccessApiClient-UnknownDevBuild-akka.actor.default-dispatcher-14] INFO  c.itrsgroup.actor.MessageDispatcher - Forwarding Subscription op to cluster frontend: Subscribe(ModelSub(/geneos/gateway[(@name="GW_TEST_50144")]/directory/probe[(@name="SYSMON")]/managedEntity[(@name="Copy of New Managed entity")]/sampler[(@name="CPU_sampler")][(@type="")]/dataview,Set(),LIST,),None)
15:34:35.437 [OpenAccessApiClient-UnknownDevBuild-akka.actor.default-dispatcher-21] INFO  c.itrsgroup.actor.MessageDispatcher - Forwarding Subscription op to cluster frontend: Subscribe(ModelSub(/geneos/gateway[(@name="GW_TEST_50144")]/directory/probe[(@name="SYSMON")]/managedEntity[(@name="Copy of New Managed entity 1")]/sampler[(@name="CPU_sampler")][(@type="")]/dataview,Set(),LIST,),None)
15:34:35.623 [OpenAccessApiClient-UnknownDevBuild-akka.actor.default-dispatcher-16] INFO  c.itrsgroup.actor.MessageDispatcher - Forwarding Subscription op to cluster frontend: Subscribe(ModelSub(/geneos/gateway[(@name="GW_TEST_50144")]/directory/probe[(@name="SYSMON")]/managedEntity[(@name="Copy of New Managed entity 10")]/sampler[(@name="CPU_sampler")][(@type="")]/dataview,Set(),LIST,),None)
15:34:35.730 [OpenAccessApiClient-UnknownDevBuild-akka.actor.default-dispatcher-22] INFO  c.itrsgroup.actor.MessageDispatcher - Forwarding Subscription op to cluster frontend: Subscribe(ModelSub(/geneos/gateway[(@name="GW_TEST_50144")]/directory/probe[(@name="SYSMON")]/managedEntity[(@name="Copy of New Managed entity 11")]/sampler[(@name="CPU_sampler")][(@type="")]/dataview,Set(),LIST,),None)
15:34:35.925 [OpenAccessApiClient-UnknownDevBuild-akka.actor.default-dispatcher-14] INFO  c.itrsgroup.actor.MessageDispatcher - Forwarding Subscription op to cluster frontend: Subscribe(ModelSub(/geneos/gateway[(@name="GW_TEST_50144")]/directory/probe[(@name="SYSMON")]/managedEntity[(@name="Copy of New Managed entity 2")]/sampler[(@name="CPU_sampler")][(@type="")]/dataview,Set(),LIST,),None)
15:34:36.036 [OpenAccessApiClient-UnknownDevBuild-akka.actor.default-dispatcher-22] INFO  c.itrsgroup.actor.MessageDispatcher - Forwarding Subscription op to cluster frontend: Subscribe(ModelSub(/geneos/gateway[(@name="GW_TEST_50144")]/directory/probe[(@name="SYSMON")]/managedEntity[(@name="Copy of New Managed entity 3")]/sampler[(@name="CPU_sampler")][(@type="")]/dataview,Set(),LIST,),None)
15:34:36.233 [OpenAccessApiClient-UnknownDevBuild-akka.actor.default-dispatcher-4] INFO  c.itrsgroup.actor.MessageDispatcher - Forwarding Subscription op to cluster frontend: Subscribe(ModelSub(/geneos/gateway[(@name="GW_TEST_50144")]/directory/probe[(@name="SYSMON")]/managedEntity[(@name="Copy of New Managed entity 4")]/sampler[(@name="CPU_sampler")][(@type="")]/dataview,Set(),LIST,),None)
15:34:36.339 [OpenAccessApiClient-UnknownDevBuild-akka.actor.default-dispatcher-15] INFO  c.itrsgroup.actor.MessageDispatcher - Forwarding Subscription op to cluster frontend: Subscribe(ModelSub(/geneos/gateway[(@name="GW_TEST_50144")]/directory/probe[(@name="SYSMON")]/managedEntity[(@name="Copy of New Managed entity 5")]/sampler[(@name="CPU_sampler")][(@type="")]/dataview,Set(),LIST,),None)
15:34:36.531 [OpenAccessApiClient-UnknownDevBuild-akka.actor.default-dispatcher-19] INFO  c.itrsgroup.actor.MessageDispatcher - Forwarding Subscription op to cluster frontend: Subscribe(ModelSub(/geneos/gateway[(@name="GW_TEST_50144")]/directory/probe[(@name="SYSMON")]/managedEntity[(@name="Copy of New Managed entity 6")]/sampler[(@name="CPU_sampler")][(@type="")]/dataview,Set(),LIST,),None)
15:34:36.657 [OpenAccessApiClient-UnknownDevBuild-akka.actor.default-dispatcher-21] INFO  c.itrsgroup.actor.MessageDispatcher - Forwarding Subscription op to cluster frontend: Subscribe(ModelSub(/geneos/gateway[(@name="GW_TEST_50144")]/directory/probe[(@name="SYSMON")]/managedEntity[(@name="Copy of New Managed entity 7")]/sampler[(@name="CPU_sampler")][(@type="")]/dataview,Set(),LIST,),None)
15:34:36.831 [OpenAccessApiClient-UnknownDevBuild-akka.actor.default-dispatcher-22] INFO  c.itrsgroup.actor.MessageDispatcher - Forwarding Subscription op to cluster frontend: Subscribe(ModelSub(/geneos/gateway[(@name="GW_TEST_50144")]/directory/probe[(@name="SYSMON")]/managedEntity[(@name="Copy of New Managed entity 8")]/sampler[(@name="CPU_sampler")][(@type="")]/dataview,Set(),LIST,),None)
15:34:36.984 [OpenAccessApiClient-UnknownDevBuild-akka.actor.default-dispatcher-5] INFO  c.itrsgroup.actor.MessageDispatcher - Forwarding Subscription op to cluster frontend: Subscribe(ModelSub(/geneos/gateway[(@name="GW_TEST_50144")]/directory/probe[(@name="SYSMON")]/managedEntity[(@name="Copy of New Managed entity 9")]/sampler[(@name="CPU_sampler")][(@type="")]/dataview,Set(),LIST,),None)
15:34:37.092 [OpenAccessApiClient-UnknownDevBuild-akka.actor.default-dispatcher-15] INFO  c.itrsgroup.actor.MessageDispatcher - Forwarding Subscription op to cluster frontend: Subscribe(ModelSub(/geneos/gateway[(@name="GW_TEST_50144")]/directory/probe[(@name="SYSMON")]/managedEntity[(@name="FKM")]/sampler[(@name="FKM")][(@type="")]/dataview,Set(),LIST,),None)
15:34:37.280 [OpenAccessApiClient-UnknownDevBuild-akka.actor.default-dispatcher-15] INFO  c.itrsgroup.actor.MessageDispatcher - Forwarding Subscription op to cluster frontend: Subscribe(ModelSub(/geneos/gateway[(@name="GW_TEST_50144")]/directory/probe[(@name="SYSMON")]/managedEntity[(@name="FKM")]/sampler[(@name="FTM Test")][(@type="")]/dataview,Set(),LIST,),None)
15:34:37.390 [OpenAccessApiClient-UnknownDevBuild-akka.actor.default-dispatcher-13] INFO  c.itrsgroup.actor.MessageDispatcher - Forwarding Subscription op to cluster frontend: Subscribe(ModelSub(/geneos/gateway[(@name="GW_TEST_50144")]/directory/probe[(@name="SYSMON")]/managedEntity[(@name="HELLO")]/sampler[(@name="FKM")][(@type="")]/dataview,Set(),LIST,),None)
15:34:37.581 [OpenAccessApiClient-UnknownDevBuild-akka.actor.default-dispatcher-24] INFO  c.itrsgroup.actor.MessageDispatcher - Forwarding Subscription op to cluster frontend: Subscribe(ModelSub(/geneos/gateway[(@name="GW_TEST_50144")]/directory/probe[(@name="SYSMON")]/managedEntity[(@name="HELLO")]/sampler[(@name="Cluster Monitoring Sampler")][(@type="")]/dataview,Set(),LIST,),None)
15:34:37.682 [OpenAccessApiClient-UnknownDevBuild-akka.actor.default-dispatcher-19] INFO  c.itrsgroup.actor.MessageDispatcher - Forwarding Subscription op to cluster frontend: Subscribe(ModelSub(/geneos/gateway[(@name="GW_TEST_50144")]/directory/probe[(@name="SYSMON")]/managedEntity[(@name="HELLO")]/sampler[(@name="New Sampler 1")][(@type="")]/dataview,Set(),LIST,),None)
15:34:37.832 [OpenAccessApiClient-UnknownDevBuild-akka.actor.default-dispatcher-18] INFO  c.itrsgroup.actor.MessageDispatcher - Forwarding Subscription op to cluster frontend: Subscribe(ModelSub(/geneos/gateway[(@name="GW_TEST_50144")]/directory/probe[(@name="SYSMON")]/managedEntity[(@name="HELLO")]/sampler[(@name="new SQl tester")][(@type="")]/dataview,Set(),LIST,),None)
15:34:38.035 [OpenAccessApiClient-UnknownDevBuild-akka.actor.default-dispatcher-26] INFO  c.itrsgroup.actor.MessageDispatcher - Forwarding Subscription op to cluster frontend: Subscribe(ModelSub(/geneos/gateway[(@name="GW_TEST_50144")]/directory/probe[(@name="SYSMON")]/managedEntity[(@name="New Managed entity")]/sampler[(@name="CPU_sampler")][(@type="")]/dataview,Set(),LIST,),None)
15:34:38.199 [OpenAccessApiClient-UnknownDevBuild-akka.actor.default-dispatcher-21] INFO  c.itrsgroup.actor.MessageDispatcher - Forwarding Subscription op to cluster frontend: Subscribe(ModelSub(/geneos/gateway[(@name="GW_TEST_50144")]/directory/probe[(@name="SYSMON")]/managedEntity[(@name="THISISATEST")]/sampler[(@name="FTM Test")][(@type="")]/dataview,Set(),LIST,),None)
15:34:38.308 [OpenAccessApiClient-UnknownDevBuild-akka.actor.default-dispatcher-17] INFO  c.itrsgroup.actor.MessageDispatcher - Forwarding Subscription op to cluster frontend: Subscribe(ModelSub(/geneos/gateway[(@name="GW_TEST_50144")]/directory/probe[(@name="SYSMON")]/managedEntity[(@name="TOOLKIT_TEST")]/sampler[(@name="Toolkit")][(@type="")]/dataview,Set(),LIST,),None)
15:34:38.436 [OpenAccessApiClient-UnknownDevBuild-akka.actor.default-dispatcher-24] INFO  c.itrsgroup.actor.MessageDispatcher - Forwarding Subscription op to cluster frontend: Subscribe(ModelSub(/geneos/gateway[(@name="GW_TEST_50144")]/directory/probe[(@name="SYSMON")]/managedEntity[(@name="TOOLKIT_TEST")]/sampler[(@name="ICE MYSQL")][(@type="")]/dataview,Set(),LIST,),None)
15:34:38.635 [OpenAccessApiClient-UnknownDevBuild-akka.actor.default-dispatcher-18] INFO  c.itrsgroup.actor.MessageDispatcher - Forwarding Subscription op to cluster frontend: Subscribe(ModelSub(/geneos/gateway[(@name="GW_TEST_50144")]/directory/probe[(@name="SYSMON")]/managedEntity[(@name="TOOLKIT_TEST")]/sampler[(@name="TEST ICE")][(@type="")]/dataview,Set(),LIST,),None)
15:34:38.752 [OpenAccessApiClient-UnknownDevBuild-akka.actor.default-dispatcher-24] INFO  c.itrsgroup.actor.MessageDispatcher - Forwarding Subscription op to cluster frontend: Subscribe(ModelSub(/geneos/gateway[(@name="GW_TEST_50144")]/directory/probe[(@name="SYSMON")]/managedEntity[(@name="TOOLKIT_TEST")]/sampler[(@name="TestSQL")][(@type="")]/dataview,Set(),LIST,),None)
15:34:38.952 [OpenAccessApiClient-UnknownDevBuild-akka.actor.default-dispatcher-27] INFO  c.itrsgroup.actor.MessageDispatcher - Forwarding Subscription op to cluster frontend: Subscribe(ModelSub(/geneos/gateway[(@name="GW_TEST_50144")]/directory/probe[(@name="SYSMON")]/managedEntity[(@name="TOOLKIT_TEST")]/sampler[(@name="New Sampler 6")][(@type="")]/dataview,Set(),LIST,),None)
15:34:39.063 [OpenAccessApiClient-UnknownDevBuild-akka.actor.default-dispatcher-25] INFO  c.itrsgroup.actor.MessageDispatcher - Forwarding Subscription op to cluster frontend: Subscribe(ModelSub(/geneos/gateway[(@name="GW_TEST_50144")]/directory/probe[(@name="SYSMON")]/managedEntity[(@name="TOOLKIT_TEST")]/sampler[(@name="ME VS APPa")][(@type="")]/dataview,Set(),LIST,),None)
15:34:39.244 [OpenAccessApiClient-UnknownDevBuild-akka.actor.default-dispatcher-5] INFO  c.itrsgroup.actor.MessageDispatcher - Forwarding Subscription op to cluster frontend: Subscribe(ModelSub(/geneos/gateway[(@name="GW_TEST_50144")]/directory/probe[(@name="SYSMON")]/managedEntity[(@name="tttttttttttttttttteeeeeeeeeeeeeeeeeeeeeeeesssssssssssssssssssssssstttttttttttttttttttttttt")]/sampler[(@name="CPU")][(@type="")]/dataview,Set(),LIST,),None)
15:34:40.246 [OpenAccessApiClient-UnknownDevBuild-akka.actor.default-dispatcher-2] INFO  c.itrsgroup.actor.MessageDispatcher - Forwarding Subscription op to cluster frontend: Subscribe(ModelSub(/geneos/gateway[(@name="GW_TEST_50144")]/directory/probe[(@name="SYSMON")]/managedEntity[(@name="tttttttttttttttttteeeeeeeeeeeeeeeeeeeeeeeesssssssssssssssssssssssstttttttttttttttttttttttt")]/sampler[(@name="CPU_sampler")][(@type="")]/dataview,Set(),LIST,),None)
15:34:40.399 [OpenAccessApiClient-UnknownDevBuild-akka.actor.default-dispatcher-4] INFO  c.itrsgroup.actor.MessageDispatcher - Forwarding Subscription op to cluster frontend: Subscribe(ModelSub(/geneos/gateway[(@name="GW_TEST_50144")]/directory/probe[(@name="SYSMON")]/managedEntity[(@name="tttttttttttttttttteeeeeeeeeeeeeeeeeeeeeeeesssssssssssssssssssssssstttttttttttttttttttttttt")]/sampler[(@name="FKM")][(@type="")]/dataview,Set(),LIST,),None)
15:34:40.604 [OpenAccessApiClient-UnknownDevBuild-akka.actor.default-dispatcher-4] INFO  c.itrsgroup.actor.MessageDispatcher - Forwarding Subscription op to cluster frontend: Subscribe(ModelSub(/geneos/gateway[(@name="GW_TEST_50144")]/directory/probe[(@name="SYSMON")]/managedEntity[(@name="zzzzzzzzz")]/sampler[(@name="CPU")][(@type="")]/dataview,Set(),LIST,),None)
15:34:41.606 [OpenAccessApiClient-UnknownDevBuild-akka.actor.default-dispatcher-17] INFO  c.itrsgroup.actor.MessageDispatcher - Forwarding Subscription op to cluster frontend: Subscribe(ModelSub(/geneos/gateway[(@name="GW_TEST_50144")]/directory/probe[(@name="SYSMON")]/managedEntity[(@name="zzzzzzzzz")]/sampler[(@name="Toolkit")][(@type="")]/dataview,Set(),LIST,),None)
15:34:41.753 [OpenAccessApiClient-UnknownDevBuild-akka.actor.default-dispatcher-17] INFO  c.itrsgroup.actor.MessageDispatcher - Forwarding Subscription op to cluster frontend: Subscribe(ModelSub(/geneos/gateway[(@name="GW_TEST_50144")]/directory/probe[(@name="WINSYSMON")]/managedEntity[(@name="CPU_ENTITY")]/sampler[(@name="CPU_sampler")][(@type="")]/dataview,Set(),LIST,),None)
15:34:41.818 [OpenAccessApiClient-UnknownDevBuild-akka.actor.default-dispatcher-19] INFO  c.itrsgroup.actor.MessageDispatcher - Forwarding Subscription op to cluster frontend: Subscribe(ModelSub(testc6/rows/row[wild(@name,"*")]/cell,Set(),LIST,),None)
15:34:41.933 [OpenAccessApiClient-UnknownDevBuild-akka.actor.default-dispatcher-4] ERROR c.itrsgroup.actor.DataSetClientActor - Exception calling error callback
java.lang.RuntimeException: null
	at geneos_notification.thread_operations.ThreadInstance$2.error(ThreadInstance.java:100) ~[main/:na]
	at com.itrsgroup.actor.ClientActor$$anonfun$1.apply$mcV$sp(ClientActor.scala:143) ~[geneos-openaccess-client.jar:2.0.1]
	at com.itrsgroup.actor.ClientActor$$anonfun$1.apply(ClientActor.scala:143) ~[geneos-openaccess-client.jar:2.0.1]
	at com.itrsgroup.actor.ClientActor$$anonfun$1.apply(ClientActor.scala:143) ~[geneos-openaccess-client.jar:2.0.1]
	at scala.util.Try$.apply(Try.scala:191) ~[geneos-openaccess-client.jar:2.0.1]
	at com.itrsgroup.actor.ClientActor.fireError(ClientActor.scala:143) [geneos-openaccess-client.jar:2.0.1]
	at com.itrsgroup.actor.ClientActor$$anonfun$receive$1.applyOrElse(ClientActor.scala:84) [geneos-openaccess-client.jar:2.0.1]
	at akka.actor.Actor$class.aroundReceive(Actor.scala:465) [geneos-openaccess-client.jar:2.0.1]
	at com.itrsgroup.actor.ClientActor.aroundReceive(ClientActor.scala:38) [geneos-openaccess-client.jar:2.0.1]
	at akka.actor.ActorCell.receiveMessage(ActorCell.scala:516) [geneos-openaccess-client.jar:2.0.1]
	at akka.actor.ActorCell.invoke(ActorCell.scala:487) [geneos-openaccess-client.jar:2.0.1]
	at akka.dispatch.Mailbox.processMailbox(Mailbox.scala:254) [geneos-openaccess-client.jar:2.0.1]
	at akka.dispatch.Mailbox.run(Mailbox.scala:221) [geneos-openaccess-client.jar:2.0.1]
	at akka.dispatch.Mailbox.exec(Mailbox.scala:231) [geneos-openaccess-client.jar:2.0.1]
	at scala.concurrent.forkjoin.ForkJoinTask.doExec(ForkJoinTask.java:260) [geneos-openaccess-client.jar:2.0.1]
	at scala.concurrent.forkjoin.ForkJoinPool$WorkQueue.runTask(ForkJoinPool.java:1339) [geneos-openaccess-client.jar:2.0.1]
	at scala.concurrent.forkjoin.ForkJoinPool.runWorker(ForkJoinPool.java:1979) [geneos-openaccess-client.jar:2.0.1]
	at scala.concurrent.forkjoin.ForkJoinWorkerThread.run(ForkJoinWorkerThread.java:107) [geneos-openaccess-client.jar:2.0.1]
15:34:41.956 [OpenAccessApiClient-UnknownDevBuild-akka.actor.default-dispatcher-4] INFO  c.itrsgroup.actor.MessageDispatcher - Forwarding Subscription op to cluster frontend: Subscribe(ModelSub(/geneos/gateway[(@name="GW_TEST_50144")]/directory/probe[(@name="WINSYSMON")]/managedEntity[(@name="CPU_ENTITY")]/sampler[(@name="Toolkit2")][(@type="")]/dataview,Set(),LIST,),None)
15:34:41.995 [OpenAccessApiClient-UnknownDevBuild-akka.actor.default-dispatcher-6] INFO  c.itrsgroup.actor.MessageDispatcher - Forwarding Subscription op to cluster frontend: Subscribe(ModelSub(testa6/rows/row[wild(@name,"*")]/cell,Set(),LIST,),None)
15:34:42.058 [OpenAccessApiClient-UnknownDevBuild-akka.actor.default-dispatcher-13] INFO  c.itrsgroup.actor.MessageDispatcher - Forwarding Subscription op to cluster frontend: Subscribe(ModelSub(/geneos/gateway[(@name="GW_TEST_50144")]/directory/probe[(@name="WINSYSMON")]/managedEntity[(@name="CPU_ENTITY")]/sampler[(@name="TestSQL")][(@type="")]/dataview,Set(),LIST,),None)
15:34:42.101 [OpenAccessApiClient-UnknownDevBuild-akka.actor.default-dispatcher-6] ERROR c.itrsgroup.actor.DataSetClientActor - Exception calling error callback
java.lang.RuntimeException: null
	at geneos_notification.thread_operations.ThreadInstance$2.error(ThreadInstance.java:100) ~[main/:na]
	at com.itrsgroup.actor.ClientActor$$anonfun$1.apply$mcV$sp(ClientActor.scala:143) ~[geneos-openaccess-client.jar:2.0.1]
	at com.itrsgroup.actor.ClientActor$$anonfun$1.apply(ClientActor.scala:143) ~[geneos-openaccess-client.jar:2.0.1]
	at com.itrsgroup.actor.ClientActor$$anonfun$1.apply(ClientActor.scala:143) ~[geneos-openaccess-client.jar:2.0.1]
	at scala.util.Try$.apply(Try.scala:191) ~[geneos-openaccess-client.jar:2.0.1]
	at com.itrsgroup.actor.ClientActor.fireError(ClientActor.scala:143) [geneos-openaccess-client.jar:2.0.1]
	at com.itrsgroup.actor.ClientActor$$anonfun$receive$1.applyOrElse(ClientActor.scala:84) [geneos-openaccess-client.jar:2.0.1]
	at akka.actor.Actor$class.aroundReceive(Actor.scala:465) [geneos-openaccess-client.jar:2.0.1]
	at com.itrsgroup.actor.ClientActor.aroundReceive(ClientActor.scala:38) [geneos-openaccess-client.jar:2.0.1]
	at akka.actor.ActorCell.receiveMessage(ActorCell.scala:516) [geneos-openaccess-client.jar:2.0.1]
	at akka.actor.ActorCell.invoke(ActorCell.scala:487) [geneos-openaccess-client.jar:2.0.1]
	at akka.dispatch.Mailbox.processMailbox(Mailbox.scala:254) [geneos-openaccess-client.jar:2.0.1]
	at akka.dispatch.Mailbox.run(Mailbox.scala:221) [geneos-openaccess-client.jar:2.0.1]
	at akka.dispatch.Mailbox.exec(Mailbox.scala:231) [geneos-openaccess-client.jar:2.0.1]
	at scala.concurrent.forkjoin.ForkJoinTask.doExec(ForkJoinTask.java:260) [geneos-openaccess-client.jar:2.0.1]
	at scala.concurrent.forkjoin.ForkJoinPool$WorkQueue.runTask(ForkJoinPool.java:1339) [geneos-openaccess-client.jar:2.0.1]
	at scala.concurrent.forkjoin.ForkJoinPool.runWorker(ForkJoinPool.java:1979) [geneos-openaccess-client.jar:2.0.1]
	at scala.concurrent.forkjoin.ForkJoinWorkerThread.run(ForkJoinWorkerThread.java:107) [geneos-openaccess-client.jar:2.0.1]
15:34:42.132 [OpenAccessApiClient-UnknownDevBuild-akka.actor.default-dispatcher-16] INFO  c.itrsgroup.actor.MessageDispatcher - Forwarding Subscription op to cluster frontend: Subscribe(ModelSub(testb6/rows/row[wild(@name,"*")]/cell,Set(),LIST,),None)
15:34:42.261 [OpenAccessApiClient-UnknownDevBuild-akka.actor.default-dispatcher-19] ERROR c.itrsgroup.actor.DataSetClientActor - Exception calling error callback
java.lang.RuntimeException: null
	at geneos_notification.thread_operations.ThreadInstance$2.error(ThreadInstance.java:100) ~[main/:na]
	at com.itrsgroup.actor.ClientActor$$anonfun$1.apply$mcV$sp(ClientActor.scala:143) ~[geneos-openaccess-client.jar:2.0.1]
	at com.itrsgroup.actor.ClientActor$$anonfun$1.apply(ClientActor.scala:143) ~[geneos-openaccess-client.jar:2.0.1]
	at com.itrsgroup.actor.ClientActor$$anonfun$1.apply(ClientActor.scala:143) ~[geneos-openaccess-client.jar:2.0.1]
	at scala.util.Try$.apply(Try.scala:191) ~[geneos-openaccess-client.jar:2.0.1]
	at com.itrsgroup.actor.ClientActor.fireError(ClientActor.scala:143) [geneos-openaccess-client.jar:2.0.1]
	at com.itrsgroup.actor.ClientActor$$anonfun$receive$1.applyOrElse(ClientActor.scala:84) [geneos-openaccess-client.jar:2.0.1]
	at akka.actor.Actor$class.aroundReceive(Actor.scala:465) [geneos-openaccess-client.jar:2.0.1]
	at com.itrsgroup.actor.ClientActor.aroundReceive(ClientActor.scala:38) [geneos-openaccess-client.jar:2.0.1]
	at akka.actor.ActorCell.receiveMessage(ActorCell.scala:516) [geneos-openaccess-client.jar:2.0.1]
	at akka.actor.ActorCell.invoke(ActorCell.scala:487) [geneos-openaccess-client.jar:2.0.1]
	at akka.dispatch.Mailbox.processMailbox(Mailbox.scala:254) [geneos-openaccess-client.jar:2.0.1]
	at akka.dispatch.Mailbox.run(Mailbox.scala:221) [geneos-openaccess-client.jar:2.0.1]
	at akka.dispatch.Mailbox.exec(Mailbox.scala:231) [geneos-openaccess-client.jar:2.0.1]
	at scala.concurrent.forkjoin.ForkJoinTask.doExec(ForkJoinTask.java:260) [geneos-openaccess-client.jar:2.0.1]
	at scala.concurrent.forkjoin.ForkJoinPool$WorkQueue.runTask(ForkJoinPool.java:1339) [geneos-openaccess-client.jar:2.0.1]
	at scala.concurrent.forkjoin.ForkJoinPool.runWorker(ForkJoinPool.java:1979) [geneos-openaccess-client.jar:2.0.1]
	at scala.concurrent.forkjoin.ForkJoinWorkerThread.run(ForkJoinWorkerThread.java:107) [geneos-openaccess-client.jar:2.0.1]
15:34:42.264 [OpenAccessApiClient-UnknownDevBuild-akka.actor.default-dispatcher-5] INFO  c.itrsgroup.actor.MessageDispatcher - Forwarding Subscription op to cluster frontend: Subscribe(ModelSub(/geneos/gateway[(@name="GW_TEST_50144")]/directory/probe[(@name="WINSYSMON")]/managedEntity[(@name="CPU_ENTITY")]/sampler[(@name="Trigger sample")][(@type="")]/dataview,Set(),LIST,),None)
15:34:42.356 [OpenAccessApiClient-UnknownDevBuild-akka.actor.default-dispatcher-20] INFO  c.itrsgroup.actor.MessageDispatcher - Forwarding Subscription op to cluster frontend: Subscribe(ModelSub(/geneos/gateway[(@name="GW_TEST_50144")]/directory/probe[(@name="WINSYSMON")]/managedEntity[(@name="CPU_ENTITY")]/sampler[(@name="Timestamp sql")][(@type="")]/dataview,Set(),LIST,),None)
15:34:42.564 [OpenAccessApiClient-UnknownDevBuild-akka.actor.default-dispatcher-17] INFO  c.itrsgroup.actor.MessageDispatcher - Forwarding Subscription op to cluster frontend: Subscribe(ModelSub(/geneos/gateway[(@name="GW_TEST_50144")]/directory/probe[(@name="WINSYSMON")]/managedEntity[(@name="CPU_ENTITY")]/sampler[(@name="eventlog")][(@type="")]/dataview,Set(),LIST,),None)
15:34:42.591 [OpenAccessApiClient-UnknownDevBuild-akka.actor.default-dispatcher-3] INFO  c.itrsgroup.actor.MessageDispatcher - Forwarding Subscription op to cluster frontend: Subscribe(ModelSub(testc5/rows/row[wild(@name,"*")]/cell,Set(),LIST,),None)
15:34:42.671 [OpenAccessApiClient-UnknownDevBuild-akka.actor.default-dispatcher-5] INFO  c.itrsgroup.actor.MessageDispatcher - Forwarding Subscription op to cluster frontend: Subscribe(ModelSub(/geneos/gateway[(@name="GW_TEST_50144")]/directory/probe[(@name="WINSYSMON")]/managedEntity[(@name="CPU_ENTITY")]/sampler[(@name="Win Services")][(@type="")]/dataview,Set(),LIST,),None)
15:34:42.698 [OpenAccessApiClient-UnknownDevBuild-akka.actor.default-dispatcher-4] ERROR c.itrsgroup.actor.DataSetClientActor - Exception calling error callback
java.lang.RuntimeException: null
	at geneos_notification.thread_operations.ThreadInstance$2.error(ThreadInstance.java:100) ~[main/:na]
	at com.itrsgroup.actor.ClientActor$$anonfun$1.apply$mcV$sp(ClientActor.scala:143) ~[geneos-openaccess-client.jar:2.0.1]
	at com.itrsgroup.actor.ClientActor$$anonfun$1.apply(ClientActor.scala:143) ~[geneos-openaccess-client.jar:2.0.1]
	at com.itrsgroup.actor.ClientActor$$anonfun$1.apply(ClientActor.scala:143) ~[geneos-openaccess-client.jar:2.0.1]
	at scala.util.Try$.apply(Try.scala:191) ~[geneos-openaccess-client.jar:2.0.1]
	at com.itrsgroup.actor.ClientActor.fireError(ClientActor.scala:143) [geneos-openaccess-client.jar:2.0.1]
	at com.itrsgroup.actor.ClientActor$$anonfun$receive$1.applyOrElse(ClientActor.scala:84) [geneos-openaccess-client.jar:2.0.1]
	at akka.actor.Actor$class.aroundReceive(Actor.scala:465) [geneos-openaccess-client.jar:2.0.1]
	at com.itrsgroup.actor.ClientActor.aroundReceive(ClientActor.scala:38) [geneos-openaccess-client.jar:2.0.1]
	at akka.actor.ActorCell.receiveMessage(ActorCell.scala:516) [geneos-openaccess-client.jar:2.0.1]
	at akka.actor.ActorCell.invoke(ActorCell.scala:487) [geneos-openaccess-client.jar:2.0.1]
	at akka.dispatch.Mailbox.processMailbox(Mailbox.scala:254) [geneos-openaccess-client.jar:2.0.1]
	at akka.dispatch.Mailbox.run(Mailbox.scala:221) [geneos-openaccess-client.jar:2.0.1]
	at akka.dispatch.Mailbox.exec(Mailbox.scala:231) [geneos-openaccess-client.jar:2.0.1]
	at scala.concurrent.forkjoin.ForkJoinTask.doExec(ForkJoinTask.java:260) [geneos-openaccess-client.jar:2.0.1]
	at scala.concurrent.forkjoin.ForkJoinPool$WorkQueue.runTask(ForkJoinPool.java:1339) [geneos-openaccess-client.jar:2.0.1]
	at scala.concurrent.forkjoin.ForkJoinPool.runWorker(ForkJoinPool.java:1979) [geneos-openaccess-client.jar:2.0.1]
	at scala.concurrent.forkjoin.ForkJoinWorkerThread.run(ForkJoinWorkerThread.java:107) [geneos-openaccess-client.jar:2.0.1]
15:34:43.258 [OpenAccessApiClient-UnknownDevBuild-akka.actor.default-dispatcher-24] INFO  c.itrsgroup.actor.MessageDispatcher - Forwarding Subscription op to cluster frontend: Subscribe(ModelSub(/geneos/gateway[(@name="GW_TEST_50144")]/directory/probe[(@name="WINSYSMON")]/managedEntity[(@name="CPU_ENTITY")]/sampler[(@name="proc")][(@type="")]/dataview,Set(),LIST,),None)
15:34:43.461 [OpenAccessApiClient-UnknownDevBuild-akka.actor.default-dispatcher-20] INFO  c.itrsgroup.actor.MessageDispatcher - Forwarding Subscription op to cluster frontend: Subscribe(ModelSub(/geneos/gateway[(@name="GW_TEST_50144")]/directory/probe[(@name="WINSYSMON")]/managedEntity[(@name="CPU_ENTITY")]/sampler[(@name="New Sampler 5")][(@type="")]/dataview,Set(),LIST,),None)
15:34:43.585 [OpenAccessApiClient-UnknownDevBuild-akka.actor.default-dispatcher-21] INFO  c.itrsgroup.actor.MessageDispatcher - Forwarding Subscription op to cluster frontend: Subscribe(ModelSub(/geneos/gateway[(@name="GW_TEST_50144")]/directory/probe[(@name="WINSYSMON")]/managedEntity[(@name="CPU_ENTITY")]/sampler[(@name="New Sampler 2")][(@type="")]/dataview,Set(),LIST,),None)
15:34:43.765 [OpenAccessApiClient-UnknownDevBuild-akka.actor.default-dispatcher-4] INFO  c.itrsgroup.actor.MessageDispatcher - Forwarding Subscription op to cluster frontend: Subscribe(ModelSub(/geneos/gateway[(@name="GW_TEST_50144")]/directory/probe[(@name="First")]/managedEntity[(@name="CPU Action test")]/sampler[(@name="CPU")][(@type="")]/dataview,Set(),LIST,),None)
15:34:44.767 [OpenAccessApiClient-UnknownDevBuild-akka.actor.default-dispatcher-5] INFO  a.r.RemoteActorRefProvider$RemotingTerminator - Shutting down remote daemon.
15:34:44.768 [OpenAccessApiClient-UnknownDevBuild-akka.actor.default-dispatcher-5] INFO  a.r.RemoteActorRefProvider$RemotingTerminator - Remote daemon shut down; proceeding with flushing remote transports.
15:34:44.779 [OpenAccessApiClient-UnknownDevBuild-akka.actor.default-dispatcher-5] INFO  a.r.RemoteActorRefProvider$RemotingTerminator - Remoting shut down.
{"/geneos/gateway[(@name=\"GW_TEST_50144\")]/directory/probe[(@name=\"SYSMON\")]/managedEntity[(@name=\"TOOLKIT_TEST\")]/sampler[(@name=\"TestSQL\")][(@type=\"\")]/dataview[(@name=\"Everything\")]":[{"XPath":"/geneos/gateway[(@name=\"GW_TEST_50144\")]/directory/probe[(@name=\"SYSMON\")]/managedEntity[(@name=\"TOOLKIT_TEST\")]/sampler[(@name=\"TestSQL\")][(@type=\"\")]/dataview[(@name=\"Everything\")]","Snoozed":false}],"/geneos/gateway[(@name=\"GW_TEST_50144\")]/directory/probe[(@name=\"SYSMON\")]/managedEntity[(@name=\"HELLO\")]/sampler[(@name=\"Cluster Monitoring Sampler\")][(@type=\"\")]/dataview[(@name=\"192-168-220-54-2551-clusterNodes\")]":[{"XPath":"/geneos/gateway[(@name=\"GW_TEST_50144\")]/directory/probe[(@name=\"SYSMON\")]/managedEntity[(@name=\"HELLO\")]/sampler[(@name=\"Cluster Monitoring Sampler\")][(@type=\"\")]/dataview[(@name=\"192-168-220-54-2551-clusterNodes\")]","Snoozed":false}],"/geneos/gateway[(@name=\"GW_TEST_50144\")]/directory/probe[(@name=\"SYSMON\")]/managedEntity[(@name=\"Copy of New Managed entity 11\")]/sampler[(@name=\"CPU_sampler\")][(@type=\"\")]/dataview[(@name=\"CPU_sampler\")]":[{"XPath":"/geneos/gateway[(@name=\"GW_TEST_50144\")]/directory/probe[(@name=\"SYSMON\")]/managedEntity[(@name=\"Copy of New Managed entity 11\")]/sampler[(@name=\"CPU_sampler\")][(@type=\"\")]/dataview[(@name=\"CPU_sampler\")]","Snoozed":false}],"/geneos/gateway[(@name=\"GW_TEST_50144\")]/directory/probe[(@name=\"SYSMON\")]/managedEntity[(@name=\"HELLO\")]/sampler[(@name=\"Cluster Monitoring Sampler\")][(@type=\"\")]/dataview[(@name=\"192-168-220-54-2551-clients\")]":[{"XPath":"/geneos/gateway[(@name=\"GW_TEST_50144\")]/directory/probe[(@name=\"SYSMON\")]/managedEntity[(@name=\"HELLO\")]/sampler[(@name=\"Cluster Monitoring Sampler\")][(@type=\"\")]/dataview[(@name=\"192-168-220-54-2551-clients\")]","Snoozed":false}],"/geneos/gateway[(@name=\"GW_TEST_50144\")]/directory/probe[(@name=\"SYSMON\")]/managedEntity[(@name=\"CPU_Entity\")]/sampler[(@name=\"new SQl tester\")][(@type=\"\")]/dataview[(@name=\"cpuAgain\")]":[{"XPath":"/geneos/gateway[(@name=\"GW_TEST_50144\")]/directory/probe[(@name=\"SYSMON\")]/managedEntity[(@name=\"CPU_Entity\")]/sampler[(@name=\"new SQl tester\")][(@type=\"\")]/dataview[(@name=\"cpuAgain\")]","Snoozed":false}],"/geneos/gateway[(@name=\"GW_TEST_50144\")]/directory/probe[(@name=\"WINSYSMON\")]/managedEntity[(@name=\"CPU_ENTITY\")]/sampler[(@name=\"Timestamp sql\")][(@type=\"\")]/dataview[(@name=\"timediff\")]":[{"XPath":"/geneos/gateway[(@name=\"GW_TEST_50144\")]/directory/probe[(@name=\"WINSYSMON\")]/managedEntity[(@name=\"CPU_ENTITY\")]/sampler[(@name=\"Timestamp sql\")][(@type=\"\")]/dataview[(@name=\"timediff\")]","Snoozed":false}],"/geneos/gateway[(@name=\"GW_TEST_50144\")]/directory/probe[(@name=\"SYSMON\")]/managedEntity[(@name=\"Copy of New Managed entity 5\")]/sampler[(@name=\"CPU_sampler\")][(@type=\"\")]/dataview[(@name=\"CPU_sampler\")]":[{"XPath":"/geneos/gateway[(@name=\"GW_TEST_50144\")]/directory/probe[(@name=\"SYSMON\")]/managedEntity[(@name=\"Copy of New Managed entity 5\")]/sampler[(@name=\"CPU_sampler\")][(@type=\"\")]/dataview[(@name=\"CPU_sampler\")]","Snoozed":false}],"/geneos/gateway[(@name=\"GW_TEST_50144\")]/directory/probe[(@name=\"SYSMON\")]/managedEntity[(@name=\"zzzzzzzzz\")]/sampler[(@name=\"Toolkit\")][(@type=\"\")]/dataview[(@name=\"Toolkit\")]":[{"XPath":"/geneos/gateway[(@name=\"GW_TEST_50144\")]/directory/probe[(@name=\"SYSMON\")]/managedEntity[(@name=\"zzzzzzzzz\")]/sampler[(@name=\"Toolkit\")][(@type=\"\")]/dataview[(@name=\"Toolkit\")]","Snoozed":false}],"/geneos/gateway[(@name=\"GW_TEST_50144\")]/directory/probe[(@name=\"WINSYSMON\")]/managedEntity[(@name=\"CPU_ENTITY\")]/sampler[(@name=\"Win Services\")][(@type=\"\")]/dataview[(@name=\"Win Services\")]":[{"XPath":"/geneos/gateway[(@name=\"GW_TEST_50144\")]/directory/probe[(@name=\"WINSYSMON\")]/managedEntity[(@name=\"CPU_ENTITY\")]/sampler[(@name=\"Win Services\")][(@type=\"\")]/dataview[(@name=\"Win Services\")]","Snoozed":false}],"/geneos/gateway[(@name=\"GW_TEST_50144\")]/directory/probe[(@name=\"SYSMON\")]/managedEntity[(@name=\"Copy of New Managed entity 6\")]/sampler[(@name=\"CPU_sampler\")][(@type=\"\")]/dataview[(@name=\"CPU_sampler\")]":[{"XPath":"/geneos/gateway[(@name=\"GW_TEST_50144\")]/directory/probe[(@name=\"SYSMON\")]/managedEntity[(@name=\"Copy of New Managed entity 6\")]/sampler[(@name=\"CPU_sampler\")][(@type=\"\")]/dataview[(@name=\"CPU_sampler\")]","Snoozed":false}],"/geneos/gateway[(@name=\"GW_TEST_50144\")]/directory/probe[(@name=\"SYSMON\")]/managedEntity[(@name=\"CPU_Entity\")]/sampler[(@name=\"New Sampler 2\")][(@type=\"\")]/dataview[(@name=\"New Sampler 2\")]":[{"XPath":"/geneos/gateway[(@name=\"GW_TEST_50144\")]/directory/probe[(@name=\"SYSMON\")]/managedEntity[(@name=\"CPU_Entity\")]/sampler[(@name=\"New Sampler 2\")][(@type=\"\")]/dataview[(@name=\"New Sampler 2\")]","Snoozed":false}],"/geneos/gateway[(@name=\"GW_TEST_50144\")]/directory/probe[(@name=\"WINSYSMON\")]/managedEntity[(@name=\"CPU_ENTITY\")]/sampler[(@name=\"New Sampler 5\")][(@type=\"\")]/dataview[(@name=\"New Sampler 5\")]":[{"XPath":"/geneos/gateway[(@name=\"GW_TEST_50144\")]/directory/probe[(@name=\"WINSYSMON\")]/managedEntity[(@name=\"CPU_ENTITY\")]/sampler[(@name=\"New Sampler 5\")][(@type=\"\")]/dataview[(@name=\"New Sampler 5\")]","Snoozed":false}],"/geneos/gateway[(@name=\"GW_TEST_50144\")]/directory/probe[(@name=\"WINSYSMON\")]/managedEntity[(@name=\"CPU_ENTITY\")]/sampler[(@name=\"Toolkit2\")][(@type=\"\")]/dataview[(@name=\"Instances\")]":[{"XPath":"/geneos/gateway[(@name=\"GW_TEST_50144\")]/directory/probe[(@name=\"WINSYSMON\")]/managedEntity[(@name=\"CPU_ENTITY\")]/sampler[(@name=\"Toolkit2\")][(@type=\"\")]/dataview[(@name=\"Instances\")]","Snoozed":false}],"/geneos/gateway[(@name=\"GW_TEST_50144\")]/directory/probe[(@name=\"SYSMON\")]/managedEntity[(@name=\"Copy of New Managed entity 4\")]/sampler[(@name=\"CPU_sampler\")][(@type=\"\")]/dataview[(@name=\"CPU_sampler\")]":[{"XPath":"/geneos/gateway[(@name=\"GW_TEST_50144\")]/directory/probe[(@name=\"SYSMON\")]/managedEntity[(@name=\"Copy of New Managed entity 4\")]/sampler[(@name=\"CPU_sampler\")][(@type=\"\")]/dataview[(@name=\"CPU_sampler\")]","Snoozed":false}],"/geneos/gateway[(@name=\"GW_TEST_50144\")]/directory/probe[(@name=\"WINSYSMON\")]/managedEntity[(@name=\"CPU_ENTITY\")]/sampler[(@name=\"Trigger sample\")][(@type=\"\")]/dataview[(@name=\"Triggered\")]":[{"XPath":"/geneos/gateway[(@name=\"GW_TEST_50144\")]/directory/probe[(@name=\"WINSYSMON\")]/managedEntity[(@name=\"CPU_ENTITY\")]/sampler[(@name=\"Trigger sample\")][(@type=\"\")]/dataview[(@name=\"Triggered\")]","Snoozed":false}],"/geneos/gateway[(@name=\"GW_TEST_50144\")]/directory/probe[(@name=\"SYSMON\")]/managedEntity[(@name=\"CPU_Entity\")]/sampler[(@name=\"SQL gateway\")][(@type=\"\")]/dataview[(@name=\"V1\")]":[{"XPath":"/geneos/gateway[(@name=\"GW_TEST_50144\")]/directory/probe[(@name=\"SYSMON\")]/managedEntity[(@name=\"CPU_Entity\")]/sampler[(@name=\"SQL gateway\")][(@type=\"\")]/dataview[(@name=\"V1\")]","Snoozed":false}],"/geneos/gateway[(@name=\"GW_TEST_50144\")]/directory/probe[(@name=\"WINSYSMON\")]/managedEntity[(@name=\"CPU_ENTITY\")]/sampler[(@name=\"eventlog\")][(@type=\"\")]/dataview[(@name=\"eventlog\")]":[{"XPath":"/geneos/gateway[(@name=\"GW_TEST_50144\")]/directory/probe[(@name=\"WINSYSMON\")]/managedEntity[(@name=\"CPU_ENTITY\")]/sampler[(@name=\"eventlog\")][(@type=\"\")]/dataview[(@name=\"eventlog\")]","Snoozed":false}],"/geneos/gateway[(@name=\"GW_TEST_50144\")]/directory/probe[(@name=\"SYSMON\")]/managedEntity[(@name=\"Android\")]/sampler[(@name=\"AppTest\")][(@type=\"\")]/dataview[(@name=\"AppTest\")]":[{"XPath":"/geneos/gateway[(@name=\"GW_TEST_50144\")]/directory/probe[(@name=\"SYSMON\")]/managedEntity[(@name=\"Android\")]/sampler[(@name=\"AppTest\")][(@type=\"\")]/dataview[(@name=\"AppTest\")]","Snoozed":false}],"/geneos/gateway[(@name=\"GW_TEST_50144\")]/directory/probe[(@name=\"SYSMON\")]/managedEntity[(@name=\"CPU_Entity\")]/sampler[(@name=\"new SQl tester\")][(@type=\"\")]/dataview[(@name=\"cpu\")]":[{"XPath":"/geneos/gateway[(@name=\"GW_TEST_50144\")]/directory/probe[(@name=\"SYSMON\")]/managedEntity[(@name=\"CPU_Entity\")]/sampler[(@name=\"new SQl tester\")][(@type=\"\")]/dataview[(@name=\"cpu\")]","Snoozed":false}],"/geneos/gateway[(@name=\"GW_TEST_50144\")]/directory/probe[(@name=\"SYSMON\")]/managedEntity[(@name=\"HELLO\")]/sampler[(@name=\"Cluster Monitoring Sampler\")][(@type=\"\")]/dataview[(@name=\"Diagnostics\")]":[{"XPath":"/geneos/gateway[(@name=\"GW_TEST_50144\")]/directory/probe[(@name=\"SYSMON\")]/managedEntity[(@name=\"HELLO\")]/sampler[(@name=\"Cluster Monitoring Sampler\")][(@type=\"\")]/dataview[(@name=\"Diagnostics\")]","Snoozed":false}],"/geneos/gateway[(@name=\"GW_TEST_50144\")]/directory/probe[(@name=\"SYSMON\")]/managedEntity[(@name=\"CPU_Entity\")]/sampler[(@name=\"New Sampler 9\")][(@type=\"\")]/dataview[(@name=\"New Sampler 9\")]":[{"XPath":"/geneos/gateway[(@name=\"GW_TEST_50144\")]/directory/probe[(@name=\"SYSMON\")]/managedEntity[(@name=\"CPU_Entity\")]/sampler[(@name=\"New Sampler 9\")][(@type=\"\")]/dataview[(@name=\"New Sampler 9\")]","Snoozed":false}],"/geneos/gateway[(@name=\"GW_TEST_50144\")]/directory/probe[(@name=\"WINSYSMON\")]/managedEntity[(@name=\"CPU_ENTITY\")]/sampler[(@name=\"proc\")][(@type=\"\")]/dataview[(@name=\"proc\")]":[{"XPath":"/geneos/gateway[(@name=\"GW_TEST_50144\")]/directory/probe[(@name=\"WINSYSMON\")]/managedEntity[(@name=\"CPU_ENTITY\")]/sampler[(@name=\"proc\")][(@type=\"\")]/dataview[(@name=\"proc\")]","Snoozed":false}],"/geneos/gateway[(@name=\"GW_TEST_50144\")]/directory/probe[(@name=\"WINSYSMON\")]/managedEntity[(@name=\"CPU_ENTITY\")]/sampler[(@name=\"TestSQL\")][(@type=\"\")]/dataview[(@name=\"Everything\")]":[{"XPath":"/geneos/gateway[(@name=\"GW_TEST_50144\")]/directory/probe[(@name=\"WINSYSMON\")]/managedEntity[(@name=\"CPU_ENTITY\")]/sampler[(@name=\"TestSQL\")][(@type=\"\")]/dataview[(@name=\"Everything\")]","Snoozed":false}],"/geneos/gateway[(@name=\"GW_TEST_50144\")]/directory/probe[(@name=\"WINSYSMON\")]/managedEntity[(@name=\"CPU_ENTITY\")]/sampler[(@name=\"Toolkit2\")][(@type=\"\")]/dataview[(@name=\"Percentage use\")]":[{"XPath":"/geneos/gateway[(@name=\"GW_TEST_50144\")]/directory/probe[(@name=\"WINSYSMON\")]/managedEntity[(@name=\"CPU_ENTITY\")]/sampler[(@name=\"Toolkit2\")][(@type=\"\")]/dataview[(@name=\"Percentage use\")]","Snoozed":false}],"/geneos/gateway[(@name=\"GW_TEST_50144\")]/directory/probe[(@name=\"SYSMON\")]/managedEntity[(@name=\"Copy of New Managed entity 8\")]/sampler[(@name=\"CPU_sampler\")][(@type=\"\")]/dataview[(@name=\"CPU_sampler\")]":[{"XPath":"/geneos/gateway[(@name=\"GW_TEST_50144\")]/directory/probe[(@name=\"SYSMON\")]/managedEntity[(@name=\"Copy of New Managed entity 8\")]/sampler[(@name=\"CPU_sampler\")][(@type=\"\")]/dataview[(@name=\"CPU_sampler\")]","Snoozed":false}],"/geneos/gateway[(@name=\"GW_TEST_50144\")]/directory/probe[(@name=\"SYSMON\")]/managedEntity[(@name=\"tttttttttttttttttteeeeeeeeeeeeeeeeeeeeeeeesssssssssssssssssssssssstttttttttttttttttttttttt\")]/sampler[(@name=\"CPU_sampler\")][(@type=\"\")]/dataview[(@name=\"CPU_sampler\")]":[{"XPath":"/geneos/gateway[(@name=\"GW_TEST_50144\")]/directory/probe[(@name=\"SYSMON\")]/managedEntity[(@name=\"tttttttttttttttttteeeeeeeeeeeeeeeeeeeeeeeesssssssssssssssssssssssstttttttttttttttttttttttt\")]/sampler[(@name=\"CPU_sampler\")][(@type=\"\")]/dataview[(@name=\"CPU_sampler\")]","Snoozed":false}],"/geneos/gateway[(@name=\"GW_TEST_50144\")]/directory/probe[(@name=\"SYSMON\")]/managedEntity[(@name=\"HELLO\")]/sampler[(@name=\"new SQl tester\")][(@type=\"\")]/dataview[(@name=\"cpuAgain\")]":[{"XPath":"/geneos/gateway[(@name=\"GW_TEST_50144\")]/directory/probe[(@name=\"SYSMON\")]/managedEntity[(@name=\"HELLO\")]/sampler[(@name=\"new SQl tester\")][(@type=\"\")]/dataview[(@name=\"cpuAgain\")]","Snoozed":false}],"/geneos/gateway[(@name=\"GW_TEST_50144\")]/directory/probe[(@name=\"SYSMON\")]/managedEntity[(@name=\"FKM\")]/sampler[(@name=\"FKM\")][(@type=\"\")]/dataview[(@name=\"FKM\")]":[{"XPath":"/geneos/gateway[(@name=\"GW_TEST_50144\")]/directory/probe[(@name=\"SYSMON\")]/managedEntity[(@name=\"FKM\")]/sampler[(@name=\"FKM\")][(@type=\"\")]/dataview[(@name=\"FKM\")]","Snoozed":false}],"/geneos/gateway[(@name=\"GW_TEST_50144\")]/directory/probe[(@name=\"SYSMON\")]/managedEntity[(@name=\"TOOLKIT_TEST\")]/sampler[(@name=\"ICE MYSQL\")][(@type=\"\")]/dataview[(@name=\"ICE RECENT\")]":[{"XPath":"/geneos/gateway[(@name=\"GW_TEST_50144\")]/directory/probe[(@name=\"SYSMON\")]/managedEntity[(@name=\"TOOLKIT_TEST\")]/sampler[(@name=\"ICE MYSQL\")][(@type=\"\")]/dataview[(@name=\"ICE RECENT\")]","Snoozed":false}],"/geneos/gateway[(@name=\"GW_TEST_50144\")]/directory/probe[(@name=\"SYSMON\")]/managedEntity[(@name=\"THISISATEST\")]/sampler[(@name=\"FTM Test\")][(@type=\"\")]/dataview[(@name=\"FTM Test\")]":[{"XPath":"/geneos/gateway[(@name=\"GW_TEST_50144\")]/directory/probe[(@name=\"SYSMON\")]/managedEntity[(@name=\"THISISATEST\")]/sampler[(@name=\"FTM Test\")][(@type=\"\")]/dataview[(@name=\"FTM Test\")]","Snoozed":false}],"/geneos/gateway[(@name=\"GW_TEST_50144\")]/directory/probe[(@name=\"SYSMON\")]/managedEntity[(@name=\"Copy of New Managed entity 9\")]/sampler[(@name=\"CPU_sampler\")][(@type=\"\")]/dataview[(@name=\"CPU_sampler\")]":[{"XPath":"/geneos/gateway[(@name=\"GW_TEST_50144\")]/directory/probe[(@name=\"SYSMON\")]/managedEntity[(@name=\"Copy of New Managed entity 9\")]/sampler[(@name=\"CPU_sampler\")][(@type=\"\")]/dataview[(@name=\"CPU_sampler\")]","Snoozed":false}],"/geneos/gateway[(@name=\"GW_TEST_50144\")]/directory/probe[(@name=\"WINSYSMON\")]/managedEntity[(@name=\"CPU_ENTITY\")]/sampler[(@name=\"CPU_sampler\")][(@type=\"\")]/dataview[(@name=\"CPU_sampler\")]":[{"XPath":"/geneos/gateway[(@name=\"GW_TEST_50144\")]/directory/probe[(@name=\"WINSYSMON\")]/managedEntity[(@name=\"CPU_ENTITY\")]/sampler[(@name=\"CPU_sampler\")][(@type=\"\")]/dataview[(@name=\"CPU_sampler\")]","Snoozed":false}],"/geneos/gateway[(@name=\"GW_TEST_50144\")]/directory/probe[(@name=\"SYSMON\")]/managedEntity[(@name=\"HELLO\")]/sampler[(@name=\"FKM\")][(@type=\"\")]/dataview[(@name=\"FKM\")]":[{"XPath":"/geneos/gateway[(@name=\"GW_TEST_50144\")]/directory/probe[(@name=\"SYSMON\")]/managedEntity[(@name=\"HELLO\")]/sampler[(@name=\"FKM\")][(@type=\"\")]/dataview[(@name=\"FKM\")]","Snoozed":false}],"/geneos/gateway[(@name=\"GW_TEST_50144\")]/directory/probe[(@name=\"SYSMON\")]/managedEntity[(@name=\"HELLO\")]/sampler[(@name=\"New Sampler 1\")][(@type=\"\")]/dataview[(@name=\"test\")]":[{"XPath":"/geneos/gateway[(@name=\"GW_TEST_50144\")]/directory/probe[(@name=\"SYSMON\")]/managedEntity[(@name=\"HELLO\")]/sampler[(@name=\"New Sampler 1\")][(@type=\"\")]/dataview[(@name=\"test\")]","Snoozed":false}],"/geneos/gateway[(@name=\"GW_TEST_50144\")]/directory/probe[(@name=\"SYSMON\")]/managedEntity[(@name=\"Copy of New Managed entity 3\")]/sampler[(@name=\"CPU_sampler\")][(@type=\"\")]/dataview[(@name=\"CPU_sampler\")]":[{"XPath":"/geneos/gateway[(@name=\"GW_TEST_50144\")]/directory/probe[(@name=\"SYSMON\")]/managedEntity[(@name=\"Copy of New Managed entity 3\")]/sampler[(@name=\"CPU_sampler\")][(@type=\"\")]/dataview[(@name=\"CPU_sampler\")]","Snoozed":false}],"/geneos/gateway[(@name=\"GW_TEST_50144\")]/directory/probe[(@name=\"SYSMON\")]/managedEntity[(@name=\"CPU_Entity\")]/sampler[(@name=\"CPU_sampler\")][(@type=\"\")]/dataview[(@name=\"CPU_sampler\")]":[{"XPath":"/geneos/gateway[(@name=\"GW_TEST_50144\")]/directory/probe[(@name=\"SYSMON\")]/managedEntity[(@name=\"CPU_Entity\")]/sampler[(@name=\"CPU_sampler\")][(@type=\"\")]/dataview[(@name=\"CPU_sampler\")]","Snoozed":false}],"/geneos/gateway[(@name=\"GW_TEST_50144\")]/directory/probe[(@name=\"WINSYSMON\")]/managedEntity[(@name=\"CPU_ENTITY\")]/sampler[(@name=\"New Sampler 2\")][(@type=\"\")]/dataview[(@name=\"New Sampler 2\")]":[{"XPath":"/geneos/gateway[(@name=\"GW_TEST_50144\")]/directory/probe[(@name=\"WINSYSMON\")]/managedEntity[(@name=\"CPU_ENTITY\")]/sampler[(@name=\"New Sampler 2\")][(@type=\"\")]/dataview[(@name=\"New Sampler 2\")]","Snoozed":false}],"/geneos/gateway[(@name=\"GW_TEST_50144\")]/directory/probe[(@name=\"SYSMON\")]/managedEntity[(@name=\"CPU_Entity\")]/sampler[(@name=\"TEST_LOG LOCAL1\")][(@type=\"\")]/dataview[(@name=\"TEST_LOG LOCAL1\")]":[{"XPath":"/geneos/gateway[(@name=\"GW_TEST_50144\")]/directory/probe[(@name=\"SYSMON\")]/managedEntity[(@name=\"CPU_Entity\")]/sampler[(@name=\"TEST_LOG LOCAL1\")][(@type=\"\")]/dataview[(@name=\"TEST_LOG LOCAL1\")]","Snoozed":false}],"/geneos/gateway[(@name=\"GW_TEST_50144\")]/directory/probe[(@name=\"SYSMON\")]/managedEntity[(@name=\"tttttttttttttttttteeeeeeeeeeeeeeeeeeeeeeeesssssssssssssssssssssssstttttttttttttttttttttttt\")]/sampler[(@name=\"FKM\")][(@type=\"\")]/dataview[(@name=\"FKM\")]":[{"XPath":"/geneos/gateway[(@name=\"GW_TEST_50144\")]/directory/probe[(@name=\"SYSMON\")]/managedEntity[(@name=\"tttttttttttttttttteeeeeeeeeeeeeeeeeeeeeeeesssssssssssssssssssssssstttttttttttttttttttttttt\")]/sampler[(@name=\"FKM\")][(@type=\"\")]/dataview[(@name=\"FKM\")]","Snoozed":false}],"/geneos/gateway[(@name=\"GW_TEST_50144\")]/directory/probe[(@name=\"SYSMON\")]/managedEntity[(@name=\"Copy of New Managed entity 1\")]/sampler[(@name=\"CPU_sampler\")][(@type=\"\")]/dataview[(@name=\"CPU_sampler\")]":[{"XPath":"/geneos/gateway[(@name=\"GW_TEST_50144\")]/directory/probe[(@name=\"SYSMON\")]/managedEntity[(@name=\"Copy of New Managed entity 1\")]/sampler[(@name=\"CPU_sampler\")][(@type=\"\")]/dataview[(@name=\"CPU_sampler\")]","Snoozed":false}],"/geneos/gateway[(@name=\"GW_TEST_50144\")]/directory/probe[(@name=\"SYSMON\")]/managedEntity[(@name=\"HELLO\")]/sampler[(@name=\"Cluster Monitoring Sampler\")][(@type=\"\")]/dataview[(@name=\"192-168-220-54-2551-gateways\")]":[{"XPath":"/geneos/gateway[(@name=\"GW_TEST_50144\")]/directory/probe[(@name=\"SYSMON\")]/managedEntity[(@name=\"HELLO\")]/sampler[(@name=\"Cluster Monitoring Sampler\")][(@type=\"\")]/dataview[(@name=\"192-168-220-54-2551-gateways\")]","Snoozed":false}],"/geneos/gateway[(@name=\"GW_TEST_50144\")]/directory/probe[(@name=\"SYSMON\")]/managedEntity[(@name=\"Copy of New Managed entity 10\")]/sampler[(@name=\"CPU_sampler\")][(@type=\"\")]/dataview[(@name=\"CPU_sampler\")]":[{"XPath":"/geneos/gateway[(@name=\"GW_TEST_50144\")]/directory/probe[(@name=\"SYSMON\")]/managedEntity[(@name=\"Copy of New Managed entity 10\")]/sampler[(@name=\"CPU_sampler\")][(@type=\"\")]/dataview[(@name=\"CPU_sampler\")]","Snoozed":false}],"/geneos/gateway[(@name=\"GW_TEST_50144\")]/directory/probe[(@name=\"SYSMON\")]/managedEntity[(@name=\"Copy of New Managed entity\")]/sampler[(@name=\"CPU_sampler\")][(@type=\"\")]/dataview[(@name=\"CPU_sampler\")]":[{"XPath":"/geneos/gateway[(@name=\"GW_TEST_50144\")]/directory/probe[(@name=\"SYSMON\")]/managedEntity[(@name=\"Copy of New Managed entity\")]/sampler[(@name=\"CPU_sampler\")][(@type=\"\")]/dataview[(@name=\"CPU_sampler\")]","Snoozed":false}],"/geneos/gateway[(@name=\"GW_TEST_50144\")]/directory/probe[(@name=\"SYSMON\")]/managedEntity[(@name=\"TOOLKIT_TEST\")]/sampler[(@name=\"ME VS APPa\")][(@type=\"\")]/dataview[(@name=\"ME VS APP\")]":[{"XPath":"/geneos/gateway[(@name=\"GW_TEST_50144\")]/directory/probe[(@name=\"SYSMON\")]/managedEntity[(@name=\"TOOLKIT_TEST\")]/sampler[(@name=\"ME VS APPa\")][(@type=\"\")]/dataview[(@name=\"ME VS APP\")]","Snoozed":false}],"/geneos/gateway[(@name=\"GW_TEST_50144\")]/directory/probe[(@name=\"SYSMON\")]/managedEntity[(@name=\"HELLO\")]/sampler[(@name=\"new SQl tester\")][(@type=\"\")]/dataview[(@name=\"cpu\")]":[{"XPath":"/geneos/gateway[(@name=\"GW_TEST_50144\")]/directory/probe[(@name=\"SYSMON\")]/managedEntity[(@name=\"HELLO\")]/sampler[(@name=\"new SQl tester\")][(@type=\"\")]/dataview[(@name=\"cpu\")]","Snoozed":false}],"/geneos/gateway[(@name=\"GW_TEST_50144\")]/directory/probe[(@name=\"SYSMON\")]/managedEntity[(@name=\"Copy of New Managed entity 2\")]/sampler[(@name=\"CPU_sampler\")][(@type=\"\")]/dataview[(@name=\"CPU_sampler\")]":[{"XPath":"/geneos/gateway[(@name=\"GW_TEST_50144\")]/directory/probe[(@name=\"SYSMON\")]/managedEntity[(@name=\"Copy of New Managed entity 2\")]/sampler[(@name=\"CPU_sampler\")][(@type=\"\")]/dataview[(@name=\"CPU_sampler\")]","Snoozed":false}],"/geneos/gateway[(@name=\"GW_TEST_50144\")]/directory/probe[(@name=\"SYSMON\")]/managedEntity[(@name=\"Copy of New Managed entity 7\")]/sampler[(@name=\"CPU_sampler\")][(@type=\"\")]/dataview[(@name=\"CPU_sampler\")]":[{"XPath":"/geneos/gateway[(@name=\"GW_TEST_50144\")]/directory/probe[(@name=\"SYSMON\")]/managedEntity[(@name=\"Copy of New Managed entity 7\")]/sampler[(@name=\"CPU_sampler\")][(@type=\"\")]/dataview[(@name=\"CPU_sampler\")]","Snoozed":false}],"/geneos/gateway[(@name=\"GW_TEST_50144\")]/directory/probe[(@name=\"SYSMON\")]/managedEntity[(@name=\"TOOLKIT_TEST\")]/sampler[(@name=\"TEST ICE\")][(@type=\"\")]/dataview[(@name=\"ICE RECENT\")]":[{"XPath":"/geneos/gateway[(@name=\"GW_TEST_50144\")]/directory/probe[(@name=\"SYSMON\")]/managedEntity[(@name=\"TOOLKIT_TEST\")]/sampler[(@name=\"TEST ICE\")][(@type=\"\")]/dataview[(@name=\"ICE RECENT\")]","Snoozed":false}],"/geneos/gateway[(@name=\"GW_TEST_50144\")]/directory/probe[(@name=\"SYSMON\")]/managedEntity[(@name=\"FKM\")]/sampler[(@name=\"FTM Test\")][(@type=\"\")]/dataview[(@name=\"FTM Test\")]":[{"XPath":"/geneos/gateway[(@name=\"GW_TEST_50144\")]/directory/probe[(@name=\"SYSMON\")]/managedEntity[(@name=\"FKM\")]/sampler[(@name=\"FTM Test\")][(@type=\"\")]/dataview[(@name=\"FTM Test\")]","Snoozed":false}],"/geneos/gateway[(@name=\"GW_TEST_50144\")]/directory/probe[(@name=\"SYSMON\")]/managedEntity[(@name=\"New Managed entity\")]/sampler[(@name=\"CPU_sampler\")][(@type=\"\")]/dataview[(@name=\"CPU_sampler\")]":[{"XPath":"/geneos/gateway[(@name=\"GW_TEST_50144\")]/directory/probe[(@name=\"SYSMON\")]/managedEntity[(@name=\"New Managed entity\")]/sampler[(@name=\"CPU_sampler\")][(@type=\"\")]/dataview[(@name=\"CPU_sampler\")]","Snoozed":false}],"/geneos/gateway[(@name=\"GW_TEST_50144\")]/directory/probe[(@name=\"SYSMON\")]/managedEntity[(@name=\"TOOLKIT_TEST\")]/sampler[(@name=\"New Sampler 6\")][(@type=\"\")]/dataview[(@name=\"New Sampler 6\")]":[{"XPath":"/geneos/gateway[(@name=\"GW_TEST_50144\")]/directory/probe[(@name=\"SYSMON\")]/managedEntity[(@name=\"TOOLKIT_TEST\")]/sampler[(@name=\"New Sampler 6\")][(@type=\"\")]/dataview[(@name=\"New Sampler 6\")]","Snoozed":false}],"/geneos/gateway[(@name=\"GW_TEST_50144\")]/directory/probe[(@name=\"SYSMON\")]/managedEntity[(@name=\"TOOLKIT_TEST\")]/sampler[(@name=\"Toolkit\")][(@type=\"\")]/dataview[(@name=\"Toolkit\")]":[{"XPath":"/geneos/gateway[(@name=\"GW_TEST_50144\")]/directory/probe[(@name=\"SYSMON\")]/managedEntity[(@name=\"TOOLKIT_TEST\")]/sampler[(@name=\"Toolkit\")][(@type=\"\")]/dataview[(@name=\"Toolkit\")]","Snoozed":false}]}
]]></system-out>
  <system-err><![CDATA[Feb 11, 2016 3:34:09 PM geneos_notification.loggers.LogObject doLog
INFO: Row request made for row at xpath : /geneos/gateway[(@name="GW_TEST_50144")]/directory/probe[(@name="SYSMON")]/managedEntity[(@name="CPU_Entity")]/sampler[(@name="CPU_sampler")][(@type="")]/dataview[(@name="CPU_sampler")]/rows/row[(@name="cpu_0")]/cell[(@column="percentUtilisation")]
SLF4J: The following loggers will not work because they were created
SLF4J: during the default configuration phase of the underlying logging system.
SLF4J: See also http://www.slf4j.org/codes.html#substituteLogger
SLF4J: akka.event.slf4j.Slf4jLogger
SLF4J: akka.event.slf4j.Slf4jLogger
SLF4J: akka.event.slf4j.Slf4jLogger
SLF4J: com.itrsgroup.activemodel.core.data.jackson.JacksonCodec
Feb 11, 2016 3:34:10 PM geneos_notification.loggers.LogObject doLog
INFO: Thread xpath exection for path : testa6
Feb 11, 2016 3:34:10 PM geneos_notification.loggers.LogObject doLog
INFO: Thread xpath exection for path : testc6
Feb 11, 2016 3:34:10 PM geneos_notification.loggers.LogObject doLog
INFO: Thread xpath exection for path : testb6
Feb 11, 2016 3:34:11 PM geneos_notification.loggers.LogObject doLog
SEVERE: [T-ERROR]Error retrieving DataSet: java.lang.Exception: Invalid step in path: testc6
Feb 11, 2016 3:34:11 PM geneos_notification.loggers.LogObject doLog
INFO: [T-INFO]Thread Execution successful
Feb 11, 2016 3:34:11 PM geneos_notification.loggers.LogObject doLog
WARNING: [T-WARNING]OpenAccess null response due to multiple reloads, this is handled and expected.
Feb 11, 2016 3:34:11 PM geneos_notification.loggers.LogObject doLog
SEVERE: [T-ERROR]Error retrieving DataSet: java.lang.Exception: Invalid step in path: testa6
Feb 11, 2016 3:34:11 PM geneos_notification.loggers.LogObject doLog
INFO: [T-INFO]Thread Execution successful
Feb 11, 2016 3:34:11 PM geneos_notification.loggers.LogObject doLog
SEVERE: [T-ERROR]Error retrieving DataSet: java.lang.Exception: Invalid step in path: testb6
Feb 11, 2016 3:34:11 PM geneos_notification.loggers.LogObject doLog
INFO: [T-INFO]Thread Execution successful
Feb 11, 2016 3:34:11 PM geneos_notification.loggers.LogObject doLog
WARNING: [T-WARNING]OpenAccess null response due to multiple reloads, this is handled and expected.
Feb 11, 2016 3:34:11 PM geneos_notification.loggers.LogObject doLog
INFO: Login attempt with username : testc5@Default
Feb 11, 2016 3:34:11 PM geneos_notification.loggers.LogObject doLog
INFO: [SQL]Checking user : testc5@Default & testc5
Feb 11, 2016 3:34:11 PM geneos_notification.loggers.LogObject doLog
INFO: [SQL]Device testc5 logged in successfully
Feb 11, 2016 3:34:11 PM geneos_notification.loggers.LogObject doLog
INFO: Initial log on for testc5@Default with device testc5
Feb 11, 2016 3:34:11 PM geneos_notification.loggers.LogObject doLog
INFO: [T-INFO]Initialization of thread for xpath : testc5
Feb 11, 2016 3:34:11 PM geneos_notification.loggers.LogObject doLog
INFO: Login attempt with username : testa5
Feb 11, 2016 3:34:11 PM geneos_notification.loggers.LogObject doLog
INFO: [SQL]Checking user : testa5 & testa5
Feb 11, 2016 3:34:11 PM geneos_notification.loggers.LogObject doLog
WARNING: [SQL]User has tried to log in with an invalid domain : testa5
Feb 11, 2016 3:34:11 PM geneos_notification.loggers.LogObject doLog
WARNING: Attempted login made by unauthorised user with username : testa5
Feb 11, 2016 3:34:11 PM geneos_notification.loggers.LogObject doLog
INFO: [DVLIST UPDATE]Gateway setup alteration detected (Hooks), Dataview List is updating
Feb 11, 2016 3:34:12 PM geneos_notification.loggers.LogObject doLog
INFO: Thread xpath exection for path : testc5
Feb 11, 2016 3:34:12 PM geneos_notification.loggers.LogObject doLog
SEVERE: [T-ERROR]Error retrieving DataSet: java.lang.Exception: Invalid step in path: testc5
Feb 11, 2016 3:34:12 PM geneos_notification.loggers.LogObject doLog
INFO: [T-INFO]Thread Execution successful
Feb 11, 2016 3:34:12 PM geneos_notification.loggers.LogObject doLog
WARNING: [T-WARNING]OpenAccess null response due to multiple reloads, this is handled and expected.
Feb 11, 2016 3:34:21 PM geneos_notification.loggers.LogObject doLog
INFO: Thread xpath exection for path : testc6
Feb 11, 2016 3:34:21 PM geneos_notification.loggers.LogObject doLog
SEVERE: [T-ERROR]Error retrieving DataSet: java.lang.Exception: Invalid step in path: testc6
Feb 11, 2016 3:34:21 PM geneos_notification.loggers.LogObject doLog
INFO: [T-INFO]Thread Execution successful
Feb 11, 2016 3:34:21 PM geneos_notification.loggers.LogObject doLog
INFO: Thread xpath exection for path : testa6
Feb 11, 2016 3:34:21 PM geneos_notification.loggers.LogObject doLog
SEVERE: [T-ERROR]Error retrieving DataSet: java.lang.Exception: Invalid step in path: testa6
Feb 11, 2016 3:34:21 PM geneos_notification.loggers.LogObject doLog
INFO: [T-INFO]Thread Execution successful
Feb 11, 2016 3:34:21 PM geneos_notification.loggers.LogObject doLog
INFO: Thread xpath exection for path : testb6
Feb 11, 2016 3:34:22 PM geneos_notification.loggers.LogObject doLog
SEVERE: [T-ERROR]Error retrieving DataSet: java.lang.Exception: Invalid step in path: testb6
Feb 11, 2016 3:34:22 PM geneos_notification.loggers.LogObject doLog
INFO: [T-INFO]Thread Execution successful
Feb 11, 2016 3:34:22 PM geneos_notification.loggers.LogObject doLog
INFO: Thread xpath exection for path : testc5
Feb 11, 2016 3:34:22 PM geneos_notification.loggers.LogObject doLog
SEVERE: [T-ERROR]Error retrieving DataSet: java.lang.Exception: Invalid step in path: testc5
Feb 11, 2016 3:34:22 PM geneos_notification.loggers.LogObject doLog
INFO: [T-INFO]Thread Execution successful
Feb 11, 2016 3:34:28 PM geneos_notification.loggers.LogObject doLog
INFO: [DT-INFO]Collected Dataviews : [/geneos/gateway[(@name="GW_TEST_50144")]/directory/probe[(@name="SYSMON")]/managedEntity[(@name="Android")]/sampler[(@name="AppTest")][(@type="")]/dataview[(@name="AppTest")], /geneos/gateway[(@name="GW_TEST_50144")]/directory/probe[(@name="SYSMON")]/managedEntity[(@name="CPU_Entity")]/sampler[(@name="CPU_sampler")][(@type="")]/dataview[(@name="CPU_sampler")], /geneos/gateway[(@name="GW_TEST_50144")]/directory/probe[(@name="SYSMON")]/managedEntity[(@name="CPU_Entity")]/sampler[(@name="new SQl tester")][(@type="")]/dataview[(@name="cpu")], /geneos/gateway[(@name="GW_TEST_50144")]/directory/probe[(@name="SYSMON")]/managedEntity[(@name="CPU_Entity")]/sampler[(@name="new SQl tester")][(@type="")]/dataview[(@name="cpuAgain")], /geneos/gateway[(@name="GW_TEST_50144")]/directory/probe[(@name="SYSMON")]/managedEntity[(@name="CPU_Entity")]/sampler[(@name="SQL gateway")][(@type="")]/dataview[(@name="V1")], /geneos/gateway[(@name="GW_TEST_50144")]/directory/probe[(@name="SYSMON")]/managedEntity[(@name="CPU_Entity")]/sampler[(@name="TEST_LOG LOCAL1")][(@type="")]/dataview[(@name="TEST_LOG LOCAL1")], /geneos/gateway[(@name="GW_TEST_50144")]/directory/probe[(@name="SYSMON")]/managedEntity[(@name="CPU_Entity")]/sampler[(@name="New Sampler 2")][(@type="")]/dataview[(@name="New Sampler 2")], /geneos/gateway[(@name="GW_TEST_50144")]/directory/probe[(@name="SYSMON")]/managedEntity[(@name="CPU_Entity")]/sampler[(@name="New Sampler 9")][(@type="")]/dataview[(@name="New Sampler 9")], /geneos/gateway[(@name="GW_TEST_50144")]/directory/probe[(@name="SYSMON")]/managedEntity[(@name="Copy of New Managed entity")]/sampler[(@name="CPU_sampler")][(@type="")]/dataview[(@name="CPU_sampler")], /geneos/gateway[(@name="GW_TEST_50144")]/directory/probe[(@name="SYSMON")]/managedEntity[(@name="Copy of New Managed entity 1")]/sampler[(@name="CPU_sampler")][(@type="")]/dataview[(@name="CPU_sampler")], /geneos/gateway[(@name="GW_TEST_50144")]/directory/probe[(@name="SYSMON")]/managedEntity[(@name="Copy of New Managed entity 10")]/sampler[(@name="CPU_sampler")][(@type="")]/dataview[(@name="CPU_sampler")], /geneos/gateway[(@name="GW_TEST_50144")]/directory/probe[(@name="SYSMON")]/managedEntity[(@name="Copy of New Managed entity 11")]/sampler[(@name="CPU_sampler")][(@type="")]/dataview[(@name="CPU_sampler")], /geneos/gateway[(@name="GW_TEST_50144")]/directory/probe[(@name="SYSMON")]/managedEntity[(@name="Copy of New Managed entity 2")]/sampler[(@name="CPU_sampler")][(@type="")]/dataview[(@name="CPU_sampler")], /geneos/gateway[(@name="GW_TEST_50144")]/directory/probe[(@name="SYSMON")]/managedEntity[(@name="Copy of New Managed entity 3")]/sampler[(@name="CPU_sampler")][(@type="")]/dataview[(@name="CPU_sampler")], /geneos/gateway[(@name="GW_TEST_50144")]/directory/probe[(@name="SYSMON")]/managedEntity[(@name="Copy of New Managed entity 4")]/sampler[(@name="CPU_sampler")][(@type="")]/dataview[(@name="CPU_sampler")], /geneos/gateway[(@name="GW_TEST_50144")]/directory/probe[(@name="SYSMON")]/managedEntity[(@name="Copy of New Managed entity 5")]/sampler[(@name="CPU_sampler")][(@type="")]/dataview[(@name="CPU_sampler")], /geneos/gateway[(@name="GW_TEST_50144")]/directory/probe[(@name="SYSMON")]/managedEntity[(@name="Copy of New Managed entity 6")]/sampler[(@name="CPU_sampler")][(@type="")]/dataview[(@name="CPU_sampler")], /geneos/gateway[(@name="GW_TEST_50144")]/directory/probe[(@name="SYSMON")]/managedEntity[(@name="Copy of New Managed entity 7")]/sampler[(@name="CPU_sampler")][(@type="")]/dataview[(@name="CPU_sampler")], /geneos/gateway[(@name="GW_TEST_50144")]/directory/probe[(@name="SYSMON")]/managedEntity[(@name="Copy of New Managed entity 8")]/sampler[(@name="CPU_sampler")][(@type="")]/dataview[(@name="CPU_sampler")], /geneos/gateway[(@name="GW_TEST_50144")]/directory/probe[(@name="SYSMON")]/managedEntity[(@name="Copy of New Managed entity 9")]/sampler[(@name="CPU_sampler")][(@type="")]/dataview[(@name="CPU_sampler")], /geneos/gateway[(@name="GW_TEST_50144")]/directory/probe[(@name="SYSMON")]/managedEntity[(@name="FKM")]/sampler[(@name="FKM")][(@type="")]/dataview[(@name="FKM")], /geneos/gateway[(@name="GW_TEST_50144")]/directory/probe[(@name="SYSMON")]/managedEntity[(@name="FKM")]/sampler[(@name="FTM Test")][(@type="")]/dataview[(@name="FTM Test")], /geneos/gateway[(@name="GW_TEST_50144")]/directory/probe[(@name="SYSMON")]/managedEntity[(@name="HELLO")]/sampler[(@name="FKM")][(@type="")]/dataview[(@name="FKM")], /geneos/gateway[(@name="GW_TEST_50144")]/directory/probe[(@name="SYSMON")]/managedEntity[(@name="HELLO")]/sampler[(@name="Cluster Monitoring Sampler")][(@type="")]/dataview[(@name="Diagnostics")], /geneos/gateway[(@name="GW_TEST_50144")]/directory/probe[(@name="SYSMON")]/managedEntity[(@name="HELLO")]/sampler[(@name="Cluster Monitoring Sampler")][(@type="")]/dataview[(@name="192-168-220-54-2551-clusterNodes")], /geneos/gateway[(@name="GW_TEST_50144")]/directory/probe[(@name="SYSMON")]/managedEntity[(@name="HELLO")]/sampler[(@name="Cluster Monitoring Sampler")][(@type="")]/dataview[(@name="192-168-220-54-2551-gateways")], /geneos/gateway[(@name="GW_TEST_50144")]/directory/probe[(@name="SYSMON")]/managedEntity[(@name="HELLO")]/sampler[(@name="Cluster Monitoring Sampler")][(@type="")]/dataview[(@name="192-168-220-54-2551-clients")], /geneos/gateway[(@name="GW_TEST_50144")]/directory/probe[(@name="SYSMON")]/managedEntity[(@name="HELLO")]/sampler[(@name="New Sampler 1")][(@type="")]/dataview[(@name="test")], /geneos/gateway[(@name="GW_TEST_50144")]/directory/probe[(@name="SYSMON")]/managedEntity[(@name="HELLO")]/sampler[(@name="new SQl tester")][(@type="")]/dataview[(@name="cpu")], /geneos/gateway[(@name="GW_TEST_50144")]/directory/probe[(@name="SYSMON")]/managedEntity[(@name="HELLO")]/sampler[(@name="new SQl tester")][(@type="")]/dataview[(@name="cpuAgain")], /geneos/gateway[(@name="GW_TEST_50144")]/directory/probe[(@name="SYSMON")]/managedEntity[(@name="New Managed entity")]/sampler[(@name="CPU_sampler")][(@type="")]/dataview[(@name="CPU_sampler")], /geneos/gateway[(@name="GW_TEST_50144")]/directory/probe[(@name="SYSMON")]/managedEntity[(@name="THISISATEST")]/sampler[(@name="FTM Test")][(@type="")]/dataview[(@name="FTM Test")], /geneos/gateway[(@name="GW_TEST_50144")]/directory/probe[(@name="SYSMON")]/managedEntity[(@name="TOOLKIT_TEST")]/sampler[(@name="Toolkit")][(@type="")]/dataview[(@name="Toolkit")], /geneos/gateway[(@name="GW_TEST_50144")]/directory/probe[(@name="SYSMON")]/managedEntity[(@name="TOOLKIT_TEST")]/sampler[(@name="ICE MYSQL")][(@type="")]/dataview[(@name="ICE RECENT")], /geneos/gateway[(@name="GW_TEST_50144")]/directory/probe[(@name="SYSMON")]/managedEntity[(@name="TOOLKIT_TEST")]/sampler[(@name="TEST ICE")][(@type="")]/dataview[(@name="ICE RECENT")], /geneos/gateway[(@name="GW_TEST_50144")]/directory/probe[(@name="SYSMON")]/managedEntity[(@name="TOOLKIT_TEST")]/sampler[(@name="TestSQL")][(@type="")]/dataview[(@name="Everything")], /geneos/gateway[(@name="GW_TEST_50144")]/directory/probe[(@name="SYSMON")]/managedEntity[(@name="TOOLKIT_TEST")]/sampler[(@name="New Sampler 6")][(@type="")]/dataview[(@name="New Sampler 6")], /geneos/gateway[(@name="GW_TEST_50144")]/directory/probe[(@name="SYSMON")]/managedEntity[(@name="TOOLKIT_TEST")]/sampler[(@name="ME VS APPa")][(@type="")]/dataview[(@name="ME VS APP")], /geneos/gateway[(@name="GW_TEST_50144")]/directory/probe[(@name="SYSMON")]/managedEntity[(@name="tttttttttttttttttteeeeeeeeeeeeeeeeeeeeeeeesssssssssssssssssssssssstttttttttttttttttttttttt")]/sampler[(@name="CPU_sampler")][(@type="")]/dataview[(@name="CPU_sampler")], /geneos/gateway[(@name="GW_TEST_50144")]/directory/probe[(@name="SYSMON")]/managedEntity[(@name="tttttttttttttttttteeeeeeeeeeeeeeeeeeeeeeeesssssssssssssssssssssssstttttttttttttttttttttttt")]/sampler[(@name="FKM")][(@type="")]/dataview[(@name="FKM")], /geneos/gateway[(@name="GW_TEST_50144")]/directory/probe[(@name="SYSMON")]/managedEntity[(@name="zzzzzzzzz")]/sampler[(@name="Toolkit")][(@type="")]/dataview[(@name="Toolkit")], /geneos/gateway[(@name="GW_TEST_50144")]/directory/probe[(@name="WINSYSMON")]/managedEntity[(@name="CPU_ENTITY")]/sampler[(@name="CPU_sampler")][(@type="")]/dataview[(@name="CPU_sampler")], /geneos/gateway[(@name="GW_TEST_50144")]/directory/probe[(@name="WINSYSMON")]/managedEntity[(@name="CPU_ENTITY")]/sampler[(@name="Toolkit2")][(@type="")]/dataview[(@name="Instances")], /geneos/gateway[(@name="GW_TEST_50144")]/directory/probe[(@name="WINSYSMON")]/managedEntity[(@name="CPU_ENTITY")]/sampler[(@name="Toolkit2")][(@type="")]/dataview[(@name="Percentage use")], /geneos/gateway[(@name="GW_TEST_50144")]/directory/probe[(@name="WINSYSMON")]/managedEntity[(@name="CPU_ENTITY")]/sampler[(@name="TestSQL")][(@type="")]/dataview[(@name="Everything")], /geneos/gateway[(@name="GW_TEST_50144")]/directory/probe[(@name="WINSYSMON")]/managedEntity[(@name="CPU_ENTITY")]/sampler[(@name="Trigger sample")][(@type="")]/dataview[(@name="Triggered")], /geneos/gateway[(@name="GW_TEST_50144")]/directory/probe[(@name="WINSYSMON")]/managedEntity[(@name="CPU_ENTITY")]/sampler[(@name="Timestamp sql")][(@type="")]/dataview[(@name="timediff")], /geneos/gateway[(@name="GW_TEST_50144")]/directory/probe[(@name="WINSYSMON")]/managedEntity[(@name="CPU_ENTITY")]/sampler[(@name="eventlog")][(@type="")]/dataview[(@name="eventlog")], /geneos/gateway[(@name="GW_TEST_50144")]/directory/probe[(@name="WINSYSMON")]/managedEntity[(@name="CPU_ENTITY")]/sampler[(@name="Win Services")][(@type="")]/dataview[(@name="Win Services")], /geneos/gateway[(@name="GW_TEST_50144")]/directory/probe[(@name="WINSYSMON")]/managedEntity[(@name="CPU_ENTITY")]/sampler[(@name="proc")][(@type="")]/dataview[(@name="proc")], /geneos/gateway[(@name="GW_TEST_50144")]/directory/probe[(@name="WINSYSMON")]/managedEntity[(@name="CPU_ENTITY")]/sampler[(@name="New Sampler 5")][(@type="")]/dataview[(@name="New Sampler 5")], /geneos/gateway[(@name="GW_TEST_50144")]/directory/probe[(@name="WINSYSMON")]/managedEntity[(@name="CPU_ENTITY")]/sampler[(@name="New Sampler 2")][(@type="")]/dataview[(@name="New Sampler 2")]] 
With a length of 10087
Feb 11, 2016 3:34:28 PM geneos_notification.loggers.LogObject doLog
INFO: [DVLIST UPDATE]Dataview list was successfully updated.
Feb 11, 2016 3:34:28 PM geneos_notification.loggers.LogObject doLog
INFO: Login attempt with username : testd5@Default
Feb 11, 2016 3:34:28 PM geneos_notification.loggers.LogObject doLog
INFO: [SQL]Checking user : testd5@Default & testd5
Feb 11, 2016 3:34:28 PM geneos_notification.loggers.LogObject doLog
INFO: [SQL]Device testd5 logged in successfully
Feb 11, 2016 3:34:28 PM geneos_notification.loggers.LogObject doLog
INFO: Initial log on for testd5@Default with device testd5
Feb 11, 2016 3:34:28 PM geneos_notification.loggers.LogObject doLog
INFO: Thread terminated : testd5
Feb 11, 2016 3:34:28 PM geneos_notification.loggers.LogObject doLog
INFO: Login attempt with username : testb5@Default
Feb 11, 2016 3:34:28 PM geneos_notification.loggers.LogObject doLog
INFO: [SQL]Checking user : testb5@Default & testb5
Feb 11, 2016 3:34:28 PM geneos_notification.loggers.LogObject doLog
INFO: [SQL]Device testb5 logged in successfully
Feb 11, 2016 3:34:28 PM geneos_notification.loggers.LogObject doLog
INFO: Initial log on for testb5@Default with device testb5
Feb 11, 2016 3:34:28 PM geneos_notification.loggers.LogObject doLog
INFO: [SQL]Device testb5 logged out successfully
Feb 11, 2016 3:34:28 PM geneos_notification.loggers.LogObject doLog
INFO: The status of the device check fortestb5@Default is :1
Feb 11, 2016 3:34:28 PM geneos_notification.loggers.LogObject doLog
INFO: testb5@Default has been successfully logged out.
Feb 11, 2016 3:34:28 PM geneos_notification.loggers.LogObject doLog
INFO: Veritication email sent for devioce : test35
Feb 11, 2016 3:34:28 PM geneos_notification.loggers.LogObject doLog
INFO: [DVLIST UPDATE]Gateway setup alteration detected (Hooks), Dataview List is updating
Feb 11, 2016 3:34:31 PM geneos_notification.loggers.LogObject doLog
INFO: Thread xpath exection for path : testc6
Feb 11, 2016 3:34:31 PM geneos_notification.loggers.LogObject doLog
SEVERE: [T-ERROR]Error retrieving DataSet: java.lang.Exception: Invalid step in path: testc6
Feb 11, 2016 3:34:31 PM geneos_notification.loggers.LogObject doLog
INFO: [T-INFO]Thread Execution successful
Feb 11, 2016 3:34:31 PM geneos_notification.loggers.LogObject doLog
INFO: Thread xpath exection for path : testa6
Feb 11, 2016 3:34:31 PM geneos_notification.loggers.LogObject doLog
SEVERE: [T-ERROR]Error retrieving DataSet: java.lang.Exception: Invalid step in path: testa6
Feb 11, 2016 3:34:31 PM geneos_notification.loggers.LogObject doLog
INFO: [T-INFO]Thread Execution successful
Feb 11, 2016 3:34:32 PM geneos_notification.loggers.LogObject doLog
INFO: Thread xpath exection for path : testb6
Feb 11, 2016 3:34:32 PM geneos_notification.loggers.LogObject doLog
SEVERE: [T-ERROR]Error retrieving DataSet: java.lang.Exception: Invalid step in path: testb6
Feb 11, 2016 3:34:32 PM geneos_notification.loggers.LogObject doLog
INFO: [T-INFO]Thread Execution successful
Feb 11, 2016 3:34:32 PM geneos_notification.loggers.LogObject doLog
INFO: Thread xpath exection for path : testc5
Feb 11, 2016 3:34:32 PM geneos_notification.loggers.LogObject doLog
SEVERE: [T-ERROR]Error retrieving DataSet: java.lang.Exception: Invalid step in path: testc5
Feb 11, 2016 3:34:32 PM geneos_notification.loggers.LogObject doLog
INFO: [T-INFO]Thread Execution successful
Feb 11, 2016 3:34:41 PM geneos_notification.loggers.LogObject doLog
INFO: Thread xpath exection for path : testc6
Feb 11, 2016 3:34:41 PM geneos_notification.loggers.LogObject doLog
SEVERE: [T-ERROR]Error retrieving DataSet: java.lang.Exception: Invalid step in path: testc6
Feb 11, 2016 3:34:41 PM geneos_notification.loggers.LogObject doLog
INFO: [T-INFO]Thread Execution successful
Feb 11, 2016 3:34:41 PM geneos_notification.loggers.LogObject doLog
INFO: Thread xpath exection for path : testa6
Feb 11, 2016 3:34:42 PM geneos_notification.loggers.LogObject doLog
SEVERE: [T-ERROR]Error retrieving DataSet: java.lang.Exception: Invalid step in path: testa6
Feb 11, 2016 3:34:42 PM geneos_notification.loggers.LogObject doLog
INFO: [T-INFO]Thread Execution successful
Feb 11, 2016 3:34:42 PM geneos_notification.loggers.LogObject doLog
INFO: Thread xpath exection for path : testb6
Feb 11, 2016 3:34:42 PM geneos_notification.loggers.LogObject doLog
SEVERE: [T-ERROR]Error retrieving DataSet: java.lang.Exception: Invalid step in path: testb6
Feb 11, 2016 3:34:42 PM geneos_notification.loggers.LogObject doLog
INFO: [T-INFO]Thread Execution successful
Feb 11, 2016 3:34:42 PM geneos_notification.loggers.LogObject doLog
INFO: Thread xpath exection for path : testc5
Feb 11, 2016 3:34:42 PM geneos_notification.loggers.LogObject doLog
SEVERE: [T-ERROR]Error retrieving DataSet: java.lang.Exception: Invalid step in path: testc5
Feb 11, 2016 3:34:42 PM geneos_notification.loggers.LogObject doLog
INFO: [T-INFO]Thread Execution successful
Feb 11, 2016 3:34:44 PM geneos_notification.loggers.LogObject doLog
INFO: [DT-INFO]Collected Dataviews : [/geneos/gateway[(@name="GW_TEST_50144")]/directory/probe[(@name="SYSMON")]/managedEntity[(@name="Android")]/sampler[(@name="AppTest")][(@type="")]/dataview[(@name="AppTest")], /geneos/gateway[(@name="GW_TEST_50144")]/directory/probe[(@name="SYSMON")]/managedEntity[(@name="CPU_Entity")]/sampler[(@name="CPU_sampler")][(@type="")]/dataview[(@name="CPU_sampler")], /geneos/gateway[(@name="GW_TEST_50144")]/directory/probe[(@name="SYSMON")]/managedEntity[(@name="CPU_Entity")]/sampler[(@name="new SQl tester")][(@type="")]/dataview[(@name="cpu")], /geneos/gateway[(@name="GW_TEST_50144")]/directory/probe[(@name="SYSMON")]/managedEntity[(@name="CPU_Entity")]/sampler[(@name="new SQl tester")][(@type="")]/dataview[(@name="cpuAgain")], /geneos/gateway[(@name="GW_TEST_50144")]/directory/probe[(@name="SYSMON")]/managedEntity[(@name="CPU_Entity")]/sampler[(@name="SQL gateway")][(@type="")]/dataview[(@name="V1")], /geneos/gateway[(@name="GW_TEST_50144")]/directory/probe[(@name="SYSMON")]/managedEntity[(@name="CPU_Entity")]/sampler[(@name="TEST_LOG LOCAL1")][(@type="")]/dataview[(@name="TEST_LOG LOCAL1")], /geneos/gateway[(@name="GW_TEST_50144")]/directory/probe[(@name="SYSMON")]/managedEntity[(@name="CPU_Entity")]/sampler[(@name="New Sampler 2")][(@type="")]/dataview[(@name="New Sampler 2")], /geneos/gateway[(@name="GW_TEST_50144")]/directory/probe[(@name="SYSMON")]/managedEntity[(@name="CPU_Entity")]/sampler[(@name="New Sampler 9")][(@type="")]/dataview[(@name="New Sampler 9")], /geneos/gateway[(@name="GW_TEST_50144")]/directory/probe[(@name="SYSMON")]/managedEntity[(@name="Copy of New Managed entity")]/sampler[(@name="CPU_sampler")][(@type="")]/dataview[(@name="CPU_sampler")], /geneos/gateway[(@name="GW_TEST_50144")]/directory/probe[(@name="SYSMON")]/managedEntity[(@name="Copy of New Managed entity 1")]/sampler[(@name="CPU_sampler")][(@type="")]/dataview[(@name="CPU_sampler")], /geneos/gateway[(@name="GW_TEST_50144")]/directory/probe[(@name="SYSMON")]/managedEntity[(@name="Copy of New Managed entity 10")]/sampler[(@name="CPU_sampler")][(@type="")]/dataview[(@name="CPU_sampler")], /geneos/gateway[(@name="GW_TEST_50144")]/directory/probe[(@name="SYSMON")]/managedEntity[(@name="Copy of New Managed entity 11")]/sampler[(@name="CPU_sampler")][(@type="")]/dataview[(@name="CPU_sampler")], /geneos/gateway[(@name="GW_TEST_50144")]/directory/probe[(@name="SYSMON")]/managedEntity[(@name="Copy of New Managed entity 2")]/sampler[(@name="CPU_sampler")][(@type="")]/dataview[(@name="CPU_sampler")], /geneos/gateway[(@name="GW_TEST_50144")]/directory/probe[(@name="SYSMON")]/managedEntity[(@name="Copy of New Managed entity 3")]/sampler[(@name="CPU_sampler")][(@type="")]/dataview[(@name="CPU_sampler")], /geneos/gateway[(@name="GW_TEST_50144")]/directory/probe[(@name="SYSMON")]/managedEntity[(@name="Copy of New Managed entity 4")]/sampler[(@name="CPU_sampler")][(@type="")]/dataview[(@name="CPU_sampler")], /geneos/gateway[(@name="GW_TEST_50144")]/directory/probe[(@name="SYSMON")]/managedEntity[(@name="Copy of New Managed entity 5")]/sampler[(@name="CPU_sampler")][(@type="")]/dataview[(@name="CPU_sampler")], /geneos/gateway[(@name="GW_TEST_50144")]/directory/probe[(@name="SYSMON")]/managedEntity[(@name="Copy of New Managed entity 6")]/sampler[(@name="CPU_sampler")][(@type="")]/dataview[(@name="CPU_sampler")], /geneos/gateway[(@name="GW_TEST_50144")]/directory/probe[(@name="SYSMON")]/managedEntity[(@name="Copy of New Managed entity 7")]/sampler[(@name="CPU_sampler")][(@type="")]/dataview[(@name="CPU_sampler")], /geneos/gateway[(@name="GW_TEST_50144")]/directory/probe[(@name="SYSMON")]/managedEntity[(@name="Copy of New Managed entity 8")]/sampler[(@name="CPU_sampler")][(@type="")]/dataview[(@name="CPU_sampler")], /geneos/gateway[(@name="GW_TEST_50144")]/directory/probe[(@name="SYSMON")]/managedEntity[(@name="Copy of New Managed entity 9")]/sampler[(@name="CPU_sampler")][(@type="")]/dataview[(@name="CPU_sampler")], /geneos/gateway[(@name="GW_TEST_50144")]/directory/probe[(@name="SYSMON")]/managedEntity[(@name="FKM")]/sampler[(@name="FKM")][(@type="")]/dataview[(@name="FKM")], /geneos/gateway[(@name="GW_TEST_50144")]/directory/probe[(@name="SYSMON")]/managedEntity[(@name="FKM")]/sampler[(@name="FTM Test")][(@type="")]/dataview[(@name="FTM Test")], /geneos/gateway[(@name="GW_TEST_50144")]/directory/probe[(@name="SYSMON")]/managedEntity[(@name="HELLO")]/sampler[(@name="FKM")][(@type="")]/dataview[(@name="FKM")], /geneos/gateway[(@name="GW_TEST_50144")]/directory/probe[(@name="SYSMON")]/managedEntity[(@name="HELLO")]/sampler[(@name="Cluster Monitoring Sampler")][(@type="")]/dataview[(@name="Diagnostics")], /geneos/gateway[(@name="GW_TEST_50144")]/directory/probe[(@name="SYSMON")]/managedEntity[(@name="HELLO")]/sampler[(@name="Cluster Monitoring Sampler")][(@type="")]/dataview[(@name="192-168-220-54-2551-clusterNodes")], /geneos/gateway[(@name="GW_TEST_50144")]/directory/probe[(@name="SYSMON")]/managedEntity[(@name="HELLO")]/sampler[(@name="Cluster Monitoring Sampler")][(@type="")]/dataview[(@name="192-168-220-54-2551-gateways")], /geneos/gateway[(@name="GW_TEST_50144")]/directory/probe[(@name="SYSMON")]/managedEntity[(@name="HELLO")]/sampler[(@name="Cluster Monitoring Sampler")][(@type="")]/dataview[(@name="192-168-220-54-2551-clients")], /geneos/gateway[(@name="GW_TEST_50144")]/directory/probe[(@name="SYSMON")]/managedEntity[(@name="HELLO")]/sampler[(@name="New Sampler 1")][(@type="")]/dataview[(@name="test")], /geneos/gateway[(@name="GW_TEST_50144")]/directory/probe[(@name="SYSMON")]/managedEntity[(@name="HELLO")]/sampler[(@name="new SQl tester")][(@type="")]/dataview[(@name="cpu")], /geneos/gateway[(@name="GW_TEST_50144")]/directory/probe[(@name="SYSMON")]/managedEntity[(@name="HELLO")]/sampler[(@name="new SQl tester")][(@type="")]/dataview[(@name="cpuAgain")], /geneos/gateway[(@name="GW_TEST_50144")]/directory/probe[(@name="SYSMON")]/managedEntity[(@name="New Managed entity")]/sampler[(@name="CPU_sampler")][(@type="")]/dataview[(@name="CPU_sampler")], /geneos/gateway[(@name="GW_TEST_50144")]/directory/probe[(@name="SYSMON")]/managedEntity[(@name="THISISATEST")]/sampler[(@name="FTM Test")][(@type="")]/dataview[(@name="FTM Test")], /geneos/gateway[(@name="GW_TEST_50144")]/directory/probe[(@name="SYSMON")]/managedEntity[(@name="TOOLKIT_TEST")]/sampler[(@name="Toolkit")][(@type="")]/dataview[(@name="Toolkit")], /geneos/gateway[(@name="GW_TEST_50144")]/directory/probe[(@name="SYSMON")]/managedEntity[(@name="TOOLKIT_TEST")]/sampler[(@name="ICE MYSQL")][(@type="")]/dataview[(@name="ICE RECENT")], /geneos/gateway[(@name="GW_TEST_50144")]/directory/probe[(@name="SYSMON")]/managedEntity[(@name="TOOLKIT_TEST")]/sampler[(@name="TEST ICE")][(@type="")]/dataview[(@name="ICE RECENT")], /geneos/gateway[(@name="GW_TEST_50144")]/directory/probe[(@name="SYSMON")]/managedEntity[(@name="TOOLKIT_TEST")]/sampler[(@name="TestSQL")][(@type="")]/dataview[(@name="Everything")], /geneos/gateway[(@name="GW_TEST_50144")]/directory/probe[(@name="SYSMON")]/managedEntity[(@name="TOOLKIT_TEST")]/sampler[(@name="New Sampler 6")][(@type="")]/dataview[(@name="New Sampler 6")], /geneos/gateway[(@name="GW_TEST_50144")]/directory/probe[(@name="SYSMON")]/managedEntity[(@name="TOOLKIT_TEST")]/sampler[(@name="ME VS APPa")][(@type="")]/dataview[(@name="ME VS APP")], /geneos/gateway[(@name="GW_TEST_50144")]/directory/probe[(@name="SYSMON")]/managedEntity[(@name="tttttttttttttttttteeeeeeeeeeeeeeeeeeeeeeeesssssssssssssssssssssssstttttttttttttttttttttttt")]/sampler[(@name="CPU_sampler")][(@type="")]/dataview[(@name="CPU_sampler")], /geneos/gateway[(@name="GW_TEST_50144")]/directory/probe[(@name="SYSMON")]/managedEntity[(@name="tttttttttttttttttteeeeeeeeeeeeeeeeeeeeeeeesssssssssssssssssssssssstttttttttttttttttttttttt")]/sampler[(@name="FKM")][(@type="")]/dataview[(@name="FKM")], /geneos/gateway[(@name="GW_TEST_50144")]/directory/probe[(@name="SYSMON")]/managedEntity[(@name="zzzzzzzzz")]/sampler[(@name="Toolkit")][(@type="")]/dataview[(@name="Toolkit")], /geneos/gateway[(@name="GW_TEST_50144")]/directory/probe[(@name="WINSYSMON")]/managedEntity[(@name="CPU_ENTITY")]/sampler[(@name="CPU_sampler")][(@type="")]/dataview[(@name="CPU_sampler")], /geneos/gateway[(@name="GW_TEST_50144")]/directory/probe[(@name="WINSYSMON")]/managedEntity[(@name="CPU_ENTITY")]/sampler[(@name="Toolkit2")][(@type="")]/dataview[(@name="Instances")], /geneos/gateway[(@name="GW_TEST_50144")]/directory/probe[(@name="WINSYSMON")]/managedEntity[(@name="CPU_ENTITY")]/sampler[(@name="Toolkit2")][(@type="")]/dataview[(@name="Percentage use")], /geneos/gateway[(@name="GW_TEST_50144")]/directory/probe[(@name="WINSYSMON")]/managedEntity[(@name="CPU_ENTITY")]/sampler[(@name="TestSQL")][(@type="")]/dataview[(@name="Everything")], /geneos/gateway[(@name="GW_TEST_50144")]/directory/probe[(@name="WINSYSMON")]/managedEntity[(@name="CPU_ENTITY")]/sampler[(@name="Trigger sample")][(@type="")]/dataview[(@name="Triggered")], /geneos/gateway[(@name="GW_TEST_50144")]/directory/probe[(@name="WINSYSMON")]/managedEntity[(@name="CPU_ENTITY")]/sampler[(@name="Timestamp sql")][(@type="")]/dataview[(@name="timediff")], /geneos/gateway[(@name="GW_TEST_50144")]/directory/probe[(@name="WINSYSMON")]/managedEntity[(@name="CPU_ENTITY")]/sampler[(@name="eventlog")][(@type="")]/dataview[(@name="eventlog")], /geneos/gateway[(@name="GW_TEST_50144")]/directory/probe[(@name="WINSYSMON")]/managedEntity[(@name="CPU_ENTITY")]/sampler[(@name="Win Services")][(@type="")]/dataview[(@name="Win Services")], /geneos/gateway[(@name="GW_TEST_50144")]/directory/probe[(@name="WINSYSMON")]/managedEntity[(@name="CPU_ENTITY")]/sampler[(@name="proc")][(@type="")]/dataview[(@name="proc")], /geneos/gateway[(@name="GW_TEST_50144")]/directory/probe[(@name="WINSYSMON")]/managedEntity[(@name="CPU_ENTITY")]/sampler[(@name="New Sampler 5")][(@type="")]/dataview[(@name="New Sampler 5")], /geneos/gateway[(@name="GW_TEST_50144")]/directory/probe[(@name="WINSYSMON")]/managedEntity[(@name="CPU_ENTITY")]/sampler[(@name="New Sampler 2")][(@type="")]/dataview[(@name="New Sampler 2")]] 
With a length of 10087
Feb 11, 2016 3:34:44 PM geneos_notification.loggers.LogObject doLog
INFO: [DVLIST UPDATE]Dataview list was successfully updated.
Feb 11, 2016 3:34:44 PM geneos_notification.loggers.LogObject doLog
INFO: Dataview list requested
]]></system-err>
</testsuite>
