<?xml version="1.0" encoding="UTF-8"?>
<testsuite name="itrs_appserver.AlertTest" tests="2" skipped="0" failures="0" errors="0" timestamp="2016-03-01T15:26:40" hostname="ITRSLP043" time="1.377">
  <properties/>
  <testcase name="updateMessageTest" classname="itrs_appserver.AlertTest" time="1.041"/>
  <testcase name="firstMessageTest" classname="itrs_appserver.AlertTest" time="0.336"/>
  <system-out><![CDATA[This is the thread xpath : testb6
{"data":{"severity":"Fail","xpath":"testb6","time":"2016-03-01T15:26:41.685","message":"New Alert :Fail","type":"alert","value":"Something"},"registration_ids":["testb6"]}
Fail to pass Alert
This is the thread xpath : testc6
{"data":{"severity":"Fail","xpath":"testc6","time":"2016-03-01T15:26:42.031","message":"New Alert :Fail","type":"alert","value":"Something"},"registration_ids":["testc6"]}
]]></system-out>
  <system-err><![CDATA[Mar 01, 2016 3:26:40 PM geneos_notification.loggers.LogObject doLog
INFO: Login attempt with username : testb6@Default
Mar 01, 2016 3:26:40 PM geneos_notification.loggers.LogObject doLog
INFO: [SQL]Checking user : testb6@Default & testb6
Mar 01, 2016 3:26:41 PM geneos_notification.loggers.LogObject doLog
INFO: [SQL]Device testb6 logged in successfully
Mar 01, 2016 3:26:41 PM geneos_notification.loggers.LogObject doLog
INFO: [SQL]Device testb6 key has been updated
Mar 01, 2016 3:26:41 PM geneos_notification.loggers.LogObject doLog
INFO: Initial log on for testb6@Default with device testb6
Mar 01, 2016 3:26:41 PM geneos_notification.loggers.LogObject doLog
INFO: [T-INFO]Initialization of thread for xpath : testb6
Mar 01, 2016 3:26:41 PM geneos_notification.loggers.LogObject doLog
INFO: Login attempt with username : testc6@Default
Mar 01, 2016 3:26:41 PM geneos_notification.loggers.LogObject doLog
INFO: [SQL]Checking user : testc6@Default & testc6
Mar 01, 2016 3:26:41 PM geneos_notification.loggers.LogObject doLog
INFO: [SQL]Device testc6 logged in successfully
Mar 01, 2016 3:26:42 PM geneos_notification.loggers.LogObject doLog
INFO: [SQL]Device testc6 key has been updated
Mar 01, 2016 3:26:42 PM geneos_notification.loggers.LogObject doLog
INFO: Initial log on for testc6@Default with device testc6
Mar 01, 2016 3:26:42 PM geneos_notification.loggers.LogObject doLog
INFO: [T-INFO]Initialization of thread for xpath : testc6
]]></system-err>
</testsuite>
