<?xml version="1.0" encoding="UTF-8"?>
<testsuite name="itrs_appserver.InterfaceControllerTest" tests="7" skipped="0" failures="0" errors="0" timestamp="2016-03-17T16:44:31" hostname="ITRSLP043" time="43.619">
  <properties/>
  <testcase name="getRowTest" classname="itrs_appserver.InterfaceControllerTest" time="7.287"/>
  <testcase name="loginTest" classname="itrs_appserver.InterfaceControllerTest" time="0.364"/>
  <testcase name="updateDVTest" classname="itrs_appserver.InterfaceControllerTest" time="17.992"/>
  <testcase name="logoutTest" classname="itrs_appserver.InterfaceControllerTest" time="0.047"/>
  <testcase name="verifyDeviceTest" classname="itrs_appserver.InterfaceControllerTest" time="0.016"/>
  <testcase name="viewSystemKeysTest" classname="itrs_appserver.InterfaceControllerTest" time="0.0"/>
  <testcase name="getAllDataviewsTest" classname="itrs_appserver.InterfaceControllerTest" time="17.912"/>
  <system-out><![CDATA[16:44:35.351 [OpenAccessApiClient-UnknownDevBuild-akka.actor.default-dispatcher-2] INFO  akka.event.slf4j.Slf4jLogger - Slf4jLogger started
16:44:36.124 [OpenAccessApiClient-UnknownDevBuild-akka.actor.default-dispatcher-2] INFO  Remoting - Starting remoting
16:44:36.543 [OpenAccessApiClient-UnknownDevBuild-akka.actor.default-dispatcher-2] INFO  Remoting - Remoting started; listening on addresses :[akka.tcp://OpenAccessApiClient-UnknownDevBuild@192.168.10.128:10495]
/geneos/gateway[(@name="GW_TEST_50144")]/directory/probe[(@name="SYSMON")]/managedEntity[(@name="CPU_Entity")]/sampler[(@name="CPU_sampler")][(@type="")]/dataview[(@name="CPU_sampler")]/rows/row[(@name="cpu_0")]/cell[wild(@column,"*")]
16:44:37.297 [OpenAccessApiClient-UnknownDevBuild-akka.actor.default-dispatcher-2] INFO  c.itrsgroup.actor.MessageDispatcher - Attempting to connect to remote service at [192.168.220.54:2551] 1 time(s)
16:44:37.758 [OpenAccessApiClient-UnknownDevBuild-akka.actor.default-dispatcher-12] INFO  akka.contrib.pattern.ClusterClient - Connected to [akka.tcp://ClusterSystem@192.168.220.54:2551/user/receptionist]
16:44:37.834 [OpenAccessApiClient-UnknownDevBuild-akka.actor.default-dispatcher-14] INFO  c.itrsgroup.actor.MessageDispatcher - Authenticating with remote service [/user/frontEnd] at [192.168.220.54:2551]
16:44:38.040 [OpenAccessApiClient-UnknownDevBuild-akka.actor.default-dispatcher-15] INFO  c.itrsgroup.actor.MessageDispatcher - Successfully connected to remote service [akka.tcp://ClusterSystem@192.168.220.54:2551/user/frontEnd]
16:44:38.043 [OpenAccessApiClient-UnknownDevBuild-akka.actor.default-dispatcher-15] INFO  c.itrsgroup.actor.MessageDispatcher - Forwarding Subscription op to cluster frontend: Subscribe(ModelSub(/geneos/gateway[(@name="GW_TEST_50144")]/directory/probe[(@name="SYSMON")]/managedEntity[(@name="CPU_Entity")]/sampler[(@name="CPU_sampler")][(@type="")]/dataview[(@name="CPU_sampler")]/rows/row[(@name="cpu_0")]/cell[wild(@column,"*")],Set(),LIST,),None)
{
	severity : OK
	name : cpu_0.type
	path : /geneos/gateway[(@name="GW_TEST_50144")]/directory/probe[(@name="SYSMON")]/managedEntity[(@name="CPU_Entity")]/sampler[(@name="CPU_sampler")][(@type="")]/dataview[(@name="CPU_sampler")]/rows/row[(@name="cpu_0")]/cell[(@column="type")]
	type : CELL
	value : GenuineIntel Intel(R)
}
{
	severity : OK
	name : cpu_0.state
	path : /geneos/gateway[(@name="GW_TEST_50144")]/directory/probe[(@name="SYSMON")]/managedEntity[(@name="CPU_Entity")]/sampler[(@name="CPU_sampler")][(@type="")]/dataview[(@name="CPU_sampler")]/rows/row[(@name="cpu_0")]/cell[(@column="state")]
	type : CELL
	value : on-line
}
{
	severity : CRITICAL
	name : cpu_0.clockSpeed
	path : /geneos/gateway[(@name="GW_TEST_50144")]/directory/probe[(@name="SYSMON")]/managedEntity[(@name="CPU_Entity")]/sampler[(@name="CPU_sampler")][(@type="")]/dataview[(@name="CPU_sampler")]/rows/row[(@name="cpu_0")]/cell[(@column="clockSpeed")]
	type : CELL
	value : 2294.80 Mhz
}
{
	severity : OK
	name : cpu_0.percentUtilisation
	path : /geneos/gateway[(@name="GW_TEST_50144")]/directory/probe[(@name="SYSMON")]/managedEntity[(@name="CPU_Entity")]/sampler[(@name="CPU_sampler")][(@type="")]/dataview[(@name="CPU_sampler")]/rows/row[(@name="cpu_0")]/cell[(@column="percentUtilisation")]
	type : CELL
	value : 0.32 %
}
{
	severity : OK
	name : cpu_0.percentUserTime
	path : /geneos/gateway[(@name="GW_TEST_50144")]/directory/probe[(@name="SYSMON")]/managedEntity[(@name="CPU_Entity")]/sampler[(@name="CPU_sampler")][(@type="")]/dataview[(@name="CPU_sampler")]/rows/row[(@name="cpu_0")]/cell[(@column="percentUserTime")]
	type : CELL
	value : 0.23 %
}
{
	severity : OK
	name : cpu_0.percentKernelTime
	path : /geneos/gateway[(@name="GW_TEST_50144")]/directory/probe[(@name="SYSMON")]/managedEntity[(@name="CPU_Entity")]/sampler[(@name="CPU_sampler")][(@type="")]/dataview[(@name="CPU_sampler")]/rows/row[(@name="cpu_0")]/cell[(@column="percentKernelTime")]
	type : CELL
	value : 0.61 %
}
{
	severity : OK
	name : cpu_0.percentWaitTime
	path : /geneos/gateway[(@name="GW_TEST_50144")]/directory/probe[(@name="SYSMON")]/managedEntity[(@name="CPU_Entity")]/sampler[(@name="CPU_sampler")][(@type="")]/dataview[(@name="CPU_sampler")]/rows/row[(@name="cpu_0")]/cell[(@column="percentWaitTime")]
	type : CELL
	value : 0.02 %
}
{
	severity : CRITICAL
	name : cpu_0.percentIdle
	path : /geneos/gateway[(@name="GW_TEST_50144")]/directory/probe[(@name="SYSMON")]/managedEntity[(@name="CPU_Entity")]/sampler[(@name="CPU_sampler")][(@type="")]/dataview[(@name="CPU_sampler")]/rows/row[(@name="cpu_0")]/cell[(@column="percentIdle")]
	type : CELL
	value : 99.90 %
}
{
	severity : OK
	name : cpu_0.percentIrq
	path : /geneos/gateway[(@name="GW_TEST_50144")]/directory/probe[(@name="SYSMON")]/managedEntity[(@name="CPU_Entity")]/sampler[(@name="CPU_sampler")][(@type="")]/dataview[(@name="CPU_sampler")]/rows/row[(@name="cpu_0")]/cell[(@column="percentIrq")]
	type : CELL
	value : 0.00 %
}
{
	severity : OK
	name : cpu_0.percentSoftIrq
	path : /geneos/gateway[(@name="GW_TEST_50144")]/directory/probe[(@name="SYSMON")]/managedEntity[(@name="CPU_Entity")]/sampler[(@name="CPU_sampler")][(@type="")]/dataview[(@name="CPU_sampler")]/rows/row[(@name="cpu_0")]/cell[(@column="percentSoftIrq")]
	type : CELL
	value : 0.07 %
}
16:44:38.173 [OpenAccessApiClient-UnknownDevBuild-akka.actor.default-dispatcher-2] INFO  a.r.RemoteActorRefProvider$RemotingTerminator - Shutting down remote daemon.
16:44:38.175 [OpenAccessApiClient-UnknownDevBuild-akka.actor.default-dispatcher-15] INFO  a.r.RemoteActorRefProvider$RemotingTerminator - Remote daemon shut down; proceeding with flushing remote transports.
16:44:38.426 [OpenAccessApiClient-UnknownDevBuild-akka.actor.default-dispatcher-2] INFO  a.r.RemoteActorRefProvider$RemotingTerminator - Remoting shut down.
16:44:38.844 [OpenAccessApiClient-UnknownDevBuild-akka.actor.default-dispatcher-7] INFO  akka.event.slf4j.Slf4jLogger - Slf4jLogger started
16:44:38.849 [OpenAccessApiClient-UnknownDevBuild-akka.actor.default-dispatcher-4] INFO  Remoting - Starting remoting
16:44:38.860 [OpenAccessApiClient-UnknownDevBuild-akka.actor.default-dispatcher-4] INFO  Remoting - Remoting started; listening on addresses :[akka.tcp://OpenAccessApiClient-UnknownDevBuild@192.168.10.128:10512]
16:44:38.862 [OpenAccessApiClient-UnknownDevBuild-akka.actor.default-dispatcher-4] INFO  c.itrsgroup.actor.MessageDispatcher - Attempting to connect to remote service at [192.168.220.54:2551] 1 time(s)
16:44:38.894 [OpenAccessApiClient-UnknownDevBuild-akka.actor.default-dispatcher-5] INFO  akka.contrib.pattern.ClusterClient - Connected to [akka.tcp://ClusterSystem@192.168.220.54:2551/user/receptionist]
16:44:38.952 [OpenAccessApiClient-UnknownDevBuild-akka.actor.default-dispatcher-16] INFO  c.itrsgroup.actor.MessageDispatcher - Authenticating with remote service [/user/frontEnd] at [192.168.220.54:2551]
16:44:39.071 [OpenAccessApiClient-UnknownDevBuild-akka.actor.default-dispatcher-7] INFO  c.itrsgroup.actor.MessageDispatcher - Successfully connected to remote service [akka.tcp://ClusterSystem@192.168.220.54:2551/user/frontEnd]
16:44:39.072 [OpenAccessApiClient-UnknownDevBuild-akka.actor.default-dispatcher-7] INFO  c.itrsgroup.actor.MessageDispatcher - Forwarding Subscription op to cluster frontend: Subscribe(ModelSub(/geneos/gateway[wild(@name,"*")]/directory/probe,Set(),LIST,),None)
16:44:39.131 [OpenAccessApiClient-UnknownDevBuild-akka.actor.default-dispatcher-2] INFO  c.itrsgroup.actor.MessageDispatcher - Forwarding Subscription op to cluster frontend: Subscribe(ModelSub(/geneos/gateway[(@name="GW_TEST_50144")]/directory/probe[(@name="SYSMON")]/managedEntity,Set(),LIST,),None)
16:44:39.293 [OpenAccessApiClient-UnknownDevBuild-akka.actor.default-dispatcher-18] INFO  c.itrsgroup.actor.MessageDispatcher - Forwarding Subscription op to cluster frontend: Subscribe(ModelSub(/geneos/gateway[(@name="GW_TEST_50144")]/directory/probe[(@name="WINSYSMON")]/managedEntity,Set(),LIST,),None)
16:44:39.441 [OpenAccessApiClient-UnknownDevBuild-akka.actor.default-dispatcher-6] INFO  c.itrsgroup.actor.MessageDispatcher - Forwarding Subscription op to cluster frontend: Subscribe(ModelSub(/geneos/gateway[(@name="GW_TEST_50144")]/directory/probe[(@name="First")]/managedEntity,Set(),LIST,),None)
16:44:39.632 [OpenAccessApiClient-UnknownDevBuild-akka.actor.default-dispatcher-16] INFO  c.itrsgroup.actor.MessageDispatcher - Forwarding Subscription op to cluster frontend: Subscribe(ModelSub(/geneos/gateway[(@name="GW_TEST_50144")]/directory/probe[(@name="Gelo Probe")]/managedEntity,Set(),LIST,),None)
16:44:39.750 [OpenAccessApiClient-UnknownDevBuild-akka.actor.default-dispatcher-5] INFO  c.itrsgroup.actor.MessageDispatcher - Forwarding Subscription op to cluster frontend: Subscribe(ModelSub(/geneos/gateway[(@name="GW_TEST_50144")]/directory/probe[(@name="New Virtual probe")]/managedEntity,Set(),LIST,),None)
16:44:40.756 [OpenAccessApiClient-UnknownDevBuild-akka.actor.default-dispatcher-5] INFO  c.itrsgroup.actor.MessageDispatcher - Forwarding Subscription op to cluster frontend: Subscribe(ModelSub(/geneos/gateway[(@name="GW_TEST_50144")]/directory/probe[(@name="SYSMON")]/managedEntity[(@name="Android")]/sampler,Set(),LIST,),None)
16:44:40.828 [OpenAccessApiClient-UnknownDevBuild-akka.actor.default-dispatcher-18] INFO  c.itrsgroup.actor.MessageDispatcher - Forwarding Subscription op to cluster frontend: Subscribe(ModelSub(/geneos/gateway[(@name="GW_TEST_50144")]/directory/probe[(@name="SYSMON")]/managedEntity[(@name="CPU_Entity")]/sampler,Set(),LIST,),None)
16:44:40.967 [OpenAccessApiClient-UnknownDevBuild-akka.actor.default-dispatcher-19] INFO  c.itrsgroup.actor.MessageDispatcher - Forwarding Subscription op to cluster frontend: Subscribe(ModelSub(/geneos/gateway[(@name="GW_TEST_50144")]/directory/probe[(@name="SYSMON")]/managedEntity[(@name="Copy of New Managed entity")]/sampler,Set(),LIST,),None)
16:44:41.117 [OpenAccessApiClient-UnknownDevBuild-akka.actor.default-dispatcher-6] INFO  c.itrsgroup.actor.MessageDispatcher - Forwarding Subscription op to cluster frontend: Subscribe(ModelSub(/geneos/gateway[(@name="GW_TEST_50144")]/directory/probe[(@name="SYSMON")]/managedEntity[(@name="Copy of New Managed entity 1")]/sampler,Set(),LIST,),None)
16:44:41.316 [OpenAccessApiClient-UnknownDevBuild-akka.actor.default-dispatcher-20] INFO  c.itrsgroup.actor.MessageDispatcher - Forwarding Subscription op to cluster frontend: Subscribe(ModelSub(/geneos/gateway[(@name="GW_TEST_50144")]/directory/probe[(@name="SYSMON")]/managedEntity[(@name="Copy of New Managed entity 10")]/sampler,Set(),LIST,),None)
16:44:41.425 [OpenAccessApiClient-UnknownDevBuild-akka.actor.default-dispatcher-5] INFO  c.itrsgroup.actor.MessageDispatcher - Forwarding Subscription op to cluster frontend: Subscribe(ModelSub(/geneos/gateway[(@name="GW_TEST_50144")]/directory/probe[(@name="SYSMON")]/managedEntity[(@name="Copy of New Managed entity 11")]/sampler,Set(),LIST,),None)
16:44:41.616 [OpenAccessApiClient-UnknownDevBuild-akka.actor.default-dispatcher-20] INFO  c.itrsgroup.actor.MessageDispatcher - Forwarding Subscription op to cluster frontend: Subscribe(ModelSub(/geneos/gateway[(@name="GW_TEST_50144")]/directory/probe[(@name="SYSMON")]/managedEntity[(@name="Copy of New Managed entity 2")]/sampler,Set(),LIST,),None)
16:44:41.731 [OpenAccessApiClient-UnknownDevBuild-akka.actor.default-dispatcher-25] INFO  c.itrsgroup.actor.MessageDispatcher - Forwarding Subscription op to cluster frontend: Subscribe(ModelSub(/geneos/gateway[(@name="GW_TEST_50144")]/directory/probe[(@name="SYSMON")]/managedEntity[(@name="Copy of New Managed entity 3")]/sampler,Set(),LIST,),None)
16:44:41.883 [OpenAccessApiClient-UnknownDevBuild-akka.actor.default-dispatcher-6] INFO  c.itrsgroup.actor.MessageDispatcher - Forwarding Subscription op to cluster frontend: Subscribe(ModelSub(/geneos/gateway[(@name="GW_TEST_50144")]/directory/probe[(@name="SYSMON")]/managedEntity[(@name="Copy of New Managed entity 4")]/sampler,Set(),LIST,),None)
16:44:42.072 [OpenAccessApiClient-UnknownDevBuild-akka.actor.default-dispatcher-3] INFO  c.itrsgroup.actor.MessageDispatcher - Forwarding Subscription op to cluster frontend: Subscribe(ModelSub(/geneos/gateway[(@name="GW_TEST_50144")]/directory/probe[(@name="SYSMON")]/managedEntity[(@name="Copy of New Managed entity 5")]/sampler,Set(),LIST,),None)
16:44:42.187 [OpenAccessApiClient-UnknownDevBuild-akka.actor.default-dispatcher-24] INFO  c.itrsgroup.actor.MessageDispatcher - Forwarding Subscription op to cluster frontend: Subscribe(ModelSub(/geneos/gateway[(@name="GW_TEST_50144")]/directory/probe[(@name="SYSMON")]/managedEntity[(@name="Copy of New Managed entity 6")]/sampler,Set(),LIST,),None)
16:44:42.375 [OpenAccessApiClient-UnknownDevBuild-akka.actor.default-dispatcher-22] INFO  c.itrsgroup.actor.MessageDispatcher - Forwarding Subscription op to cluster frontend: Subscribe(ModelSub(/geneos/gateway[(@name="GW_TEST_50144")]/directory/probe[(@name="SYSMON")]/managedEntity[(@name="Copy of New Managed entity 7")]/sampler,Set(),LIST,),None)
16:44:42.485 [OpenAccessApiClient-UnknownDevBuild-akka.actor.default-dispatcher-24] INFO  c.itrsgroup.actor.MessageDispatcher - Forwarding Subscription op to cluster frontend: Subscribe(ModelSub(/geneos/gateway[(@name="GW_TEST_50144")]/directory/probe[(@name="SYSMON")]/managedEntity[(@name="Copy of New Managed entity 8")]/sampler,Set(),LIST,),None)
16:44:42.681 [OpenAccessApiClient-UnknownDevBuild-akka.actor.default-dispatcher-4] INFO  c.itrsgroup.actor.MessageDispatcher - Forwarding Subscription op to cluster frontend: Subscribe(ModelSub(/geneos/gateway[(@name="GW_TEST_50144")]/directory/probe[(@name="SYSMON")]/managedEntity[(@name="Copy of New Managed entity 9")]/sampler,Set(),LIST,),None)
16:44:42.785 [OpenAccessApiClient-UnknownDevBuild-akka.actor.default-dispatcher-4] INFO  c.itrsgroup.actor.MessageDispatcher - Forwarding Subscription op to cluster frontend: Subscribe(ModelSub(/geneos/gateway[(@name="GW_TEST_50144")]/directory/probe[(@name="SYSMON")]/managedEntity[(@name="FKM")]/sampler,Set(),LIST,),None)
16:44:42.946 [OpenAccessApiClient-UnknownDevBuild-akka.actor.default-dispatcher-15] INFO  c.itrsgroup.actor.MessageDispatcher - Forwarding Subscription op to cluster frontend: Subscribe(ModelSub(/geneos/gateway[(@name="GW_TEST_50144")]/directory/probe[(@name="SYSMON")]/managedEntity[(@name="HELLO")]/sampler,Set(),LIST,),None)
16:44:43.138 [OpenAccessApiClient-UnknownDevBuild-akka.actor.default-dispatcher-24] INFO  c.itrsgroup.actor.MessageDispatcher - Forwarding Subscription op to cluster frontend: Subscribe(ModelSub(/geneos/gateway[(@name="GW_TEST_50144")]/directory/probe[(@name="SYSMON")]/managedEntity[(@name="New Managed entity")]/sampler,Set(),LIST,),None)
16:44:43.239 [OpenAccessApiClient-UnknownDevBuild-akka.actor.default-dispatcher-15] INFO  c.itrsgroup.actor.MessageDispatcher - Forwarding Subscription op to cluster frontend: Subscribe(ModelSub(/geneos/gateway[(@name="GW_TEST_50144")]/directory/probe[(@name="SYSMON")]/managedEntity[(@name="THISISATEST")]/sampler,Set(),LIST,),None)
16:44:43.443 [OpenAccessApiClient-UnknownDevBuild-akka.actor.default-dispatcher-24] INFO  c.itrsgroup.actor.MessageDispatcher - Forwarding Subscription op to cluster frontend: Subscribe(ModelSub(/geneos/gateway[(@name="GW_TEST_50144")]/directory/probe[(@name="SYSMON")]/managedEntity[(@name="TOOLKIT_TEST")]/sampler,Set(),LIST,),None)
16:44:43.542 [OpenAccessApiClient-UnknownDevBuild-akka.actor.default-dispatcher-3] INFO  c.itrsgroup.actor.MessageDispatcher - Forwarding Subscription op to cluster frontend: Subscribe(ModelSub(/geneos/gateway[(@name="GW_TEST_50144")]/directory/probe[(@name="SYSMON")]/managedEntity[(@name="tttttttttttttttttteeeeeeeeeeeeeeeeeeeeeeeesssssssssssssssssssssssstttttttttttttttttttttttt")]/sampler,Set(),LIST,),None)
16:44:43.698 [OpenAccessApiClient-UnknownDevBuild-akka.actor.default-dispatcher-24] INFO  c.itrsgroup.actor.MessageDispatcher - Forwarding Subscription op to cluster frontend: Subscribe(ModelSub(/geneos/gateway[(@name="GW_TEST_50144")]/directory/probe[(@name="SYSMON")]/managedEntity[(@name="zzzzzzzzz")]/sampler,Set(),LIST,),None)
16:44:43.889 [OpenAccessApiClient-UnknownDevBuild-akka.actor.default-dispatcher-3] INFO  c.itrsgroup.actor.MessageDispatcher - Forwarding Subscription op to cluster frontend: Subscribe(ModelSub(/geneos/gateway[(@name="GW_TEST_50144")]/directory/probe[(@name="WINSYSMON")]/managedEntity[(@name="CPU_ENTITY")]/sampler,Set(),LIST,),None)
16:44:44.001 [OpenAccessApiClient-UnknownDevBuild-akka.actor.default-dispatcher-20] INFO  c.itrsgroup.actor.MessageDispatcher - Forwarding Subscription op to cluster frontend: Subscribe(ModelSub(/geneos/gateway[(@name="GW_TEST_50144")]/directory/probe[(@name="First")]/managedEntity[(@name="CPU Action test")]/sampler,Set(),LIST,),None)
16:44:44.155 [OpenAccessApiClient-UnknownDevBuild-akka.actor.default-dispatcher-20] INFO  c.itrsgroup.actor.MessageDispatcher - Forwarding Subscription op to cluster frontend: Subscribe(ModelSub(/geneos/gateway[(@name="GW_TEST_50144")]/directory/probe[(@name="Gelo Probe")]/managedEntity[(@name="gelo")]/sampler,Set(),LIST,),None)
16:44:44.363 [OpenAccessApiClient-UnknownDevBuild-akka.actor.default-dispatcher-4] INFO  c.itrsgroup.actor.MessageDispatcher - Forwarding Subscription op to cluster frontend: Subscribe(ModelSub(/geneos/gateway[(@name="GW_TEST_50144")]/directory/probe[(@name="SYSMON")]/managedEntity[(@name="Android")]/sampler[(@name="AppTest")][(@type="")]/dataview,Set(),LIST,),None)
16:44:44.482 [OpenAccessApiClient-UnknownDevBuild-akka.actor.default-dispatcher-5] INFO  c.itrsgroup.actor.MessageDispatcher - Forwarding Subscription op to cluster frontend: Subscribe(ModelSub(/geneos/gateway[(@name="GW_TEST_50144")]/directory/probe[(@name="SYSMON")]/managedEntity[(@name="CPU_Entity")]/sampler[(@name="CPU_sampler")][(@type="")]/dataview,Set(),LIST,),None)
16:44:44.657 [OpenAccessApiClient-UnknownDevBuild-akka.actor.default-dispatcher-25] INFO  c.itrsgroup.actor.MessageDispatcher - Forwarding Subscription op to cluster frontend: Subscribe(ModelSub(/geneos/gateway[(@name="GW_TEST_50144")]/directory/probe[(@name="SYSMON")]/managedEntity[(@name="CPU_Entity")]/sampler[(@name="New Sampler 3")][(@type="")]/dataview,Set(),LIST,),None)
16:44:45.659 [OpenAccessApiClient-UnknownDevBuild-akka.actor.default-dispatcher-6] INFO  c.itrsgroup.actor.MessageDispatcher - Forwarding Subscription op to cluster frontend: Subscribe(ModelSub(/geneos/gateway[(@name="GW_TEST_50144")]/directory/probe[(@name="SYSMON")]/managedEntity[(@name="CPU_Entity")]/sampler[(@name="new SQl tester")][(@type="")]/dataview,Set(),LIST,),None)
16:44:45.673 [OpenAccessApiClient-UnknownDevBuild-akka.actor.default-dispatcher-24] INFO  c.itrsgroup.actor.MessageDispatcher - Forwarding Subscription op to cluster frontend: Subscribe(ModelSub(/geneos/gateway[(@name="GW_TEST_50144")]/directory/probe[(@name="SYSMON")]/managedEntity[(@name="CPU_Entity")]/sampler[(@name="SQL gateway")][(@type="")]/dataview,Set(),LIST,),None)
16:44:45.874 [OpenAccessApiClient-UnknownDevBuild-akka.actor.default-dispatcher-22] INFO  c.itrsgroup.actor.MessageDispatcher - Forwarding Subscription op to cluster frontend: Subscribe(ModelSub(/geneos/gateway[(@name="GW_TEST_50144")]/directory/probe[(@name="SYSMON")]/managedEntity[(@name="CPU_Entity")]/sampler[(@name="TEST_LOG LOCAL1")][(@type="")]/dataview,Set(),LIST,),None)
16:44:45.990 [OpenAccessApiClient-UnknownDevBuild-akka.actor.default-dispatcher-21] INFO  c.itrsgroup.actor.MessageDispatcher - Forwarding Subscription op to cluster frontend: Subscribe(ModelSub(/geneos/gateway[(@name="GW_TEST_50144")]/directory/probe[(@name="SYSMON")]/managedEntity[(@name="CPU_Entity")]/sampler[(@name="New Sampler 2")][(@type="")]/dataview,Set(),LIST,),None)
16:44:46.180 [OpenAccessApiClient-UnknownDevBuild-akka.actor.default-dispatcher-21] INFO  c.itrsgroup.actor.MessageDispatcher - Forwarding Subscription op to cluster frontend: Subscribe(ModelSub(/geneos/gateway[(@name="GW_TEST_50144")]/directory/probe[(@name="SYSMON")]/managedEntity[(@name="CPU_Entity")]/sampler[(@name="New Sampler 9")][(@type="")]/dataview,Set(),LIST,),None)
16:44:46.307 [OpenAccessApiClient-UnknownDevBuild-akka.actor.default-dispatcher-22] INFO  c.itrsgroup.actor.MessageDispatcher - Forwarding Subscription op to cluster frontend: Subscribe(ModelSub(/geneos/gateway[(@name="GW_TEST_50144")]/directory/probe[(@name="SYSMON")]/managedEntity[(@name="CPU_Entity")]/sampler[(@name="Feed Monitoring_uat1")][(@type="")]/dataview,Set(),LIST,),None)
16:44:46.479 [OpenAccessApiClient-UnknownDevBuild-akka.actor.default-dispatcher-22] INFO  c.itrsgroup.actor.MessageDispatcher - Forwarding Subscription op to cluster frontend: Subscribe(ModelSub(/geneos/gateway[(@name="GW_TEST_50144")]/directory/probe[(@name="SYSMON")]/managedEntity[(@name="CPU_Entity")]/sampler[(@name="New Sampler 10")][(@type="")]/dataview,Set(),LIST,),None)
16:44:47.481 [OpenAccessApiClient-UnknownDevBuild-akka.actor.default-dispatcher-25] INFO  c.itrsgroup.actor.MessageDispatcher - Forwarding Subscription op to cluster frontend: Subscribe(ModelSub(/geneos/gateway[(@name="GW_TEST_50144")]/directory/probe[(@name="SYSMON")]/managedEntity[(@name="CPU_Entity")]/sampler[(@name="MQ Queuegelo")][(@type="")]/dataview,Set(),LIST,),None)
16:44:47.493 [OpenAccessApiClient-UnknownDevBuild-akka.actor.default-dispatcher-22] INFO  c.itrsgroup.actor.MessageDispatcher - Forwarding Subscription op to cluster frontend: Subscribe(ModelSub(/geneos/gateway[(@name="GW_TEST_50144")]/directory/probe[(@name="SYSMON")]/managedEntity[(@name="Copy of New Managed entity")]/sampler[(@name="CPU_sampler")][(@type="")]/dataview,Set(),LIST,),None)
16:44:47.699 [OpenAccessApiClient-UnknownDevBuild-akka.actor.default-dispatcher-18] INFO  c.itrsgroup.actor.MessageDispatcher - Forwarding Subscription op to cluster frontend: Subscribe(ModelSub(/geneos/gateway[(@name="GW_TEST_50144")]/directory/probe[(@name="SYSMON")]/managedEntity[(@name="Copy of New Managed entity 1")]/sampler[(@name="CPU_sampler")][(@type="")]/dataview,Set(),LIST,),None)
16:44:47.799 [OpenAccessApiClient-UnknownDevBuild-akka.actor.default-dispatcher-6] INFO  c.itrsgroup.actor.MessageDispatcher - Forwarding Subscription op to cluster frontend: Subscribe(ModelSub(/geneos/gateway[(@name="GW_TEST_50144")]/directory/probe[(@name="SYSMON")]/managedEntity[(@name="Copy of New Managed entity 10")]/sampler[(@name="CPU_sampler")][(@type="")]/dataview,Set(),LIST,),None)
16:44:48.003 [OpenAccessApiClient-UnknownDevBuild-akka.actor.default-dispatcher-6] INFO  c.itrsgroup.actor.MessageDispatcher - Forwarding Subscription op to cluster frontend: Subscribe(ModelSub(/geneos/gateway[(@name="GW_TEST_50144")]/directory/probe[(@name="SYSMON")]/managedEntity[(@name="Copy of New Managed entity 11")]/sampler[(@name="CPU_sampler")][(@type="")]/dataview,Set(),LIST,),None)
16:44:48.116 [OpenAccessApiClient-UnknownDevBuild-akka.actor.default-dispatcher-17] INFO  c.itrsgroup.actor.MessageDispatcher - Forwarding Subscription op to cluster frontend: Subscribe(ModelSub(/geneos/gateway[(@name="GW_TEST_50144")]/directory/probe[(@name="SYSMON")]/managedEntity[(@name="Copy of New Managed entity 2")]/sampler[(@name="CPU_sampler")][(@type="")]/dataview,Set(),LIST,),None)
16:44:48.304 [OpenAccessApiClient-UnknownDevBuild-akka.actor.default-dispatcher-18] INFO  c.itrsgroup.actor.MessageDispatcher - Forwarding Subscription op to cluster frontend: Subscribe(ModelSub(/geneos/gateway[(@name="GW_TEST_50144")]/directory/probe[(@name="SYSMON")]/managedEntity[(@name="Copy of New Managed entity 3")]/sampler[(@name="CPU_sampler")][(@type="")]/dataview,Set(),LIST,),None)
16:44:48.442 [OpenAccessApiClient-UnknownDevBuild-akka.actor.default-dispatcher-21] INFO  c.itrsgroup.actor.MessageDispatcher - Forwarding Subscription op to cluster frontend: Subscribe(ModelSub(/geneos/gateway[(@name="GW_TEST_50144")]/directory/probe[(@name="SYSMON")]/managedEntity[(@name="Copy of New Managed entity 4")]/sampler[(@name="CPU_sampler")][(@type="")]/dataview,Set(),LIST,),None)
16:44:48.567 [OpenAccessApiClient-UnknownDevBuild-akka.actor.default-dispatcher-26] INFO  c.itrsgroup.actor.MessageDispatcher - Forwarding Subscription op to cluster frontend: Subscribe(ModelSub(/geneos/gateway[(@name="GW_TEST_50144")]/directory/probe[(@name="SYSMON")]/managedEntity[(@name="Copy of New Managed entity 5")]/sampler[(@name="CPU_sampler")][(@type="")]/dataview,Set(),LIST,),None)
16:44:48.760 [OpenAccessApiClient-UnknownDevBuild-akka.actor.default-dispatcher-18] INFO  c.itrsgroup.actor.MessageDispatcher - Forwarding Subscription op to cluster frontend: Subscribe(ModelSub(/geneos/gateway[(@name="GW_TEST_50144")]/directory/probe[(@name="SYSMON")]/managedEntity[(@name="Copy of New Managed entity 6")]/sampler[(@name="CPU_sampler")][(@type="")]/dataview,Set(),LIST,),None)
16:44:48.873 [OpenAccessApiClient-UnknownDevBuild-akka.actor.default-dispatcher-17] INFO  c.itrsgroup.actor.MessageDispatcher - Forwarding Subscription op to cluster frontend: Subscribe(ModelSub(/geneos/gateway[(@name="GW_TEST_50144")]/directory/probe[(@name="SYSMON")]/managedEntity[(@name="Copy of New Managed entity 7")]/sampler[(@name="CPU_sampler")][(@type="")]/dataview,Set(),LIST,),None)
16:44:49.066 [OpenAccessApiClient-UnknownDevBuild-akka.actor.default-dispatcher-15] INFO  c.itrsgroup.actor.MessageDispatcher - Forwarding Subscription op to cluster frontend: Subscribe(ModelSub(/geneos/gateway[(@name="GW_TEST_50144")]/directory/probe[(@name="SYSMON")]/managedEntity[(@name="Copy of New Managed entity 8")]/sampler[(@name="CPU_sampler")][(@type="")]/dataview,Set(),LIST,),None)
16:44:49.178 [OpenAccessApiClient-UnknownDevBuild-akka.actor.default-dispatcher-2] INFO  c.itrsgroup.actor.MessageDispatcher - Forwarding Subscription op to cluster frontend: Subscribe(ModelSub(/geneos/gateway[(@name="GW_TEST_50144")]/directory/probe[(@name="SYSMON")]/managedEntity[(@name="Copy of New Managed entity 9")]/sampler[(@name="CPU_sampler")][(@type="")]/dataview,Set(),LIST,),None)
16:44:49.369 [OpenAccessApiClient-UnknownDevBuild-akka.actor.default-dispatcher-17] INFO  c.itrsgroup.actor.MessageDispatcher - Forwarding Subscription op to cluster frontend: Subscribe(ModelSub(/geneos/gateway[(@name="GW_TEST_50144")]/directory/probe[(@name="SYSMON")]/managedEntity[(@name="FKM")]/sampler[(@name="FKM")][(@type="")]/dataview,Set(),LIST,),None)
16:44:49.480 [OpenAccessApiClient-UnknownDevBuild-akka.actor.default-dispatcher-19] INFO  c.itrsgroup.actor.MessageDispatcher - Forwarding Subscription op to cluster frontend: Subscribe(ModelSub(/geneos/gateway[(@name="GW_TEST_50144")]/directory/probe[(@name="SYSMON")]/managedEntity[(@name="FKM")]/sampler[(@name="FTM Test")][(@type="")]/dataview,Set(),LIST,),None)
16:44:49.669 [OpenAccessApiClient-UnknownDevBuild-akka.actor.default-dispatcher-19] INFO  c.itrsgroup.actor.MessageDispatcher - Forwarding Subscription op to cluster frontend: Subscribe(ModelSub(/geneos/gateway[(@name="GW_TEST_50144")]/directory/probe[(@name="SYSMON")]/managedEntity[(@name="HELLO")]/sampler[(@name="FKM")][(@type="")]/dataview,Set(),LIST,),None)
16:44:49.780 [OpenAccessApiClient-UnknownDevBuild-akka.actor.default-dispatcher-19] INFO  c.itrsgroup.actor.MessageDispatcher - Forwarding Subscription op to cluster frontend: Subscribe(ModelSub(/geneos/gateway[(@name="GW_TEST_50144")]/directory/probe[(@name="SYSMON")]/managedEntity[(@name="HELLO")]/sampler[(@name="Cluster Monitoring Sampler")][(@type="")]/dataview,Set(),LIST,),None)
16:44:49.928 [OpenAccessApiClient-UnknownDevBuild-akka.actor.default-dispatcher-7] INFO  c.itrsgroup.actor.MessageDispatcher - Forwarding Subscription op to cluster frontend: Subscribe(ModelSub(/geneos/gateway[(@name="GW_TEST_50144")]/directory/probe[(@name="SYSMON")]/managedEntity[(@name="HELLO")]/sampler[(@name="New Sampler 1")][(@type="")]/dataview,Set(),LIST,),None)
16:44:50.083 [OpenAccessApiClient-UnknownDevBuild-akka.actor.default-dispatcher-3] INFO  c.itrsgroup.actor.MessageDispatcher - Forwarding Subscription op to cluster frontend: Subscribe(ModelSub(/geneos/gateway[(@name="GW_TEST_50144")]/directory/probe[(@name="SYSMON")]/managedEntity[(@name="HELLO")]/sampler[(@name="new SQl tester")][(@type="")]/dataview,Set(),LIST,),None)
16:44:50.280 [OpenAccessApiClient-UnknownDevBuild-akka.actor.default-dispatcher-26] INFO  c.itrsgroup.actor.MessageDispatcher - Forwarding Subscription op to cluster frontend: Subscribe(ModelSub(/geneos/gateway[(@name="GW_TEST_50144")]/directory/probe[(@name="SYSMON")]/managedEntity[(@name="New Managed entity")]/sampler[(@name="CPU_sampler")][(@type="")]/dataview,Set(),LIST,),None)
16:44:50.386 [OpenAccessApiClient-UnknownDevBuild-akka.actor.default-dispatcher-2] INFO  c.itrsgroup.actor.MessageDispatcher - Forwarding Subscription op to cluster frontend: Subscribe(ModelSub(/geneos/gateway[(@name="GW_TEST_50144")]/directory/probe[(@name="SYSMON")]/managedEntity[(@name="THISISATEST")]/sampler[(@name="FTM Test")][(@type="")]/dataview,Set(),LIST,),None)
16:44:50.589 [OpenAccessApiClient-UnknownDevBuild-akka.actor.default-dispatcher-5] INFO  c.itrsgroup.actor.MessageDispatcher - Forwarding Subscription op to cluster frontend: Subscribe(ModelSub(/geneos/gateway[(@name="GW_TEST_50144")]/directory/probe[(@name="SYSMON")]/managedEntity[(@name="TOOLKIT_TEST")]/sampler[(@name="Toolkit")][(@type="")]/dataview,Set(),LIST,),None)
16:44:50.702 [OpenAccessApiClient-UnknownDevBuild-akka.actor.default-dispatcher-25] INFO  c.itrsgroup.actor.MessageDispatcher - Forwarding Subscription op to cluster frontend: Subscribe(ModelSub(/geneos/gateway[(@name="GW_TEST_50144")]/directory/probe[(@name="SYSMON")]/managedEntity[(@name="TOOLKIT_TEST")]/sampler[(@name="ICE MYSQL")][(@type="")]/dataview,Set(),LIST,),None)
16:44:50.881 [OpenAccessApiClient-UnknownDevBuild-akka.actor.default-dispatcher-3] INFO  c.itrsgroup.actor.MessageDispatcher - Forwarding Subscription op to cluster frontend: Subscribe(ModelSub(/geneos/gateway[(@name="GW_TEST_50144")]/directory/probe[(@name="SYSMON")]/managedEntity[(@name="TOOLKIT_TEST")]/sampler[(@name="TEST ICE")][(@type="")]/dataview,Set(),LIST,),None)
16:44:51.051 [OpenAccessApiClient-UnknownDevBuild-akka.actor.default-dispatcher-3] INFO  c.itrsgroup.actor.MessageDispatcher - Forwarding Subscription op to cluster frontend: Subscribe(ModelSub(/geneos/gateway[(@name="GW_TEST_50144")]/directory/probe[(@name="SYSMON")]/managedEntity[(@name="TOOLKIT_TEST")]/sampler[(@name="TestSQL")][(@type="")]/dataview,Set(),LIST,),None)
16:44:51.174 [OpenAccessApiClient-UnknownDevBuild-akka.actor.default-dispatcher-7] INFO  c.itrsgroup.actor.MessageDispatcher - Forwarding Subscription op to cluster frontend: Subscribe(ModelSub(/geneos/gateway[(@name="GW_TEST_50144")]/directory/probe[(@name="SYSMON")]/managedEntity[(@name="TOOLKIT_TEST")]/sampler[(@name="New Sampler 6")][(@type="")]/dataview,Set(),LIST,),None)
16:44:51.355 [OpenAccessApiClient-UnknownDevBuild-akka.actor.default-dispatcher-25] INFO  c.itrsgroup.actor.MessageDispatcher - Forwarding Subscription op to cluster frontend: Subscribe(ModelSub(/geneos/gateway[(@name="GW_TEST_50144")]/directory/probe[(@name="SYSMON")]/managedEntity[(@name="TOOLKIT_TEST")]/sampler[(@name="ME VS APPa")][(@type="")]/dataview,Set(),LIST,),None)
16:44:51.464 [OpenAccessApiClient-UnknownDevBuild-akka.actor.default-dispatcher-25] INFO  c.itrsgroup.actor.MessageDispatcher - Forwarding Subscription op to cluster frontend: Subscribe(ModelSub(/geneos/gateway[(@name="GW_TEST_50144")]/directory/probe[(@name="SYSMON")]/managedEntity[(@name="tttttttttttttttttteeeeeeeeeeeeeeeeeeeeeeeesssssssssssssssssssssssstttttttttttttttttttttttt")]/sampler[(@name="CPU")][(@type="")]/dataview,Set(),LIST,),None)
16:44:52.466 [OpenAccessApiClient-UnknownDevBuild-akka.actor.default-dispatcher-2] INFO  c.itrsgroup.actor.MessageDispatcher - Forwarding Subscription op to cluster frontend: Subscribe(ModelSub(/geneos/gateway[(@name="GW_TEST_50144")]/directory/probe[(@name="SYSMON")]/managedEntity[(@name="tttttttttttttttttteeeeeeeeeeeeeeeeeeeeeeeesssssssssssssssssssssssstttttttttttttttttttttttt")]/sampler[(@name="CPU_sampler")][(@type="")]/dataview,Set(),LIST,),None)
16:44:52.513 [OpenAccessApiClient-UnknownDevBuild-akka.actor.default-dispatcher-3] INFO  c.itrsgroup.actor.MessageDispatcher - Forwarding Subscription op to cluster frontend: Subscribe(ModelSub(/geneos/gateway[(@name="GW_TEST_50144")]/directory/probe[(@name="SYSMON")]/managedEntity[(@name="tttttttttttttttttteeeeeeeeeeeeeeeeeeeeeeeesssssssssssssssssssssssstttttttttttttttttttttttt")]/sampler[(@name="FKM")][(@type="")]/dataview,Set(),LIST,),None)
16:44:52.724 [OpenAccessApiClient-UnknownDevBuild-akka.actor.default-dispatcher-15] INFO  c.itrsgroup.actor.MessageDispatcher - Forwarding Subscription op to cluster frontend: Subscribe(ModelSub(/geneos/gateway[(@name="GW_TEST_50144")]/directory/probe[(@name="SYSMON")]/managedEntity[(@name="zzzzzzzzz")]/sampler[(@name="CPU")][(@type="")]/dataview,Set(),LIST,),None)
16:44:53.725 [OpenAccessApiClient-UnknownDevBuild-akka.actor.default-dispatcher-6] INFO  c.itrsgroup.actor.MessageDispatcher - Forwarding Subscription op to cluster frontend: Subscribe(ModelSub(/geneos/gateway[(@name="GW_TEST_50144")]/directory/probe[(@name="SYSMON")]/managedEntity[(@name="zzzzzzzzz")]/sampler[(@name="Toolkit")][(@type="")]/dataview,Set(),LIST,),None)
16:44:53.879 [OpenAccessApiClient-UnknownDevBuild-akka.actor.default-dispatcher-17] INFO  c.itrsgroup.actor.MessageDispatcher - Forwarding Subscription op to cluster frontend: Subscribe(ModelSub(/geneos/gateway[(@name="GW_TEST_50144")]/directory/probe[(@name="WINSYSMON")]/managedEntity[(@name="CPU_ENTITY")]/sampler[(@name="CPU_sampler")][(@type="")]/dataview,Set(),LIST,),None)
16:44:54.076 [OpenAccessApiClient-UnknownDevBuild-akka.actor.default-dispatcher-17] INFO  c.itrsgroup.actor.MessageDispatcher - Forwarding Subscription op to cluster frontend: Subscribe(ModelSub(/geneos/gateway[(@name="GW_TEST_50144")]/directory/probe[(@name="WINSYSMON")]/managedEntity[(@name="CPU_ENTITY")]/sampler[(@name="Toolkit2")][(@type="")]/dataview,Set(),LIST,),None)
16:44:54.178 [OpenAccessApiClient-UnknownDevBuild-akka.actor.default-dispatcher-21] INFO  c.itrsgroup.actor.MessageDispatcher - Forwarding Subscription op to cluster frontend: Subscribe(ModelSub(/geneos/gateway[(@name="GW_TEST_50144")]/directory/probe[(@name="WINSYSMON")]/managedEntity[(@name="CPU_ENTITY")]/sampler[(@name="TestSQL")][(@type="")]/dataview,Set(),LIST,),None)
16:44:54.378 [OpenAccessApiClient-UnknownDevBuild-akka.actor.default-dispatcher-6] INFO  c.itrsgroup.actor.MessageDispatcher - Forwarding Subscription op to cluster frontend: Subscribe(ModelSub(/geneos/gateway[(@name="GW_TEST_50144")]/directory/probe[(@name="WINSYSMON")]/managedEntity[(@name="CPU_ENTITY")]/sampler[(@name="Trigger sample")][(@type="")]/dataview,Set(),LIST,),None)
16:44:54.486 [OpenAccessApiClient-UnknownDevBuild-akka.actor.default-dispatcher-2] INFO  c.itrsgroup.actor.MessageDispatcher - Forwarding Subscription op to cluster frontend: Subscribe(ModelSub(/geneos/gateway[(@name="GW_TEST_50144")]/directory/probe[(@name="WINSYSMON")]/managedEntity[(@name="CPU_ENTITY")]/sampler[(@name="Timestamp sql")][(@type="")]/dataview,Set(),LIST,),None)
16:44:54.679 [OpenAccessApiClient-UnknownDevBuild-akka.actor.default-dispatcher-2] INFO  c.itrsgroup.actor.MessageDispatcher - Forwarding Subscription op to cluster frontend: Subscribe(ModelSub(/geneos/gateway[(@name="GW_TEST_50144")]/directory/probe[(@name="WINSYSMON")]/managedEntity[(@name="CPU_ENTITY")]/sampler[(@name="eventlog")][(@type="")]/dataview,Set(),LIST,),None)
16:44:54.785 [OpenAccessApiClient-UnknownDevBuild-akka.actor.default-dispatcher-6] INFO  c.itrsgroup.actor.MessageDispatcher - Forwarding Subscription op to cluster frontend: Subscribe(ModelSub(/geneos/gateway[(@name="GW_TEST_50144")]/directory/probe[(@name="WINSYSMON")]/managedEntity[(@name="CPU_ENTITY")]/sampler[(@name="Win Services")][(@type="")]/dataview,Set(),LIST,),None)
16:44:54.945 [OpenAccessApiClient-UnknownDevBuild-akka.actor.default-dispatcher-22] INFO  c.itrsgroup.actor.MessageDispatcher - Forwarding Subscription op to cluster frontend: Subscribe(ModelSub(/geneos/gateway[(@name="GW_TEST_50144")]/directory/probe[(@name="WINSYSMON")]/managedEntity[(@name="CPU_ENTITY")]/sampler[(@name="proc")][(@type="")]/dataview,Set(),LIST,),None)
16:44:55.141 [OpenAccessApiClient-UnknownDevBuild-akka.actor.default-dispatcher-22] INFO  c.itrsgroup.actor.MessageDispatcher - Forwarding Subscription op to cluster frontend: Subscribe(ModelSub(/geneos/gateway[(@name="GW_TEST_50144")]/directory/probe[(@name="WINSYSMON")]/managedEntity[(@name="CPU_ENTITY")]/sampler[(@name="New Sampler 5")][(@type="")]/dataview,Set(),LIST,),None)
16:44:55.250 [OpenAccessApiClient-UnknownDevBuild-akka.actor.default-dispatcher-22] INFO  c.itrsgroup.actor.MessageDispatcher - Forwarding Subscription op to cluster frontend: Subscribe(ModelSub(/geneos/gateway[(@name="GW_TEST_50144")]/directory/probe[(@name="WINSYSMON")]/managedEntity[(@name="CPU_ENTITY")]/sampler[(@name="New Sampler 2")][(@type="")]/dataview,Set(),LIST,),None)
16:44:55.439 [OpenAccessApiClient-UnknownDevBuild-akka.actor.default-dispatcher-22] INFO  c.itrsgroup.actor.MessageDispatcher - Forwarding Subscription op to cluster frontend: Subscribe(ModelSub(/geneos/gateway[(@name="GW_TEST_50144")]/directory/probe[(@name="WINSYSMON")]/managedEntity[(@name="CPU_ENTITY")]/sampler[(@name="New Sampler 11")][(@type="")]/dataview,Set(),LIST,),None)
16:44:55.546 [OpenAccessApiClient-UnknownDevBuild-akka.actor.default-dispatcher-26] INFO  c.itrsgroup.actor.MessageDispatcher - Forwarding Subscription op to cluster frontend: Subscribe(ModelSub(/geneos/gateway[(@name="GW_TEST_50144")]/directory/probe[(@name="WINSYSMON")]/managedEntity[(@name="CPU_ENTITY")]/sampler[(@name="New Sampler 12")][(@type="")]/dataview,Set(),LIST,),None)
16:44:55.755 [OpenAccessApiClient-UnknownDevBuild-akka.actor.default-dispatcher-4] INFO  c.itrsgroup.actor.MessageDispatcher - Forwarding Subscription op to cluster frontend: Subscribe(ModelSub(/geneos/gateway[(@name="GW_TEST_50144")]/directory/probe[(@name="First")]/managedEntity[(@name="CPU Action test")]/sampler[(@name="CPU")][(@type="")]/dataview,Set(),LIST,),None)
16:44:56.757 [OpenAccessApiClient-UnknownDevBuild-akka.actor.default-dispatcher-4] INFO  c.itrsgroup.actor.MessageDispatcher - Forwarding Subscription op to cluster frontend: Subscribe(ModelSub(/geneos/gateway[(@name="GW_TEST_50144")]/directory/probe[(@name="Gelo Probe")]/managedEntity[(@name="gelo")]/sampler[(@name="MQ Queuegelo")][(@type="")]/dataview,Set(),LIST,),None)
16:44:56.773 [OpenAccessApiClient-UnknownDevBuild-akka.actor.default-dispatcher-22] INFO  a.r.RemoteActorRefProvider$RemotingTerminator - Shutting down remote daemon.
16:44:56.774 [OpenAccessApiClient-UnknownDevBuild-akka.actor.default-dispatcher-22] INFO  a.r.RemoteActorRefProvider$RemotingTerminator - Remote daemon shut down; proceeding with flushing remote transports.
16:44:56.780 [OpenAccessApiClient-UnknownDevBuild-akka.actor.default-dispatcher-15] INFO  a.r.RemoteActorRefProvider$RemotingTerminator - Remoting shut down.
[{"XPath":"/geneos/gateway[(@name=\"GW_TEST_50144\")]/directory/probe[(@name=\"SYSMON\")]/managedEntity[(@name=\"Android\")]/sampler[(@name=\"AppTest\")][(@type=\"\")]/dataview[(@name=\"AppTest\")]","Snoozed":false,"Severity":"UNDEFINED"}, {"XPath":"/geneos/gateway[(@name=\"GW_TEST_50144\")]/directory/probe[(@name=\"SYSMON\")]/managedEntity[(@name=\"Copy of New Managed entity\")]/sampler[(@name=\"CPU_sampler\")][(@type=\"\")]/dataview[(@name=\"CPU_sampler\")]","Snoozed":false,"Severity":"UNDEFINED"}, {"XPath":"/geneos/gateway[(@name=\"GW_TEST_50144\")]/directory/probe[(@name=\"SYSMON\")]/managedEntity[(@name=\"Copy of New Managed entity 1\")]/sampler[(@name=\"CPU_sampler\")][(@type=\"\")]/dataview[(@name=\"CPU_sampler\")]","Snoozed":false,"Severity":"UNDEFINED"}, {"XPath":"/geneos/gateway[(@name=\"GW_TEST_50144\")]/directory/probe[(@name=\"SYSMON\")]/managedEntity[(@name=\"Copy of New Managed entity 10\")]/sampler[(@name=\"CPU_sampler\")][(@type=\"\")]/dataview[(@name=\"CPU_sampler\")]","Snoozed":false,"Severity":"UNDEFINED"}, {"XPath":"/geneos/gateway[(@name=\"GW_TEST_50144\")]/directory/probe[(@name=\"SYSMON\")]/managedEntity[(@name=\"Copy of New Managed entity 11\")]/sampler[(@name=\"CPU_sampler\")][(@type=\"\")]/dataview[(@name=\"CPU_sampler\")]","Snoozed":false,"Severity":"UNDEFINED"}, {"XPath":"/geneos/gateway[(@name=\"GW_TEST_50144\")]/directory/probe[(@name=\"SYSMON\")]/managedEntity[(@name=\"Copy of New Managed entity 2\")]/sampler[(@name=\"CPU_sampler\")][(@type=\"\")]/dataview[(@name=\"CPU_sampler\")]","Snoozed":false,"Severity":"UNDEFINED"}, {"XPath":"/geneos/gateway[(@name=\"GW_TEST_50144\")]/directory/probe[(@name=\"SYSMON\")]/managedEntity[(@name=\"Copy of New Managed entity 3\")]/sampler[(@name=\"CPU_sampler\")][(@type=\"\")]/dataview[(@name=\"CPU_sampler\")]","Snoozed":false,"Severity":"UNDEFINED"}, {"XPath":"/geneos/gateway[(@name=\"GW_TEST_50144\")]/directory/probe[(@name=\"SYSMON\")]/managedEntity[(@name=\"Copy of New Managed entity 4\")]/sampler[(@name=\"CPU_sampler\")][(@type=\"\")]/dataview[(@name=\"CPU_sampler\")]","Snoozed":false,"Severity":"UNDEFINED"}, {"XPath":"/geneos/gateway[(@name=\"GW_TEST_50144\")]/directory/probe[(@name=\"SYSMON\")]/managedEntity[(@name=\"Copy of New Managed entity 5\")]/sampler[(@name=\"CPU_sampler\")][(@type=\"\")]/dataview[(@name=\"CPU_sampler\")]","Snoozed":false,"Severity":"UNDEFINED"}, {"XPath":"/geneos/gateway[(@name=\"GW_TEST_50144\")]/directory/probe[(@name=\"SYSMON\")]/managedEntity[(@name=\"Copy of New Managed entity 6\")]/sampler[(@name=\"CPU_sampler\")][(@type=\"\")]/dataview[(@name=\"CPU_sampler\")]","Snoozed":false,"Severity":"UNDEFINED"}, {"XPath":"/geneos/gateway[(@name=\"GW_TEST_50144\")]/directory/probe[(@name=\"SYSMON\")]/managedEntity[(@name=\"Copy of New Managed entity 7\")]/sampler[(@name=\"CPU_sampler\")][(@type=\"\")]/dataview[(@name=\"CPU_sampler\")]","Snoozed":false,"Severity":"UNDEFINED"}, {"XPath":"/geneos/gateway[(@name=\"GW_TEST_50144\")]/directory/probe[(@name=\"SYSMON\")]/managedEntity[(@name=\"Copy of New Managed entity 8\")]/sampler[(@name=\"CPU_sampler\")][(@type=\"\")]/dataview[(@name=\"CPU_sampler\")]","Snoozed":false,"Severity":"UNDEFINED"}, {"XPath":"/geneos/gateway[(@name=\"GW_TEST_50144\")]/directory/probe[(@name=\"SYSMON\")]/managedEntity[(@name=\"Copy of New Managed entity 9\")]/sampler[(@name=\"CPU_sampler\")][(@type=\"\")]/dataview[(@name=\"CPU_sampler\")]","Snoozed":false,"Severity":"UNDEFINED"}, {"XPath":"/geneos/gateway[(@name=\"GW_TEST_50144\")]/directory/probe[(@name=\"SYSMON\")]/managedEntity[(@name=\"CPU_Entity\")]/sampler[(@name=\"new SQl tester\")][(@type=\"\")]/dataview[(@name=\"cpu\")]","Snoozed":false,"Severity":"OK"}, {"XPath":"/geneos/gateway[(@name=\"GW_TEST_50144\")]/directory/probe[(@name=\"SYSMON\")]/managedEntity[(@name=\"CPU_Entity\")]/sampler[(@name=\"CPU_sampler\")][(@type=\"\")]/dataview[(@name=\"CPU_sampler\")]","Snoozed":false,"Severity":"CRITICAL"}, {"XPath":"/geneos/gateway[(@name=\"GW_TEST_50144\")]/directory/probe[(@name=\"SYSMON\")]/managedEntity[(@name=\"CPU_Entity\")]/sampler[(@name=\"new SQl tester\")][(@type=\"\")]/dataview[(@name=\"cpuAgain\")]","Snoozed":false,"Severity":"UNDEFINED"}, {"XPath":"/geneos/gateway[(@name=\"GW_TEST_50144\")]/directory/probe[(@name=\"SYSMON\")]/managedEntity[(@name=\"CPU_Entity\")]/sampler[(@name=\"Feed Monitoring_uat1\")][(@type=\"\")]/dataview[(@name=\"Feed Monitoring_uat1\")]","Snoozed":false,"Severity":"UNDEFINED"}, {"XPath":"/geneos/gateway[(@name=\"GW_TEST_50144\")]/directory/probe[(@name=\"SYSMON\")]/managedEntity[(@name=\"CPU_Entity\")]/sampler[(@name=\"MQ Queuegelo\")][(@type=\"\")]/dataview[(@name=\"MQ Queuegelo\")]","Snoozed":false,"Severity":"UNDEFINED"}, {"XPath":"/geneos/gateway[(@name=\"GW_TEST_50144\")]/directory/probe[(@name=\"SYSMON\")]/managedEntity[(@name=\"CPU_Entity\")]/sampler[(@name=\"New Sampler 2\")][(@type=\"\")]/dataview[(@name=\"New Sampler 2\")]","Snoozed":false,"Severity":"UNDEFINED"}, {"XPath":"/geneos/gateway[(@name=\"GW_TEST_50144\")]/directory/probe[(@name=\"SYSMON\")]/managedEntity[(@name=\"CPU_Entity\")]/sampler[(@name=\"New Sampler 9\")][(@type=\"\")]/dataview[(@name=\"New Sampler 9\")]","Snoozed":false,"Severity":"UNDEFINED"}, {"XPath":"/geneos/gateway[(@name=\"GW_TEST_50144\")]/directory/probe[(@name=\"SYSMON\")]/managedEntity[(@name=\"CPU_Entity\")]/sampler[(@name=\"TEST_LOG LOCAL1\")][(@type=\"\")]/dataview[(@name=\"TEST_LOG LOCAL1\")]","Snoozed":false,"Severity":"UNDEFINED"}, {"XPath":"/geneos/gateway[(@name=\"GW_TEST_50144\")]/directory/probe[(@name=\"SYSMON\")]/managedEntity[(@name=\"CPU_Entity\")]/sampler[(@name=\"SQL gateway\")][(@type=\"\")]/dataview[(@name=\"V1\")]","Snoozed":false,"Severity":"UNDEFINED"}, {"XPath":"/geneos/gateway[(@name=\"GW_TEST_50144\")]/directory/probe[(@name=\"WINSYSMON\")]/managedEntity[(@name=\"CPU_ENTITY\")]/sampler[(@name=\"CPU_sampler\")][(@type=\"\")]/dataview[(@name=\"CPU_sampler\")]","Snoozed":false,"Severity":"CRITICAL"}, {"XPath":"/geneos/gateway[(@name=\"GW_TEST_50144\")]/directory/probe[(@name=\"WINSYSMON\")]/managedEntity[(@name=\"CPU_ENTITY\")]/sampler[(@name=\"eventlog\")][(@type=\"\")]/dataview[(@name=\"eventlog\")]","Snoozed":false,"Severity":"UNDEFINED"}, {"XPath":"/geneos/gateway[(@name=\"GW_TEST_50144\")]/directory/probe[(@name=\"WINSYSMON\")]/managedEntity[(@name=\"CPU_ENTITY\")]/sampler[(@name=\"TestSQL\")][(@type=\"\")]/dataview[(@name=\"Everything\")]","Snoozed":false,"Severity":"UNDEFINED"}, {"XPath":"/geneos/gateway[(@name=\"GW_TEST_50144\")]/directory/probe[(@name=\"WINSYSMON\")]/managedEntity[(@name=\"CPU_ENTITY\")]/sampler[(@name=\"Toolkit2\")][(@type=\"\")]/dataview[(@name=\"Instances\")]","Snoozed":false,"Severity":"UNDEFINED"}, {"XPath":"/geneos/gateway[(@name=\"GW_TEST_50144\")]/directory/probe[(@name=\"WINSYSMON\")]/managedEntity[(@name=\"CPU_ENTITY\")]/sampler[(@name=\"New Sampler 11\")][(@type=\"\")]/dataview[(@name=\"New Sampler 11\")]","Snoozed":false,"Severity":"UNDEFINED"}, {"XPath":"/geneos/gateway[(@name=\"GW_TEST_50144\")]/directory/probe[(@name=\"WINSYSMON\")]/managedEntity[(@name=\"CPU_ENTITY\")]/sampler[(@name=\"New Sampler 12\")][(@type=\"\")]/dataview[(@name=\"New Sampler 12\")]","Snoozed":false,"Severity":"UNDEFINED"}, {"XPath":"/geneos/gateway[(@name=\"GW_TEST_50144\")]/directory/probe[(@name=\"WINSYSMON\")]/managedEntity[(@name=\"CPU_ENTITY\")]/sampler[(@name=\"New Sampler 2\")][(@type=\"\")]/dataview[(@name=\"New Sampler 2\")]","Snoozed":false,"Severity":"UNDEFINED"}, {"XPath":"/geneos/gateway[(@name=\"GW_TEST_50144\")]/directory/probe[(@name=\"WINSYSMON\")]/managedEntity[(@name=\"CPU_ENTITY\")]/sampler[(@name=\"New Sampler 5\")][(@type=\"\")]/dataview[(@name=\"New Sampler 5\")]","Snoozed":false,"Severity":"UNDEFINED"}, {"XPath":"/geneos/gateway[(@name=\"GW_TEST_50144\")]/directory/probe[(@name=\"WINSYSMON\")]/managedEntity[(@name=\"CPU_ENTITY\")]/sampler[(@name=\"Toolkit2\")][(@type=\"\")]/dataview[(@name=\"Percentage use\")]","Snoozed":false,"Severity":"UNDEFINED"}, {"XPath":"/geneos/gateway[(@name=\"GW_TEST_50144\")]/directory/probe[(@name=\"WINSYSMON\")]/managedEntity[(@name=\"CPU_ENTITY\")]/sampler[(@name=\"proc\")][(@type=\"\")]/dataview[(@name=\"proc\")]","Snoozed":false,"Severity":"UNDEFINED"}, {"XPath":"/geneos/gateway[(@name=\"GW_TEST_50144\")]/directory/probe[(@name=\"WINSYSMON\")]/managedEntity[(@name=\"CPU_ENTITY\")]/sampler[(@name=\"Timestamp sql\")][(@type=\"\")]/dataview[(@name=\"timediff\")]","Snoozed":false,"Severity":"UNDEFINED"}, {"XPath":"/geneos/gateway[(@name=\"GW_TEST_50144\")]/directory/probe[(@name=\"WINSYSMON\")]/managedEntity[(@name=\"CPU_ENTITY\")]/sampler[(@name=\"Trigger sample\")][(@type=\"\")]/dataview[(@name=\"Triggered\")]","Snoozed":false,"Severity":"UNDEFINED"}, {"XPath":"/geneos/gateway[(@name=\"GW_TEST_50144\")]/directory/probe[(@name=\"WINSYSMON\")]/managedEntity[(@name=\"CPU_ENTITY\")]/sampler[(@name=\"Win Services\")][(@type=\"\")]/dataview[(@name=\"Win Services\")]","Snoozed":false,"Severity":"UNDEFINED"}, {"XPath":"/geneos/gateway[(@name=\"GW_TEST_50144\")]/directory/probe[(@name=\"SYSMON\")]/managedEntity[(@name=\"FKM\")]/sampler[(@name=\"FKM\")][(@type=\"\")]/dataview[(@name=\"FKM\")]","Snoozed":false,"Severity":"WARNING"}, {"XPath":"/geneos/gateway[(@name=\"GW_TEST_50144\")]/directory/probe[(@name=\"SYSMON\")]/managedEntity[(@name=\"FKM\")]/sampler[(@name=\"FTM Test\")][(@type=\"\")]/dataview[(@name=\"FTM Test\")]","Snoozed":false,"Severity":"UNDEFINED"}, {"XPath":"/geneos/gateway[(@name=\"GW_TEST_50144\")]/directory/probe[(@name=\"Gelo Probe\")]/managedEntity[(@name=\"gelo\")]/sampler[(@name=\"MQ Queuegelo\")][(@type=\"\")]/dataview[(@name=\"MQ Queuegelo\")]","Snoozed":false,"Severity":"UNDEFINED"}, {"XPath":"/geneos/gateway[(@name=\"GW_TEST_50144\")]/directory/probe[(@name=\"SYSMON\")]/managedEntity[(@name=\"HELLO\")]/sampler[(@name=\"Cluster Monitoring Sampler\")][(@type=\"\")]/dataview[(@name=\"192-168-220-54-2551-clients\")]","Snoozed":false,"Severity":"OK"}, {"XPath":"/geneos/gateway[(@name=\"GW_TEST_50144\")]/directory/probe[(@name=\"SYSMON\")]/managedEntity[(@name=\"HELLO\")]/sampler[(@name=\"Cluster Monitoring Sampler\")][(@type=\"\")]/dataview[(@name=\"192-168-220-54-2551-clusterNodes\")]","Snoozed":false,"Severity":"OK"}, {"XPath":"/geneos/gateway[(@name=\"GW_TEST_50144\")]/directory/probe[(@name=\"SYSMON\")]/managedEntity[(@name=\"HELLO\")]/sampler[(@name=\"Cluster Monitoring Sampler\")][(@type=\"\")]/dataview[(@name=\"192-168-220-54-2551-gateways\")]","Snoozed":false,"Severity":"OK"}, {"XPath":"/geneos/gateway[(@name=\"GW_TEST_50144\")]/directory/probe[(@name=\"SYSMON\")]/managedEntity[(@name=\"HELLO\")]/sampler[(@name=\"new SQl tester\")][(@type=\"\")]/dataview[(@name=\"cpu\")]","Snoozed":false,"Severity":"UNDEFINED"}, {"XPath":"/geneos/gateway[(@name=\"GW_TEST_50144\")]/directory/probe[(@name=\"SYSMON\")]/managedEntity[(@name=\"HELLO\")]/sampler[(@name=\"new SQl tester\")][(@type=\"\")]/dataview[(@name=\"cpuAgain\")]","Snoozed":false,"Severity":"UNDEFINED"}, {"XPath":"/geneos/gateway[(@name=\"GW_TEST_50144\")]/directory/probe[(@name=\"SYSMON\")]/managedEntity[(@name=\"HELLO\")]/sampler[(@name=\"Cluster Monitoring Sampler\")][(@type=\"\")]/dataview[(@name=\"Diagnostics\")]","Snoozed":false,"Severity":"UNDEFINED"}, {"XPath":"/geneos/gateway[(@name=\"GW_TEST_50144\")]/directory/probe[(@name=\"SYSMON\")]/managedEntity[(@name=\"HELLO\")]/sampler[(@name=\"FKM\")][(@type=\"\")]/dataview[(@name=\"FKM\")]","Snoozed":false,"Severity":"OK"}, {"XPath":"/geneos/gateway[(@name=\"GW_TEST_50144\")]/directory/probe[(@name=\"SYSMON\")]/managedEntity[(@name=\"HELLO\")]/sampler[(@name=\"New Sampler 1\")][(@type=\"\")]/dataview[(@name=\"test\")]","Snoozed":false,"Severity":"UNDEFINED"}, {"XPath":"/geneos/gateway[(@name=\"GW_TEST_50144\")]/directory/probe[(@name=\"SYSMON\")]/managedEntity[(@name=\"New Managed entity\")]/sampler[(@name=\"CPU_sampler\")][(@type=\"\")]/dataview[(@name=\"CPU_sampler\")]","Snoozed":false,"Severity":"UNDEFINED"}, {"XPath":"/geneos/gateway[(@name=\"GW_TEST_50144\")]/directory/probe[(@name=\"SYSMON\")]/managedEntity[(@name=\"THISISATEST\")]/sampler[(@name=\"FTM Test\")][(@type=\"\")]/dataview[(@name=\"FTM Test\")]","Snoozed":false,"Severity":"UNDEFINED"}, {"XPath":"/geneos/gateway[(@name=\"GW_TEST_50144\")]/directory/probe[(@name=\"SYSMON\")]/managedEntity[(@name=\"TOOLKIT_TEST\")]/sampler[(@name=\"TestSQL\")][(@type=\"\")]/dataview[(@name=\"Everything\")]","Snoozed":false,"Severity":"UNDEFINED"}, {"XPath":"/geneos/gateway[(@name=\"GW_TEST_50144\")]/directory/probe[(@name=\"SYSMON\")]/managedEntity[(@name=\"TOOLKIT_TEST\")]/sampler[(@name=\"ICE MYSQL\")][(@type=\"\")]/dataview[(@name=\"ICE RECENT\")]","Snoozed":false,"Severity":"UNDEFINED"}, {"XPath":"/geneos/gateway[(@name=\"GW_TEST_50144\")]/directory/probe[(@name=\"SYSMON\")]/managedEntity[(@name=\"TOOLKIT_TEST\")]/sampler[(@name=\"TEST ICE\")][(@type=\"\")]/dataview[(@name=\"ICE RECENT\")]","Snoozed":false,"Severity":"UNDEFINED"}, {"XPath":"/geneos/gateway[(@name=\"GW_TEST_50144\")]/directory/probe[(@name=\"SYSMON\")]/managedEntity[(@name=\"TOOLKIT_TEST\")]/sampler[(@name=\"ME VS APPa\")][(@type=\"\")]/dataview[(@name=\"ME VS APP\")]","Snoozed":false,"Severity":"UNDEFINED"}, {"XPath":"/geneos/gateway[(@name=\"GW_TEST_50144\")]/directory/probe[(@name=\"SYSMON\")]/managedEntity[(@name=\"TOOLKIT_TEST\")]/sampler[(@name=\"New Sampler 6\")][(@type=\"\")]/dataview[(@name=\"New Sampler 6\")]","Snoozed":false,"Severity":"UNDEFINED"}, {"XPath":"/geneos/gateway[(@name=\"GW_TEST_50144\")]/directory/probe[(@name=\"SYSMON\")]/managedEntity[(@name=\"TOOLKIT_TEST\")]/sampler[(@name=\"Toolkit\")][(@type=\"\")]/dataview[(@name=\"Toolkit\")]","Snoozed":false,"Severity":"OK"}, {"XPath":"/geneos/gateway[(@name=\"GW_TEST_50144\")]/directory/probe[(@name=\"SYSMON\")]/managedEntity[(@name=\"tttttttttttttttttteeeeeeeeeeeeeeeeeeeeeeeesssssssssssssssssssssssstttttttttttttttttttttttt\")]/sampler[(@name=\"CPU_sampler\")][(@type=\"\")]/dataview[(@name=\"CPU_sampler\")]","Snoozed":false,"Severity":"UNDEFINED"}, {"XPath":"/geneos/gateway[(@name=\"GW_TEST_50144\")]/directory/probe[(@name=\"SYSMON\")]/managedEntity[(@name=\"tttttttttttttttttteeeeeeeeeeeeeeeeeeeeeeeesssssssssssssssssssssssstttttttttttttttttttttttt\")]/sampler[(@name=\"FKM\")][(@type=\"\")]/dataview[(@name=\"FKM\")]","Snoozed":true,"Severity":"UNDEFINED"}, {"XPath":"/geneos/gateway[(@name=\"GW_TEST_50144\")]/directory/probe[(@name=\"SYSMON\")]/managedEntity[(@name=\"zzzzzzzzz\")]/sampler[(@name=\"Toolkit\")][(@type=\"\")]/dataview[(@name=\"Toolkit\")]","Snoozed":false,"Severity":"UNDEFINED"}]
16:44:56.891 [OpenAccessApiClient-UnknownDevBuild-akka.actor.default-dispatcher-3] INFO  akka.event.slf4j.Slf4jLogger - Slf4jLogger started
16:44:56.895 [OpenAccessApiClient-UnknownDevBuild-akka.actor.default-dispatcher-3] INFO  Remoting - Starting remoting
16:44:56.905 [OpenAccessApiClient-UnknownDevBuild-akka.actor.default-dispatcher-3] INFO  Remoting - Remoting started; listening on addresses :[akka.tcp://OpenAccessApiClient-UnknownDevBuild@192.168.10.128:10542]
16:44:56.907 [OpenAccessApiClient-UnknownDevBuild-akka.actor.default-dispatcher-4] INFO  c.itrsgroup.actor.MessageDispatcher - Attempting to connect to remote service at [192.168.220.54:2551] 1 time(s)
16:44:56.931 [OpenAccessApiClient-UnknownDevBuild-akka.actor.default-dispatcher-15] INFO  akka.contrib.pattern.ClusterClient - Connected to [akka.tcp://ClusterSystem@192.168.220.54:2551/user/receptionist]
16:44:56.935 [OpenAccessApiClient-UnknownDevBuild-akka.actor.default-dispatcher-15] INFO  c.itrsgroup.actor.MessageDispatcher - Authenticating with remote service [/user/frontEnd] at [192.168.220.54:2551]
16:44:57.044 [OpenAccessApiClient-UnknownDevBuild-akka.actor.default-dispatcher-4] INFO  c.itrsgroup.actor.MessageDispatcher - Successfully connected to remote service [akka.tcp://ClusterSystem@192.168.220.54:2551/user/frontEnd]
16:44:57.045 [OpenAccessApiClient-UnknownDevBuild-akka.actor.default-dispatcher-4] INFO  c.itrsgroup.actor.MessageDispatcher - Forwarding Subscription op to cluster frontend: Subscribe(ModelSub(/geneos/gateway[wild(@name,"*")]/directory/probe,Set(),LIST,),None)
16:44:57.071 [OpenAccessApiClient-UnknownDevBuild-akka.actor.default-dispatcher-13] INFO  c.itrsgroup.actor.MessageDispatcher - Forwarding Subscription op to cluster frontend: Subscribe(ModelSub(/geneos/gateway[(@name="GW_TEST_50144")]/directory/probe[(@name="SYSMON")]/managedEntity,Set(),LIST,),None)
16:44:57.225 [OpenAccessApiClient-UnknownDevBuild-akka.actor.default-dispatcher-17] INFO  c.itrsgroup.actor.MessageDispatcher - Forwarding Subscription op to cluster frontend: Subscribe(ModelSub(/geneos/gateway[(@name="GW_TEST_50144")]/directory/probe[(@name="WINSYSMON")]/managedEntity,Set(),LIST,),None)
16:44:57.378 [OpenAccessApiClient-UnknownDevBuild-akka.actor.default-dispatcher-15] INFO  c.itrsgroup.actor.MessageDispatcher - Forwarding Subscription op to cluster frontend: Subscribe(ModelSub(/geneos/gateway[(@name="GW_TEST_50144")]/directory/probe[(@name="First")]/managedEntity,Set(),LIST,),None)
16:44:57.583 [OpenAccessApiClient-UnknownDevBuild-akka.actor.default-dispatcher-16] INFO  c.itrsgroup.actor.MessageDispatcher - Forwarding Subscription op to cluster frontend: Subscribe(ModelSub(/geneos/gateway[(@name="GW_TEST_50144")]/directory/probe[(@name="Gelo Probe")]/managedEntity,Set(),LIST,),None)
16:44:57.699 [OpenAccessApiClient-UnknownDevBuild-akka.actor.default-dispatcher-17] INFO  c.itrsgroup.actor.MessageDispatcher - Forwarding Subscription op to cluster frontend: Subscribe(ModelSub(/geneos/gateway[(@name="GW_TEST_50144")]/directory/probe[(@name="New Virtual probe")]/managedEntity,Set(),LIST,),None)
16:44:58.700 [OpenAccessApiClient-UnknownDevBuild-akka.actor.default-dispatcher-2] INFO  c.itrsgroup.actor.MessageDispatcher - Forwarding Subscription op to cluster frontend: Subscribe(ModelSub(/geneos/gateway[(@name="GW_TEST_50144")]/directory/probe[(@name="SYSMON")]/managedEntity[(@name="Android")]/sampler,Set(),LIST,),None)
16:44:58.748 [OpenAccessApiClient-UnknownDevBuild-akka.actor.default-dispatcher-13] INFO  c.itrsgroup.actor.MessageDispatcher - Forwarding Subscription op to cluster frontend: Subscribe(ModelSub(/geneos/gateway[(@name="GW_TEST_50144")]/directory/probe[(@name="SYSMON")]/managedEntity[(@name="CPU_Entity")]/sampler,Set(),LIST,),None)
16:44:58.902 [OpenAccessApiClient-UnknownDevBuild-akka.actor.default-dispatcher-13] INFO  c.itrsgroup.actor.MessageDispatcher - Forwarding Subscription op to cluster frontend: Subscribe(ModelSub(/geneos/gateway[(@name="GW_TEST_50144")]/directory/probe[(@name="SYSMON")]/managedEntity[(@name="Copy of New Managed entity")]/sampler,Set(),LIST,),None)
16:44:59.052 [OpenAccessApiClient-UnknownDevBuild-akka.actor.default-dispatcher-16] INFO  c.itrsgroup.actor.MessageDispatcher - Forwarding Subscription op to cluster frontend: Subscribe(ModelSub(/geneos/gateway[(@name="GW_TEST_50144")]/directory/probe[(@name="SYSMON")]/managedEntity[(@name="Copy of New Managed entity 1")]/sampler,Set(),LIST,),None)
16:44:59.255 [OpenAccessApiClient-UnknownDevBuild-akka.actor.default-dispatcher-20] INFO  c.itrsgroup.actor.MessageDispatcher - Forwarding Subscription op to cluster frontend: Subscribe(ModelSub(/geneos/gateway[(@name="GW_TEST_50144")]/directory/probe[(@name="SYSMON")]/managedEntity[(@name="Copy of New Managed entity 10")]/sampler,Set(),LIST,),None)
16:44:59.362 [OpenAccessApiClient-UnknownDevBuild-akka.actor.default-dispatcher-13] INFO  c.itrsgroup.actor.MessageDispatcher - Forwarding Subscription op to cluster frontend: Subscribe(ModelSub(/geneos/gateway[(@name="GW_TEST_50144")]/directory/probe[(@name="SYSMON")]/managedEntity[(@name="Copy of New Managed entity 11")]/sampler,Set(),LIST,),None)
16:44:59.564 [OpenAccessApiClient-UnknownDevBuild-akka.actor.default-dispatcher-4] INFO  c.itrsgroup.actor.MessageDispatcher - Forwarding Subscription op to cluster frontend: Subscribe(ModelSub(/geneos/gateway[(@name="GW_TEST_50144")]/directory/probe[(@name="SYSMON")]/managedEntity[(@name="Copy of New Managed entity 2")]/sampler,Set(),LIST,),None)
16:44:59.676 [OpenAccessApiClient-UnknownDevBuild-akka.actor.default-dispatcher-16] INFO  c.itrsgroup.actor.MessageDispatcher - Forwarding Subscription op to cluster frontend: Subscribe(ModelSub(/geneos/gateway[(@name="GW_TEST_50144")]/directory/probe[(@name="SYSMON")]/managedEntity[(@name="Copy of New Managed entity 3")]/sampler,Set(),LIST,),None)
16:44:59.868 [OpenAccessApiClient-UnknownDevBuild-akka.actor.default-dispatcher-20] INFO  c.itrsgroup.actor.MessageDispatcher - Forwarding Subscription op to cluster frontend: Subscribe(ModelSub(/geneos/gateway[(@name="GW_TEST_50144")]/directory/probe[(@name="SYSMON")]/managedEntity[(@name="Copy of New Managed entity 4")]/sampler,Set(),LIST,),None)
16:44:59.971 [OpenAccessApiClient-UnknownDevBuild-akka.actor.default-dispatcher-20] INFO  c.itrsgroup.actor.MessageDispatcher - Forwarding Subscription op to cluster frontend: Subscribe(ModelSub(/geneos/gateway[(@name="GW_TEST_50144")]/directory/probe[(@name="SYSMON")]/managedEntity[(@name="Copy of New Managed entity 5")]/sampler,Set(),LIST,),None)
16:45:00.171 [OpenAccessApiClient-UnknownDevBuild-akka.actor.default-dispatcher-17] INFO  c.itrsgroup.actor.MessageDispatcher - Forwarding Subscription op to cluster frontend: Subscribe(ModelSub(/geneos/gateway[(@name="GW_TEST_50144")]/directory/probe[(@name="SYSMON")]/managedEntity[(@name="Copy of New Managed entity 6")]/sampler,Set(),LIST,),None)
16:45:00.276 [OpenAccessApiClient-UnknownDevBuild-akka.actor.default-dispatcher-19] INFO  c.itrsgroup.actor.MessageDispatcher - Forwarding Subscription op to cluster frontend: Subscribe(ModelSub(/geneos/gateway[(@name="GW_TEST_50144")]/directory/probe[(@name="SYSMON")]/managedEntity[(@name="Copy of New Managed entity 7")]/sampler,Set(),LIST,),None)
16:45:00.477 [OpenAccessApiClient-UnknownDevBuild-akka.actor.default-dispatcher-19] INFO  c.itrsgroup.actor.MessageDispatcher - Forwarding Subscription op to cluster frontend: Subscribe(ModelSub(/geneos/gateway[(@name="GW_TEST_50144")]/directory/probe[(@name="SYSMON")]/managedEntity[(@name="Copy of New Managed entity 8")]/sampler,Set(),LIST,),None)
16:45:00.583 [OpenAccessApiClient-UnknownDevBuild-akka.actor.default-dispatcher-17] INFO  c.itrsgroup.actor.MessageDispatcher - Forwarding Subscription op to cluster frontend: Subscribe(ModelSub(/geneos/gateway[(@name="GW_TEST_50144")]/directory/probe[(@name="SYSMON")]/managedEntity[(@name="Copy of New Managed entity 9")]/sampler,Set(),LIST,),None)
16:45:00.781 [OpenAccessApiClient-UnknownDevBuild-akka.actor.default-dispatcher-17] INFO  c.itrsgroup.actor.MessageDispatcher - Forwarding Subscription op to cluster frontend: Subscribe(ModelSub(/geneos/gateway[(@name="GW_TEST_50144")]/directory/probe[(@name="SYSMON")]/managedEntity[(@name="FKM")]/sampler,Set(),LIST,),None)
16:45:00.923 [OpenAccessApiClient-UnknownDevBuild-akka.actor.default-dispatcher-14] INFO  c.itrsgroup.actor.MessageDispatcher - Forwarding Subscription op to cluster frontend: Subscribe(ModelSub(/geneos/gateway[(@name="GW_TEST_50144")]/directory/probe[(@name="SYSMON")]/managedEntity[(@name="HELLO")]/sampler,Set(),LIST,),None)
16:45:01.090 [OpenAccessApiClient-UnknownDevBuild-akka.actor.default-dispatcher-21] INFO  c.itrsgroup.actor.MessageDispatcher - Forwarding Subscription op to cluster frontend: Subscribe(ModelSub(/geneos/gateway[(@name="GW_TEST_50144")]/directory/probe[(@name="SYSMON")]/managedEntity[(@name="New Managed entity")]/sampler,Set(),LIST,),None)
16:45:01.192 [OpenAccessApiClient-UnknownDevBuild-akka.actor.default-dispatcher-14] INFO  c.itrsgroup.actor.MessageDispatcher - Forwarding Subscription op to cluster frontend: Subscribe(ModelSub(/geneos/gateway[(@name="GW_TEST_50144")]/directory/probe[(@name="SYSMON")]/managedEntity[(@name="THISISATEST")]/sampler,Set(),LIST,),None)
16:45:01.392 [OpenAccessApiClient-UnknownDevBuild-akka.actor.default-dispatcher-3] INFO  c.itrsgroup.actor.MessageDispatcher - Forwarding Subscription op to cluster frontend: Subscribe(ModelSub(/geneos/gateway[(@name="GW_TEST_50144")]/directory/probe[(@name="SYSMON")]/managedEntity[(@name="TOOLKIT_TEST")]/sampler,Set(),LIST,),None)
16:45:01.504 [OpenAccessApiClient-UnknownDevBuild-akka.actor.default-dispatcher-5] INFO  c.itrsgroup.actor.MessageDispatcher - Forwarding Subscription op to cluster frontend: Subscribe(ModelSub(/geneos/gateway[(@name="GW_TEST_50144")]/directory/probe[(@name="SYSMON")]/managedEntity[(@name="tttttttttttttttttteeeeeeeeeeeeeeeeeeeeeeeesssssssssssssssssssssssstttttttttttttttttttttttt")]/sampler,Set(),LIST,),None)
16:45:01.649 [OpenAccessApiClient-UnknownDevBuild-akka.actor.default-dispatcher-20] INFO  c.itrsgroup.actor.MessageDispatcher - Forwarding Subscription op to cluster frontend: Subscribe(ModelSub(/geneos/gateway[(@name="GW_TEST_50144")]/directory/probe[(@name="SYSMON")]/managedEntity[(@name="zzzzzzzzz")]/sampler,Set(),LIST,),None)
16:45:01.851 [OpenAccessApiClient-UnknownDevBuild-akka.actor.default-dispatcher-5] INFO  c.itrsgroup.actor.MessageDispatcher - Forwarding Subscription op to cluster frontend: Subscribe(ModelSub(/geneos/gateway[(@name="GW_TEST_50144")]/directory/probe[(@name="WINSYSMON")]/managedEntity[(@name="CPU_ENTITY")]/sampler,Set(),LIST,),None)
16:45:01.952 [OpenAccessApiClient-UnknownDevBuild-akka.actor.default-dispatcher-19] INFO  c.itrsgroup.actor.MessageDispatcher - Forwarding Subscription op to cluster frontend: Subscribe(ModelSub(/geneos/gateway[(@name="GW_TEST_50144")]/directory/probe[(@name="First")]/managedEntity[(@name="CPU Action test")]/sampler,Set(),LIST,),None)
16:45:02.100 [OpenAccessApiClient-UnknownDevBuild-akka.actor.default-dispatcher-4] INFO  c.itrsgroup.actor.MessageDispatcher - Forwarding Subscription op to cluster frontend: Subscribe(ModelSub(/geneos/gateway[(@name="GW_TEST_50144")]/directory/probe[(@name="Gelo Probe")]/managedEntity[(@name="gelo")]/sampler,Set(),LIST,),None)
16:45:02.302 [OpenAccessApiClient-UnknownDevBuild-akka.actor.default-dispatcher-4] INFO  c.itrsgroup.actor.MessageDispatcher - Forwarding Subscription op to cluster frontend: Subscribe(ModelSub(/geneos/gateway[(@name="GW_TEST_50144")]/directory/probe[(@name="SYSMON")]/managedEntity[(@name="Android")]/sampler[(@name="AppTest")][(@type="")]/dataview,Set(),LIST,),None)
16:45:02.407 [OpenAccessApiClient-UnknownDevBuild-akka.actor.default-dispatcher-5] INFO  c.itrsgroup.actor.MessageDispatcher - Forwarding Subscription op to cluster frontend: Subscribe(ModelSub(/geneos/gateway[(@name="GW_TEST_50144")]/directory/probe[(@name="SYSMON")]/managedEntity[(@name="CPU_Entity")]/sampler[(@name="CPU_sampler")][(@type="")]/dataview,Set(),LIST,),None)
16:45:02.603 [OpenAccessApiClient-UnknownDevBuild-akka.actor.default-dispatcher-19] INFO  c.itrsgroup.actor.MessageDispatcher - Forwarding Subscription op to cluster frontend: Subscribe(ModelSub(/geneos/gateway[(@name="GW_TEST_50144")]/directory/probe[(@name="SYSMON")]/managedEntity[(@name="CPU_Entity")]/sampler[(@name="New Sampler 3")][(@type="")]/dataview,Set(),LIST,),None)
16:45:03.604 [OpenAccessApiClient-UnknownDevBuild-akka.actor.default-dispatcher-13] INFO  c.itrsgroup.actor.MessageDispatcher - Forwarding Subscription op to cluster frontend: Subscribe(ModelSub(/geneos/gateway[(@name="GW_TEST_50144")]/directory/probe[(@name="SYSMON")]/managedEntity[(@name="CPU_Entity")]/sampler[(@name="new SQl tester")][(@type="")]/dataview,Set(),LIST,),None)
16:45:03.612 [OpenAccessApiClient-UnknownDevBuild-akka.actor.default-dispatcher-21] INFO  c.itrsgroup.actor.MessageDispatcher - Forwarding Subscription op to cluster frontend: Subscribe(ModelSub(/geneos/gateway[(@name="GW_TEST_50144")]/directory/probe[(@name="SYSMON")]/managedEntity[(@name="CPU_Entity")]/sampler[(@name="SQL gateway")][(@type="")]/dataview,Set(),LIST,),None)
16:45:03.813 [OpenAccessApiClient-UnknownDevBuild-akka.actor.default-dispatcher-16] INFO  c.itrsgroup.actor.MessageDispatcher - Forwarding Subscription op to cluster frontend: Subscribe(ModelSub(/geneos/gateway[(@name="GW_TEST_50144")]/directory/probe[(@name="SYSMON")]/managedEntity[(@name="CPU_Entity")]/sampler[(@name="TEST_LOG LOCAL1")][(@type="")]/dataview,Set(),LIST,),None)
16:45:03.922 [OpenAccessApiClient-UnknownDevBuild-akka.actor.default-dispatcher-17] INFO  c.itrsgroup.actor.MessageDispatcher - Forwarding Subscription op to cluster frontend: Subscribe(ModelSub(/geneos/gateway[(@name="GW_TEST_50144")]/directory/probe[(@name="SYSMON")]/managedEntity[(@name="CPU_Entity")]/sampler[(@name="New Sampler 2")][(@type="")]/dataview,Set(),LIST,),None)
16:45:04.113 [OpenAccessApiClient-UnknownDevBuild-akka.actor.default-dispatcher-16] INFO  c.itrsgroup.actor.MessageDispatcher - Forwarding Subscription op to cluster frontend: Subscribe(ModelSub(/geneos/gateway[(@name="GW_TEST_50144")]/directory/probe[(@name="SYSMON")]/managedEntity[(@name="CPU_Entity")]/sampler[(@name="New Sampler 9")][(@type="")]/dataview,Set(),LIST,),None)
16:45:04.220 [OpenAccessApiClient-UnknownDevBuild-akka.actor.default-dispatcher-2] INFO  c.itrsgroup.actor.MessageDispatcher - Forwarding Subscription op to cluster frontend: Subscribe(ModelSub(/geneos/gateway[(@name="GW_TEST_50144")]/directory/probe[(@name="SYSMON")]/managedEntity[(@name="CPU_Entity")]/sampler[(@name="Feed Monitoring_uat1")][(@type="")]/dataview,Set(),LIST,),None)
16:45:04.415 [OpenAccessApiClient-UnknownDevBuild-akka.actor.default-dispatcher-16] INFO  c.itrsgroup.actor.MessageDispatcher - Forwarding Subscription op to cluster frontend: Subscribe(ModelSub(/geneos/gateway[(@name="GW_TEST_50144")]/directory/probe[(@name="SYSMON")]/managedEntity[(@name="CPU_Entity")]/sampler[(@name="New Sampler 10")][(@type="")]/dataview,Set(),LIST,),None)
16:45:05.416 [OpenAccessApiClient-UnknownDevBuild-akka.actor.default-dispatcher-2] INFO  c.itrsgroup.actor.MessageDispatcher - Forwarding Subscription op to cluster frontend: Subscribe(ModelSub(/geneos/gateway[(@name="GW_TEST_50144")]/directory/probe[(@name="SYSMON")]/managedEntity[(@name="CPU_Entity")]/sampler[(@name="MQ Queuegelo")][(@type="")]/dataview,Set(),LIST,),None)
16:45:05.574 [OpenAccessApiClient-UnknownDevBuild-akka.actor.default-dispatcher-2] INFO  c.itrsgroup.actor.MessageDispatcher - Forwarding Subscription op to cluster frontend: Subscribe(ModelSub(/geneos/gateway[(@name="GW_TEST_50144")]/directory/probe[(@name="SYSMON")]/managedEntity[(@name="Copy of New Managed entity")]/sampler[(@name="CPU_sampler")][(@type="")]/dataview,Set(),LIST,),None)
16:45:05.784 [OpenAccessApiClient-UnknownDevBuild-akka.actor.default-dispatcher-19] INFO  c.itrsgroup.actor.MessageDispatcher - Forwarding Subscription op to cluster frontend: Subscribe(ModelSub(/geneos/gateway[(@name="GW_TEST_50144")]/directory/probe[(@name="SYSMON")]/managedEntity[(@name="Copy of New Managed entity 1")]/sampler[(@name="CPU_sampler")][(@type="")]/dataview,Set(),LIST,),None)
16:45:05.921 [OpenAccessApiClient-UnknownDevBuild-akka.actor.default-dispatcher-5] INFO  c.itrsgroup.actor.MessageDispatcher - Forwarding Subscription op to cluster frontend: Subscribe(ModelSub(/geneos/gateway[(@name="GW_TEST_50144")]/directory/probe[(@name="SYSMON")]/managedEntity[(@name="Copy of New Managed entity 10")]/sampler[(@name="CPU_sampler")][(@type="")]/dataview,Set(),LIST,),None)
16:45:06.081 [OpenAccessApiClient-UnknownDevBuild-akka.actor.default-dispatcher-13] INFO  c.itrsgroup.actor.MessageDispatcher - Forwarding Subscription op to cluster frontend: Subscribe(ModelSub(/geneos/gateway[(@name="GW_TEST_50144")]/directory/probe[(@name="SYSMON")]/managedEntity[(@name="Copy of New Managed entity 11")]/sampler[(@name="CPU_sampler")][(@type="")]/dataview,Set(),LIST,),None)
16:45:06.196 [OpenAccessApiClient-UnknownDevBuild-akka.actor.default-dispatcher-5] INFO  c.itrsgroup.actor.MessageDispatcher - Forwarding Subscription op to cluster frontend: Subscribe(ModelSub(/geneos/gateway[(@name="GW_TEST_50144")]/directory/probe[(@name="SYSMON")]/managedEntity[(@name="Copy of New Managed entity 2")]/sampler[(@name="CPU_sampler")][(@type="")]/dataview,Set(),LIST,),None)
16:45:06.384 [OpenAccessApiClient-UnknownDevBuild-akka.actor.default-dispatcher-17] INFO  c.itrsgroup.actor.MessageDispatcher - Forwarding Subscription op to cluster frontend: Subscribe(ModelSub(/geneos/gateway[(@name="GW_TEST_50144")]/directory/probe[(@name="SYSMON")]/managedEntity[(@name="Copy of New Managed entity 3")]/sampler[(@name="CPU_sampler")][(@type="")]/dataview,Set(),LIST,),None)
16:45:06.503 [OpenAccessApiClient-UnknownDevBuild-akka.actor.default-dispatcher-17] INFO  c.itrsgroup.actor.MessageDispatcher - Forwarding Subscription op to cluster frontend: Subscribe(ModelSub(/geneos/gateway[(@name="GW_TEST_50144")]/directory/probe[(@name="SYSMON")]/managedEntity[(@name="Copy of New Managed entity 4")]/sampler[(@name="CPU_sampler")][(@type="")]/dataview,Set(),LIST,),None)
16:45:06.685 [OpenAccessApiClient-UnknownDevBuild-akka.actor.default-dispatcher-5] INFO  c.itrsgroup.actor.MessageDispatcher - Forwarding Subscription op to cluster frontend: Subscribe(ModelSub(/geneos/gateway[(@name="GW_TEST_50144")]/directory/probe[(@name="SYSMON")]/managedEntity[(@name="Copy of New Managed entity 5")]/sampler[(@name="CPU_sampler")][(@type="")]/dataview,Set(),LIST,),None)
16:45:06.785 [OpenAccessApiClient-UnknownDevBuild-akka.actor.default-dispatcher-17] INFO  c.itrsgroup.actor.MessageDispatcher - Forwarding Subscription op to cluster frontend: Subscribe(ModelSub(/geneos/gateway[(@name="GW_TEST_50144")]/directory/probe[(@name="SYSMON")]/managedEntity[(@name="Copy of New Managed entity 6")]/sampler[(@name="CPU_sampler")][(@type="")]/dataview,Set(),LIST,),None)
16:45:06.970 [OpenAccessApiClient-UnknownDevBuild-akka.actor.default-dispatcher-13] INFO  c.itrsgroup.actor.MessageDispatcher - Forwarding Subscription op to cluster frontend: Subscribe(ModelSub(/geneos/gateway[(@name="GW_TEST_50144")]/directory/probe[(@name="SYSMON")]/managedEntity[(@name="Copy of New Managed entity 7")]/sampler[(@name="CPU_sampler")][(@type="")]/dataview,Set(),LIST,),None)
16:45:07.095 [OpenAccessApiClient-UnknownDevBuild-akka.actor.default-dispatcher-19] INFO  c.itrsgroup.actor.MessageDispatcher - Forwarding Subscription op to cluster frontend: Subscribe(ModelSub(/geneos/gateway[(@name="GW_TEST_50144")]/directory/probe[(@name="SYSMON")]/managedEntity[(@name="Copy of New Managed entity 8")]/sampler[(@name="CPU_sampler")][(@type="")]/dataview,Set(),LIST,),None)
16:45:07.290 [OpenAccessApiClient-UnknownDevBuild-akka.actor.default-dispatcher-5] INFO  c.itrsgroup.actor.MessageDispatcher - Forwarding Subscription op to cluster frontend: Subscribe(ModelSub(/geneos/gateway[(@name="GW_TEST_50144")]/directory/probe[(@name="SYSMON")]/managedEntity[(@name="Copy of New Managed entity 9")]/sampler[(@name="CPU_sampler")][(@type="")]/dataview,Set(),LIST,),None)
16:45:07.396 [OpenAccessApiClient-UnknownDevBuild-akka.actor.default-dispatcher-21] INFO  c.itrsgroup.actor.MessageDispatcher - Forwarding Subscription op to cluster frontend: Subscribe(ModelSub(/geneos/gateway[(@name="GW_TEST_50144")]/directory/probe[(@name="SYSMON")]/managedEntity[(@name="FKM")]/sampler[(@name="FKM")][(@type="")]/dataview,Set(),LIST,),None)
16:45:07.595 [OpenAccessApiClient-UnknownDevBuild-akka.actor.default-dispatcher-19] INFO  c.itrsgroup.actor.MessageDispatcher - Forwarding Subscription op to cluster frontend: Subscribe(ModelSub(/geneos/gateway[(@name="GW_TEST_50144")]/directory/probe[(@name="SYSMON")]/managedEntity[(@name="FKM")]/sampler[(@name="FTM Test")][(@type="")]/dataview,Set(),LIST,),None)
16:45:07.702 [OpenAccessApiClient-UnknownDevBuild-akka.actor.default-dispatcher-4] INFO  c.itrsgroup.actor.MessageDispatcher - Forwarding Subscription op to cluster frontend: Subscribe(ModelSub(/geneos/gateway[(@name="GW_TEST_50144")]/directory/probe[(@name="SYSMON")]/managedEntity[(@name="HELLO")]/sampler[(@name="FKM")][(@type="")]/dataview,Set(),LIST,),None)
16:45:07.900 [OpenAccessApiClient-UnknownDevBuild-akka.actor.default-dispatcher-4] INFO  c.itrsgroup.actor.MessageDispatcher - Forwarding Subscription op to cluster frontend: Subscribe(ModelSub(/geneos/gateway[(@name="GW_TEST_50144")]/directory/probe[(@name="SYSMON")]/managedEntity[(@name="HELLO")]/sampler[(@name="Cluster Monitoring Sampler")][(@type="")]/dataview,Set(),LIST,),None)
16:45:08.002 [OpenAccessApiClient-UnknownDevBuild-akka.actor.default-dispatcher-13] INFO  c.itrsgroup.actor.MessageDispatcher - Forwarding Subscription op to cluster frontend: Subscribe(ModelSub(/geneos/gateway[(@name="GW_TEST_50144")]/directory/probe[(@name="SYSMON")]/managedEntity[(@name="HELLO")]/sampler[(@name="New Sampler 1")][(@type="")]/dataview,Set(),LIST,),None)
16:45:08.155 [OpenAccessApiClient-UnknownDevBuild-akka.actor.default-dispatcher-16] INFO  c.itrsgroup.actor.MessageDispatcher - Forwarding Subscription op to cluster frontend: Subscribe(ModelSub(/geneos/gateway[(@name="GW_TEST_50144")]/directory/probe[(@name="SYSMON")]/managedEntity[(@name="HELLO")]/sampler[(@name="new SQl tester")][(@type="")]/dataview,Set(),LIST,),None)
16:45:08.367 [OpenAccessApiClient-UnknownDevBuild-akka.actor.default-dispatcher-21] INFO  c.itrsgroup.actor.MessageDispatcher - Forwarding Subscription op to cluster frontend: Subscribe(ModelSub(/geneos/gateway[(@name="GW_TEST_50144")]/directory/probe[(@name="SYSMON")]/managedEntity[(@name="New Managed entity")]/sampler[(@name="CPU_sampler")][(@type="")]/dataview,Set(),LIST,),None)
16:45:08.468 [OpenAccessApiClient-UnknownDevBuild-akka.actor.default-dispatcher-20] INFO  c.itrsgroup.actor.MessageDispatcher - Forwarding Subscription op to cluster frontend: Subscribe(ModelSub(/geneos/gateway[(@name="GW_TEST_50144")]/directory/probe[(@name="SYSMON")]/managedEntity[(@name="THISISATEST")]/sampler[(@name="FTM Test")][(@type="")]/dataview,Set(),LIST,),None)
16:45:08.674 [OpenAccessApiClient-UnknownDevBuild-akka.actor.default-dispatcher-13] INFO  c.itrsgroup.actor.MessageDispatcher - Forwarding Subscription op to cluster frontend: Subscribe(ModelSub(/geneos/gateway[(@name="GW_TEST_50144")]/directory/probe[(@name="SYSMON")]/managedEntity[(@name="TOOLKIT_TEST")]/sampler[(@name="Toolkit")][(@type="")]/dataview,Set(),LIST,),None)
16:45:08.843 [OpenAccessApiClient-UnknownDevBuild-akka.actor.default-dispatcher-2] INFO  c.itrsgroup.actor.MessageDispatcher - Forwarding Subscription op to cluster frontend: Subscribe(ModelSub(/geneos/gateway[(@name="GW_TEST_50144")]/directory/probe[(@name="SYSMON")]/managedEntity[(@name="TOOLKIT_TEST")]/sampler[(@name="ICE MYSQL")][(@type="")]/dataview,Set(),LIST,),None)
16:45:08.984 [OpenAccessApiClient-UnknownDevBuild-akka.actor.default-dispatcher-14] INFO  c.itrsgroup.actor.MessageDispatcher - Forwarding Subscription op to cluster frontend: Subscribe(ModelSub(/geneos/gateway[(@name="GW_TEST_50144")]/directory/probe[(@name="SYSMON")]/managedEntity[(@name="TOOLKIT_TEST")]/sampler[(@name="TEST ICE")][(@type="")]/dataview,Set(),LIST,),None)
16:45:09.090 [OpenAccessApiClient-UnknownDevBuild-akka.actor.default-dispatcher-16] INFO  c.itrsgroup.actor.MessageDispatcher - Forwarding Subscription op to cluster frontend: Subscribe(ModelSub(/geneos/gateway[(@name="GW_TEST_50144")]/directory/probe[(@name="SYSMON")]/managedEntity[(@name="TOOLKIT_TEST")]/sampler[(@name="TestSQL")][(@type="")]/dataview,Set(),LIST,),None)
16:45:09.294 [OpenAccessApiClient-UnknownDevBuild-akka.actor.default-dispatcher-17] INFO  c.itrsgroup.actor.MessageDispatcher - Forwarding Subscription op to cluster frontend: Subscribe(ModelSub(/geneos/gateway[(@name="GW_TEST_50144")]/directory/probe[(@name="SYSMON")]/managedEntity[(@name="TOOLKIT_TEST")]/sampler[(@name="New Sampler 6")][(@type="")]/dataview,Set(),LIST,),None)
16:45:09.400 [OpenAccessApiClient-UnknownDevBuild-akka.actor.default-dispatcher-14] INFO  c.itrsgroup.actor.MessageDispatcher - Forwarding Subscription op to cluster frontend: Subscribe(ModelSub(/geneos/gateway[(@name="GW_TEST_50144")]/directory/probe[(@name="SYSMON")]/managedEntity[(@name="TOOLKIT_TEST")]/sampler[(@name="ME VS APPa")][(@type="")]/dataview,Set(),LIST,),None)
16:45:09.600 [OpenAccessApiClient-UnknownDevBuild-akka.actor.default-dispatcher-19] INFO  c.itrsgroup.actor.MessageDispatcher - Forwarding Subscription op to cluster frontend: Subscribe(ModelSub(/geneos/gateway[(@name="GW_TEST_50144")]/directory/probe[(@name="SYSMON")]/managedEntity[(@name="tttttttttttttttttteeeeeeeeeeeeeeeeeeeeeeeesssssssssssssssssssssssstttttttttttttttttttttttt")]/sampler[(@name="CPU")][(@type="")]/dataview,Set(),LIST,),None)
16:45:10.602 [OpenAccessApiClient-UnknownDevBuild-akka.actor.default-dispatcher-2] INFO  c.itrsgroup.actor.MessageDispatcher - Forwarding Subscription op to cluster frontend: Subscribe(ModelSub(/geneos/gateway[(@name="GW_TEST_50144")]/directory/probe[(@name="SYSMON")]/managedEntity[(@name="tttttttttttttttttteeeeeeeeeeeeeeeeeeeeeeeesssssssssssssssssssssssstttttttttttttttttttttttt")]/sampler[(@name="CPU_sampler")][(@type="")]/dataview,Set(),LIST,),None)
16:45:10.617 [OpenAccessApiClient-UnknownDevBuild-akka.actor.default-dispatcher-19] INFO  c.itrsgroup.actor.MessageDispatcher - Forwarding Subscription op to cluster frontend: Subscribe(ModelSub(/geneos/gateway[(@name="GW_TEST_50144")]/directory/probe[(@name="SYSMON")]/managedEntity[(@name="tttttttttttttttttteeeeeeeeeeeeeeeeeeeeeeeesssssssssssssssssssssssstttttttttttttttttttttttt")]/sampler[(@name="FKM")][(@type="")]/dataview,Set(),LIST,),None)
16:45:10.823 [OpenAccessApiClient-UnknownDevBuild-akka.actor.default-dispatcher-13] INFO  c.itrsgroup.actor.MessageDispatcher - Forwarding Subscription op to cluster frontend: Subscribe(ModelSub(/geneos/gateway[(@name="GW_TEST_50144")]/directory/probe[(@name="SYSMON")]/managedEntity[(@name="zzzzzzzzz")]/sampler[(@name="CPU")][(@type="")]/dataview,Set(),LIST,),None)
16:45:11.824 [OpenAccessApiClient-UnknownDevBuild-akka.actor.default-dispatcher-21] INFO  c.itrsgroup.actor.MessageDispatcher - Forwarding Subscription op to cluster frontend: Subscribe(ModelSub(/geneos/gateway[(@name="GW_TEST_50144")]/directory/probe[(@name="SYSMON")]/managedEntity[(@name="zzzzzzzzz")]/sampler[(@name="Toolkit")][(@type="")]/dataview,Set(),LIST,),None)
16:45:11.852 [OpenAccessApiClient-UnknownDevBuild-akka.actor.default-dispatcher-4] INFO  c.itrsgroup.actor.MessageDispatcher - Forwarding Subscription op to cluster frontend: Subscribe(ModelSub(/geneos/gateway[(@name="GW_TEST_50144")]/directory/probe[(@name="WINSYSMON")]/managedEntity[(@name="CPU_ENTITY")]/sampler[(@name="CPU_sampler")][(@type="")]/dataview,Set(),LIST,),None)
16:45:12.053 [OpenAccessApiClient-UnknownDevBuild-akka.actor.default-dispatcher-20] INFO  c.itrsgroup.actor.MessageDispatcher - Forwarding Subscription op to cluster frontend: Subscribe(ModelSub(/geneos/gateway[(@name="GW_TEST_50144")]/directory/probe[(@name="WINSYSMON")]/managedEntity[(@name="CPU_ENTITY")]/sampler[(@name="Toolkit2")][(@type="")]/dataview,Set(),LIST,),None)
16:45:12.154 [OpenAccessApiClient-UnknownDevBuild-akka.actor.default-dispatcher-13] INFO  c.itrsgroup.actor.MessageDispatcher - Forwarding Subscription op to cluster frontend: Subscribe(ModelSub(/geneos/gateway[(@name="GW_TEST_50144")]/directory/probe[(@name="WINSYSMON")]/managedEntity[(@name="CPU_ENTITY")]/sampler[(@name="TestSQL")][(@type="")]/dataview,Set(),LIST,),None)
16:45:12.357 [OpenAccessApiClient-UnknownDevBuild-akka.actor.default-dispatcher-19] INFO  c.itrsgroup.actor.MessageDispatcher - Forwarding Subscription op to cluster frontend: Subscribe(ModelSub(/geneos/gateway[(@name="GW_TEST_50144")]/directory/probe[(@name="WINSYSMON")]/managedEntity[(@name="CPU_ENTITY")]/sampler[(@name="Trigger sample")][(@type="")]/dataview,Set(),LIST,),None)
16:45:12.464 [OpenAccessApiClient-UnknownDevBuild-akka.actor.default-dispatcher-4] INFO  c.itrsgroup.actor.MessageDispatcher - Forwarding Subscription op to cluster frontend: Subscribe(ModelSub(/geneos/gateway[(@name="GW_TEST_50144")]/directory/probe[(@name="WINSYSMON")]/managedEntity[(@name="CPU_ENTITY")]/sampler[(@name="Timestamp sql")][(@type="")]/dataview,Set(),LIST,),None)
16:45:12.667 [OpenAccessApiClient-UnknownDevBuild-akka.actor.default-dispatcher-4] INFO  c.itrsgroup.actor.MessageDispatcher - Forwarding Subscription op to cluster frontend: Subscribe(ModelSub(/geneos/gateway[(@name="GW_TEST_50144")]/directory/probe[(@name="WINSYSMON")]/managedEntity[(@name="CPU_ENTITY")]/sampler[(@name="eventlog")][(@type="")]/dataview,Set(),LIST,),None)
16:45:12.778 [OpenAccessApiClient-UnknownDevBuild-akka.actor.default-dispatcher-13] INFO  c.itrsgroup.actor.MessageDispatcher - Forwarding Subscription op to cluster frontend: Subscribe(ModelSub(/geneos/gateway[(@name="GW_TEST_50144")]/directory/probe[(@name="WINSYSMON")]/managedEntity[(@name="CPU_ENTITY")]/sampler[(@name="Win Services")][(@type="")]/dataview,Set(),LIST,),None)
16:45:12.941 [OpenAccessApiClient-UnknownDevBuild-akka.actor.default-dispatcher-2] INFO  c.itrsgroup.actor.MessageDispatcher - Forwarding Subscription op to cluster frontend: Subscribe(ModelSub(/geneos/gateway[(@name="GW_TEST_50144")]/directory/probe[(@name="WINSYSMON")]/managedEntity[(@name="CPU_ENTITY")]/sampler[(@name="proc")][(@type="")]/dataview,Set(),LIST,),None)
16:45:13.136 [OpenAccessApiClient-UnknownDevBuild-akka.actor.default-dispatcher-13] INFO  c.itrsgroup.actor.MessageDispatcher - Forwarding Subscription op to cluster frontend: Subscribe(ModelSub(/geneos/gateway[(@name="GW_TEST_50144")]/directory/probe[(@name="WINSYSMON")]/managedEntity[(@name="CPU_ENTITY")]/sampler[(@name="New Sampler 5")][(@type="")]/dataview,Set(),LIST,),None)
16:45:13.246 [OpenAccessApiClient-UnknownDevBuild-akka.actor.default-dispatcher-13] INFO  c.itrsgroup.actor.MessageDispatcher - Forwarding Subscription op to cluster frontend: Subscribe(ModelSub(/geneos/gateway[(@name="GW_TEST_50144")]/directory/probe[(@name="WINSYSMON")]/managedEntity[(@name="CPU_ENTITY")]/sampler[(@name="New Sampler 2")][(@type="")]/dataview,Set(),LIST,),None)
16:45:13.434 [OpenAccessApiClient-UnknownDevBuild-akka.actor.default-dispatcher-16] INFO  c.itrsgroup.actor.MessageDispatcher - Forwarding Subscription op to cluster frontend: Subscribe(ModelSub(/geneos/gateway[(@name="GW_TEST_50144")]/directory/probe[(@name="WINSYSMON")]/managedEntity[(@name="CPU_ENTITY")]/sampler[(@name="New Sampler 11")][(@type="")]/dataview,Set(),LIST,),None)
16:45:13.544 [OpenAccessApiClient-UnknownDevBuild-akka.actor.default-dispatcher-17] INFO  c.itrsgroup.actor.MessageDispatcher - Forwarding Subscription op to cluster frontend: Subscribe(ModelSub(/geneos/gateway[(@name="GW_TEST_50144")]/directory/probe[(@name="WINSYSMON")]/managedEntity[(@name="CPU_ENTITY")]/sampler[(@name="New Sampler 12")][(@type="")]/dataview,Set(),LIST,),None)
16:45:13.748 [OpenAccessApiClient-UnknownDevBuild-akka.actor.default-dispatcher-17] INFO  c.itrsgroup.actor.MessageDispatcher - Forwarding Subscription op to cluster frontend: Subscribe(ModelSub(/geneos/gateway[(@name="GW_TEST_50144")]/directory/probe[(@name="First")]/managedEntity[(@name="CPU Action test")]/sampler[(@name="CPU")][(@type="")]/dataview,Set(),LIST,),None)
16:45:14.749 [OpenAccessApiClient-UnknownDevBuild-akka.actor.default-dispatcher-21] INFO  c.itrsgroup.actor.MessageDispatcher - Forwarding Subscription op to cluster frontend: Subscribe(ModelSub(/geneos/gateway[(@name="GW_TEST_50144")]/directory/probe[(@name="Gelo Probe")]/managedEntity[(@name="gelo")]/sampler[(@name="MQ Queuegelo")][(@type="")]/dataview,Set(),LIST,),None)
16:45:14.772 [OpenAccessApiClient-UnknownDevBuild-akka.actor.default-dispatcher-20] INFO  a.r.RemoteActorRefProvider$RemotingTerminator - Shutting down remote daemon.
16:45:14.773 [OpenAccessApiClient-UnknownDevBuild-akka.actor.default-dispatcher-20] INFO  a.r.RemoteActorRefProvider$RemotingTerminator - Remote daemon shut down; proceeding with flushing remote transports.
16:45:14.780 [OpenAccessApiClient-UnknownDevBuild-akka.actor.default-dispatcher-13] INFO  a.r.RemoteActorRefProvider$RemotingTerminator - Remoting shut down.
[{"XPath":"/geneos/gateway[(@name=\"GW_TEST_50144\")]/directory/probe[(@name=\"SYSMON\")]/managedEntity[(@name=\"Android\")]/sampler[(@name=\"AppTest\")][(@type=\"\")]/dataview[(@name=\"AppTest\")]","Snoozed":false,"Severity":"UNDEFINED"}, {"XPath":"/geneos/gateway[(@name=\"GW_TEST_50144\")]/directory/probe[(@name=\"SYSMON\")]/managedEntity[(@name=\"Copy of New Managed entity\")]/sampler[(@name=\"CPU_sampler\")][(@type=\"\")]/dataview[(@name=\"CPU_sampler\")]","Snoozed":false,"Severity":"UNDEFINED"}, {"XPath":"/geneos/gateway[(@name=\"GW_TEST_50144\")]/directory/probe[(@name=\"SYSMON\")]/managedEntity[(@name=\"Copy of New Managed entity 1\")]/sampler[(@name=\"CPU_sampler\")][(@type=\"\")]/dataview[(@name=\"CPU_sampler\")]","Snoozed":false,"Severity":"UNDEFINED"}, {"XPath":"/geneos/gateway[(@name=\"GW_TEST_50144\")]/directory/probe[(@name=\"SYSMON\")]/managedEntity[(@name=\"Copy of New Managed entity 10\")]/sampler[(@name=\"CPU_sampler\")][(@type=\"\")]/dataview[(@name=\"CPU_sampler\")]","Snoozed":false,"Severity":"UNDEFINED"}, {"XPath":"/geneos/gateway[(@name=\"GW_TEST_50144\")]/directory/probe[(@name=\"SYSMON\")]/managedEntity[(@name=\"Copy of New Managed entity 11\")]/sampler[(@name=\"CPU_sampler\")][(@type=\"\")]/dataview[(@name=\"CPU_sampler\")]","Snoozed":false,"Severity":"UNDEFINED"}, {"XPath":"/geneos/gateway[(@name=\"GW_TEST_50144\")]/directory/probe[(@name=\"SYSMON\")]/managedEntity[(@name=\"Copy of New Managed entity 2\")]/sampler[(@name=\"CPU_sampler\")][(@type=\"\")]/dataview[(@name=\"CPU_sampler\")]","Snoozed":false,"Severity":"UNDEFINED"}, {"XPath":"/geneos/gateway[(@name=\"GW_TEST_50144\")]/directory/probe[(@name=\"SYSMON\")]/managedEntity[(@name=\"Copy of New Managed entity 3\")]/sampler[(@name=\"CPU_sampler\")][(@type=\"\")]/dataview[(@name=\"CPU_sampler\")]","Snoozed":false,"Severity":"UNDEFINED"}, {"XPath":"/geneos/gateway[(@name=\"GW_TEST_50144\")]/directory/probe[(@name=\"SYSMON\")]/managedEntity[(@name=\"Copy of New Managed entity 4\")]/sampler[(@name=\"CPU_sampler\")][(@type=\"\")]/dataview[(@name=\"CPU_sampler\")]","Snoozed":false,"Severity":"UNDEFINED"}, {"XPath":"/geneos/gateway[(@name=\"GW_TEST_50144\")]/directory/probe[(@name=\"SYSMON\")]/managedEntity[(@name=\"Copy of New Managed entity 5\")]/sampler[(@name=\"CPU_sampler\")][(@type=\"\")]/dataview[(@name=\"CPU_sampler\")]","Snoozed":false,"Severity":"UNDEFINED"}, {"XPath":"/geneos/gateway[(@name=\"GW_TEST_50144\")]/directory/probe[(@name=\"SYSMON\")]/managedEntity[(@name=\"Copy of New Managed entity 6\")]/sampler[(@name=\"CPU_sampler\")][(@type=\"\")]/dataview[(@name=\"CPU_sampler\")]","Snoozed":false,"Severity":"UNDEFINED"}, {"XPath":"/geneos/gateway[(@name=\"GW_TEST_50144\")]/directory/probe[(@name=\"SYSMON\")]/managedEntity[(@name=\"Copy of New Managed entity 7\")]/sampler[(@name=\"CPU_sampler\")][(@type=\"\")]/dataview[(@name=\"CPU_sampler\")]","Snoozed":false,"Severity":"UNDEFINED"}, {"XPath":"/geneos/gateway[(@name=\"GW_TEST_50144\")]/directory/probe[(@name=\"SYSMON\")]/managedEntity[(@name=\"Copy of New Managed entity 8\")]/sampler[(@name=\"CPU_sampler\")][(@type=\"\")]/dataview[(@name=\"CPU_sampler\")]","Snoozed":false,"Severity":"UNDEFINED"}, {"XPath":"/geneos/gateway[(@name=\"GW_TEST_50144\")]/directory/probe[(@name=\"SYSMON\")]/managedEntity[(@name=\"Copy of New Managed entity 9\")]/sampler[(@name=\"CPU_sampler\")][(@type=\"\")]/dataview[(@name=\"CPU_sampler\")]","Snoozed":false,"Severity":"UNDEFINED"}, {"XPath":"/geneos/gateway[(@name=\"GW_TEST_50144\")]/directory/probe[(@name=\"SYSMON\")]/managedEntity[(@name=\"CPU_Entity\")]/sampler[(@name=\"new SQl tester\")][(@type=\"\")]/dataview[(@name=\"cpu\")]","Snoozed":false,"Severity":"OK"}, {"XPath":"/geneos/gateway[(@name=\"GW_TEST_50144\")]/directory/probe[(@name=\"SYSMON\")]/managedEntity[(@name=\"CPU_Entity\")]/sampler[(@name=\"CPU_sampler\")][(@type=\"\")]/dataview[(@name=\"CPU_sampler\")]","Snoozed":false,"Severity":"CRITICAL"}, {"XPath":"/geneos/gateway[(@name=\"GW_TEST_50144\")]/directory/probe[(@name=\"SYSMON\")]/managedEntity[(@name=\"CPU_Entity\")]/sampler[(@name=\"new SQl tester\")][(@type=\"\")]/dataview[(@name=\"cpuAgain\")]","Snoozed":false,"Severity":"UNDEFINED"}, {"XPath":"/geneos/gateway[(@name=\"GW_TEST_50144\")]/directory/probe[(@name=\"SYSMON\")]/managedEntity[(@name=\"CPU_Entity\")]/sampler[(@name=\"Feed Monitoring_uat1\")][(@type=\"\")]/dataview[(@name=\"Feed Monitoring_uat1\")]","Snoozed":false,"Severity":"UNDEFINED"}, {"XPath":"/geneos/gateway[(@name=\"GW_TEST_50144\")]/directory/probe[(@name=\"SYSMON\")]/managedEntity[(@name=\"CPU_Entity\")]/sampler[(@name=\"MQ Queuegelo\")][(@type=\"\")]/dataview[(@name=\"MQ Queuegelo\")]","Snoozed":false,"Severity":"UNDEFINED"}, {"XPath":"/geneos/gateway[(@name=\"GW_TEST_50144\")]/directory/probe[(@name=\"SYSMON\")]/managedEntity[(@name=\"CPU_Entity\")]/sampler[(@name=\"New Sampler 2\")][(@type=\"\")]/dataview[(@name=\"New Sampler 2\")]","Snoozed":false,"Severity":"UNDEFINED"}, {"XPath":"/geneos/gateway[(@name=\"GW_TEST_50144\")]/directory/probe[(@name=\"SYSMON\")]/managedEntity[(@name=\"CPU_Entity\")]/sampler[(@name=\"New Sampler 9\")][(@type=\"\")]/dataview[(@name=\"New Sampler 9\")]","Snoozed":false,"Severity":"UNDEFINED"}, {"XPath":"/geneos/gateway[(@name=\"GW_TEST_50144\")]/directory/probe[(@name=\"SYSMON\")]/managedEntity[(@name=\"CPU_Entity\")]/sampler[(@name=\"TEST_LOG LOCAL1\")][(@type=\"\")]/dataview[(@name=\"TEST_LOG LOCAL1\")]","Snoozed":false,"Severity":"UNDEFINED"}, {"XPath":"/geneos/gateway[(@name=\"GW_TEST_50144\")]/directory/probe[(@name=\"SYSMON\")]/managedEntity[(@name=\"CPU_Entity\")]/sampler[(@name=\"SQL gateway\")][(@type=\"\")]/dataview[(@name=\"V1\")]","Snoozed":false,"Severity":"UNDEFINED"}, {"XPath":"/geneos/gateway[(@name=\"GW_TEST_50144\")]/directory/probe[(@name=\"WINSYSMON\")]/managedEntity[(@name=\"CPU_ENTITY\")]/sampler[(@name=\"CPU_sampler\")][(@type=\"\")]/dataview[(@name=\"CPU_sampler\")]","Snoozed":false,"Severity":"CRITICAL"}, {"XPath":"/geneos/gateway[(@name=\"GW_TEST_50144\")]/directory/probe[(@name=\"WINSYSMON\")]/managedEntity[(@name=\"CPU_ENTITY\")]/sampler[(@name=\"eventlog\")][(@type=\"\")]/dataview[(@name=\"eventlog\")]","Snoozed":false,"Severity":"UNDEFINED"}, {"XPath":"/geneos/gateway[(@name=\"GW_TEST_50144\")]/directory/probe[(@name=\"WINSYSMON\")]/managedEntity[(@name=\"CPU_ENTITY\")]/sampler[(@name=\"TestSQL\")][(@type=\"\")]/dataview[(@name=\"Everything\")]","Snoozed":false,"Severity":"UNDEFINED"}, {"XPath":"/geneos/gateway[(@name=\"GW_TEST_50144\")]/directory/probe[(@name=\"WINSYSMON\")]/managedEntity[(@name=\"CPU_ENTITY\")]/sampler[(@name=\"Toolkit2\")][(@type=\"\")]/dataview[(@name=\"Instances\")]","Snoozed":false,"Severity":"UNDEFINED"}, {"XPath":"/geneos/gateway[(@name=\"GW_TEST_50144\")]/directory/probe[(@name=\"WINSYSMON\")]/managedEntity[(@name=\"CPU_ENTITY\")]/sampler[(@name=\"New Sampler 11\")][(@type=\"\")]/dataview[(@name=\"New Sampler 11\")]","Snoozed":false,"Severity":"UNDEFINED"}, {"XPath":"/geneos/gateway[(@name=\"GW_TEST_50144\")]/directory/probe[(@name=\"WINSYSMON\")]/managedEntity[(@name=\"CPU_ENTITY\")]/sampler[(@name=\"New Sampler 12\")][(@type=\"\")]/dataview[(@name=\"New Sampler 12\")]","Snoozed":false,"Severity":"UNDEFINED"}, {"XPath":"/geneos/gateway[(@name=\"GW_TEST_50144\")]/directory/probe[(@name=\"WINSYSMON\")]/managedEntity[(@name=\"CPU_ENTITY\")]/sampler[(@name=\"New Sampler 2\")][(@type=\"\")]/dataview[(@name=\"New Sampler 2\")]","Snoozed":false,"Severity":"UNDEFINED"}, {"XPath":"/geneos/gateway[(@name=\"GW_TEST_50144\")]/directory/probe[(@name=\"WINSYSMON\")]/managedEntity[(@name=\"CPU_ENTITY\")]/sampler[(@name=\"New Sampler 5\")][(@type=\"\")]/dataview[(@name=\"New Sampler 5\")]","Snoozed":false,"Severity":"UNDEFINED"}, {"XPath":"/geneos/gateway[(@name=\"GW_TEST_50144\")]/directory/probe[(@name=\"WINSYSMON\")]/managedEntity[(@name=\"CPU_ENTITY\")]/sampler[(@name=\"Toolkit2\")][(@type=\"\")]/dataview[(@name=\"Percentage use\")]","Snoozed":false,"Severity":"UNDEFINED"}, {"XPath":"/geneos/gateway[(@name=\"GW_TEST_50144\")]/directory/probe[(@name=\"WINSYSMON\")]/managedEntity[(@name=\"CPU_ENTITY\")]/sampler[(@name=\"proc\")][(@type=\"\")]/dataview[(@name=\"proc\")]","Snoozed":false,"Severity":"UNDEFINED"}, {"XPath":"/geneos/gateway[(@name=\"GW_TEST_50144\")]/directory/probe[(@name=\"WINSYSMON\")]/managedEntity[(@name=\"CPU_ENTITY\")]/sampler[(@name=\"Timestamp sql\")][(@type=\"\")]/dataview[(@name=\"timediff\")]","Snoozed":false,"Severity":"UNDEFINED"}, {"XPath":"/geneos/gateway[(@name=\"GW_TEST_50144\")]/directory/probe[(@name=\"WINSYSMON\")]/managedEntity[(@name=\"CPU_ENTITY\")]/sampler[(@name=\"Trigger sample\")][(@type=\"\")]/dataview[(@name=\"Triggered\")]","Snoozed":false,"Severity":"UNDEFINED"}, {"XPath":"/geneos/gateway[(@name=\"GW_TEST_50144\")]/directory/probe[(@name=\"WINSYSMON\")]/managedEntity[(@name=\"CPU_ENTITY\")]/sampler[(@name=\"Win Services\")][(@type=\"\")]/dataview[(@name=\"Win Services\")]","Snoozed":false,"Severity":"UNDEFINED"}, {"XPath":"/geneos/gateway[(@name=\"GW_TEST_50144\")]/directory/probe[(@name=\"SYSMON\")]/managedEntity[(@name=\"FKM\")]/sampler[(@name=\"FKM\")][(@type=\"\")]/dataview[(@name=\"FKM\")]","Snoozed":false,"Severity":"WARNING"}, {"XPath":"/geneos/gateway[(@name=\"GW_TEST_50144\")]/directory/probe[(@name=\"SYSMON\")]/managedEntity[(@name=\"FKM\")]/sampler[(@name=\"FTM Test\")][(@type=\"\")]/dataview[(@name=\"FTM Test\")]","Snoozed":false,"Severity":"UNDEFINED"}, {"XPath":"/geneos/gateway[(@name=\"GW_TEST_50144\")]/directory/probe[(@name=\"Gelo Probe\")]/managedEntity[(@name=\"gelo\")]/sampler[(@name=\"MQ Queuegelo\")][(@type=\"\")]/dataview[(@name=\"MQ Queuegelo\")]","Snoozed":false,"Severity":"UNDEFINED"}, {"XPath":"/geneos/gateway[(@name=\"GW_TEST_50144\")]/directory/probe[(@name=\"SYSMON\")]/managedEntity[(@name=\"HELLO\")]/sampler[(@name=\"Cluster Monitoring Sampler\")][(@type=\"\")]/dataview[(@name=\"192-168-220-54-2551-clients\")]","Snoozed":false,"Severity":"OK"}, {"XPath":"/geneos/gateway[(@name=\"GW_TEST_50144\")]/directory/probe[(@name=\"SYSMON\")]/managedEntity[(@name=\"HELLO\")]/sampler[(@name=\"Cluster Monitoring Sampler\")][(@type=\"\")]/dataview[(@name=\"192-168-220-54-2551-clusterNodes\")]","Snoozed":false,"Severity":"OK"}, {"XPath":"/geneos/gateway[(@name=\"GW_TEST_50144\")]/directory/probe[(@name=\"SYSMON\")]/managedEntity[(@name=\"HELLO\")]/sampler[(@name=\"Cluster Monitoring Sampler\")][(@type=\"\")]/dataview[(@name=\"192-168-220-54-2551-gateways\")]","Snoozed":false,"Severity":"OK"}, {"XPath":"/geneos/gateway[(@name=\"GW_TEST_50144\")]/directory/probe[(@name=\"SYSMON\")]/managedEntity[(@name=\"HELLO\")]/sampler[(@name=\"new SQl tester\")][(@type=\"\")]/dataview[(@name=\"cpu\")]","Snoozed":false,"Severity":"UNDEFINED"}, {"XPath":"/geneos/gateway[(@name=\"GW_TEST_50144\")]/directory/probe[(@name=\"SYSMON\")]/managedEntity[(@name=\"HELLO\")]/sampler[(@name=\"new SQl tester\")][(@type=\"\")]/dataview[(@name=\"cpuAgain\")]","Snoozed":false,"Severity":"UNDEFINED"}, {"XPath":"/geneos/gateway[(@name=\"GW_TEST_50144\")]/directory/probe[(@name=\"SYSMON\")]/managedEntity[(@name=\"HELLO\")]/sampler[(@name=\"Cluster Monitoring Sampler\")][(@type=\"\")]/dataview[(@name=\"Diagnostics\")]","Snoozed":false,"Severity":"UNDEFINED"}, {"XPath":"/geneos/gateway[(@name=\"GW_TEST_50144\")]/directory/probe[(@name=\"SYSMON\")]/managedEntity[(@name=\"HELLO\")]/sampler[(@name=\"FKM\")][(@type=\"\")]/dataview[(@name=\"FKM\")]","Snoozed":false,"Severity":"OK"}, {"XPath":"/geneos/gateway[(@name=\"GW_TEST_50144\")]/directory/probe[(@name=\"SYSMON\")]/managedEntity[(@name=\"HELLO\")]/sampler[(@name=\"New Sampler 1\")][(@type=\"\")]/dataview[(@name=\"test\")]","Snoozed":false,"Severity":"UNDEFINED"}, {"XPath":"/geneos/gateway[(@name=\"GW_TEST_50144\")]/directory/probe[(@name=\"SYSMON\")]/managedEntity[(@name=\"New Managed entity\")]/sampler[(@name=\"CPU_sampler\")][(@type=\"\")]/dataview[(@name=\"CPU_sampler\")]","Snoozed":false,"Severity":"UNDEFINED"}, {"XPath":"/geneos/gateway[(@name=\"GW_TEST_50144\")]/directory/probe[(@name=\"SYSMON\")]/managedEntity[(@name=\"THISISATEST\")]/sampler[(@name=\"FTM Test\")][(@type=\"\")]/dataview[(@name=\"FTM Test\")]","Snoozed":false,"Severity":"UNDEFINED"}, {"XPath":"/geneos/gateway[(@name=\"GW_TEST_50144\")]/directory/probe[(@name=\"SYSMON\")]/managedEntity[(@name=\"TOOLKIT_TEST\")]/sampler[(@name=\"TestSQL\")][(@type=\"\")]/dataview[(@name=\"Everything\")]","Snoozed":false,"Severity":"UNDEFINED"}, {"XPath":"/geneos/gateway[(@name=\"GW_TEST_50144\")]/directory/probe[(@name=\"SYSMON\")]/managedEntity[(@name=\"TOOLKIT_TEST\")]/sampler[(@name=\"ICE MYSQL\")][(@type=\"\")]/dataview[(@name=\"ICE RECENT\")]","Snoozed":false,"Severity":"UNDEFINED"}, {"XPath":"/geneos/gateway[(@name=\"GW_TEST_50144\")]/directory/probe[(@name=\"SYSMON\")]/managedEntity[(@name=\"TOOLKIT_TEST\")]/sampler[(@name=\"TEST ICE\")][(@type=\"\")]/dataview[(@name=\"ICE RECENT\")]","Snoozed":false,"Severity":"UNDEFINED"}, {"XPath":"/geneos/gateway[(@name=\"GW_TEST_50144\")]/directory/probe[(@name=\"SYSMON\")]/managedEntity[(@name=\"TOOLKIT_TEST\")]/sampler[(@name=\"ME VS APPa\")][(@type=\"\")]/dataview[(@name=\"ME VS APP\")]","Snoozed":false,"Severity":"UNDEFINED"}, {"XPath":"/geneos/gateway[(@name=\"GW_TEST_50144\")]/directory/probe[(@name=\"SYSMON\")]/managedEntity[(@name=\"TOOLKIT_TEST\")]/sampler[(@name=\"New Sampler 6\")][(@type=\"\")]/dataview[(@name=\"New Sampler 6\")]","Snoozed":false,"Severity":"UNDEFINED"}, {"XPath":"/geneos/gateway[(@name=\"GW_TEST_50144\")]/directory/probe[(@name=\"SYSMON\")]/managedEntity[(@name=\"TOOLKIT_TEST\")]/sampler[(@name=\"Toolkit\")][(@type=\"\")]/dataview[(@name=\"Toolkit\")]","Snoozed":false,"Severity":"OK"}, {"XPath":"/geneos/gateway[(@name=\"GW_TEST_50144\")]/directory/probe[(@name=\"SYSMON\")]/managedEntity[(@name=\"tttttttttttttttttteeeeeeeeeeeeeeeeeeeeeeeesssssssssssssssssssssssstttttttttttttttttttttttt\")]/sampler[(@name=\"CPU_sampler\")][(@type=\"\")]/dataview[(@name=\"CPU_sampler\")]","Snoozed":false,"Severity":"UNDEFINED"}, {"XPath":"/geneos/gateway[(@name=\"GW_TEST_50144\")]/directory/probe[(@name=\"SYSMON\")]/managedEntity[(@name=\"tttttttttttttttttteeeeeeeeeeeeeeeeeeeeeeeesssssssssssssssssssssssstttttttttttttttttttttttt\")]/sampler[(@name=\"FKM\")][(@type=\"\")]/dataview[(@name=\"FKM\")]","Snoozed":true,"Severity":"UNDEFINED"}, {"XPath":"/geneos/gateway[(@name=\"GW_TEST_50144\")]/directory/probe[(@name=\"SYSMON\")]/managedEntity[(@name=\"zzzzzzzzz\")]/sampler[(@name=\"Toolkit\")][(@type=\"\")]/dataview[(@name=\"Toolkit\")]","Snoozed":false,"Severity":"UNDEFINED"}]
]]></system-out>
  <system-err><![CDATA[Mar 17, 2016 4:44:31 PM geneos_notification.loggers.LogObject doLog
INFO: [Controller]Row request made for row at xpath : /geneos/gateway[(@name="GW_TEST_50144")]/directory/probe[(@name="SYSMON")]/managedEntity[(@name="CPU_Entity")]/sampler[(@name="CPU_sampler")][(@type="")]/dataview[(@name="CPU_sampler")]/rows/row[(@name="cpu_0")]/cell[(@column="percentUtilisation")]
Mar 17, 2016 4:44:38 PM geneos_notification.loggers.LogObject doLog
INFO: [U-Controller]Login attempt with username : testa5
Mar 17, 2016 4:44:38 PM geneos_notification.loggers.LogObject doLog
INFO: [SQL]Checking user : testa5 & testa5
Mar 17, 2016 4:44:38 PM geneos_notification.loggers.LogObject doLog
WARNING: [SQL]User has tried to log in with an invalid domain : testa5
Mar 17, 2016 4:44:38 PM geneos_notification.loggers.LogObject doLog
WARNING: [U-Controller]Attempted login made by unauthorised user with username : testa5
Mar 17, 2016 4:44:38 PM geneos_notification.loggers.LogObject doLog
INFO: [Controller]Dataview List is updating!
Mar 17, 2016 4:44:56 PM geneos_notification.loggers.LogObject doLog
INFO: [DT-INFO]Collected Dataviews : [/geneos/gateway[(@name="GW_TEST_50144")]/directory/probe[(@name="SYSMON")]/managedEntity[(@name="Android")]/sampler[(@name="AppTest")][(@type="")]/dataview[(@name="AppTest")], /geneos/gateway[(@name="GW_TEST_50144")]/directory/probe[(@name="SYSMON")]/managedEntity[(@name="CPU_Entity")]/sampler[(@name="CPU_sampler")][(@type="")]/dataview[(@name="CPU_sampler")], /geneos/gateway[(@name="GW_TEST_50144")]/directory/probe[(@name="SYSMON")]/managedEntity[(@name="CPU_Entity")]/sampler[(@name="new SQl tester")][(@type="")]/dataview[(@name="cpu")], /geneos/gateway[(@name="GW_TEST_50144")]/directory/probe[(@name="SYSMON")]/managedEntity[(@name="CPU_Entity")]/sampler[(@name="new SQl tester")][(@type="")]/dataview[(@name="cpuAgain")], /geneos/gateway[(@name="GW_TEST_50144")]/directory/probe[(@name="SYSMON")]/managedEntity[(@name="CPU_Entity")]/sampler[(@name="SQL gateway")][(@type="")]/dataview[(@name="V1")], /geneos/gateway[(@name="GW_TEST_50144")]/directory/probe[(@name="SYSMON")]/managedEntity[(@name="CPU_Entity")]/sampler[(@name="TEST_LOG LOCAL1")][(@type="")]/dataview[(@name="TEST_LOG LOCAL1")], /geneos/gateway[(@name="GW_TEST_50144")]/directory/probe[(@name="SYSMON")]/managedEntity[(@name="CPU_Entity")]/sampler[(@name="New Sampler 2")][(@type="")]/dataview[(@name="New Sampler 2")], /geneos/gateway[(@name="GW_TEST_50144")]/directory/probe[(@name="SYSMON")]/managedEntity[(@name="CPU_Entity")]/sampler[(@name="New Sampler 9")][(@type="")]/dataview[(@name="New Sampler 9")], /geneos/gateway[(@name="GW_TEST_50144")]/directory/probe[(@name="SYSMON")]/managedEntity[(@name="CPU_Entity")]/sampler[(@name="Feed Monitoring_uat1")][(@type="")]/dataview[(@name="Feed Monitoring_uat1")], /geneos/gateway[(@name="GW_TEST_50144")]/directory/probe[(@name="SYSMON")]/managedEntity[(@name="CPU_Entity")]/sampler[(@name="MQ Queuegelo")][(@type="")]/dataview[(@name="MQ Queuegelo")], /geneos/gateway[(@name="GW_TEST_50144")]/directory/probe[(@name="SYSMON")]/managedEntity[(@name="Copy of New Managed entity")]/sampler[(@name="CPU_sampler")][(@type="")]/dataview[(@name="CPU_sampler")], /geneos/gateway[(@name="GW_TEST_50144")]/directory/probe[(@name="SYSMON")]/managedEntity[(@name="Copy of New Managed entity 1")]/sampler[(@name="CPU_sampler")][(@type="")]/dataview[(@name="CPU_sampler")], /geneos/gateway[(@name="GW_TEST_50144")]/directory/probe[(@name="SYSMON")]/managedEntity[(@name="Copy of New Managed entity 10")]/sampler[(@name="CPU_sampler")][(@type="")]/dataview[(@name="CPU_sampler")], /geneos/gateway[(@name="GW_TEST_50144")]/directory/probe[(@name="SYSMON")]/managedEntity[(@name="Copy of New Managed entity 11")]/sampler[(@name="CPU_sampler")][(@type="")]/dataview[(@name="CPU_sampler")], /geneos/gateway[(@name="GW_TEST_50144")]/directory/probe[(@name="SYSMON")]/managedEntity[(@name="Copy of New Managed entity 2")]/sampler[(@name="CPU_sampler")][(@type="")]/dataview[(@name="CPU_sampler")], /geneos/gateway[(@name="GW_TEST_50144")]/directory/probe[(@name="SYSMON")]/managedEntity[(@name="Copy of New Managed entity 3")]/sampler[(@name="CPU_sampler")][(@type="")]/dataview[(@name="CPU_sampler")], /geneos/gateway[(@name="GW_TEST_50144")]/directory/probe[(@name="SYSMON")]/managedEntity[(@name="Copy of New Managed entity 4")]/sampler[(@name="CPU_sampler")][(@type="")]/dataview[(@name="CPU_sampler")], /geneos/gateway[(@name="GW_TEST_50144")]/directory/probe[(@name="SYSMON")]/managedEntity[(@name="Copy of New Managed entity 5")]/sampler[(@name="CPU_sampler")][(@type="")]/dataview[(@name="CPU_sampler")], /geneos/gateway[(@name="GW_TEST_50144")]/directory/probe[(@name="SYSMON")]/managedEntity[(@name="Copy of New Managed entity 6")]/sampler[(@name="CPU_sampler")][(@type="")]/dataview[(@name="CPU_sampler")], /geneos/gateway[(@name="GW_TEST_50144")]/directory/probe[(@name="SYSMON")]/managedEntity[(@name="Copy of New Managed entity 7")]/sampler[(@name="CPU_sampler")][(@type="")]/dataview[(@name="CPU_sampler")], /geneos/gateway[(@name="GW_TEST_50144")]/directory/probe[(@name="SYSMON")]/managedEntity[(@name="Copy of New Managed entity 8")]/sampler[(@name="CPU_sampler")][(@type="")]/dataview[(@name="CPU_sampler")], /geneos/gateway[(@name="GW_TEST_50144")]/directory/probe[(@name="SYSMON")]/managedEntity[(@name="Copy of New Managed entity 9")]/sampler[(@name="CPU_sampler")][(@type="")]/dataview[(@name="CPU_sampler")], /geneos/gateway[(@name="GW_TEST_50144")]/directory/probe[(@name="SYSMON")]/managedEntity[(@name="FKM")]/sampler[(@name="FKM")][(@type="")]/dataview[(@name="FKM")], /geneos/gateway[(@name="GW_TEST_50144")]/directory/probe[(@name="SYSMON")]/managedEntity[(@name="FKM")]/sampler[(@name="FTM Test")][(@type="")]/dataview[(@name="FTM Test")], /geneos/gateway[(@name="GW_TEST_50144")]/directory/probe[(@name="SYSMON")]/managedEntity[(@name="HELLO")]/sampler[(@name="FKM")][(@type="")]/dataview[(@name="FKM")], /geneos/gateway[(@name="GW_TEST_50144")]/directory/probe[(@name="SYSMON")]/managedEntity[(@name="HELLO")]/sampler[(@name="Cluster Monitoring Sampler")][(@type="")]/dataview[(@name="Diagnostics")], /geneos/gateway[(@name="GW_TEST_50144")]/directory/probe[(@name="SYSMON")]/managedEntity[(@name="HELLO")]/sampler[(@name="Cluster Monitoring Sampler")][(@type="")]/dataview[(@name="192-168-220-54-2551-gateways")], /geneos/gateway[(@name="GW_TEST_50144")]/directory/probe[(@name="SYSMON")]/managedEntity[(@name="HELLO")]/sampler[(@name="Cluster Monitoring Sampler")][(@type="")]/dataview[(@name="192-168-220-54-2551-clients")], /geneos/gateway[(@name="GW_TEST_50144")]/directory/probe[(@name="SYSMON")]/managedEntity[(@name="HELLO")]/sampler[(@name="Cluster Monitoring Sampler")][(@type="")]/dataview[(@name="192-168-220-54-2551-clusterNodes")], /geneos/gateway[(@name="GW_TEST_50144")]/directory/probe[(@name="SYSMON")]/managedEntity[(@name="HELLO")]/sampler[(@name="New Sampler 1")][(@type="")]/dataview[(@name="test")], /geneos/gateway[(@name="GW_TEST_50144")]/directory/probe[(@name="SYSMON")]/managedEntity[(@name="HELLO")]/sampler[(@name="new SQl tester")][(@type="")]/dataview[(@name="cpu")], /geneos/gateway[(@name="GW_TEST_50144")]/directory/probe[(@name="SYSMON")]/managedEntity[(@name="HELLO")]/sampler[(@name="new SQl tester")][(@type="")]/dataview[(@name="cpuAgain")], /geneos/gateway[(@name="GW_TEST_50144")]/directory/probe[(@name="SYSMON")]/managedEntity[(@name="New Managed entity")]/sampler[(@name="CPU_sampler")][(@type="")]/dataview[(@name="CPU_sampler")], /geneos/gateway[(@name="GW_TEST_50144")]/directory/probe[(@name="SYSMON")]/managedEntity[(@name="THISISATEST")]/sampler[(@name="FTM Test")][(@type="")]/dataview[(@name="FTM Test")], /geneos/gateway[(@name="GW_TEST_50144")]/directory/probe[(@name="SYSMON")]/managedEntity[(@name="TOOLKIT_TEST")]/sampler[(@name="Toolkit")][(@type="")]/dataview[(@name="Toolkit")], /geneos/gateway[(@name="GW_TEST_50144")]/directory/probe[(@name="SYSMON")]/managedEntity[(@name="TOOLKIT_TEST")]/sampler[(@name="ICE MYSQL")][(@type="")]/dataview[(@name="ICE RECENT")], /geneos/gateway[(@name="GW_TEST_50144")]/directory/probe[(@name="SYSMON")]/managedEntity[(@name="TOOLKIT_TEST")]/sampler[(@name="TEST ICE")][(@type="")]/dataview[(@name="ICE RECENT")], /geneos/gateway[(@name="GW_TEST_50144")]/directory/probe[(@name="SYSMON")]/managedEntity[(@name="TOOLKIT_TEST")]/sampler[(@name="TestSQL")][(@type="")]/dataview[(@name="Everything")], /geneos/gateway[(@name="GW_TEST_50144")]/directory/probe[(@name="SYSMON")]/managedEntity[(@name="TOOLKIT_TEST")]/sampler[(@name="New Sampler 6")][(@type="")]/dataview[(@name="New Sampler 6")], /geneos/gateway[(@name="GW_TEST_50144")]/directory/probe[(@name="SYSMON")]/managedEntity[(@name="TOOLKIT_TEST")]/sampler[(@name="ME VS APPa")][(@type="")]/dataview[(@name="ME VS APP")], /geneos/gateway[(@name="GW_TEST_50144")]/directory/probe[(@name="SYSMON")]/managedEntity[(@name="tttttttttttttttttteeeeeeeeeeeeeeeeeeeeeeeesssssssssssssssssssssssstttttttttttttttttttttttt")]/sampler[(@name="CPU_sampler")][(@type="")]/dataview[(@name="CPU_sampler")], /geneos/gateway[(@name="GW_TEST_50144")]/directory/probe[(@name="SYSMON")]/managedEntity[(@name="tttttttttttttttttteeeeeeeeeeeeeeeeeeeeeeeesssssssssssssssssssssssstttttttttttttttttttttttt")]/sampler[(@name="FKM")][(@type="")]/dataview[(@name="FKM")], /geneos/gateway[(@name="GW_TEST_50144")]/directory/probe[(@name="SYSMON")]/managedEntity[(@name="zzzzzzzzz")]/sampler[(@name="Toolkit")][(@type="")]/dataview[(@name="Toolkit")], /geneos/gateway[(@name="GW_TEST_50144")]/directory/probe[(@name="WINSYSMON")]/managedEntity[(@name="CPU_ENTITY")]/sampler[(@name="CPU_sampler")][(@type="")]/dataview[(@name="CPU_sampler")], /geneos/gateway[(@name="GW_TEST_50144")]/directory/probe[(@name="WINSYSMON")]/managedEntity[(@name="CPU_ENTITY")]/sampler[(@name="Toolkit2")][(@type="")]/dataview[(@name="Instances")], /geneos/gateway[(@name="GW_TEST_50144")]/directory/probe[(@name="WINSYSMON")]/managedEntity[(@name="CPU_ENTITY")]/sampler[(@name="Toolkit2")][(@type="")]/dataview[(@name="Percentage use")], /geneos/gateway[(@name="GW_TEST_50144")]/directory/probe[(@name="WINSYSMON")]/managedEntity[(@name="CPU_ENTITY")]/sampler[(@name="TestSQL")][(@type="")]/dataview[(@name="Everything")], /geneos/gateway[(@name="GW_TEST_50144")]/directory/probe[(@name="WINSYSMON")]/managedEntity[(@name="CPU_ENTITY")]/sampler[(@name="Trigger sample")][(@type="")]/dataview[(@name="Triggered")], /geneos/gateway[(@name="GW_TEST_50144")]/directory/probe[(@name="WINSYSMON")]/managedEntity[(@name="CPU_ENTITY")]/sampler[(@name="Timestamp sql")][(@type="")]/dataview[(@name="timediff")], /geneos/gateway[(@name="GW_TEST_50144")]/directory/probe[(@name="WINSYSMON")]/managedEntity[(@name="CPU_ENTITY")]/sampler[(@name="eventlog")][(@type="")]/dataview[(@name="eventlog")], /geneos/gateway[(@name="GW_TEST_50144")]/directory/probe[(@name="WINSYSMON")]/managedEntity[(@name="CPU_ENTITY")]/sampler[(@name="Win Services")][(@type="")]/dataview[(@name="Win Services")], /geneos/gateway[(@name="GW_TEST_50144")]/directory/probe[(@name="WINSYSMON")]/managedEntity[(@name="CPU_ENTITY")]/sampler[(@name="proc")][(@type="")]/dataview[(@name="proc")], /geneos/gateway[(@name="GW_TEST_50144")]/directory/probe[(@name="WINSYSMON")]/managedEntity[(@name="CPU_ENTITY")]/sampler[(@name="New Sampler 5")][(@type="")]/dataview[(@name="New Sampler 5")], /geneos/gateway[(@name="GW_TEST_50144")]/directory/probe[(@name="WINSYSMON")]/managedEntity[(@name="CPU_ENTITY")]/sampler[(@name="New Sampler 2")][(@type="")]/dataview[(@name="New Sampler 2")], /geneos/gateway[(@name="GW_TEST_50144")]/directory/probe[(@name="WINSYSMON")]/managedEntity[(@name="CPU_ENTITY")]/sampler[(@name="New Sampler 11")][(@type="")]/dataview[(@name="New Sampler 11")], /geneos/gateway[(@name="GW_TEST_50144")]/directory/probe[(@name="WINSYSMON")]/managedEntity[(@name="CPU_ENTITY")]/sampler[(@name="New Sampler 12")][(@type="")]/dataview[(@name="New Sampler 12")], /geneos/gateway[(@name="GW_TEST_50144")]/directory/probe[(@name="Gelo Probe")]/managedEntity[(@name="gelo")]/sampler[(@name="MQ Queuegelo")][(@type="")]/dataview[(@name="MQ Queuegelo")]] 
With a length of 11060
Mar 17, 2016 4:44:56 PM org.jboss.netty.channel.DefaultChannelPipeline
WARNING: An exception was thrown by an exception handler.
java.util.concurrent.RejectedExecutionException: Worker has already been shutdown
	at org.jboss.netty.channel.socket.nio.AbstractNioSelector.registerTask(AbstractNioSelector.java:120)
	at org.jboss.netty.channel.socket.nio.AbstractNioWorker.executeInIoThread(AbstractNioWorker.java:72)
	at org.jboss.netty.channel.socket.nio.NioWorker.executeInIoThread(NioWorker.java:36)
	at org.jboss.netty.channel.socket.nio.AbstractNioWorker.executeInIoThread(AbstractNioWorker.java:56)
	at org.jboss.netty.channel.socket.nio.NioWorker.executeInIoThread(NioWorker.java:36)
	at org.jboss.netty.channel.socket.nio.AbstractNioChannelSink.execute(AbstractNioChannelSink.java:34)
	at org.jboss.netty.channel.Channels.fireExceptionCaughtLater(Channels.java:496)
	at org.jboss.netty.channel.AbstractChannelSink.exceptionCaught(AbstractChannelSink.java:46)
	at org.jboss.netty.handler.codec.oneone.OneToOneEncoder.handleDownstream(OneToOneEncoder.java:54)
	at org.jboss.netty.channel.Channels.disconnect(Channels.java:781)
	at org.jboss.netty.channel.AbstractChannel.disconnect(AbstractChannel.java:211)
	at akka.remote.transport.netty.NettyTransport$$anonfun$gracefulClose$1.apply(NettyTransport.scala:223)
	at akka.remote.transport.netty.NettyTransport$$anonfun$gracefulClose$1.apply(NettyTransport.scala:222)
	at scala.util.Success.foreach(Try.scala:235)
	at scala.concurrent.Future$$anonfun$foreach$1.apply(Future.scala:204)
	at scala.concurrent.Future$$anonfun$foreach$1.apply(Future.scala:204)
	at scala.concurrent.impl.CallbackRunnable.run(Promise.scala:32)
	at akka.dispatch.BatchingExecutor$Batch$$anonfun$run$1.processBatch$1(BatchingExecutor.scala:67)
	at akka.dispatch.BatchingExecutor$Batch$$anonfun$run$1.apply$mcV$sp(BatchingExecutor.scala:82)
	at akka.dispatch.BatchingExecutor$Batch$$anonfun$run$1.apply(BatchingExecutor.scala:59)
	at akka.dispatch.BatchingExecutor$Batch$$anonfun$run$1.apply(BatchingExecutor.scala:59)
	at scala.concurrent.BlockContext$.withBlockContext(BlockContext.scala:72)
	at akka.dispatch.BatchingExecutor$Batch.run(BatchingExecutor.scala:58)
	at akka.dispatch.TaskInvocation.run(AbstractDispatcher.scala:41)
	at akka.dispatch.ForkJoinExecutorConfigurator$AkkaForkJoinTask.exec(AbstractDispatcher.scala:401)
	at scala.concurrent.forkjoin.ForkJoinTask.doExec(ForkJoinTask.java:260)
	at scala.concurrent.forkjoin.ForkJoinPool$WorkQueue.runTask(ForkJoinPool.java:1339)
	at scala.concurrent.forkjoin.ForkJoinPool.runWorker(ForkJoinPool.java:1979)
	at scala.concurrent.forkjoin.ForkJoinWorkerThread.run(ForkJoinWorkerThread.java:107)

Mar 17, 2016 4:44:56 PM geneos_notification.loggers.LogObject doLog
INFO: [Controller]Dataview list was successfully updated.
Mar 17, 2016 4:44:56 PM geneos_notification.loggers.LogObject doLog
INFO: [U-Controller]Login attempt with username : testb5@Default
Mar 17, 2016 4:44:56 PM geneos_notification.loggers.LogObject doLog
INFO: [SQL]Checking user : testb5@Default & testb5
Mar 17, 2016 4:44:56 PM geneos_notification.loggers.LogObject doLog
INFO: [SQL]Device testb5 logged in successfully
Mar 17, 2016 4:44:56 PM geneos_notification.loggers.LogObject doLog
INFO: [SQL]Device testb5 key has been updated
Mar 17, 2016 4:44:56 PM geneos_notification.loggers.LogObject doLog
INFO: [U-Controller]Initial log on for testb5@Default with device testb5
Mar 17, 2016 4:44:56 PM geneos_notification.loggers.LogObject doLog
INFO: [SQL]Device testb5 logged out successfully
Mar 17, 2016 4:44:56 PM geneos_notification.loggers.LogObject doLog
INFO: [U-Controller]The status of the device check fortestb5@Default is :1
Mar 17, 2016 4:44:56 PM geneos_notification.loggers.LogObject doLog
INFO: [U-Controller]testb5@Default has been successfully logged out.
Mar 17, 2016 4:44:56 PM geneos_notification.loggers.LogObject doLog
INFO: [Controller]Dataview List is updating!
Mar 17, 2016 4:45:14 PM geneos_notification.loggers.LogObject doLog
INFO: [DT-INFO]Collected Dataviews : [/geneos/gateway[(@name="GW_TEST_50144")]/directory/probe[(@name="SYSMON")]/managedEntity[(@name="Android")]/sampler[(@name="AppTest")][(@type="")]/dataview[(@name="AppTest")], /geneos/gateway[(@name="GW_TEST_50144")]/directory/probe[(@name="SYSMON")]/managedEntity[(@name="CPU_Entity")]/sampler[(@name="CPU_sampler")][(@type="")]/dataview[(@name="CPU_sampler")], /geneos/gateway[(@name="GW_TEST_50144")]/directory/probe[(@name="SYSMON")]/managedEntity[(@name="CPU_Entity")]/sampler[(@name="new SQl tester")][(@type="")]/dataview[(@name="cpu")], /geneos/gateway[(@name="GW_TEST_50144")]/directory/probe[(@name="SYSMON")]/managedEntity[(@name="CPU_Entity")]/sampler[(@name="new SQl tester")][(@type="")]/dataview[(@name="cpuAgain")], /geneos/gateway[(@name="GW_TEST_50144")]/directory/probe[(@name="SYSMON")]/managedEntity[(@name="CPU_Entity")]/sampler[(@name="SQL gateway")][(@type="")]/dataview[(@name="V1")], /geneos/gateway[(@name="GW_TEST_50144")]/directory/probe[(@name="SYSMON")]/managedEntity[(@name="CPU_Entity")]/sampler[(@name="TEST_LOG LOCAL1")][(@type="")]/dataview[(@name="TEST_LOG LOCAL1")], /geneos/gateway[(@name="GW_TEST_50144")]/directory/probe[(@name="SYSMON")]/managedEntity[(@name="CPU_Entity")]/sampler[(@name="New Sampler 2")][(@type="")]/dataview[(@name="New Sampler 2")], /geneos/gateway[(@name="GW_TEST_50144")]/directory/probe[(@name="SYSMON")]/managedEntity[(@name="CPU_Entity")]/sampler[(@name="New Sampler 9")][(@type="")]/dataview[(@name="New Sampler 9")], /geneos/gateway[(@name="GW_TEST_50144")]/directory/probe[(@name="SYSMON")]/managedEntity[(@name="CPU_Entity")]/sampler[(@name="Feed Monitoring_uat1")][(@type="")]/dataview[(@name="Feed Monitoring_uat1")], /geneos/gateway[(@name="GW_TEST_50144")]/directory/probe[(@name="SYSMON")]/managedEntity[(@name="CPU_Entity")]/sampler[(@name="MQ Queuegelo")][(@type="")]/dataview[(@name="MQ Queuegelo")], /geneos/gateway[(@name="GW_TEST_50144")]/directory/probe[(@name="SYSMON")]/managedEntity[(@name="Copy of New Managed entity")]/sampler[(@name="CPU_sampler")][(@type="")]/dataview[(@name="CPU_sampler")], /geneos/gateway[(@name="GW_TEST_50144")]/directory/probe[(@name="SYSMON")]/managedEntity[(@name="Copy of New Managed entity 1")]/sampler[(@name="CPU_sampler")][(@type="")]/dataview[(@name="CPU_sampler")], /geneos/gateway[(@name="GW_TEST_50144")]/directory/probe[(@name="SYSMON")]/managedEntity[(@name="Copy of New Managed entity 10")]/sampler[(@name="CPU_sampler")][(@type="")]/dataview[(@name="CPU_sampler")], /geneos/gateway[(@name="GW_TEST_50144")]/directory/probe[(@name="SYSMON")]/managedEntity[(@name="Copy of New Managed entity 11")]/sampler[(@name="CPU_sampler")][(@type="")]/dataview[(@name="CPU_sampler")], /geneos/gateway[(@name="GW_TEST_50144")]/directory/probe[(@name="SYSMON")]/managedEntity[(@name="Copy of New Managed entity 2")]/sampler[(@name="CPU_sampler")][(@type="")]/dataview[(@name="CPU_sampler")], /geneos/gateway[(@name="GW_TEST_50144")]/directory/probe[(@name="SYSMON")]/managedEntity[(@name="Copy of New Managed entity 3")]/sampler[(@name="CPU_sampler")][(@type="")]/dataview[(@name="CPU_sampler")], /geneos/gateway[(@name="GW_TEST_50144")]/directory/probe[(@name="SYSMON")]/managedEntity[(@name="Copy of New Managed entity 4")]/sampler[(@name="CPU_sampler")][(@type="")]/dataview[(@name="CPU_sampler")], /geneos/gateway[(@name="GW_TEST_50144")]/directory/probe[(@name="SYSMON")]/managedEntity[(@name="Copy of New Managed entity 5")]/sampler[(@name="CPU_sampler")][(@type="")]/dataview[(@name="CPU_sampler")], /geneos/gateway[(@name="GW_TEST_50144")]/directory/probe[(@name="SYSMON")]/managedEntity[(@name="Copy of New Managed entity 6")]/sampler[(@name="CPU_sampler")][(@type="")]/dataview[(@name="CPU_sampler")], /geneos/gateway[(@name="GW_TEST_50144")]/directory/probe[(@name="SYSMON")]/managedEntity[(@name="Copy of New Managed entity 7")]/sampler[(@name="CPU_sampler")][(@type="")]/dataview[(@name="CPU_sampler")], /geneos/gateway[(@name="GW_TEST_50144")]/directory/probe[(@name="SYSMON")]/managedEntity[(@name="Copy of New Managed entity 8")]/sampler[(@name="CPU_sampler")][(@type="")]/dataview[(@name="CPU_sampler")], /geneos/gateway[(@name="GW_TEST_50144")]/directory/probe[(@name="SYSMON")]/managedEntity[(@name="Copy of New Managed entity 9")]/sampler[(@name="CPU_sampler")][(@type="")]/dataview[(@name="CPU_sampler")], /geneos/gateway[(@name="GW_TEST_50144")]/directory/probe[(@name="SYSMON")]/managedEntity[(@name="FKM")]/sampler[(@name="FKM")][(@type="")]/dataview[(@name="FKM")], /geneos/gateway[(@name="GW_TEST_50144")]/directory/probe[(@name="SYSMON")]/managedEntity[(@name="FKM")]/sampler[(@name="FTM Test")][(@type="")]/dataview[(@name="FTM Test")], /geneos/gateway[(@name="GW_TEST_50144")]/directory/probe[(@name="SYSMON")]/managedEntity[(@name="HELLO")]/sampler[(@name="FKM")][(@type="")]/dataview[(@name="FKM")], /geneos/gateway[(@name="GW_TEST_50144")]/directory/probe[(@name="SYSMON")]/managedEntity[(@name="HELLO")]/sampler[(@name="Cluster Monitoring Sampler")][(@type="")]/dataview[(@name="Diagnostics")], /geneos/gateway[(@name="GW_TEST_50144")]/directory/probe[(@name="SYSMON")]/managedEntity[(@name="HELLO")]/sampler[(@name="Cluster Monitoring Sampler")][(@type="")]/dataview[(@name="192-168-220-54-2551-gateways")], /geneos/gateway[(@name="GW_TEST_50144")]/directory/probe[(@name="SYSMON")]/managedEntity[(@name="HELLO")]/sampler[(@name="Cluster Monitoring Sampler")][(@type="")]/dataview[(@name="192-168-220-54-2551-clients")], /geneos/gateway[(@name="GW_TEST_50144")]/directory/probe[(@name="SYSMON")]/managedEntity[(@name="HELLO")]/sampler[(@name="Cluster Monitoring Sampler")][(@type="")]/dataview[(@name="192-168-220-54-2551-clusterNodes")], /geneos/gateway[(@name="GW_TEST_50144")]/directory/probe[(@name="SYSMON")]/managedEntity[(@name="HELLO")]/sampler[(@name="New Sampler 1")][(@type="")]/dataview[(@name="test")], /geneos/gateway[(@name="GW_TEST_50144")]/directory/probe[(@name="SYSMON")]/managedEntity[(@name="HELLO")]/sampler[(@name="new SQl tester")][(@type="")]/dataview[(@name="cpu")], /geneos/gateway[(@name="GW_TEST_50144")]/directory/probe[(@name="SYSMON")]/managedEntity[(@name="HELLO")]/sampler[(@name="new SQl tester")][(@type="")]/dataview[(@name="cpuAgain")], /geneos/gateway[(@name="GW_TEST_50144")]/directory/probe[(@name="SYSMON")]/managedEntity[(@name="New Managed entity")]/sampler[(@name="CPU_sampler")][(@type="")]/dataview[(@name="CPU_sampler")], /geneos/gateway[(@name="GW_TEST_50144")]/directory/probe[(@name="SYSMON")]/managedEntity[(@name="THISISATEST")]/sampler[(@name="FTM Test")][(@type="")]/dataview[(@name="FTM Test")], /geneos/gateway[(@name="GW_TEST_50144")]/directory/probe[(@name="SYSMON")]/managedEntity[(@name="TOOLKIT_TEST")]/sampler[(@name="Toolkit")][(@type="")]/dataview[(@name="Toolkit")], /geneos/gateway[(@name="GW_TEST_50144")]/directory/probe[(@name="SYSMON")]/managedEntity[(@name="TOOLKIT_TEST")]/sampler[(@name="ICE MYSQL")][(@type="")]/dataview[(@name="ICE RECENT")], /geneos/gateway[(@name="GW_TEST_50144")]/directory/probe[(@name="SYSMON")]/managedEntity[(@name="TOOLKIT_TEST")]/sampler[(@name="TEST ICE")][(@type="")]/dataview[(@name="ICE RECENT")], /geneos/gateway[(@name="GW_TEST_50144")]/directory/probe[(@name="SYSMON")]/managedEntity[(@name="TOOLKIT_TEST")]/sampler[(@name="TestSQL")][(@type="")]/dataview[(@name="Everything")], /geneos/gateway[(@name="GW_TEST_50144")]/directory/probe[(@name="SYSMON")]/managedEntity[(@name="TOOLKIT_TEST")]/sampler[(@name="New Sampler 6")][(@type="")]/dataview[(@name="New Sampler 6")], /geneos/gateway[(@name="GW_TEST_50144")]/directory/probe[(@name="SYSMON")]/managedEntity[(@name="TOOLKIT_TEST")]/sampler[(@name="ME VS APPa")][(@type="")]/dataview[(@name="ME VS APP")], /geneos/gateway[(@name="GW_TEST_50144")]/directory/probe[(@name="SYSMON")]/managedEntity[(@name="tttttttttttttttttteeeeeeeeeeeeeeeeeeeeeeeesssssssssssssssssssssssstttttttttttttttttttttttt")]/sampler[(@name="CPU_sampler")][(@type="")]/dataview[(@name="CPU_sampler")], /geneos/gateway[(@name="GW_TEST_50144")]/directory/probe[(@name="SYSMON")]/managedEntity[(@name="tttttttttttttttttteeeeeeeeeeeeeeeeeeeeeeeesssssssssssssssssssssssstttttttttttttttttttttttt")]/sampler[(@name="FKM")][(@type="")]/dataview[(@name="FKM")], /geneos/gateway[(@name="GW_TEST_50144")]/directory/probe[(@name="SYSMON")]/managedEntity[(@name="zzzzzzzzz")]/sampler[(@name="Toolkit")][(@type="")]/dataview[(@name="Toolkit")], /geneos/gateway[(@name="GW_TEST_50144")]/directory/probe[(@name="WINSYSMON")]/managedEntity[(@name="CPU_ENTITY")]/sampler[(@name="CPU_sampler")][(@type="")]/dataview[(@name="CPU_sampler")], /geneos/gateway[(@name="GW_TEST_50144")]/directory/probe[(@name="WINSYSMON")]/managedEntity[(@name="CPU_ENTITY")]/sampler[(@name="Toolkit2")][(@type="")]/dataview[(@name="Instances")], /geneos/gateway[(@name="GW_TEST_50144")]/directory/probe[(@name="WINSYSMON")]/managedEntity[(@name="CPU_ENTITY")]/sampler[(@name="Toolkit2")][(@type="")]/dataview[(@name="Percentage use")], /geneos/gateway[(@name="GW_TEST_50144")]/directory/probe[(@name="WINSYSMON")]/managedEntity[(@name="CPU_ENTITY")]/sampler[(@name="TestSQL")][(@type="")]/dataview[(@name="Everything")], /geneos/gateway[(@name="GW_TEST_50144")]/directory/probe[(@name="WINSYSMON")]/managedEntity[(@name="CPU_ENTITY")]/sampler[(@name="Trigger sample")][(@type="")]/dataview[(@name="Triggered")], /geneos/gateway[(@name="GW_TEST_50144")]/directory/probe[(@name="WINSYSMON")]/managedEntity[(@name="CPU_ENTITY")]/sampler[(@name="Timestamp sql")][(@type="")]/dataview[(@name="timediff")], /geneos/gateway[(@name="GW_TEST_50144")]/directory/probe[(@name="WINSYSMON")]/managedEntity[(@name="CPU_ENTITY")]/sampler[(@name="eventlog")][(@type="")]/dataview[(@name="eventlog")], /geneos/gateway[(@name="GW_TEST_50144")]/directory/probe[(@name="WINSYSMON")]/managedEntity[(@name="CPU_ENTITY")]/sampler[(@name="Win Services")][(@type="")]/dataview[(@name="Win Services")], /geneos/gateway[(@name="GW_TEST_50144")]/directory/probe[(@name="WINSYSMON")]/managedEntity[(@name="CPU_ENTITY")]/sampler[(@name="proc")][(@type="")]/dataview[(@name="proc")], /geneos/gateway[(@name="GW_TEST_50144")]/directory/probe[(@name="WINSYSMON")]/managedEntity[(@name="CPU_ENTITY")]/sampler[(@name="New Sampler 5")][(@type="")]/dataview[(@name="New Sampler 5")], /geneos/gateway[(@name="GW_TEST_50144")]/directory/probe[(@name="WINSYSMON")]/managedEntity[(@name="CPU_ENTITY")]/sampler[(@name="New Sampler 2")][(@type="")]/dataview[(@name="New Sampler 2")], /geneos/gateway[(@name="GW_TEST_50144")]/directory/probe[(@name="WINSYSMON")]/managedEntity[(@name="CPU_ENTITY")]/sampler[(@name="New Sampler 11")][(@type="")]/dataview[(@name="New Sampler 11")], /geneos/gateway[(@name="GW_TEST_50144")]/directory/probe[(@name="WINSYSMON")]/managedEntity[(@name="CPU_ENTITY")]/sampler[(@name="New Sampler 12")][(@type="")]/dataview[(@name="New Sampler 12")], /geneos/gateway[(@name="GW_TEST_50144")]/directory/probe[(@name="Gelo Probe")]/managedEntity[(@name="gelo")]/sampler[(@name="MQ Queuegelo")][(@type="")]/dataview[(@name="MQ Queuegelo")]] 
With a length of 11060
Mar 17, 2016 4:45:14 PM geneos_notification.loggers.LogObject doLog
INFO: [Controller]Dataview list was successfully updated.
Mar 17, 2016 4:45:14 PM geneos_notification.loggers.LogObject doLog
INFO: Dataview list requested
]]></system-err>
</testsuite>
