<?xml version="1.0" encoding="UTF-8"?>
<testsuite name="itrs_appserver.RowGeneratorTest" tests="3" skipped="0" failures="0" errors="0" timestamp="2016-03-01T15:27:17" hostname="ITRSLP043" time="0.571">
  <properties/>
  <testcase name="getDataSetItemsFailTest" classname="itrs_appserver.RowGeneratorTest" time="0.019"/>
  <testcase name="getDataSetItemsFailureTest" classname="itrs_appserver.RowGeneratorTest" time="0.031"/>
  <testcase name="getDataSetItemsTest" classname="itrs_appserver.RowGeneratorTest" time="0.52"/>
  <system-out><![CDATA[15:27:17.269 [OpenAccessApiClient-UnknownDevBuild-akka.actor.default-dispatcher-8] INFO  akka.event.slf4j.Slf4jLogger - Slf4jLogger started
15:27:17.270 [OpenAccessApiClient-UnknownDevBuild-akka.actor.default-dispatcher-24] INFO  c.itrsgroup.actor.MessageDispatcher - Forwarding Subscription op to cluster frontend: Subscribe(ModelSub(testb6/rows/row[wild(@name,"*")]/cell,Set(),LIST,),None)
15:27:17.271 [OpenAccessApiClient-UnknownDevBuild-akka.actor.default-dispatcher-23] INFO  c.itrsgroup.actor.MessageDispatcher - Forwarding Subscription op to cluster frontend: Subscribe(ModelSub(testc6/rows/row[wild(@name,"*")]/cell,Set(),LIST,),None)
15:27:17.271 [OpenAccessApiClient-UnknownDevBuild-akka.actor.default-dispatcher-6] INFO  Remoting - Starting remoting
15:27:17.272 [OpenAccessApiClient-UnknownDevBuild-akka.actor.default-dispatcher-24] INFO  c.itrsgroup.actor.MessageDispatcher - Forwarding Subscription op to cluster frontend: Subscribe(ModelSub(testc5/rows/row[wild(@name,"*")]/cell,Set(),LIST,),None)
15:27:17.281 [OpenAccessApiClient-UnknownDevBuild-akka.actor.default-dispatcher-8] INFO  Remoting - Remoting started; listening on addresses :[akka.tcp://OpenAccessApiClient-UnknownDevBuild@192.168.10.207:4873]
15:27:17.282 [OpenAccessApiClient-UnknownDevBuild-akka.actor.default-dispatcher-7] INFO  c.itrsgroup.actor.MessageDispatcher - Attempting to connect to remote service at [192.168.220.54:2551] 1 time(s)
15:27:17.299 [OpenAccessApiClient-UnknownDevBuild-akka.actor.default-dispatcher-5] INFO  akka.event.slf4j.Slf4jLogger - Slf4jLogger started
15:27:17.302 [OpenAccessApiClient-UnknownDevBuild-akka.actor.default-dispatcher-4] INFO  Remoting - Starting remoting
15:27:17.312 [OpenAccessApiClient-UnknownDevBuild-akka.actor.default-dispatcher-4] INFO  Remoting - Remoting started; listening on addresses :[akka.tcp://OpenAccessApiClient-UnknownDevBuild@192.168.10.207:4888]
15:27:17.314 [OpenAccessApiClient-UnknownDevBuild-akka.actor.default-dispatcher-5] INFO  c.itrsgroup.actor.MessageDispatcher - Attempting to connect to remote service at [192.168.220.54:2551] 1 time(s)
15:27:17.319 [OpenAccessApiClient-UnknownDevBuild-akka.actor.default-dispatcher-3] INFO  akka.contrib.pattern.ClusterClient - Connected to [akka.tcp://ClusterSystem@192.168.220.54:2551/user/receptionist]
15:27:17.325 [OpenAccessApiClient-UnknownDevBuild-akka.actor.default-dispatcher-5] INFO  c.itrsgroup.actor.MessageDispatcher - Authenticating with remote service [/user/frontEnd] at [192.168.220.54:2551]
15:27:17.326 [OpenAccessApiClient-UnknownDevBuild-akka.actor.default-dispatcher-2] INFO  akka.event.slf4j.Slf4jLogger - Slf4jLogger started
15:27:17.329 [OpenAccessApiClient-UnknownDevBuild-akka.actor.default-dispatcher-3] INFO  Remoting - Starting remoting
15:27:17.342 [OpenAccessApiClient-UnknownDevBuild-akka.actor.default-dispatcher-7] INFO  Remoting - Remoting started; listening on addresses :[akka.tcp://OpenAccessApiClient-UnknownDevBuild@192.168.10.207:4903]
/geneos/gateway[(@name="GW_TEST_50144")]/directory/probe[(@name="SYSMON")]/managedEntity[(@name="CPU_Entity")]/sampler[(@name="CPU_sampler")][(@type="")]/dataview[(@name="CPU_sampler")]/rows/row[(@name="cpu_0")]/cell[wild(@column,"*")]
15:27:17.345 [OpenAccessApiClient-UnknownDevBuild-akka.actor.default-dispatcher-7] INFO  c.itrsgroup.actor.MessageDispatcher - Attempting to connect to remote service at [192.168.220.54:2551] 1 time(s)
15:27:17.357 [OpenAccessApiClient-UnknownDevBuild-akka.actor.default-dispatcher-6] INFO  akka.contrib.pattern.ClusterClient - Connected to [akka.tcp://ClusterSystem@192.168.220.54:2551/user/receptionist]
15:27:17.386 [OpenAccessApiClient-UnknownDevBuild-akka.actor.default-dispatcher-21] INFO  c.itrsgroup.actor.MessageDispatcher - Authenticating with remote service [/user/frontEnd] at [192.168.220.54:2551]
15:27:17.386 [OpenAccessApiClient-UnknownDevBuild-akka.actor.default-dispatcher-8] ERROR c.itrsgroup.actor.DataSetClientActor - Exception calling error callback
java.lang.RuntimeException: null
	at geneos_notification.thread_operations.ThreadInstance$2.error(ThreadInstance.java:110) ~[main/:na]
	at com.itrsgroup.actor.ClientActor$$anonfun$1.apply$mcV$sp(ClientActor.scala:143) ~[geneos-openaccess-client.jar:2.0.1]
	at com.itrsgroup.actor.ClientActor$$anonfun$1.apply(ClientActor.scala:143) ~[geneos-openaccess-client.jar:2.0.1]
	at com.itrsgroup.actor.ClientActor$$anonfun$1.apply(ClientActor.scala:143) ~[geneos-openaccess-client.jar:2.0.1]
	at scala.util.Try$.apply(Try.scala:191) ~[geneos-openaccess-client.jar:2.0.1]
	at com.itrsgroup.actor.ClientActor.fireError(ClientActor.scala:143) [geneos-openaccess-client.jar:2.0.1]
	at com.itrsgroup.actor.ClientActor$$anonfun$receive$1.applyOrElse(ClientActor.scala:84) [geneos-openaccess-client.jar:2.0.1]
	at akka.actor.Actor$class.aroundReceive(Actor.scala:465) [geneos-openaccess-client.jar:2.0.1]
	at com.itrsgroup.actor.ClientActor.aroundReceive(ClientActor.scala:38) [geneos-openaccess-client.jar:2.0.1]
	at akka.actor.ActorCell.receiveMessage(ActorCell.scala:516) [geneos-openaccess-client.jar:2.0.1]
	at akka.actor.ActorCell.invoke(ActorCell.scala:487) [geneos-openaccess-client.jar:2.0.1]
	at akka.dispatch.Mailbox.processMailbox(Mailbox.scala:254) [geneos-openaccess-client.jar:2.0.1]
	at akka.dispatch.Mailbox.run(Mailbox.scala:221) [geneos-openaccess-client.jar:2.0.1]
	at akka.dispatch.Mailbox.exec(Mailbox.scala:231) [geneos-openaccess-client.jar:2.0.1]
	at scala.concurrent.forkjoin.ForkJoinTask.doExec(ForkJoinTask.java:260) [geneos-openaccess-client.jar:2.0.1]
	at scala.concurrent.forkjoin.ForkJoinPool$WorkQueue.runTask(ForkJoinPool.java:1339) [geneos-openaccess-client.jar:2.0.1]
	at scala.concurrent.forkjoin.ForkJoinPool.runWorker(ForkJoinPool.java:1979) [geneos-openaccess-client.jar:2.0.1]
	at scala.concurrent.forkjoin.ForkJoinWorkerThread.run(ForkJoinWorkerThread.java:107) [geneos-openaccess-client.jar:2.0.1]
15:27:17.387 [OpenAccessApiClient-UnknownDevBuild-akka.actor.default-dispatcher-18] ERROR c.itrsgroup.actor.DataSetClientActor - Exception calling error callback
java.lang.RuntimeException: null
	at geneos_notification.thread_operations.ThreadInstance$2.error(ThreadInstance.java:110) ~[main/:na]
	at com.itrsgroup.actor.ClientActor$$anonfun$1.apply$mcV$sp(ClientActor.scala:143) ~[geneos-openaccess-client.jar:2.0.1]
	at com.itrsgroup.actor.ClientActor$$anonfun$1.apply(ClientActor.scala:143) ~[geneos-openaccess-client.jar:2.0.1]
	at com.itrsgroup.actor.ClientActor$$anonfun$1.apply(ClientActor.scala:143) ~[geneos-openaccess-client.jar:2.0.1]
	at scala.util.Try$.apply(Try.scala:191) ~[geneos-openaccess-client.jar:2.0.1]
	at com.itrsgroup.actor.ClientActor.fireError(ClientActor.scala:143) [geneos-openaccess-client.jar:2.0.1]
	at com.itrsgroup.actor.ClientActor$$anonfun$receive$1.applyOrElse(ClientActor.scala:84) [geneos-openaccess-client.jar:2.0.1]
	at akka.actor.Actor$class.aroundReceive(Actor.scala:465) [geneos-openaccess-client.jar:2.0.1]
	at com.itrsgroup.actor.ClientActor.aroundReceive(ClientActor.scala:38) [geneos-openaccess-client.jar:2.0.1]
	at akka.actor.ActorCell.receiveMessage(ActorCell.scala:516) [geneos-openaccess-client.jar:2.0.1]
	at akka.actor.ActorCell.invoke(ActorCell.scala:487) [geneos-openaccess-client.jar:2.0.1]
	at akka.dispatch.Mailbox.processMailbox(Mailbox.scala:254) [geneos-openaccess-client.jar:2.0.1]
	at akka.dispatch.Mailbox.run(Mailbox.scala:221) [geneos-openaccess-client.jar:2.0.1]
	at akka.dispatch.Mailbox.exec(Mailbox.scala:231) [geneos-openaccess-client.jar:2.0.1]
	at scala.concurrent.forkjoin.ForkJoinTask.doExec(ForkJoinTask.java:260) [geneos-openaccess-client.jar:2.0.1]
	at scala.concurrent.forkjoin.ForkJoinPool$WorkQueue.pollAndExecAll(ForkJoinPool.java:1253) [geneos-openaccess-client.jar:2.0.1]
	at scala.concurrent.forkjoin.ForkJoinPool$WorkQueue.runTask(ForkJoinPool.java:1346) [geneos-openaccess-client.jar:2.0.1]
	at scala.concurrent.forkjoin.ForkJoinPool.runWorker(ForkJoinPool.java:1979) [geneos-openaccess-client.jar:2.0.1]
	at scala.concurrent.forkjoin.ForkJoinWorkerThread.run(ForkJoinWorkerThread.java:107) [geneos-openaccess-client.jar:2.0.1]
15:27:17.388 [OpenAccessApiClient-UnknownDevBuild-akka.actor.default-dispatcher-7] ERROR c.itrsgroup.actor.DataSetClientActor - Exception calling error callback
java.lang.RuntimeException: null
	at geneos_notification.thread_operations.ThreadInstance$2.error(ThreadInstance.java:110) ~[main/:na]
	at com.itrsgroup.actor.ClientActor$$anonfun$1.apply$mcV$sp(ClientActor.scala:143) ~[geneos-openaccess-client.jar:2.0.1]
	at com.itrsgroup.actor.ClientActor$$anonfun$1.apply(ClientActor.scala:143) ~[geneos-openaccess-client.jar:2.0.1]
	at com.itrsgroup.actor.ClientActor$$anonfun$1.apply(ClientActor.scala:143) ~[geneos-openaccess-client.jar:2.0.1]
	at scala.util.Try$.apply(Try.scala:191) ~[geneos-openaccess-client.jar:2.0.1]
	at com.itrsgroup.actor.ClientActor.fireError(ClientActor.scala:143) [geneos-openaccess-client.jar:2.0.1]
	at com.itrsgroup.actor.ClientActor$$anonfun$receive$1.applyOrElse(ClientActor.scala:84) [geneos-openaccess-client.jar:2.0.1]
	at akka.actor.Actor$class.aroundReceive(Actor.scala:465) [geneos-openaccess-client.jar:2.0.1]
	at com.itrsgroup.actor.ClientActor.aroundReceive(ClientActor.scala:38) [geneos-openaccess-client.jar:2.0.1]
	at akka.actor.ActorCell.receiveMessage(ActorCell.scala:516) [geneos-openaccess-client.jar:2.0.1]
	at akka.actor.ActorCell.invoke(ActorCell.scala:487) [geneos-openaccess-client.jar:2.0.1]
	at akka.dispatch.Mailbox.processMailbox(Mailbox.scala:254) [geneos-openaccess-client.jar:2.0.1]
	at akka.dispatch.Mailbox.run(Mailbox.scala:221) [geneos-openaccess-client.jar:2.0.1]
	at akka.dispatch.Mailbox.exec(Mailbox.scala:231) [geneos-openaccess-client.jar:2.0.1]
	at scala.concurrent.forkjoin.ForkJoinTask.doExec(ForkJoinTask.java:260) [geneos-openaccess-client.jar:2.0.1]
	at scala.concurrent.forkjoin.ForkJoinPool$WorkQueue.pollAndExecAll(ForkJoinPool.java:1253) [geneos-openaccess-client.jar:2.0.1]
	at scala.concurrent.forkjoin.ForkJoinPool$WorkQueue.runTask(ForkJoinPool.java:1346) [geneos-openaccess-client.jar:2.0.1]
	at scala.concurrent.forkjoin.ForkJoinPool.runWorker(ForkJoinPool.java:1979) [geneos-openaccess-client.jar:2.0.1]
	at scala.concurrent.forkjoin.ForkJoinWorkerThread.run(ForkJoinWorkerThread.java:107) [geneos-openaccess-client.jar:2.0.1]
15:27:17.390 [OpenAccessApiClient-UnknownDevBuild-akka.actor.default-dispatcher-23] INFO  c.itrsgroup.actor.MessageDispatcher - Forwarding Subscription op to cluster frontend: Subscribe(ModelSub(testc6/rows/row[wild(@name,"*")]/cell,Set(),LIST,),None)
15:27:17.391 [OpenAccessApiClient-UnknownDevBuild-akka.actor.default-dispatcher-4] INFO  c.itrsgroup.actor.MessageDispatcher - Forwarding Subscription op to cluster frontend: Subscribe(ModelSub(testb6/rows/row[wild(@name,"*")]/cell,Set(),LIST,),None)
15:27:17.394 [OpenAccessApiClient-UnknownDevBuild-akka.actor.default-dispatcher-22] INFO  c.itrsgroup.actor.MessageDispatcher - Forwarding Subscription op to cluster frontend: Subscribe(ModelSub(testc5/rows/row[wild(@name,"*")]/cell,Set(),LIST,),None)
15:27:17.404 [OpenAccessApiClient-UnknownDevBuild-akka.actor.default-dispatcher-18] INFO  akka.contrib.pattern.ClusterClient - Connected to [akka.tcp://ClusterSystem@192.168.220.54:2551/user/receptionist]
15:27:17.414 [OpenAccessApiClient-UnknownDevBuild-akka.actor.default-dispatcher-17] INFO  c.itrsgroup.actor.MessageDispatcher - Authenticating with remote service [/user/frontEnd] at [192.168.220.54:2551]
15:27:17.482 [OpenAccessApiClient-UnknownDevBuild-akka.actor.default-dispatcher-6] INFO  c.itrsgroup.actor.MessageDispatcher - Successfully connected to remote service [akka.tcp://ClusterSystem@192.168.220.54:2551/user/frontEnd]
15:27:17.511 [OpenAccessApiClient-UnknownDevBuild-akka.actor.default-dispatcher-3] ERROR c.itrsgroup.actor.DataSetClientActor - Exception calling error callback
java.lang.RuntimeException: null
	at geneos_notification.thread_operations.ThreadInstance$2.error(ThreadInstance.java:110) ~[main/:na]
	at com.itrsgroup.actor.ClientActor$$anonfun$1.apply$mcV$sp(ClientActor.scala:143) ~[geneos-openaccess-client.jar:2.0.1]
	at com.itrsgroup.actor.ClientActor$$anonfun$1.apply(ClientActor.scala:143) ~[geneos-openaccess-client.jar:2.0.1]
	at com.itrsgroup.actor.ClientActor$$anonfun$1.apply(ClientActor.scala:143) ~[geneos-openaccess-client.jar:2.0.1]
	at scala.util.Try$.apply(Try.scala:191) ~[geneos-openaccess-client.jar:2.0.1]
	at com.itrsgroup.actor.ClientActor.fireError(ClientActor.scala:143) [geneos-openaccess-client.jar:2.0.1]
	at com.itrsgroup.actor.ClientActor$$anonfun$receive$1.applyOrElse(ClientActor.scala:84) [geneos-openaccess-client.jar:2.0.1]
	at akka.actor.Actor$class.aroundReceive(Actor.scala:465) [geneos-openaccess-client.jar:2.0.1]
	at com.itrsgroup.actor.ClientActor.aroundReceive(ClientActor.scala:38) [geneos-openaccess-client.jar:2.0.1]
	at akka.actor.ActorCell.receiveMessage(ActorCell.scala:516) [geneos-openaccess-client.jar:2.0.1]
	at akka.actor.ActorCell.invoke(ActorCell.scala:487) [geneos-openaccess-client.jar:2.0.1]
	at akka.dispatch.Mailbox.processMailbox(Mailbox.scala:254) [geneos-openaccess-client.jar:2.0.1]
	at akka.dispatch.Mailbox.run(Mailbox.scala:221) [geneos-openaccess-client.jar:2.0.1]
	at akka.dispatch.Mailbox.exec(Mailbox.scala:231) [geneos-openaccess-client.jar:2.0.1]
	at scala.concurrent.forkjoin.ForkJoinTask.doExec(ForkJoinTask.java:260) [geneos-openaccess-client.jar:2.0.1]
	at scala.concurrent.forkjoin.ForkJoinPool$WorkQueue.pollAndExecAll(ForkJoinPool.java:1253) [geneos-openaccess-client.jar:2.0.1]
	at scala.concurrent.forkjoin.ForkJoinPool$WorkQueue.runTask(ForkJoinPool.java:1346) [geneos-openaccess-client.jar:2.0.1]
	at scala.concurrent.forkjoin.ForkJoinPool.runWorker(ForkJoinPool.java:1979) [geneos-openaccess-client.jar:2.0.1]
	at scala.concurrent.forkjoin.ForkJoinWorkerThread.run(ForkJoinWorkerThread.java:107) [geneos-openaccess-client.jar:2.0.1]
15:27:17.572 [OpenAccessApiClient-UnknownDevBuild-akka.actor.default-dispatcher-15] INFO  c.itrsgroup.actor.MessageDispatcher - Forwarding Subscription op to cluster frontend: Subscribe(ModelSub(testc5/rows/row[wild(@name,"*")]/cell,Set(),LIST,),None)
15:27:17.581 [OpenAccessApiClient-UnknownDevBuild-akka.actor.default-dispatcher-20] INFO  c.itrsgroup.actor.MessageDispatcher - Successfully connected to remote service [akka.tcp://ClusterSystem@192.168.220.54:2551/user/frontEnd]
15:27:17.679 [OpenAccessApiClient-UnknownDevBuild-akka.actor.default-dispatcher-3] INFO  c.itrsgroup.actor.MessageDispatcher - Successfully connected to remote service [akka.tcp://ClusterSystem@192.168.220.54:2551/user/frontEnd]
15:27:17.679 [OpenAccessApiClient-UnknownDevBuild-akka.actor.default-dispatcher-3] INFO  c.itrsgroup.actor.MessageDispatcher - Forwarding Subscription op to cluster frontend: Subscribe(ModelSub(/geneos/gateway[(@name="GW_TEST_50144")]/directory/probe[(@name="SYSMON")]/managedEntity[(@name="CPU_Entity")]/sampler[(@name="CPU_sampler")][(@type="")]/dataview[(@name="CPU_sampler")]/rows/row[(@name="cpu_0")]/cell[wild(@column,"*")],Set(),LIST,),None)
15:27:17.682 [OpenAccessApiClient-UnknownDevBuild-akka.actor.default-dispatcher-2] ERROR c.itrsgroup.actor.DataSetClientActor - Exception calling error callback
java.lang.RuntimeException: null
	at geneos_notification.thread_operations.ThreadInstance$2.error(ThreadInstance.java:110) ~[main/:na]
	at com.itrsgroup.actor.ClientActor$$anonfun$1.apply$mcV$sp(ClientActor.scala:143) ~[geneos-openaccess-client.jar:2.0.1]
	at com.itrsgroup.actor.ClientActor$$anonfun$1.apply(ClientActor.scala:143) ~[geneos-openaccess-client.jar:2.0.1]
	at com.itrsgroup.actor.ClientActor$$anonfun$1.apply(ClientActor.scala:143) ~[geneos-openaccess-client.jar:2.0.1]
	at scala.util.Try$.apply(Try.scala:191) ~[geneos-openaccess-client.jar:2.0.1]
	at com.itrsgroup.actor.ClientActor.fireError(ClientActor.scala:143) [geneos-openaccess-client.jar:2.0.1]
	at com.itrsgroup.actor.ClientActor$$anonfun$receive$1.applyOrElse(ClientActor.scala:84) [geneos-openaccess-client.jar:2.0.1]
	at akka.actor.Actor$class.aroundReceive(Actor.scala:465) [geneos-openaccess-client.jar:2.0.1]
	at com.itrsgroup.actor.ClientActor.aroundReceive(ClientActor.scala:38) [geneos-openaccess-client.jar:2.0.1]
	at akka.actor.ActorCell.receiveMessage(ActorCell.scala:516) [geneos-openaccess-client.jar:2.0.1]
	at akka.actor.ActorCell.invoke(ActorCell.scala:487) [geneos-openaccess-client.jar:2.0.1]
	at akka.dispatch.Mailbox.processMailbox(Mailbox.scala:254) [geneos-openaccess-client.jar:2.0.1]
	at akka.dispatch.Mailbox.run(Mailbox.scala:221) [geneos-openaccess-client.jar:2.0.1]
	at akka.dispatch.Mailbox.exec(Mailbox.scala:231) [geneos-openaccess-client.jar:2.0.1]
	at scala.concurrent.forkjoin.ForkJoinTask.doExec(ForkJoinTask.java:260) [geneos-openaccess-client.jar:2.0.1]
	at scala.concurrent.forkjoin.ForkJoinPool$WorkQueue.runTask(ForkJoinPool.java:1339) [geneos-openaccess-client.jar:2.0.1]
	at scala.concurrent.forkjoin.ForkJoinPool.runWorker(ForkJoinPool.java:1979) [geneos-openaccess-client.jar:2.0.1]
	at scala.concurrent.forkjoin.ForkJoinWorkerThread.run(ForkJoinWorkerThread.java:107) [geneos-openaccess-client.jar:2.0.1]
15:27:17.683 [OpenAccessApiClient-UnknownDevBuild-akka.actor.default-dispatcher-19] INFO  c.itrsgroup.actor.MessageDispatcher - Forwarding Subscription op to cluster frontend: Subscribe(ModelSub(testc5/rows/row[wild(@name,"*")]/cell,Set(),LIST,),None)
15:27:17.770 [OpenAccessApiClient-UnknownDevBuild-akka.actor.default-dispatcher-23] ERROR c.itrsgroup.actor.DataSetClientActor - Exception calling error callback
java.lang.RuntimeException: null
	at geneos_notification.thread_operations.ThreadInstance$2.error(ThreadInstance.java:110) ~[main/:na]
	at com.itrsgroup.actor.ClientActor$$anonfun$1.apply$mcV$sp(ClientActor.scala:143) ~[geneos-openaccess-client.jar:2.0.1]
	at com.itrsgroup.actor.ClientActor$$anonfun$1.apply(ClientActor.scala:143) ~[geneos-openaccess-client.jar:2.0.1]
	at com.itrsgroup.actor.ClientActor$$anonfun$1.apply(ClientActor.scala:143) ~[geneos-openaccess-client.jar:2.0.1]
	at scala.util.Try$.apply(Try.scala:191) ~[geneos-openaccess-client.jar:2.0.1]
	at com.itrsgroup.actor.ClientActor.fireError(ClientActor.scala:143) [geneos-openaccess-client.jar:2.0.1]
	at com.itrsgroup.actor.ClientActor$$anonfun$receive$1.applyOrElse(ClientActor.scala:84) [geneos-openaccess-client.jar:2.0.1]
	at akka.actor.Actor$class.aroundReceive(Actor.scala:465) [geneos-openaccess-client.jar:2.0.1]
	at com.itrsgroup.actor.ClientActor.aroundReceive(ClientActor.scala:38) [geneos-openaccess-client.jar:2.0.1]
	at akka.actor.ActorCell.receiveMessage(ActorCell.scala:516) [geneos-openaccess-client.jar:2.0.1]
	at akka.actor.ActorCell.invoke(ActorCell.scala:487) [geneos-openaccess-client.jar:2.0.1]
	at akka.dispatch.Mailbox.processMailbox(Mailbox.scala:254) [geneos-openaccess-client.jar:2.0.1]
	at akka.dispatch.Mailbox.run(Mailbox.scala:221) [geneos-openaccess-client.jar:2.0.1]
	at akka.dispatch.Mailbox.exec(Mailbox.scala:231) [geneos-openaccess-client.jar:2.0.1]
	at scala.concurrent.forkjoin.ForkJoinTask.doExec(ForkJoinTask.java:260) [geneos-openaccess-client.jar:2.0.1]
	at scala.concurrent.forkjoin.ForkJoinPool$WorkQueue.runTask(ForkJoinPool.java:1339) [geneos-openaccess-client.jar:2.0.1]
	at scala.concurrent.forkjoin.ForkJoinPool.runWorker(ForkJoinPool.java:1979) [geneos-openaccess-client.jar:2.0.1]
	at scala.concurrent.forkjoin.ForkJoinWorkerThread.run(ForkJoinWorkerThread.java:107) [geneos-openaccess-client.jar:2.0.1]
15:27:17.771 [OpenAccessApiClient-UnknownDevBuild-akka.actor.default-dispatcher-3] INFO  c.itrsgroup.actor.MessageDispatcher - Forwarding Subscription op to cluster frontend: Subscribe(ModelSub(testc6/rows/row[wild(@name,"*")]/cell,Set(),LIST,),None)
15:27:17.773 [OpenAccessApiClient-UnknownDevBuild-akka.actor.default-dispatcher-19] ERROR c.itrsgroup.actor.DataSetClientActor - Exception calling error callback
java.lang.RuntimeException: null
	at geneos_notification.thread_operations.ThreadInstance$2.error(ThreadInstance.java:110) ~[main/:na]
	at com.itrsgroup.actor.ClientActor$$anonfun$1.apply$mcV$sp(ClientActor.scala:143) ~[geneos-openaccess-client.jar:2.0.1]
	at com.itrsgroup.actor.ClientActor$$anonfun$1.apply(ClientActor.scala:143) ~[geneos-openaccess-client.jar:2.0.1]
	at com.itrsgroup.actor.ClientActor$$anonfun$1.apply(ClientActor.scala:143) ~[geneos-openaccess-client.jar:2.0.1]
	at scala.util.Try$.apply(Try.scala:191) ~[geneos-openaccess-client.jar:2.0.1]
	at com.itrsgroup.actor.ClientActor.fireError(ClientActor.scala:143) [geneos-openaccess-client.jar:2.0.1]
	at com.itrsgroup.actor.ClientActor$$anonfun$receive$1.applyOrElse(ClientActor.scala:84) [geneos-openaccess-client.jar:2.0.1]
	at akka.actor.Actor$class.aroundReceive(Actor.scala:465) [geneos-openaccess-client.jar:2.0.1]
	at com.itrsgroup.actor.ClientActor.aroundReceive(ClientActor.scala:38) [geneos-openaccess-client.jar:2.0.1]
	at akka.actor.ActorCell.receiveMessage(ActorCell.scala:516) [geneos-openaccess-client.jar:2.0.1]
	at akka.actor.ActorCell.invoke(ActorCell.scala:487) [geneos-openaccess-client.jar:2.0.1]
	at akka.dispatch.Mailbox.processMailbox(Mailbox.scala:254) [geneos-openaccess-client.jar:2.0.1]
	at akka.dispatch.Mailbox.run(Mailbox.scala:221) [geneos-openaccess-client.jar:2.0.1]
	at akka.dispatch.Mailbox.exec(Mailbox.scala:231) [geneos-openaccess-client.jar:2.0.1]
	at scala.concurrent.forkjoin.ForkJoinTask.doExec(ForkJoinTask.java:260) [geneos-openaccess-client.jar:2.0.1]
	at scala.concurrent.forkjoin.ForkJoinPool$WorkQueue.runTask(ForkJoinPool.java:1339) [geneos-openaccess-client.jar:2.0.1]
	at scala.concurrent.forkjoin.ForkJoinPool.runWorker(ForkJoinPool.java:1979) [geneos-openaccess-client.jar:2.0.1]
	at scala.concurrent.forkjoin.ForkJoinWorkerThread.run(ForkJoinWorkerThread.java:107) [geneos-openaccess-client.jar:2.0.1]
15:27:17.774 [OpenAccessApiClient-UnknownDevBuild-akka.actor.default-dispatcher-4] INFO  c.itrsgroup.actor.MessageDispatcher - Forwarding Subscription op to cluster frontend: Subscribe(ModelSub(testb6/rows/row[wild(@name,"*")]/cell,Set(),LIST,),None)
15:27:17.813 [OpenAccessApiClient-UnknownDevBuild-akka.actor.default-dispatcher-19] ERROR c.itrsgroup.actor.DataSetClientActor - Exception calling error callback
java.lang.RuntimeException: null
	at geneos_notification.thread_operations.ThreadInstance$2.error(ThreadInstance.java:110) ~[main/:na]
	at com.itrsgroup.actor.ClientActor$$anonfun$1.apply$mcV$sp(ClientActor.scala:143) ~[geneos-openaccess-client.jar:2.0.1]
	at com.itrsgroup.actor.ClientActor$$anonfun$1.apply(ClientActor.scala:143) ~[geneos-openaccess-client.jar:2.0.1]
	at com.itrsgroup.actor.ClientActor$$anonfun$1.apply(ClientActor.scala:143) ~[geneos-openaccess-client.jar:2.0.1]
	at scala.util.Try$.apply(Try.scala:191) ~[geneos-openaccess-client.jar:2.0.1]
	at com.itrsgroup.actor.ClientActor.fireError(ClientActor.scala:143) [geneos-openaccess-client.jar:2.0.1]
	at com.itrsgroup.actor.ClientActor$$anonfun$receive$1.applyOrElse(ClientActor.scala:84) [geneos-openaccess-client.jar:2.0.1]
	at akka.actor.Actor$class.aroundReceive(Actor.scala:465) [geneos-openaccess-client.jar:2.0.1]
	at com.itrsgroup.actor.ClientActor.aroundReceive(ClientActor.scala:38) [geneos-openaccess-client.jar:2.0.1]
	at akka.actor.ActorCell.receiveMessage(ActorCell.scala:516) [geneos-openaccess-client.jar:2.0.1]
	at akka.actor.ActorCell.invoke(ActorCell.scala:487) [geneos-openaccess-client.jar:2.0.1]
	at akka.dispatch.Mailbox.processMailbox(Mailbox.scala:254) [geneos-openaccess-client.jar:2.0.1]
	at akka.dispatch.Mailbox.run(Mailbox.scala:221) [geneos-openaccess-client.jar:2.0.1]
	at akka.dispatch.Mailbox.exec(Mailbox.scala:231) [geneos-openaccess-client.jar:2.0.1]
	at scala.concurrent.forkjoin.ForkJoinTask.doExec(ForkJoinTask.java:260) [geneos-openaccess-client.jar:2.0.1]
	at scala.concurrent.forkjoin.ForkJoinPool$WorkQueue.pollAndExecAll(ForkJoinPool.java:1253) [geneos-openaccess-client.jar:2.0.1]
	at scala.concurrent.forkjoin.ForkJoinPool$WorkQueue.runTask(ForkJoinPool.java:1346) [geneos-openaccess-client.jar:2.0.1]
	at scala.concurrent.forkjoin.ForkJoinPool.runWorker(ForkJoinPool.java:1979) [geneos-openaccess-client.jar:2.0.1]
	at scala.concurrent.forkjoin.ForkJoinWorkerThread.run(ForkJoinWorkerThread.java:107) [geneos-openaccess-client.jar:2.0.1]
{
	severity : OK
	name : cpu_0.type
	path : /geneos/gateway[(@name="GW_TEST_50144")]/directory/probe[(@name="SYSMON")]/managedEntity[(@name="CPU_Entity")]/sampler[(@name="CPU_sampler")][(@type="")]/dataview[(@name="CPU_sampler")]/rows/row[(@name="cpu_0")]/cell[(@column="type")]
	type : CELL
	value : GenuineIntel Intel(R)
}
{
	severity : OK
	name : cpu_0.state
	path : /geneos/gateway[(@name="GW_TEST_50144")]/directory/probe[(@name="SYSMON")]/managedEntity[(@name="CPU_Entity")]/sampler[(@name="CPU_sampler")][(@type="")]/dataview[(@name="CPU_sampler")]/rows/row[(@name="cpu_0")]/cell[(@column="state")]
	type : CELL
	value : on-line
}
{
	severity : CRITICAL
	name : cpu_0.clockSpeed
	path : /geneos/gateway[(@name="GW_TEST_50144")]/directory/probe[(@name="SYSMON")]/managedEntity[(@name="CPU_Entity")]/sampler[(@name="CPU_sampler")][(@type="")]/dataview[(@name="CPU_sampler")]/rows/row[(@name="cpu_0")]/cell[(@column="clockSpeed")]
	type : CELL
	value : 2294.80 Mhz
}
{
	severity : WARNING
	path : /geneos/gateway[(@name="GW_TEST_50144")]/directory/probe[(@name="SYSMON")]/managedEntity[(@name="CPU_Entity")]/sampler[(@name="CPU_sampler")][(@type="")]/dataview[(@name="CPU_sampler")]/rows/row[(@name="cpu_0")]/cell[(@column="percentUtilisation")]
	databaseLogging : Success
	name : cpu_0.percentUtilisation
	type : CELL
	value : 3.98 %
}
{
	severity : OK
	name : cpu_0.percentUserTime
	path : /geneos/gateway[(@name="GW_TEST_50144")]/directory/probe[(@name="SYSMON")]/managedEntity[(@name="CPU_Entity")]/sampler[(@name="CPU_sampler")][(@type="")]/dataview[(@name="CPU_sampler")]/rows/row[(@name="cpu_0")]/cell[(@column="percentUserTime")]
	type : CELL
	value : 2.27 %
}
{
	severity : OK
	name : cpu_0.percentKernelTime
	path : /geneos/gateway[(@name="GW_TEST_50144")]/directory/probe[(@name="SYSMON")]/managedEntity[(@name="CPU_Entity")]/sampler[(@name="CPU_sampler")][(@type="")]/dataview[(@name="CPU_sampler")]/rows/row[(@name="cpu_0")]/cell[(@column="percentKernelTime")]
	type : CELL
	value : 0.12 %
}
{
	severity : OK
	name : cpu_0.percentWaitTime
	path : /geneos/gateway[(@name="GW_TEST_50144")]/directory/probe[(@name="SYSMON")]/managedEntity[(@name="CPU_Entity")]/sampler[(@name="CPU_sampler")][(@type="")]/dataview[(@name="CPU_sampler")]/rows/row[(@name="cpu_0")]/cell[(@column="percentWaitTime")]
	type : CELL
	value : 0.02 %
}
{
	severity : CRITICAL
	name : cpu_0.percentIdle
	path : /geneos/gateway[(@name="GW_TEST_50144")]/directory/probe[(@name="SYSMON")]/managedEntity[(@name="CPU_Entity")]/sampler[(@name="CPU_sampler")][(@type="")]/dataview[(@name="CPU_sampler")]/rows/row[(@name="cpu_0")]/cell[(@column="percentIdle")]
	type : CELL
	value : 96.02 %
}
{
	severity : OK
	name : cpu_0.percentIrq
	path : /geneos/gateway[(@name="GW_TEST_50144")]/directory/probe[(@name="SYSMON")]/managedEntity[(@name="CPU_Entity")]/sampler[(@name="CPU_sampler")][(@type="")]/dataview[(@name="CPU_sampler")]/rows/row[(@name="cpu_0")]/cell[(@column="percentIrq")]
	type : CELL
	value : 0.00 %
}
{
	severity : OK
	name : cpu_0.percentSoftIrq
	path : /geneos/gateway[(@name="GW_TEST_50144")]/directory/probe[(@name="SYSMON")]/managedEntity[(@name="CPU_Entity")]/sampler[(@name="CPU_sampler")][(@type="")]/dataview[(@name="CPU_sampler")]/rows/row[(@name="cpu_0")]/cell[(@column="percentSoftIrq")]
	type : CELL
	value : 0.00 %
}
15:27:17.819 [OpenAccessApiClient-UnknownDevBuild-akka.actor.default-dispatcher-7] ERROR c.itrsgroup.actor.DataSetClientActor - Exception calling error callback
java.lang.RuntimeException: null
	at geneos_notification.thread_operations.ThreadInstance$2.error(ThreadInstance.java:110) ~[main/:na]
	at com.itrsgroup.actor.ClientActor$$anonfun$1.apply$mcV$sp(ClientActor.scala:143) ~[geneos-openaccess-client.jar:2.0.1]
	at com.itrsgroup.actor.ClientActor$$anonfun$1.apply(ClientActor.scala:143) ~[geneos-openaccess-client.jar:2.0.1]
	at com.itrsgroup.actor.ClientActor$$anonfun$1.apply(ClientActor.scala:143) ~[geneos-openaccess-client.jar:2.0.1]
	at scala.util.Try$.apply(Try.scala:191) ~[geneos-openaccess-client.jar:2.0.1]
	at com.itrsgroup.actor.ClientActor.fireError(ClientActor.scala:143) [geneos-openaccess-client.jar:2.0.1]
	at com.itrsgroup.actor.ClientActor$$anonfun$receive$1.applyOrElse(ClientActor.scala:84) [geneos-openaccess-client.jar:2.0.1]
	at akka.actor.Actor$class.aroundReceive(Actor.scala:465) [geneos-openaccess-client.jar:2.0.1]
	at com.itrsgroup.actor.ClientActor.aroundReceive(ClientActor.scala:38) [geneos-openaccess-client.jar:2.0.1]
	at akka.actor.ActorCell.receiveMessage(ActorCell.scala:516) [geneos-openaccess-client.jar:2.0.1]
	at akka.actor.ActorCell.invoke(ActorCell.scala:487) [geneos-openaccess-client.jar:2.0.1]
	at akka.dispatch.Mailbox.processMailbox(Mailbox.scala:254) [geneos-openaccess-client.jar:2.0.1]
	at akka.dispatch.Mailbox.run(Mailbox.scala:221) [geneos-openaccess-client.jar:2.0.1]
	at akka.dispatch.Mailbox.exec(Mailbox.scala:231) [geneos-openaccess-client.jar:2.0.1]
	at scala.concurrent.forkjoin.ForkJoinTask.doExec(ForkJoinTask.java:260) [geneos-openaccess-client.jar:2.0.1]
	at scala.concurrent.forkjoin.ForkJoinPool$WorkQueue.pollAndExecAll(ForkJoinPool.java:1253) [geneos-openaccess-client.jar:2.0.1]
	at scala.concurrent.forkjoin.ForkJoinPool$WorkQueue.runTask(ForkJoinPool.java:1346) [geneos-openaccess-client.jar:2.0.1]
	at scala.concurrent.forkjoin.ForkJoinPool.runWorker(ForkJoinPool.java:1979) [geneos-openaccess-client.jar:2.0.1]
	at scala.concurrent.forkjoin.ForkJoinWorkerThread.run(ForkJoinWorkerThread.java:107) [geneos-openaccess-client.jar:2.0.1]
15:27:17.820 [OpenAccessApiClient-UnknownDevBuild-akka.actor.default-dispatcher-15] INFO  a.r.RemoteActorRefProvider$RemotingTerminator - Shutting down remote daemon.
15:27:17.821 [OpenAccessApiClient-UnknownDevBuild-akka.actor.default-dispatcher-15] INFO  a.r.RemoteActorRefProvider$RemotingTerminator - Remote daemon shut down; proceeding with flushing remote transports.
15:27:17.830 [OpenAccessApiClient-UnknownDevBuild-akka.actor.default-dispatcher-4] ERROR c.itrsgroup.actor.DataSetClientActor - Exception calling error callback
java.lang.RuntimeException: null
	at geneos_notification.thread_operations.ThreadInstance$2.error(ThreadInstance.java:110) ~[main/:na]
	at com.itrsgroup.actor.ClientActor$$anonfun$1.apply$mcV$sp(ClientActor.scala:143) ~[geneos-openaccess-client.jar:2.0.1]
	at com.itrsgroup.actor.ClientActor$$anonfun$1.apply(ClientActor.scala:143) ~[geneos-openaccess-client.jar:2.0.1]
	at com.itrsgroup.actor.ClientActor$$anonfun$1.apply(ClientActor.scala:143) ~[geneos-openaccess-client.jar:2.0.1]
	at scala.util.Try$.apply(Try.scala:191) ~[geneos-openaccess-client.jar:2.0.1]
	at com.itrsgroup.actor.ClientActor.fireError(ClientActor.scala:143) [geneos-openaccess-client.jar:2.0.1]
	at com.itrsgroup.actor.ClientActor$$anonfun$receive$1.applyOrElse(ClientActor.scala:84) [geneos-openaccess-client.jar:2.0.1]
	at akka.actor.Actor$class.aroundReceive(Actor.scala:465) [geneos-openaccess-client.jar:2.0.1]
	at com.itrsgroup.actor.ClientActor.aroundReceive(ClientActor.scala:38) [geneos-openaccess-client.jar:2.0.1]
	at akka.actor.ActorCell.receiveMessage(ActorCell.scala:516) [geneos-openaccess-client.jar:2.0.1]
	at akka.actor.ActorCell.invoke(ActorCell.scala:487) [geneos-openaccess-client.jar:2.0.1]
	at akka.dispatch.Mailbox.processMailbox(Mailbox.scala:254) [geneos-openaccess-client.jar:2.0.1]
	at akka.dispatch.Mailbox.run(Mailbox.scala:221) [geneos-openaccess-client.jar:2.0.1]
	at akka.dispatch.Mailbox.exec(Mailbox.scala:231) [geneos-openaccess-client.jar:2.0.1]
	at scala.concurrent.forkjoin.ForkJoinTask.doExec(ForkJoinTask.java:260) [geneos-openaccess-client.jar:2.0.1]
	at scala.concurrent.forkjoin.ForkJoinPool$WorkQueue.pollAndExecAll(ForkJoinPool.java:1253) [geneos-openaccess-client.jar:2.0.1]
	at scala.concurrent.forkjoin.ForkJoinPool$WorkQueue.runTask(ForkJoinPool.java:1346) [geneos-openaccess-client.jar:2.0.1]
	at scala.concurrent.forkjoin.ForkJoinPool.runWorker(ForkJoinPool.java:1979) [geneos-openaccess-client.jar:2.0.1]
	at scala.concurrent.forkjoin.ForkJoinWorkerThread.run(ForkJoinWorkerThread.java:107) [geneos-openaccess-client.jar:2.0.1]
15:27:17.832 [OpenAccessApiClient-UnknownDevBuild-akka.actor.default-dispatcher-22] INFO  a.r.RemoteActorRefProvider$RemotingTerminator - Remoting shut down.
]]></system-out>
  <system-err><![CDATA[Mar 01, 2016 3:27:17 PM geneos_notification.loggers.LogObject doLog
SEVERE: [T-ERROR]Error retrieving DataSet: java.lang.Exception: Invalid step in path: testc6
Mar 01, 2016 3:27:17 PM geneos_notification.loggers.LogObject doLog
SEVERE: [T-ERROR]Error retrieving DataSet: java.lang.Exception: Invalid step in path: testb6
Mar 01, 2016 3:27:17 PM geneos_notification.loggers.LogObject doLog
SEVERE: [T-ERROR]Error retrieving DataSet: java.lang.Exception: Invalid step in path: testc5
Mar 01, 2016 3:27:17 PM geneos_notification.loggers.LogObject doLog
SEVERE: [T-ERROR]Error retrieving DataSet: java.lang.Exception: Invalid step in path: testc5
Mar 01, 2016 3:27:17 PM geneos_notification.loggers.LogObject doLog
SEVERE: [T-ERROR]OpenAccess has produced no output and has not been resolved. Critical Issue. Stagger in progress.
Mar 01, 2016 3:27:17 PM geneos_notification.loggers.LogObject doLog
SEVERE: [T-ERROR]Error retrieving DataSet: java.lang.Exception: Invalid step in path: testc5
Mar 01, 2016 3:27:17 PM geneos_notification.loggers.LogObject doLog
SEVERE: [T-ERROR]Error retrieving DataSet: java.lang.Exception: Invalid step in path: testc6
Mar 01, 2016 3:27:17 PM geneos_notification.loggers.LogObject doLog
SEVERE: [T-ERROR]Error retrieving DataSet: java.lang.Exception: Invalid step in path: testb6
Mar 01, 2016 3:27:17 PM geneos_notification.loggers.LogObject doLog
SEVERE: [T-ERROR]Error retrieving DataSet: java.lang.Exception: Invalid step in path: testc5
Mar 01, 2016 3:27:17 PM geneos_notification.loggers.LogObject doLog
SEVERE: [T-ERROR]OpenAccess has produced no output and has not been resolved. Critical Issue. Stagger in progress.
Mar 01, 2016 3:27:17 PM geneos_notification.loggers.LogObject doLog
SEVERE: [T-ERROR]Error retrieving DataSet: java.lang.Exception: Invalid step in path: testb6
Mar 01, 2016 3:27:17 PM geneos_notification.loggers.LogObject doLog
SEVERE: [T-ERROR]OpenAccess has produced no output and has not been resolved. Critical Issue. Stagger in progress.
Mar 01, 2016 3:27:17 PM geneos_notification.loggers.LogObject doLog
SEVERE: [T-ERROR]Error retrieving DataSet: java.lang.Exception: Invalid step in path: testc6
Mar 01, 2016 3:27:17 PM geneos_notification.loggers.LogObject doLog
SEVERE: [T-ERROR]OpenAccess has produced no output and has not been resolved. Critical Issue. Stagger in progress.
]]></system-err>
</testsuite>
