<?xml version="1.0" encoding="UTF-8"?>
<testsuite name="itrs_appserver.RowGeneratorTest" tests="3" skipped="0" failures="0" errors="0" timestamp="2016-02-11T14:12:51" hostname="ITRSLP043" time="0.565">
  <properties/>
  <testcase name="getDataSetItemsFailTest" classname="itrs_appserver.RowGeneratorTest" time="0.035"/>
  <testcase name="getDataSetItemsFailureTest" classname="itrs_appserver.RowGeneratorTest" time="0.031"/>
  <testcase name="getDataSetItemsTest" classname="itrs_appserver.RowGeneratorTest" time="0.498"/>
  <system-out><![CDATA[14:12:51.985 [OpenAccessApiClient-UnknownDevBuild-akka.actor.default-dispatcher-3] INFO  akka.event.slf4j.Slf4jLogger - Slf4jLogger started
14:12:51.988 [OpenAccessApiClient-UnknownDevBuild-akka.actor.default-dispatcher-4] INFO  Remoting - Starting remoting
14:12:52.003 [OpenAccessApiClient-UnknownDevBuild-akka.actor.default-dispatcher-4] INFO  Remoting - Remoting started; listening on addresses :[akka.tcp://OpenAccessApiClient-UnknownDevBuild@192.168.10.207:21904]
14:12:52.005 [OpenAccessApiClient-UnknownDevBuild-akka.actor.default-dispatcher-4] INFO  c.itrsgroup.actor.MessageDispatcher - Attempting to connect to remote service at [192.168.220.54:2551] 1 time(s)
14:12:52.018 [OpenAccessApiClient-UnknownDevBuild-akka.actor.default-dispatcher-2] INFO  akka.event.slf4j.Slf4jLogger - Slf4jLogger started
14:12:52.021 [OpenAccessApiClient-UnknownDevBuild-akka.actor.default-dispatcher-6] INFO  Remoting - Starting remoting
14:12:52.035 [OpenAccessApiClient-UnknownDevBuild-akka.actor.default-dispatcher-4] INFO  Remoting - Remoting started; listening on addresses :[akka.tcp://OpenAccessApiClient-UnknownDevBuild@192.168.10.207:21919]
14:12:52.037 [OpenAccessApiClient-UnknownDevBuild-akka.actor.default-dispatcher-8] INFO  c.itrsgroup.actor.MessageDispatcher - Attempting to connect to remote service at [192.168.220.54:2551] 1 time(s)
14:12:52.051 [OpenAccessApiClient-UnknownDevBuild-akka.actor.default-dispatcher-3] INFO  akka.event.slf4j.Slf4jLogger - Slf4jLogger started
14:12:52.055 [OpenAccessApiClient-UnknownDevBuild-akka.actor.default-dispatcher-5] INFO  Remoting - Starting remoting
14:12:52.069 [OpenAccessApiClient-UnknownDevBuild-akka.actor.default-dispatcher-5] INFO  Remoting - Remoting started; listening on addresses :[akka.tcp://OpenAccessApiClient-UnknownDevBuild@192.168.10.207:21934]
14:12:52.069 [OpenAccessApiClient-UnknownDevBuild-akka.actor.default-dispatcher-5] INFO  akka.contrib.pattern.ClusterClient - Connected to [akka.tcp://ClusterSystem@192.168.220.54:2551/user/receptionist]
/geneos/gateway[(@name="GW_TEST_50144")]/directory/probe[(@name="SYSMON")]/managedEntity[(@name="CPU_Entity")]/sampler[(@name="CPU_sampler")][(@type="")]/dataview[(@name="CPU_sampler")]/rows/row[(@name="cpu_0")]/cell[wild(@column,"*")]
14:12:52.074 [OpenAccessApiClient-UnknownDevBuild-akka.actor.default-dispatcher-5] INFO  c.itrsgroup.actor.MessageDispatcher - Attempting to connect to remote service at [192.168.220.54:2551] 1 time(s)
14:12:52.089 [OpenAccessApiClient-UnknownDevBuild-akka.actor.default-dispatcher-15] INFO  c.itrsgroup.actor.MessageDispatcher - Authenticating with remote service [/user/frontEnd] at [192.168.220.54:2551]
14:12:52.107 [OpenAccessApiClient-UnknownDevBuild-akka.actor.default-dispatcher-17] INFO  akka.contrib.pattern.ClusterClient - Connected to [akka.tcp://ClusterSystem@192.168.220.54:2551/user/receptionist]
14:12:52.133 [OpenAccessApiClient-UnknownDevBuild-akka.actor.default-dispatcher-17] INFO  c.itrsgroup.actor.MessageDispatcher - Authenticating with remote service [/user/frontEnd] at [192.168.220.54:2551]
14:12:52.134 [OpenAccessApiClient-UnknownDevBuild-akka.actor.default-dispatcher-3] INFO  akka.contrib.pattern.ClusterClient - Connected to [akka.tcp://ClusterSystem@192.168.220.54:2551/user/receptionist]
14:12:52.151 [OpenAccessApiClient-UnknownDevBuild-akka.actor.default-dispatcher-20] INFO  c.itrsgroup.actor.MessageDispatcher - Authenticating with remote service [/user/frontEnd] at [192.168.220.54:2551]
14:12:52.233 [OpenAccessApiClient-UnknownDevBuild-akka.actor.default-dispatcher-4] INFO  c.itrsgroup.actor.MessageDispatcher - Successfully connected to remote service [akka.tcp://ClusterSystem@192.168.220.54:2551/user/frontEnd]
14:12:52.363 [OpenAccessApiClient-UnknownDevBuild-akka.actor.default-dispatcher-18] INFO  c.itrsgroup.actor.MessageDispatcher - Successfully connected to remote service [akka.tcp://ClusterSystem@192.168.220.54:2551/user/frontEnd]
14:12:52.467 [OpenAccessApiClient-UnknownDevBuild-akka.actor.default-dispatcher-14] INFO  c.itrsgroup.actor.MessageDispatcher - Successfully connected to remote service [akka.tcp://ClusterSystem@192.168.220.54:2551/user/frontEnd]
14:12:52.467 [OpenAccessApiClient-UnknownDevBuild-akka.actor.default-dispatcher-14] INFO  c.itrsgroup.actor.MessageDispatcher - Forwarding Subscription op to cluster frontend: Subscribe(ModelSub(/geneos/gateway[(@name="GW_TEST_50144")]/directory/probe[(@name="SYSMON")]/managedEntity[(@name="CPU_Entity")]/sampler[(@name="CPU_sampler")][(@type="")]/dataview[(@name="CPU_sampler")]/rows/row[(@name="cpu_0")]/cell[wild(@column,"*")],Set(),LIST,),None)
{
	severity : UNDEFINED
	name : cpu_0.type
	path : /geneos/gateway[(@name="GW_TEST_50144")]/directory/probe[(@name="SYSMON")]/managedEntity[(@name="CPU_Entity")]/sampler[(@name="CPU_sampler")][(@type="")]/dataview[(@name="CPU_sampler")]/rows/row[(@name="cpu_0")]/cell[(@column="type")]
	type : CELL
	value : GenuineIntel Intel(R)
}
{
	severity : UNDEFINED
	name : cpu_0.state
	path : /geneos/gateway[(@name="GW_TEST_50144")]/directory/probe[(@name="SYSMON")]/managedEntity[(@name="CPU_Entity")]/sampler[(@name="CPU_sampler")][(@type="")]/dataview[(@name="CPU_sampler")]/rows/row[(@name="cpu_0")]/cell[(@column="state")]
	type : CELL
	value : on-line
}
{
	severity : UNDEFINED
	name : cpu_0.clockSpeed
	path : /geneos/gateway[(@name="GW_TEST_50144")]/directory/probe[(@name="SYSMON")]/managedEntity[(@name="CPU_Entity")]/sampler[(@name="CPU_sampler")][(@type="")]/dataview[(@name="CPU_sampler")]/rows/row[(@name="cpu_0")]/cell[(@column="clockSpeed")]
	type : CELL
	value : 2294.80 Mhz
}
{
	severity : UNDEFINED
	name : cpu_0.percentUtilisation
	path : /geneos/gateway[(@name="GW_TEST_50144")]/directory/probe[(@name="SYSMON")]/managedEntity[(@name="CPU_Entity")]/sampler[(@name="CPU_sampler")][(@type="")]/dataview[(@name="CPU_sampler")]/rows/row[(@name="cpu_0")]/cell[(@column="percentUtilisation")]
	type : CELL
	value : 0.56 %
}
{
	severity : UNDEFINED
	name : cpu_0.percentUserTime
	path : /geneos/gateway[(@name="GW_TEST_50144")]/directory/probe[(@name="SYSMON")]/managedEntity[(@name="CPU_Entity")]/sampler[(@name="CPU_sampler")][(@type="")]/dataview[(@name="CPU_sampler")]/rows/row[(@name="cpu_0")]/cell[(@column="percentUserTime")]
	type : CELL
	value : 0.31 %
}
{
	severity : UNDEFINED
	name : cpu_0.percentKernelTime
	path : /geneos/gateway[(@name="GW_TEST_50144")]/directory/probe[(@name="SYSMON")]/managedEntity[(@name="CPU_Entity")]/sampler[(@name="CPU_sampler")][(@type="")]/dataview[(@name="CPU_sampler")]/rows/row[(@name="cpu_0")]/cell[(@column="percentKernelTime")]
	type : CELL
	value : 0.20 %
}
{
	severity : UNDEFINED
	name : cpu_0.percentWaitTime
	path : /geneos/gateway[(@name="GW_TEST_50144")]/directory/probe[(@name="SYSMON")]/managedEntity[(@name="CPU_Entity")]/sampler[(@name="CPU_sampler")][(@type="")]/dataview[(@name="CPU_sampler")]/rows/row[(@name="cpu_0")]/cell[(@column="percentWaitTime")]
	type : CELL
	value : 0.00 %
}
{
	severity : UNDEFINED
	name : cpu_0.percentIdle
	path : /geneos/gateway[(@name="GW_TEST_50144")]/directory/probe[(@name="SYSMON")]/managedEntity[(@name="CPU_Entity")]/sampler[(@name="CPU_sampler")][(@type="")]/dataview[(@name="CPU_sampler")]/rows/row[(@name="cpu_0")]/cell[(@column="percentIdle")]
	type : CELL
	value : 99.44 %
}
{
	severity : UNDEFINED
	name : cpu_0.percentIrq
	path : /geneos/gateway[(@name="GW_TEST_50144")]/directory/probe[(@name="SYSMON")]/managedEntity[(@name="CPU_Entity")]/sampler[(@name="CPU_sampler")][(@type="")]/dataview[(@name="CPU_sampler")]/rows/row[(@name="cpu_0")]/cell[(@column="percentIrq")]
	type : CELL
	value : 0.00 %
}
{
	severity : UNDEFINED
	name : cpu_0.percentSoftIrq
	path : /geneos/gateway[(@name="GW_TEST_50144")]/directory/probe[(@name="SYSMON")]/managedEntity[(@name="CPU_Entity")]/sampler[(@name="CPU_sampler")][(@type="")]/dataview[(@name="CPU_sampler")]/rows/row[(@name="cpu_0")]/cell[(@column="percentSoftIrq")]
	type : CELL
	value : 0.05 %
}
14:12:52.520 [OpenAccessApiClient-UnknownDevBuild-akka.actor.default-dispatcher-18] INFO  a.r.RemoteActorRefProvider$RemotingTerminator - Shutting down remote daemon.
14:12:52.522 [OpenAccessApiClient-UnknownDevBuild-akka.actor.default-dispatcher-18] INFO  a.r.RemoteActorRefProvider$RemotingTerminator - Remote daemon shut down; proceeding with flushing remote transports.
14:12:52.527 [OpenAccessApiClient-UnknownDevBuild-akka.actor.default-dispatcher-20] INFO  a.r.RemoteActorRefProvider$RemotingTerminator - Remoting shut down.
]]></system-out>
  <system-err><![CDATA[]]></system-err>
</testsuite>
