<?xml version="1.0" encoding="UTF-8"?>
<testsuite name="itrs_appserver.startControllerTest" tests="4" skipped="0" failures="0" errors="0" timestamp="2016-03-01T15:27:17" hostname="ITRSLP043" time="0.052">
  <properties/>
  <testcase name="configureSettingsTest" classname="itrs_appserver.startControllerTest" time="0.012"/>
  <testcase name="checkValidityFailTest" classname="itrs_appserver.startControllerTest" time="0.0"/>
  <testcase name="perpetualReloadTest" classname="itrs_appserver.startControllerTest" time="0.036"/>
  <testcase name="readSettingsFileTest" classname="itrs_appserver.startControllerTest" time="0.002"/>
  <system-out><![CDATA[15:27:17.874 [OpenAccessApiClient-UnknownDevBuild-akka.actor.default-dispatcher-19] INFO  c.itrsgroup.actor.MessageDispatcher - Forwarding Subscription op to cluster frontend: Subscribe(ModelSub(testc5/rows/row[wild(@name,"*")]/cell,Set(),LIST,),None)
15:27:17.881 [OpenAccessApiClient-UnknownDevBuild-akka.actor.default-dispatcher-21] INFO  c.itrsgroup.actor.MessageDispatcher - Forwarding Subscription op to cluster frontend: Subscribe(ModelSub(testb6/rows/row[wild(@name,"*")]/cell,Set(),LIST,),None)
15:27:17.896 [OpenAccessApiClient-UnknownDevBuild-akka.actor.default-dispatcher-8] INFO  c.itrsgroup.actor.MessageDispatcher - Forwarding Subscription op to cluster frontend: Subscribe(ModelSub(testc6/rows/row[wild(@name,"*")]/cell,Set(),LIST,),None)
15:27:17.905 [OpenAccessApiClient-UnknownDevBuild-akka.actor.default-dispatcher-2] INFO  akka.event.slf4j.Slf4jLogger - Slf4jLogger started
15:27:17.908 [OpenAccessApiClient-UnknownDevBuild-akka.actor.default-dispatcher-2] INFO  akka.event.slf4j.Slf4jLogger - Slf4jLogger started
15:27:17.912 [OpenAccessApiClient-UnknownDevBuild-akka.actor.default-dispatcher-5] INFO  Remoting - Starting remoting
15:27:17.915 [OpenAccessApiClient-UnknownDevBuild-akka.actor.default-dispatcher-3] INFO  Remoting - Starting remoting
15:27:17.924 [OpenAccessApiClient-UnknownDevBuild-akka.actor.default-dispatcher-2] INFO  Remoting - Remoting started; listening on addresses :[akka.tcp://OpenAccessApiClient-UnknownDevBuild@192.168.10.207:4940]
15:27:17.924 [OpenAccessApiClient-UnknownDevBuild-akka.actor.default-dispatcher-9] INFO  Remoting - Remoting started; listening on addresses :[akka.tcp://OpenAccessApiClient-UnknownDevBuild@192.168.10.207:4941]
[testa2]
[eJs4aVZVbAI:APA91bGyjVfJGdAMnEtVTkKRZUnLCw1dBXcBErYjr6t3UaBlJb3yie26zdBLIAIiYKjDd01NJIJqKa4LHsq6ruXgE0M2_VtKqgGYPlXQrB6hGzgaTN6RcE-1zeQvyD28a2126ScBw-Wc]
15:27:17.926 [OpenAccessApiClient-UnknownDevBuild-akka.actor.default-dispatcher-2] INFO  c.itrsgroup.actor.MessageDispatcher - Attempting to connect to remote service at [192.168.220.54:2551] 1 time(s)
15:27:17.926 [OpenAccessApiClient-UnknownDevBuild-akka.actor.default-dispatcher-9] INFO  c.itrsgroup.actor.MessageDispatcher - Attempting to connect to remote service at [192.168.220.54:2551] 1 time(s)
15:27:17.961 [OpenAccessApiClient-UnknownDevBuild-akka.actor.default-dispatcher-11] INFO  akka.contrib.pattern.ClusterClient - Connected to [akka.tcp://ClusterSystem@192.168.220.54:2551/user/receptionist]
15:27:17.961 [OpenAccessApiClient-UnknownDevBuild-akka.actor.default-dispatcher-7] INFO  akka.contrib.pattern.ClusterClient - Connected to [akka.tcp://ClusterSystem@192.168.220.54:2551/user/receptionist]
15:27:17.982 [OpenAccessApiClient-UnknownDevBuild-akka.actor.default-dispatcher-7] INFO  c.itrsgroup.actor.MessageDispatcher - Authenticating with remote service [/user/frontEnd] at [192.168.220.54:2551]
15:27:17.997 [OpenAccessApiClient-UnknownDevBuild-akka.actor.default-dispatcher-8] INFO  c.itrsgroup.actor.MessageDispatcher - Authenticating with remote service [/user/frontEnd] at [192.168.220.54:2551]
15:27:17.999 [OpenAccessApiClient-UnknownDevBuild-akka.actor.default-dispatcher-19] ERROR c.itrsgroup.actor.DataSetClientActor - Exception calling error callback
java.lang.RuntimeException: null
	at geneos_notification.thread_operations.ThreadInstance$2.error(ThreadInstance.java:110) ~[main/:na]
	at com.itrsgroup.actor.ClientActor$$anonfun$1.apply$mcV$sp(ClientActor.scala:143) ~[geneos-openaccess-client.jar:2.0.1]
	at com.itrsgroup.actor.ClientActor$$anonfun$1.apply(ClientActor.scala:143) ~[geneos-openaccess-client.jar:2.0.1]
	at com.itrsgroup.actor.ClientActor$$anonfun$1.apply(ClientActor.scala:143) ~[geneos-openaccess-client.jar:2.0.1]
	at scala.util.Try$.apply(Try.scala:191) ~[geneos-openaccess-client.jar:2.0.1]
	at com.itrsgroup.actor.ClientActor.fireError(ClientActor.scala:143) [geneos-openaccess-client.jar:2.0.1]
	at com.itrsgroup.actor.ClientActor$$anonfun$receive$1.applyOrElse(ClientActor.scala:84) [geneos-openaccess-client.jar:2.0.1]
	at akka.actor.Actor$class.aroundReceive(Actor.scala:465) [geneos-openaccess-client.jar:2.0.1]
	at com.itrsgroup.actor.ClientActor.aroundReceive(ClientActor.scala:38) [geneos-openaccess-client.jar:2.0.1]
	at akka.actor.ActorCell.receiveMessage(ActorCell.scala:516) [geneos-openaccess-client.jar:2.0.1]
	at akka.actor.ActorCell.invoke(ActorCell.scala:487) [geneos-openaccess-client.jar:2.0.1]
	at akka.dispatch.Mailbox.processMailbox(Mailbox.scala:254) [geneos-openaccess-client.jar:2.0.1]
	at akka.dispatch.Mailbox.run(Mailbox.scala:221) [geneos-openaccess-client.jar:2.0.1]
	at akka.dispatch.Mailbox.exec(Mailbox.scala:231) [geneos-openaccess-client.jar:2.0.1]
	at scala.concurrent.forkjoin.ForkJoinTask.doExec(ForkJoinTask.java:260) [geneos-openaccess-client.jar:2.0.1]
	at scala.concurrent.forkjoin.ForkJoinPool$WorkQueue.runTask(ForkJoinPool.java:1339) [geneos-openaccess-client.jar:2.0.1]
	at scala.concurrent.forkjoin.ForkJoinPool.runWorker(ForkJoinPool.java:1979) [geneos-openaccess-client.jar:2.0.1]
	at scala.concurrent.forkjoin.ForkJoinWorkerThread.run(ForkJoinWorkerThread.java:107) [geneos-openaccess-client.jar:2.0.1]
15:27:17.999 [OpenAccessApiClient-UnknownDevBuild-akka.actor.default-dispatcher-4] ERROR c.itrsgroup.actor.DataSetClientActor - Exception calling error callback
java.lang.RuntimeException: null
	at geneos_notification.thread_operations.ThreadInstance$2.error(ThreadInstance.java:110) ~[main/:na]
	at com.itrsgroup.actor.ClientActor$$anonfun$1.apply$mcV$sp(ClientActor.scala:143) ~[geneos-openaccess-client.jar:2.0.1]
	at com.itrsgroup.actor.ClientActor$$anonfun$1.apply(ClientActor.scala:143) ~[geneos-openaccess-client.jar:2.0.1]
	at com.itrsgroup.actor.ClientActor$$anonfun$1.apply(ClientActor.scala:143) ~[geneos-openaccess-client.jar:2.0.1]
	at scala.util.Try$.apply(Try.scala:191) ~[geneos-openaccess-client.jar:2.0.1]
	at com.itrsgroup.actor.ClientActor.fireError(ClientActor.scala:143) [geneos-openaccess-client.jar:2.0.1]
	at com.itrsgroup.actor.ClientActor$$anonfun$receive$1.applyOrElse(ClientActor.scala:84) [geneos-openaccess-client.jar:2.0.1]
	at akka.actor.Actor$class.aroundReceive(Actor.scala:465) [geneos-openaccess-client.jar:2.0.1]
	at com.itrsgroup.actor.ClientActor.aroundReceive(ClientActor.scala:38) [geneos-openaccess-client.jar:2.0.1]
	at akka.actor.ActorCell.receiveMessage(ActorCell.scala:516) [geneos-openaccess-client.jar:2.0.1]
	at akka.actor.ActorCell.invoke(ActorCell.scala:487) [geneos-openaccess-client.jar:2.0.1]
	at akka.dispatch.Mailbox.processMailbox(Mailbox.scala:254) [geneos-openaccess-client.jar:2.0.1]
	at akka.dispatch.Mailbox.run(Mailbox.scala:221) [geneos-openaccess-client.jar:2.0.1]
	at akka.dispatch.Mailbox.exec(Mailbox.scala:231) [geneos-openaccess-client.jar:2.0.1]
	at scala.concurrent.forkjoin.ForkJoinTask.doExec(ForkJoinTask.java:260) [geneos-openaccess-client.jar:2.0.1]
	at scala.concurrent.forkjoin.ForkJoinPool$WorkQueue.runTask(ForkJoinPool.java:1339) [geneos-openaccess-client.jar:2.0.1]
	at scala.concurrent.forkjoin.ForkJoinPool.runWorker(ForkJoinPool.java:1979) [geneos-openaccess-client.jar:2.0.1]
	at scala.concurrent.forkjoin.ForkJoinWorkerThread.run(ForkJoinWorkerThread.java:107) [geneos-openaccess-client.jar:2.0.1]
15:27:18.003 [OpenAccessApiClient-UnknownDevBuild-akka.actor.default-dispatcher-21] INFO  c.itrsgroup.actor.MessageDispatcher - Forwarding Subscription op to cluster frontend: Subscribe(ModelSub(testb6/rows/row[wild(@name,"*")]/cell,Set(),LIST,),None)
15:27:18.004 [OpenAccessApiClient-UnknownDevBuild-akka.actor.default-dispatcher-26] INFO  c.itrsgroup.actor.MessageDispatcher - Forwarding Subscription op to cluster frontend: Subscribe(ModelSub(testc5/rows/row[wild(@name,"*")]/cell,Set(),LIST,),None)
15:27:18.024 [OpenAccessApiClient-UnknownDevBuild-akka.actor.default-dispatcher-3] ERROR c.itrsgroup.actor.DataSetClientActor - Exception calling error callback
java.lang.RuntimeException: null
	at geneos_notification.thread_operations.ThreadInstance$2.error(ThreadInstance.java:110) ~[main/:na]
	at com.itrsgroup.actor.ClientActor$$anonfun$1.apply$mcV$sp(ClientActor.scala:143) ~[geneos-openaccess-client.jar:2.0.1]
	at com.itrsgroup.actor.ClientActor$$anonfun$1.apply(ClientActor.scala:143) ~[geneos-openaccess-client.jar:2.0.1]
	at com.itrsgroup.actor.ClientActor$$anonfun$1.apply(ClientActor.scala:143) ~[geneos-openaccess-client.jar:2.0.1]
	at scala.util.Try$.apply(Try.scala:191) ~[geneos-openaccess-client.jar:2.0.1]
	at com.itrsgroup.actor.ClientActor.fireError(ClientActor.scala:143) [geneos-openaccess-client.jar:2.0.1]
	at com.itrsgroup.actor.ClientActor$$anonfun$receive$1.applyOrElse(ClientActor.scala:84) [geneos-openaccess-client.jar:2.0.1]
	at akka.actor.Actor$class.aroundReceive(Actor.scala:465) [geneos-openaccess-client.jar:2.0.1]
	at com.itrsgroup.actor.ClientActor.aroundReceive(ClientActor.scala:38) [geneos-openaccess-client.jar:2.0.1]
	at akka.actor.ActorCell.receiveMessage(ActorCell.scala:516) [geneos-openaccess-client.jar:2.0.1]
	at akka.actor.ActorCell.invoke(ActorCell.scala:487) [geneos-openaccess-client.jar:2.0.1]
	at akka.dispatch.Mailbox.processMailbox(Mailbox.scala:254) [geneos-openaccess-client.jar:2.0.1]
	at akka.dispatch.Mailbox.run(Mailbox.scala:221) [geneos-openaccess-client.jar:2.0.1]
	at akka.dispatch.Mailbox.exec(Mailbox.scala:231) [geneos-openaccess-client.jar:2.0.1]
	at scala.concurrent.forkjoin.ForkJoinTask.doExec(ForkJoinTask.java:260) [geneos-openaccess-client.jar:2.0.1]
	at scala.concurrent.forkjoin.ForkJoinPool$WorkQueue.runTask(ForkJoinPool.java:1339) [geneos-openaccess-client.jar:2.0.1]
	at scala.concurrent.forkjoin.ForkJoinPool.runWorker(ForkJoinPool.java:1979) [geneos-openaccess-client.jar:2.0.1]
	at scala.concurrent.forkjoin.ForkJoinWorkerThread.run(ForkJoinWorkerThread.java:107) [geneos-openaccess-client.jar:2.0.1]
15:27:18.027 [OpenAccessApiClient-UnknownDevBuild-akka.actor.default-dispatcher-20] INFO  c.itrsgroup.actor.MessageDispatcher - Forwarding Subscription op to cluster frontend: Subscribe(ModelSub(testc6/rows/row[wild(@name,"*")]/cell,Set(),LIST,),None)
]]></system-out>
  <system-err><![CDATA[Mar 01, 2016 3:27:17 PM geneos_notification.loggers.LogObject doLog
SEVERE: [SQL]Connection information issue either driver or address : java.sql.SQLException: No suitable driver found for nothing
Mar 01, 2016 3:27:17 PM geneos_notification.loggers.LogObject doLog
SEVERE: There was an error with the SQL configuration or address, please confirm details.
Mar 01, 2016 3:27:17 PM geneos_notification.loggers.LogObject doLog
INFO: [T-INFO]Initialization of thread for xpath : testa2
Mar 01, 2016 3:27:17 PM geneos_notification.loggers.LogObject doLog
INFO: [T-INFO]Initialization of thread for xpath : /geneos/gateway[(@name="GW_TEST_50144")]/directory/probe[(@name="SYSMON")]/managedEntity[(@name="TOOLKIT_TEST")]/sampler[(@name="Toolkit")][(@type="")]/dataview[(@name="Toolkit")]
Mar 01, 2016 3:27:17 PM geneos_notification.loggers.LogObject doLog
SEVERE: [T-ERROR]Error retrieving DataSet: java.lang.Exception: Invalid step in path: testc5
Mar 01, 2016 3:27:17 PM geneos_notification.loggers.LogObject doLog
SEVERE: [T-ERROR]Error retrieving DataSet: java.lang.Exception: Invalid step in path: testb6
Mar 01, 2016 3:27:18 PM geneos_notification.loggers.LogObject doLog
SEVERE: [T-ERROR]Error retrieving DataSet: java.lang.Exception: Invalid step in path: testc6
]]></system-err>
</testsuite>
