<?xml version="1.0" encoding="UTF-8"?>
<testsuite name="itrs_appserver.RowGeneratorTest" tests="3" skipped="0" failures="0" errors="0" timestamp="2016-02-04T10:09:20" hostname="ITRSLP043" time="0.443">
  <properties/>
  <testcase name="getDataSetItemsFailTest" classname="itrs_appserver.RowGeneratorTest" time="0.025"/>
  <testcase name="getDataSetItemsFailureTest" classname="itrs_appserver.RowGeneratorTest" time="0.047"/>
  <testcase name="getDataSetItemsTest" classname="itrs_appserver.RowGeneratorTest" time="0.371"/>
  <system-out><![CDATA[10:09:20.503 [OpenAccessApiClient-UnknownDevBuild-akka.actor.default-dispatcher-8] INFO  akka.event.slf4j.Slf4jLogger - Slf4jLogger started
10:09:20.507 [OpenAccessApiClient-UnknownDevBuild-akka.actor.default-dispatcher-2] INFO  Remoting - Starting remoting
10:09:20.520 [OpenAccessApiClient-UnknownDevBuild-akka.actor.default-dispatcher-8] INFO  Remoting - Remoting started; listening on addresses :[akka.tcp://OpenAccessApiClient-UnknownDevBuild@192.168.10.207:21363]
10:09:20.522 [OpenAccessApiClient-UnknownDevBuild-akka.actor.default-dispatcher-3] INFO  c.itrsgroup.actor.MessageDispatcher - Attempting to connect to remote service at [192.168.220.54:2551] 1 time(s)
10:09:20.545 [OpenAccessApiClient-UnknownDevBuild-akka.actor.default-dispatcher-4] INFO  akka.event.slf4j.Slf4jLogger - Slf4jLogger started
10:09:20.550 [OpenAccessApiClient-UnknownDevBuild-akka.actor.default-dispatcher-2] INFO  Remoting - Starting remoting
10:09:20.561 [OpenAccessApiClient-UnknownDevBuild-akka.actor.default-dispatcher-6] INFO  akka.contrib.pattern.ClusterClient - Connected to [akka.tcp://ClusterSystem@192.168.220.54:2551/user/receptionist]
10:09:20.568 [OpenAccessApiClient-UnknownDevBuild-akka.actor.default-dispatcher-4] INFO  Remoting - Remoting started; listening on addresses :[akka.tcp://OpenAccessApiClient-UnknownDevBuild@192.168.10.207:21378]
10:09:20.569 [OpenAccessApiClient-UnknownDevBuild-akka.actor.default-dispatcher-13] INFO  c.itrsgroup.actor.MessageDispatcher - Attempting to connect to remote service at [192.168.220.54:2551] 1 time(s)
10:09:20.575 [OpenAccessApiClient-UnknownDevBuild-akka.actor.default-dispatcher-6] INFO  c.itrsgroup.actor.MessageDispatcher - Authenticating with remote service [/user/frontEnd] at [192.168.220.54:2551]
10:09:20.580 [OpenAccessApiClient-UnknownDevBuild-akka.actor.default-dispatcher-7] INFO  akka.event.slf4j.Slf4jLogger - Slf4jLogger started
10:09:20.584 [OpenAccessApiClient-UnknownDevBuild-akka.actor.default-dispatcher-6] INFO  Remoting - Starting remoting
10:09:20.598 [OpenAccessApiClient-UnknownDevBuild-akka.actor.default-dispatcher-5] INFO  Remoting - Remoting started; listening on addresses :[akka.tcp://OpenAccessApiClient-UnknownDevBuild@192.168.10.207:21393]
/geneos/gateway[(@name="GW_TEST_50144")]/directory/probe[(@name="SYSMON")]/managedEntity[(@name="CPU_Entity")]/sampler[(@name="CPU_sampler")][(@type="")]/dataview[(@name="CPU_sampler")]/rows/row[(@name="cpu_0")]/cell[wild(@column,"*")]
10:09:20.601 [OpenAccessApiClient-UnknownDevBuild-akka.actor.default-dispatcher-7] INFO  c.itrsgroup.actor.MessageDispatcher - Attempting to connect to remote service at [192.168.220.54:2551] 1 time(s)
10:09:20.635 [OpenAccessApiClient-UnknownDevBuild-akka.actor.default-dispatcher-8] INFO  akka.contrib.pattern.ClusterClient - Connected to [akka.tcp://ClusterSystem@192.168.220.54:2551/user/receptionist]
10:09:20.649 [OpenAccessApiClient-UnknownDevBuild-akka.actor.default-dispatcher-5] INFO  akka.contrib.pattern.ClusterClient - Connected to [akka.tcp://ClusterSystem@192.168.220.54:2551/user/receptionist]
10:09:20.651 [OpenAccessApiClient-UnknownDevBuild-akka.actor.default-dispatcher-19] INFO  c.itrsgroup.actor.MessageDispatcher - Authenticating with remote service [/user/frontEnd] at [192.168.220.54:2551]
10:09:20.716 [OpenAccessApiClient-UnknownDevBuild-akka.actor.default-dispatcher-18] INFO  c.itrsgroup.actor.MessageDispatcher - Authenticating with remote service [/user/frontEnd] at [192.168.220.54:2551]
10:09:20.763 [OpenAccessApiClient-UnknownDevBuild-akka.actor.default-dispatcher-23] INFO  c.itrsgroup.actor.MessageDispatcher - Forwarding Subscription op to cluster frontend: Subscribe(ModelSub(testa6/rows/row[wild(@name,"*")]/cell,Set(),LIST,),None)
10:09:20.764 [OpenAccessApiClient-UnknownDevBuild-akka.actor.default-dispatcher-3] INFO  c.itrsgroup.actor.MessageDispatcher - Successfully connected to remote service [akka.tcp://ClusterSystem@192.168.220.54:2551/user/frontEnd]
10:09:20.777 [OpenAccessApiClient-UnknownDevBuild-akka.actor.default-dispatcher-5] INFO  c.itrsgroup.actor.MessageDispatcher - Forwarding Subscription op to cluster frontend: Subscribe(ModelSub(testc6/rows/row[wild(@name,"*")]/cell,Set(),LIST,),None)
10:09:20.881 [OpenAccessApiClient-UnknownDevBuild-akka.actor.default-dispatcher-19] INFO  c.itrsgroup.actor.MessageDispatcher - Successfully connected to remote service [akka.tcp://ClusterSystem@192.168.220.54:2551/user/frontEnd]
10:09:20.882 [OpenAccessApiClient-UnknownDevBuild-akka.actor.default-dispatcher-19] INFO  c.itrsgroup.actor.MessageDispatcher - Forwarding Subscription op to cluster frontend: Subscribe(ModelSub(/geneos/gateway[(@name="GW_TEST_50144")]/directory/probe[(@name="SYSMON")]/managedEntity[(@name="CPU_Entity")]/sampler[(@name="CPU_sampler")][(@type="")]/dataview[(@name="CPU_sampler")]/rows/row[(@name="cpu_0")]/cell[wild(@column,"*")],Set(),LIST,),None)
10:09:20.916 [OpenAccessApiClient-UnknownDevBuild-akka.actor.default-dispatcher-23] ERROR c.itrsgroup.actor.DataSetClientActor - Exception calling error callback
java.lang.RuntimeException: null
	at geneos_notification.thread_operations.ThreadInstance$2.error(ThreadInstance.java:100) ~[main/:na]
	at com.itrsgroup.actor.ClientActor$$anonfun$1.apply$mcV$sp(ClientActor.scala:143) ~[geneos-openaccess-client.jar:2.0.1]
	at com.itrsgroup.actor.ClientActor$$anonfun$1.apply(ClientActor.scala:143) ~[geneos-openaccess-client.jar:2.0.1]
	at com.itrsgroup.actor.ClientActor$$anonfun$1.apply(ClientActor.scala:143) ~[geneos-openaccess-client.jar:2.0.1]
	at scala.util.Try$.apply(Try.scala:191) ~[geneos-openaccess-client.jar:2.0.1]
	at com.itrsgroup.actor.ClientActor.fireError(ClientActor.scala:143) [geneos-openaccess-client.jar:2.0.1]
	at com.itrsgroup.actor.ClientActor$$anonfun$receive$1.applyOrElse(ClientActor.scala:84) [geneos-openaccess-client.jar:2.0.1]
	at akka.actor.Actor$class.aroundReceive(Actor.scala:465) [geneos-openaccess-client.jar:2.0.1]
	at com.itrsgroup.actor.ClientActor.aroundReceive(ClientActor.scala:38) [geneos-openaccess-client.jar:2.0.1]
	at akka.actor.ActorCell.receiveMessage(ActorCell.scala:516) [geneos-openaccess-client.jar:2.0.1]
	at akka.actor.ActorCell.invoke(ActorCell.scala:487) [geneos-openaccess-client.jar:2.0.1]
	at akka.dispatch.Mailbox.processMailbox(Mailbox.scala:254) [geneos-openaccess-client.jar:2.0.1]
	at akka.dispatch.Mailbox.run(Mailbox.scala:221) [geneos-openaccess-client.jar:2.0.1]
	at akka.dispatch.Mailbox.exec(Mailbox.scala:231) [geneos-openaccess-client.jar:2.0.1]
	at scala.concurrent.forkjoin.ForkJoinTask.doExec(ForkJoinTask.java:260) [geneos-openaccess-client.jar:2.0.1]
	at scala.concurrent.forkjoin.ForkJoinPool$WorkQueue.pollAndExecAll(ForkJoinPool.java:1253) [geneos-openaccess-client.jar:2.0.1]
	at scala.concurrent.forkjoin.ForkJoinPool$WorkQueue.runTask(ForkJoinPool.java:1346) [geneos-openaccess-client.jar:2.0.1]
	at scala.concurrent.forkjoin.ForkJoinPool.runWorker(ForkJoinPool.java:1979) [geneos-openaccess-client.jar:2.0.1]
	at scala.concurrent.forkjoin.ForkJoinWorkerThread.run(ForkJoinWorkerThread.java:107) [geneos-openaccess-client.jar:2.0.1]
10:09:20.916 [OpenAccessApiClient-UnknownDevBuild-akka.actor.default-dispatcher-20] ERROR c.itrsgroup.actor.DataSetClientActor - Exception calling error callback
java.lang.RuntimeException: null
	at geneos_notification.thread_operations.ThreadInstance$2.error(ThreadInstance.java:100) ~[main/:na]
	at com.itrsgroup.actor.ClientActor$$anonfun$1.apply$mcV$sp(ClientActor.scala:143) ~[geneos-openaccess-client.jar:2.0.1]
	at com.itrsgroup.actor.ClientActor$$anonfun$1.apply(ClientActor.scala:143) ~[geneos-openaccess-client.jar:2.0.1]
	at com.itrsgroup.actor.ClientActor$$anonfun$1.apply(ClientActor.scala:143) ~[geneos-openaccess-client.jar:2.0.1]
	at scala.util.Try$.apply(Try.scala:191) ~[geneos-openaccess-client.jar:2.0.1]
	at com.itrsgroup.actor.ClientActor.fireError(ClientActor.scala:143) [geneos-openaccess-client.jar:2.0.1]
	at com.itrsgroup.actor.ClientActor$$anonfun$receive$1.applyOrElse(ClientActor.scala:84) [geneos-openaccess-client.jar:2.0.1]
	at akka.actor.Actor$class.aroundReceive(Actor.scala:465) [geneos-openaccess-client.jar:2.0.1]
	at com.itrsgroup.actor.ClientActor.aroundReceive(ClientActor.scala:38) [geneos-openaccess-client.jar:2.0.1]
	at akka.actor.ActorCell.receiveMessage(ActorCell.scala:516) [geneos-openaccess-client.jar:2.0.1]
	at akka.actor.ActorCell.invoke(ActorCell.scala:487) [geneos-openaccess-client.jar:2.0.1]
	at akka.dispatch.Mailbox.processMailbox(Mailbox.scala:254) [geneos-openaccess-client.jar:2.0.1]
	at akka.dispatch.Mailbox.run(Mailbox.scala:221) [geneos-openaccess-client.jar:2.0.1]
	at akka.dispatch.Mailbox.exec(Mailbox.scala:231) [geneos-openaccess-client.jar:2.0.1]
	at scala.concurrent.forkjoin.ForkJoinTask.doExec(ForkJoinTask.java:260) [geneos-openaccess-client.jar:2.0.1]
	at scala.concurrent.forkjoin.ForkJoinPool$WorkQueue.pollAndExecAll(ForkJoinPool.java:1253) [geneos-openaccess-client.jar:2.0.1]
	at scala.concurrent.forkjoin.ForkJoinPool$WorkQueue.runTask(ForkJoinPool.java:1346) [geneos-openaccess-client.jar:2.0.1]
	at scala.concurrent.forkjoin.ForkJoinPool.runWorker(ForkJoinPool.java:1979) [geneos-openaccess-client.jar:2.0.1]
	at scala.concurrent.forkjoin.ForkJoinWorkerThread.run(ForkJoinWorkerThread.java:107) [geneos-openaccess-client.jar:2.0.1]
{
	severity : UNDEFINED
	name : cpu_0.type
	path : /geneos/gateway[(@name="GW_TEST_50144")]/directory/probe[(@name="SYSMON")]/managedEntity[(@name="CPU_Entity")]/sampler[(@name="CPU_sampler")][(@type="")]/dataview[(@name="CPU_sampler")]/rows/row[(@name="cpu_0")]/cell[(@column="type")]
	type : CELL
	value : GenuineIntel Intel(R)
}
{
	severity : UNDEFINED
	name : cpu_0.state
	path : /geneos/gateway[(@name="GW_TEST_50144")]/directory/probe[(@name="SYSMON")]/managedEntity[(@name="CPU_Entity")]/sampler[(@name="CPU_sampler")][(@type="")]/dataview[(@name="CPU_sampler")]/rows/row[(@name="cpu_0")]/cell[(@column="state")]
	type : CELL
	value : on-line
}
{
	severity : UNDEFINED
	name : cpu_0.clockSpeed
	path : /geneos/gateway[(@name="GW_TEST_50144")]/directory/probe[(@name="SYSMON")]/managedEntity[(@name="CPU_Entity")]/sampler[(@name="CPU_sampler")][(@type="")]/dataview[(@name="CPU_sampler")]/rows/row[(@name="cpu_0")]/cell[(@column="clockSpeed")]
	type : CELL
	value : 2294.80 Mhz
}
{
	severity : CRITICAL
	name : cpu_0.percentUtilisation
	path : /geneos/gateway[(@name="GW_TEST_50144")]/directory/probe[(@name="SYSMON")]/managedEntity[(@name="CPU_Entity")]/sampler[(@name="CPU_sampler")][(@type="")]/dataview[(@name="CPU_sampler")]/rows/row[(@name="cpu_0")]/cell[(@column="percentUtilisation")]
	type : CELL
	value : 6.71 %
}
{
	severity : UNDEFINED
	name : cpu_0.percentUserTime
	path : /geneos/gateway[(@name="GW_TEST_50144")]/directory/probe[(@name="SYSMON")]/managedEntity[(@name="CPU_Entity")]/sampler[(@name="CPU_sampler")][(@type="")]/dataview[(@name="CPU_sampler")]/rows/row[(@name="cpu_0")]/cell[(@column="percentUserTime")]
	type : CELL
	value : 4.56 %
}
{
	severity : UNDEFINED
	name : cpu_0.percentKernelTime
	path : /geneos/gateway[(@name="GW_TEST_50144")]/directory/probe[(@name="SYSMON")]/managedEntity[(@name="CPU_Entity")]/sampler[(@name="CPU_sampler")][(@type="")]/dataview[(@name="CPU_sampler")]/rows/row[(@name="cpu_0")]/cell[(@column="percentKernelTime")]
	type : CELL
	value : 1.48 %
}
{
	severity : UNDEFINED
	name : cpu_0.percentWaitTime
	path : /geneos/gateway[(@name="GW_TEST_50144")]/directory/probe[(@name="SYSMON")]/managedEntity[(@name="CPU_Entity")]/sampler[(@name="CPU_sampler")][(@type="")]/dataview[(@name="CPU_sampler")]/rows/row[(@name="cpu_0")]/cell[(@column="percentWaitTime")]
	type : CELL
	value : 0.00 %
}
{
	severity : UNDEFINED
	name : cpu_0.percentIdle
	path : /geneos/gateway[(@name="GW_TEST_50144")]/directory/probe[(@name="SYSMON")]/managedEntity[(@name="CPU_Entity")]/sampler[(@name="CPU_sampler")][(@type="")]/dataview[(@name="CPU_sampler")]/rows/row[(@name="cpu_0")]/cell[(@column="percentIdle")]
	type : CELL
	value : 93.29 %
}
{
	severity : UNDEFINED
	name : cpu_0.percentIrq
	path : /geneos/gateway[(@name="GW_TEST_50144")]/directory/probe[(@name="SYSMON")]/managedEntity[(@name="CPU_Entity")]/sampler[(@name="CPU_sampler")][(@type="")]/dataview[(@name="CPU_sampler")]/rows/row[(@name="cpu_0")]/cell[(@column="percentIrq")]
	type : CELL
	value : 0.00 %
}
{
	severity : UNDEFINED
	name : cpu_0.percentSoftIrq
	path : /geneos/gateway[(@name="GW_TEST_50144")]/directory/probe[(@name="SYSMON")]/managedEntity[(@name="CPU_Entity")]/sampler[(@name="CPU_sampler")][(@type="")]/dataview[(@name="CPU_sampler")]/rows/row[(@name="cpu_0")]/cell[(@column="percentSoftIrq")]
	type : CELL
	value : 0.67 %
}
10:09:20.924 [OpenAccessApiClient-UnknownDevBuild-akka.actor.default-dispatcher-7] INFO  a.r.RemoteActorRefProvider$RemotingTerminator - Shutting down remote daemon.
10:09:20.926 [OpenAccessApiClient-UnknownDevBuild-akka.actor.default-dispatcher-7] INFO  a.r.RemoteActorRefProvider$RemotingTerminator - Remote daemon shut down; proceeding with flushing remote transports.
10:09:20.930 [OpenAccessApiClient-UnknownDevBuild-akka.actor.default-dispatcher-5] INFO  c.itrsgroup.actor.MessageDispatcher - Forwarding Subscription op to cluster frontend: Subscribe(ModelSub(testb6/rows/row[wild(@name,"*")]/cell,Set(),LIST,),None)
10:09:20.936 [OpenAccessApiClient-UnknownDevBuild-akka.actor.default-dispatcher-23] INFO  a.r.RemoteActorRefProvider$RemotingTerminator - Remoting shut down.
]]></system-out>
  <system-err><![CDATA[Feb 04, 2016 10:09:20 AM geneos_notification.loggers.LogObject doLog
INFO: Thread xpath exection for path : testa6
Feb 04, 2016 10:09:20 AM geneos_notification.loggers.LogObject doLog
INFO: Thread xpath exection for path : testc6
Feb 04, 2016 10:09:20 AM geneos_notification.loggers.LogObject doLog
SEVERE: [T-ERROR]Error retrieving DataSet: java.lang.Exception: Invalid step in path: testa6
Feb 04, 2016 10:09:20 AM geneos_notification.loggers.LogObject doLog
SEVERE: [T-ERROR]Error retrieving DataSet: java.lang.Exception: Invalid step in path: testc6
Feb 04, 2016 10:09:20 AM geneos_notification.loggers.LogObject doLog
INFO: [T-INFO]Thread Execution successful
Feb 04, 2016 10:09:20 AM geneos_notification.loggers.LogObject doLog
SEVERE: [T-ERROR]OpenAccess has produced no output and has not been resolved. Critical Issue.
Feb 04, 2016 10:09:20 AM geneos_notification.loggers.LogObject doLog
INFO: [T-INFO]Thread Execution successful
Feb 04, 2016 10:09:20 AM geneos_notification.loggers.LogObject doLog
SEVERE: [T-ERROR]OpenAccess has produced no output and has not been resolved. Critical Issue.
Feb 04, 2016 10:09:20 AM geneos_notification.loggers.LogObject doLog
INFO: Thread xpath exection for path : testb6
]]></system-err>
</testsuite>
