<?xml version="1.0" encoding="UTF-8"?>
<testsuite name="itrs_appserver.TransmissionHandlerTest" tests="3" skipped="0" failures="0" errors="0" timestamp="2016-01-19T10:13:33" hostname="ITRSLP043" time="0.784">
  <properties/>
  <testcase name="testPostCreation" classname="itrs_appserver.TransmissionHandlerTest" time="0.49"/>
  <testcase name="testFailedTransmission" classname="itrs_appserver.TransmissionHandlerTest" time="0.145"/>
  <testcase name="testTransmissionCorrect" classname="itrs_appserver.TransmissionHandlerTest" time="0.149"/>
  <system-out><![CDATA[something
{"data":{"severity":"something","xpath":"Something","time":"2016-01-19T10:13:34.185","message":"something","value":"Something"},"to":"fCPKIL7K5H0:APA91bER9gg86wQYCx1audS_IWFyR5fxB96E7JhKCDavAWy0nimqTri2tLWuxsbbdMHCwzuGsGjhVfra82zl_ASnpNEQF5PKr09KC9GMHmndFj2S6uA_VYOs84q5AQPa-seZJG7PkwYY"}
]]></system-out>
  <system-err><![CDATA[Jan 19, 2016 10:13:34 AM geneos_notification.loggers.LogObject doLog
INFO: [Transmission]Output JSON data : something
Jan 19, 2016 10:13:34 AM geneos_notification.loggers.LogObject doLog
SEVERE: [Transmission]IO error has been encountered, tranmission failed! : Server returned HTTP response code: 400 for URL: https://android.googleapis.com/gcm/send
java.io.IOException: Server returned HTTP response code: 400 for URL: https://android.googleapis.com/gcm/send
	at sun.net.www.protocol.http.HttpURLConnection.getInputStream0(HttpURLConnection.java:1839)
	at sun.net.www.protocol.http.HttpURLConnection.getInputStream(HttpURLConnection.java:1440)
	at sun.net.www.protocol.https.HttpsURLConnectionImpl.getInputStream(HttpsURLConnectionImpl.java:254)
	at geneos_notification.controllers.TransmissionHandler.transmitPost(TransmissionHandler.java:99)
	at geneos_notification.controllers.TransmissionHandler.sendPost(TransmissionHandler.java:37)
	at itrs_appserver.TransmissionHandlerTest.testFailedTransmission(TransmissionHandlerTest.java:27)
	at sun.reflect.NativeMethodAccessorImpl.invoke0(Native Method)
	at sun.reflect.NativeMethodAccessorImpl.invoke(NativeMethodAccessorImpl.java:62)
	at sun.reflect.DelegatingMethodAccessorImpl.invoke(DelegatingMethodAccessorImpl.java:43)
	at java.lang.reflect.Method.invoke(Method.java:497)
	at org.junit.runners.model.FrameworkMethod$1.runReflectiveCall(FrameworkMethod.java:50)
	at org.junit.internal.runners.model.ReflectiveCallable.run(ReflectiveCallable.java:12)
	at org.junit.runners.model.FrameworkMethod.invokeExplosively(FrameworkMethod.java:47)
	at org.junit.internal.runners.statements.InvokeMethod.evaluate(InvokeMethod.java:17)
	at org.junit.internal.runners.statements.ExpectException.evaluate(ExpectException.java:19)
	at org.junit.runners.ParentRunner.runLeaf(ParentRunner.java:325)
	at org.junit.runners.BlockJUnit4ClassRunner.runChild(BlockJUnit4ClassRunner.java:78)
	at org.junit.runners.BlockJUnit4ClassRunner.runChild(BlockJUnit4ClassRunner.java:57)
	at org.junit.runners.ParentRunner$3.run(ParentRunner.java:290)
	at org.junit.runners.ParentRunner$1.schedule(ParentRunner.java:71)
	at org.junit.runners.ParentRunner.runChildren(ParentRunner.java:288)
	at org.junit.runners.ParentRunner.access$000(ParentRunner.java:58)
	at org.junit.runners.ParentRunner$2.evaluate(ParentRunner.java:268)
	at org.junit.runners.ParentRunner.run(ParentRunner.java:363)
	at org.gradle.api.internal.tasks.testing.junit.JUnitTestClassExecuter.runTestClass(JUnitTestClassExecuter.java:86)
	at org.gradle.api.internal.tasks.testing.junit.JUnitTestClassExecuter.execute(JUnitTestClassExecuter.java:49)
	at org.gradle.api.internal.tasks.testing.junit.JUnitTestClassProcessor.processTestClass(JUnitTestClassProcessor.java:64)
	at org.gradle.api.internal.tasks.testing.SuiteTestClassProcessor.processTestClass(SuiteTestClassProcessor.java:50)
	at sun.reflect.NativeMethodAccessorImpl.invoke0(Native Method)
	at sun.reflect.NativeMethodAccessorImpl.invoke(NativeMethodAccessorImpl.java:62)
	at sun.reflect.DelegatingMethodAccessorImpl.invoke(DelegatingMethodAccessorImpl.java:43)
	at java.lang.reflect.Method.invoke(Method.java:497)
	at org.gradle.messaging.dispatch.ReflectionDispatch.dispatch(ReflectionDispatch.java:35)
	at org.gradle.messaging.dispatch.ReflectionDispatch.dispatch(ReflectionDispatch.java:24)
	at org.gradle.messaging.dispatch.ContextClassLoaderDispatch.dispatch(ContextClassLoaderDispatch.java:32)
	at org.gradle.messaging.dispatch.ProxyDispatchAdapter$DispatchingInvocationHandler.invoke(ProxyDispatchAdapter.java:93)
	at com.sun.proxy.$Proxy2.processTestClass(Unknown Source)
	at org.gradle.api.internal.tasks.testing.worker.TestWorker.processTestClass(TestWorker.java:106)
	at sun.reflect.NativeMethodAccessorImpl.invoke0(Native Method)
	at sun.reflect.NativeMethodAccessorImpl.invoke(NativeMethodAccessorImpl.java:62)
	at sun.reflect.DelegatingMethodAccessorImpl.invoke(DelegatingMethodAccessorImpl.java:43)
	at java.lang.reflect.Method.invoke(Method.java:497)
	at org.gradle.messaging.dispatch.ReflectionDispatch.dispatch(ReflectionDispatch.java:35)
	at org.gradle.messaging.dispatch.ReflectionDispatch.dispatch(ReflectionDispatch.java:24)
	at org.gradle.messaging.remote.internal.hub.MessageHub$Handler.run(MessageHub.java:360)
	at org.gradle.internal.concurrent.DefaultExecutorFactory$StoppableExecutorImpl$1.run(DefaultExecutorFactory.java:64)
	at java.util.concurrent.ThreadPoolExecutor.runWorker(ThreadPoolExecutor.java:1142)
	at java.util.concurrent.ThreadPoolExecutor$Worker.run(ThreadPoolExecutor.java:617)
	at java.lang.Thread.run(Thread.java:745)
Jan 19, 2016 10:13:34 AM geneos_notification.loggers.LogObject doLog
INFO: [Transmission]POST Returned data : {"multicast_id":5415266441310729329,"success":0,"failure":1,"canonical_ids":0,"results":[{"error":"NotRegistered"}]}
Jan 19, 2016 10:13:34 AM geneos_notification.loggers.LogObject doLog
INFO: [Transmission]Transmission Successful
]]></system-err>
</testsuite>
